I 2021-11-08 06:42:05.667948 [Main] {Main} Logging started for Battle.net build 2.6.0.13147
I 2021-11-08 06:42:05.668268 [Configuration] {Main} SharedConfigRoot: C:\ProgramData\Battle.net
I 2021-11-08 06:42:05.668548 [Configuration] {Main} RoamingConfigRoot: C:\Users\steve\AppData\Roaming\Battle.net
I 2021-11-08 06:42:05.668559 [Configuration] {Main} LocalConfigRoot: C:\Users\steve\AppData\Local\Battle.net
D 2021-11-08 06:42:05.668986 [Configuration] {Main} Searching for config file: C:\Program Files (x86)\Battle.net\Battle.net.13147\Battle.net.config
D 2021-11-08 06:42:05.669049 [Configuration] {Main} Searching for config file: C:\Program Files (x86)\Battle.net\Battle.net.config
D 2021-11-08 06:42:05.676227 [Configuration] {Main} User Configuration File: C:\Users\steve\AppData\Roaming\Battle.net\Battle.net.config
I 2021-11-08 06:42:05.678721 [Main] {Main} Command line arguments: {[0]=--game=s2_enus, [1]=--gamepath=D:\Battlenet\StarCraft II}
I 2021-11-08 06:42:05.683817 [Main] {Main} Opening IPC shared memory. queueName=User:steve:Battle.net IPC ShMem mode=server
I 2021-11-08 06:42:05.719441 [CommandQueue] {Main} Dispatching Command: register s2_enus D:\Battlenet\StarCraft II   false
I 2021-11-08 06:42:05.751525 [Frontend] {Main} Supplying list of renderers: d3d11,warp,desktop
I 2021-11-08 06:42:06.137769 [LocalizationData] {Main} 21 language(s) loaded from languages.xml, default=enUS
D 2021-11-08 06:42:06.303610 [Main] {Main} Adding application font: resources/fonts/BlizzardReg.ttf
D 2021-11-08 06:42:06.308158 [Main] {Main} Adding application font: resources/fonts/BlizzardLig.ttf
D 2021-11-08 06:42:06.310410 [Main] {Main} Adding application font: resources/fonts/BlizzardBol.ttf
D 2021-11-08 06:42:06.312449 [Main] {Main} Adding application font: resources/fonts/NotoSans-Bold.ttf
D 2021-11-08 06:42:06.318701 [Main] {Main} Adding application font: resources/fonts/NotoSans-BoldItalic.ttf
D 2021-11-08 06:42:06.323680 [Main] {Main} Adding application font: resources/fonts/NotoSans-Italic.ttf
D 2021-11-08 06:42:06.329687 [Main] {Main} Adding application font: resources/fonts/NotoSans-Regular.ttf
D 2021-11-08 06:42:06.335772 [Main] {Main} Adding application font: resources/fonts/ObjectSans-Bold.ttf
D 2021-11-08 06:42:06.338448 [Main] {Main} Adding application font: resources/fonts/ObjectSans-Medium.ttf
D 2021-11-08 06:42:07.638929 [Main] {Main} Setting font to: Blizzard
I 2021-11-08 06:42:07.640247 [CacheManager] {Main} Local storage cache at: C:\Users\steve\AppData\Local\Battle.net\Cache
I 2021-11-08 06:42:07.647798 [Main] {Main} Opened database at: C:\Users\steve\AppData\Local\Battle.net\CachedData.db
D 2021-11-08 06:42:07.650278 [Agent] {Main} PolicyHandler Thread STARTED
D 2021-11-08 06:42:07.650304 [Agent] {Agent} PolicyHandlerThreadProc: I shall in all my best obey you.
I 2021-11-08 06:42:07.862400 [DIAG_BNL_Voice] {Main} Audio device monitor using already-initialized COM
I 2021-11-08 06:42:07.864386 [VoiceSessionBroker] {Main} Global voice is on
I 2021-11-08 06:42:07.864756 [Main] {Main} Execution environment changed. environment=EE_STANDARD
I 2021-11-08 06:42:07.865529 [CatalogManager] {Main} Loaded catalog hash from the database cache. hash=8bfb1d24424496b88da556e18aaef910
I 2021-11-08 06:42:07.866355 [CatalogManager] {Main} Built-in catalog hash (catalog/digesthash.txt): 90e3b05fb9eccb5ddf1b92175febd47a
I 2021-11-08 06:42:07.866581 [CatalogManager] {Main} Built-in catalog hash (catalog/signaturehash.txt): 5823846f81b1a8900de7c99437851ca0
I 2021-11-08 06:42:07.866622 [CatalogLoader] {Main} *** LOAD STARTED default: Context(LocalCAS: 8bfb1d24424496b88da556e18aaef910 I) ***
I 2021-11-08 06:42:07.880950 [Agent] {Agent} Agent has different session: 2696622013102969161
I 2021-11-08 06:42:07.880978 [Agent] {Agent} Agent Version is now: 2.25.1.7531 (retail)
D 2021-11-08 06:42:08.530880 [Agent] {Agent} GameResource created for uid: agent
D 2021-11-08 06:42:08.530951 [Agent] {Agent} GameResource created for uid: battle.net
D 2021-11-08 06:42:08.530984 [Agent] {Agent} GameResource created for uid: prometheus
D 2021-11-08 06:42:08.531007 [Agent] {Agent} GameResource created for uid: s2_enus
W 2021-11-08 06:42:09.683581 [FeatureManager] {Main} Feature 'battle.net_http_request_0_c6caed0e' depends on missing feature 'http_test'
E 2021-11-08 06:42:09.683630 [FeatureManager] {Main} Feature 'battle.net_http_request_0_c6caed0e' has dependency errors and will not respond to dependency changes
I 2021-11-08 06:42:09.683661 [FeatureManager] {Main} Moving feature record from active to inactive: whisper_voice
I 2021-11-08 06:42:09.683675 [FeatureManager] {Main} Moving feature record from active to inactive: trace_route
I 2021-11-08 06:42:09.683699 [FeatureManager] {Main} Feature changed: hearthstone_limited_event_57b4aca6=true
I 2021-11-08 06:42:09.683720 [FeatureManager] {Main} Feature changed: fore_limited_alpha_f6824657=true
I 2021-11-08 06:42:09.683729 [FeatureManager] {Main} Feature changed: fore_buy_now_fore_fef83a73=true
I 2021-11-08 06:42:09.683740 [FeatureManager] {Main} Feature changed: lazarus_show_on_beta_5bbf784c=true
I 2021-11-08 06:42:09.683748 [FeatureManager] {Main} Feature changed: odin_deprecate_event_21bf1dc9=true
I 2021-11-08 06:42:09.683757 [FeatureManager] {Main} Feature changed: odin_show_on_beta_5bbf784c=true
I 2021-11-08 06:42:09.683762 [FeatureManager] {Main} Feature changed: odin_upgrade_from_odin_fef83a73=true
I 2021-11-08 06:42:09.683770 [FeatureManager] {Main} Feature changed: osi_limited_install_773b93da=true
I 2021-11-08 06:42:09.683779 [FeatureManager] {Main} Feature changed: osi_limited_product_d9fa6516=true
I 2021-11-08 06:42:09.683788 [FeatureManager] {Main} Feature changed: viper_show_on_beta_5bbf784c=true
I 2021-11-08 06:42:09.683797 [FeatureManager] {Main} Feature changed: warcraft_iii_upgrade_05e4b09b=true
I 2021-11-08 06:42:09.683805 [FeatureManager] {Main} Feature changed: wlby_show_on_beta_5bbf784c=true
I 2021-11-08 06:42:09.683818 [FeatureManager] {Main} Feature changed: zeus_refresh_without_license_b63211e4=true
I 2021-11-08 06:42:09.683827 [FeatureManager] {Main} Feature changed: zeus_show_on_beta_5bbf784c=true
I 2021-11-08 06:42:09.692107 [FeatureManager] {Main} Feature changed: cts_takeovers=true
I 2021-11-08 06:42:09.693009 [FeatureManager] {Main} Feature changed: http_test=true tags=http_request_0
I 2021-11-08 06:42:09.693041 [FeatureManager] {Main} Feature changed: shop_wish_list=true
I 2021-11-08 06:42:09.693052 [FeatureManager] {Main} Feature changed: activision_auto_account_creation=true
I 2021-11-08 06:42:09.693058 [FeatureManager] {Main} Feature changed: suggested_group_members=true
I 2021-11-08 06:42:09.693063 [FeatureManager] {Main} Feature changed: all_games_v2=true
I 2021-11-08 06:42:09.693068 [FeatureManager] {Main} Feature changed: all_games_new_badge=true
I 2021-11-08 06:42:09.693073 [FeatureManager] {Main} Feature changed: collapsible_social_panel=true
I 2021-11-08 06:42:09.693098 [FeatureManager] {Main} Feature changed: blizzard_profiles=true
I 2021-11-08 06:42:09.693112 [FeatureManager] {Main} Feature changed: clear_chat_history=true
I 2021-11-08 06:42:09.693120 [FeatureManager] {Main} Feature changed: mentions=true
I 2021-11-08 06:42:09.693127 [FeatureManager] {Main} Feature changed: social_tab=true
I 2021-11-08 06:42:09.693134 [FeatureManager] {Main} Feature changed: auto_update_optimization=true
I 2021-11-08 06:42:09.693140 [FeatureManager] {Main} Feature changed: embedded_web_view=true
I 2021-11-08 06:42:09.693148 [FeatureManager] {Main} Feature changed: group_privacy_settings=true
I 2021-11-08 06:42:09.693156 [FeatureManager] {Main} Feature changed: appear_offline=true
I 2021-11-08 06:42:09.693164 [FeatureManager] {Main} Feature changed: refresh_toast=true
I 2021-11-08 06:42:09.693175 [FeatureManager] {Main} Feature changed: app_feedback_dialog=true
I 2021-11-08 06:42:09.693187 [FeatureManager] {Main} Feature changed: browser_main_window=true
I 2021-11-08 06:42:09.693198 [FeatureManager] {Main} Feature changed: chat_giphy=true
I 2021-11-08 06:42:09.693211 [FeatureManager] {Main} Feature changed: content_ui=true
I 2021-11-08 06:42:09.693218 [FeatureManager] {Main} Feature changed: multichats=true
I 2021-11-08 06:42:09.693226 [FeatureManager] {Main} Feature changed: first_time_experience=true
I 2021-11-08 06:42:09.693235 [FeatureManager] {Main} Feature changed: friend_request_management=true
I 2021-11-08 06:42:09.693243 [FeatureManager] {Main} Feature changed: link_previews=true
I 2021-11-08 06:42:09.693249 [FeatureManager] {Main} Feature changed: sms_protect_requirements=true
I 2021-11-08 06:42:09.693256 [FeatureManager] {Main} Feature changed: friends_list_popout=true
I 2021-11-08 06:42:09.693263 [FeatureManager] {Main} Feature changed: gift_inventory=true
I 2021-11-08 06:42:09.693270 [FeatureManager] {Main} Feature changed: global_legendary_promos=true
I 2021-11-08 06:42:09.693283 [FeatureManager] {Main} Feature changed: refresh_friend_tooltip=true
I 2021-11-08 06:42:09.693300 [FeatureManager] {Main} Feature changed: non_friend_whispers=true
I 2021-11-08 06:42:09.693313 [FeatureManager] {Main} Feature changed: notification_center=true
I 2021-11-08 06:42:09.693319 [FeatureManager] {Main} Feature changed: playscreen_migrate_cms=true
I 2021-11-08 06:42:09.693325 [FeatureManager] {Main} Feature changed: shared_container_installs=true
I 2021-11-08 06:42:09.693329 [FeatureManager] {Main} Feature changed: sc2_account_selection_dialog=true
I 2021-11-08 06:42:09.693334 [FeatureManager] {Main} Feature changed: suggested_facebook_friends=true
I 2021-11-08 06:42:09.693347 [FeatureManager] {Main} Feature changed: whisper_voice=true
I 2021-11-08 06:42:09.693356 [FeatureManager] {Main} Feature changed: battle.net_http_request_0_c6caed0e=true
D 2021-11-08 06:42:09.693525 [Configuration] {Main} Searching for config file: C:\Program Files (x86)\Battle.net\Battle.net.13147\Environments.yaml
D 2021-11-08 06:42:09.693646 [Configuration] {Main} Searching for config file: C:\Program Files (x86)\Battle.net\Environments.yaml
I 2021-11-08 06:42:09.693705 [EnvironmentManager] {Main} Login parameters changed: address=us.actual.battle.net:1119 region=US
D 2021-11-08 06:42:09.705673 [CatalogVarStorage] {Main} Setting var from catalog Client.Shop.SaleNotificationVersion=6
D 2021-11-08 06:42:09.705705 [CatalogVarStorage] {Main} Setting var from catalog Browser.DisableSiteIsolation=true
D 2021-11-08 06:42:09.705714 [CatalogVarStorage] {Main} Setting var from catalog Client.ActivisionAutoAccountCreation.Games=ODIN,ZEUS,FORE
D 2021-11-08 06:42:09.705722 [CatalogVarStorage] {Main} Setting var from catalog Client.Shop.SaleNotificationEnabled=false
D 2021-11-08 06:42:09.705728 [CatalogVarStorage] {Main} Setting var from catalog Client.OwlScreen.LiveCheckIntervalMS=300000
D 2021-11-08 06:42:09.705742 [CatalogVarStorage] {Main} Setting var from catalog Client.Announcements.MaximumAnnouncements=20
D 2021-11-08 06:42:09.705757 [CatalogVarStorage] {Main} Setting var from catalog Client.NewProfileWindowLayout=true
D 2021-11-08 06:42:09.705763 [CatalogVarStorage] {Main} Setting var from catalog Client.PromotedScreenVersion=3
D 2021-11-08 06:42:09.705770 [CatalogVarStorage] {Main} Setting var from catalog Client.Version.BetaAccessOverride=enabled
I 2021-11-08 06:42:09.705778 [VersionManager] {Main} Beta Access: enabled
D 2021-11-08 06:42:09.705784 [CatalogVarStorage] {Main} Setting var from catalog Client.Version.BetaBranchOverride=beta
D 2021-11-08 06:42:09.705791 [CatalogVarStorage] {Main} Setting var from catalog Services.WhisperChannels.InactivityTimeoutMS=0
I 2021-11-08 06:42:09.708416 [CatalogLoader] {Main} *** LOAD COMPLETE default ***
I 2021-11-08 06:42:09.708435 [CatalogManager] {Main} Loaded initial catalog: hash=8bfb1d24424496b88da556e18aaef910
I 2021-11-08 06:42:09.794861 [WebServer] {Backend:0} Listening on port 22885
I 2021-11-08 06:42:10.144985 [Main] {Main} Attempting to fetch WidevineCDM: 1
D 2021-11-08 06:42:10.154419 [UI] {Main} Fixup allowed regions and locales. installedRegion=US allowedRegions= allowedLocales=
I 2021-11-08 06:42:10.154804 [ToastManager] {Main} Toasts are enabled in ClientSettings
D 2021-11-08 06:42:10.161791 [ProductState] {Main} Game product state created: uid=
D 2021-11-08 06:42:10.161876 [ProductState] {Main} InstallState (): currentOperation=Install currentOperationStatus=New
I 2021-11-08 06:42:10.200019 [Main] {Main} Application path is: C:\Program Files (x86)\Battle.net\Battle.net.exe
I 2021-11-08 06:42:10.338528 [ClientServiceAlertMonitor] {Main} Breaking News url has changed. url=https://nydus.battle.net/App/enUS/client/App/alert?targetRegion=US
D 2021-11-08 06:42:10.338768 [RemoteContentCache] {Main} Found cached remote content. url=https://nydus.battle.net/App/enUS/client/App/alert?targetRegion=US
I 2021-11-08 06:42:10.338820 [ClientServiceAlertMonitor] {Main} Maintenance url has changed. url=https://nydus.battle.net/App/enUS/client/App/maintenance?targetRegion=US
D 2021-11-08 06:42:10.338958 [RemoteContentCache] {Main} Found cached remote content. url=https://nydus.battle.net/App/enUS/client/App/maintenance?targetRegion=US
I 2021-11-08 06:42:10.341716 [Frontend] {Main} Public Computer state changed. is_public=false
D 2021-11-08 06:42:10.341734 [Frontend] {Main} Session id changed. session_id=15427529339499392419
D 2021-11-08 06:42:10.341824 [Frontend] {Main} Tracking info changed. client_id=4E3A4618-F0C7-4782-B23B-E90E19E728CE, user_agent=
I 2021-11-08 06:42:10.367763 [HighDpiManager] {Main} High dpi support available changed: 0
I 2021-11-08 06:42:10.367779 [Frontend] {Main} High dpi support: disabled
D 2021-11-08 06:42:10.368532 [Main] {WorkerPool:0} Checking permissions on path: C:\ProgramData\Battle.net\Setup depth=-1
D 2021-11-08 06:42:10.371257 [Main] {WorkerPool:0} Checking permissions on path: C:\ProgramData\Battle.net\Agent depth=1
D 2021-11-08 06:42:10.373167 [Main] {WorkerPool:0} Checking permissions on path: C:\ProgramData\Battle.net\Agent\Agent.6891 depth=1
D 2021-11-08 06:42:10.373464 [Main] {WorkerPool:0} Checking permissions on path: C:\ProgramData\Battle.net\Agent\Agent.7380 depth=1
D 2021-11-08 06:42:10.373916 [Main] {WorkerPool:0} Checking permissions on path: C:\ProgramData\Battle.net\Agent\Agent.7531 depth=1
D 2021-11-08 06:42:10.374342 [Main] {WorkerPool:0} Checking permissions on path: C:\ProgramData\Blizzard Entertainment depth=2
D 2021-11-08 06:42:10.452167 [Frontend] {Main} Session id changed. session_id=2696622013102969161
I 2021-11-08 06:42:10.452449 [FeatureManager] {Main} Feature changed: install_packages=true
I 2021-11-08 06:42:10.452470 [FeatureManager] {Main} Feature changed: modify_install=true
I 2021-11-08 06:42:10.452920 [Agent] {Main} AgentManager is now initialized
I 2021-11-08 06:42:10.452932 [InstallManager] {Main} Install manager is now initialized
D 2021-11-08 06:42:10.452937 [InstallManager] {Main} Selecting best game install data for game battle.net: savedUid=battle.net originalUid=<none> newUid=battle.net
D 2021-11-08 06:42:10.452954 [InstallInfo] {Main} InstallInfo agent association has been changed: uid=battle.net agentUid=battle.net
D 2021-11-08 06:42:10.452970 [InstallManager] {Main} Selecting best game install data for game prometheus: savedUid=prometheus originalUid=<none> newUid=prometheus
D 2021-11-08 06:42:10.452976 [InstallInfo] {Main} InstallInfo agent association has been changed: uid=prometheus agentUid=prometheus
D 2021-11-08 06:42:10.452986 [InstallManager] {Main} Selecting best game install data for game s2: savedUid=s2_enus originalUid=<none> newUid=s2_enus
D 2021-11-08 06:42:10.452990 [InstallInfo] {Main} InstallInfo agent association has been changed: uid=s2 agentUid=s2_enus
D 2021-11-08 06:42:10.453007 [VersionManager] {Main} Branch change from Agent detected. activeBranch= branches={[0]=beta, [1]=cn, [2]=eu, [3]=kr, [4]=sg, [5]=tw, [6]=us}
D 2021-11-08 06:42:10.453019 [VersionManager] {Main} Beta branch is available: true
D 2021-11-08 06:42:10.453051 [ProductState] {Main} Game product state created: uid=prometheus
D 2021-11-08 06:42:10.453112 [ProductState] {Main} InstallState (prometheus): currentOperation=UpToDate currentOperationStatus=Paused installed=1 installPath=D:/Battlenet/Overwatch sharedContainerSubpath=_retail_ playable=1 canCreateShortcut=1 selectedRegion=us activeConfigKey=8c895694ea0d33f5962748eb38ad94b9 regionalVersions=(cn: {playable:true config_key:8c895694ea0d33f5962748eb38ad94b9}, eu: {playable:true config_key:8c895694ea0d33f5962748eb38ad94b9}, kr: {playable:true config_key:8c895694ea0d33f5962748eb38ad94b9}, us: {playable:true config_key:8c895694ea0d33f5962748eb38ad94b9}) localVersion=1.65.1.0.88742 latestVersion=88742 progress=1 currentStage=Complete
D 2021-11-08 06:42:10.453134 [ProductState] {Main} Game product state created: uid=s2
D 2021-11-08 06:42:10.453161 [ProductState] {Main} InstallState (s2): currentOperation=UpToDate currentOperationStatus=Paused installed=1 installPath=D:/Battlenet/StarCraft II playable=1 canCreateShortcut=1 selectedRegion=us activeConfigKey=5b0ac430559437ccd27dfafdfe526c6a regionalVersions=(cn: {playable:true config_key:5b0ac430559437ccd27dfafdfe526c6a}, eu: {playable:true config_key:5b0ac430559437ccd27dfafdfe526c6a}, kr: {playable:true config_key:5b0ac430559437ccd27dfafdfe526c6a}, tw: {playable:true config_key:5b0ac430559437ccd27dfafdfe526c6a}, us: {playable:true config_key:5b0ac430559437ccd27dfafdfe526c6a}) supports_multibox=true localVersion=5.0.8.86383 latestVersion=86383 progress=1 currentStage=Complete
D 2021-11-08 06:42:10.453202 [Agent] {Main} Versioning is now enabled
D 2021-11-08 06:42:10.453245 [Agent] {Main} Triggering game versioning: battle.net
D 2021-11-08 06:42:10.453289 [Agent] {Main} Triggering game versioning: prometheus
D 2021-11-08 06:42:10.453316 [Agent] {Main} Triggering game versioning: s2_enus
D 2021-11-08 06:42:10.465101 [InstallManager] {Main} Command_RegisterGame uid: s2_enus path: D:\Battlenet\StarCraft II productcode:  subfolder:  repairing: false
D 2021-11-08 06:42:10.465132 [InstallManager] {Main} PerformRegisterInstall uid= productCode=* installDir=D:\Battlenet\StarCraft II subfolder= region=US
I 2021-11-08 06:42:10.465181 [CatalogLoader] {Main} *** LOAD STARTED default: Context(LocalCAS: 8bfb1d24424496b88da556e18aaef910 I) ***
I 2021-11-08 06:42:10.953436 [FeatureManager] {Main} Moving feature record from active to inactive: overwatch_league_tab
I 2021-11-08 06:42:10.953457 [FeatureManager] {Main} Moving feature record from active to inactive: blizzcon_tab
D 2021-11-08 06:42:10.963293 [CatalogVarStorage] {Main} Setting var from catalog Client.Shop.SaleNotificationVersion=6
D 2021-11-08 06:42:10.963324 [CatalogVarStorage] {Main} Setting var from catalog Browser.DisableSiteIsolation=true
D 2021-11-08 06:42:10.963336 [CatalogVarStorage] {Main} Setting var from catalog Client.ActivisionAutoAccountCreation.Games=ODIN,ZEUS,FORE
D 2021-11-08 06:42:10.963342 [CatalogVarStorage] {Main} Setting var from catalog Client.Shop.SaleNotificationEnabled=false
D 2021-11-08 06:42:10.963348 [CatalogVarStorage] {Main} Setting var from catalog Client.OwlScreen.LiveCheckIntervalMS=300000
D 2021-11-08 06:42:10.963362 [CatalogVarStorage] {Main} Setting var from catalog Client.Announcements.MaximumAnnouncements=20
D 2021-11-08 06:42:10.963369 [CatalogVarStorage] {Main} Setting var from catalog Client.NewProfileWindowLayout=true
D 2021-11-08 06:42:10.963375 [CatalogVarStorage] {Main} Setting var from catalog Client.PromotedScreenVersion=3
D 2021-11-08 06:42:10.963383 [CatalogVarStorage] {Main} Setting var from catalog Client.Version.BetaAccessOverride=enabled
D 2021-11-08 06:42:10.963389 [CatalogVarStorage] {Main} Setting var from catalog Client.Version.BetaBranchOverride=beta
D 2021-11-08 06:42:10.963397 [CatalogVarStorage] {Main} Setting var from catalog Services.WhisperChannels.InactivityTimeoutMS=0
D 2021-11-08 06:42:10.963404 [CatalogVarStorage] {Main} Setting var from catalog Services.HTTPClient.ConnectionTimeoutMS=0
I 2021-11-08 06:42:10.966139 [CatalogLoader] {Main} *** LOAD COMPLETE default ***
I 2021-11-08 06:42:10.973037 [Main] {Main} Cached WidevineCDM is up-to-date: 4.10.2391.0
I 2021-11-08 06:42:10.974154 [Main] {Main} Connecting to server. address=us.actual.battle.net port=1119
I 2021-11-08 06:42:11.066012 [GameSessionList] {Agent} Reporting process: TrackingInfo(uid=battle.net, type=game, opStatus=On, reqId=0, running=1, oldRunning=0)
D 2021-11-08 06:42:11.215451 [ClientServiceAlertMonitor] {Main} Service alert monitor force update requested
D 2021-11-08 06:42:11.215498 [ClientServiceAlertMonitor] {Main} Breaking News update requested
D 2021-11-08 06:42:11.215504 [ClientServiceAlertMonitor] {Main} Maintenance update requested
I 2021-11-08 06:42:11.289423 [InstallManager] {Main} Setting Process Running: true uid=battle.net binaryType=game any=true
D 2021-11-08 06:42:11.289449 [InstallInfo] {Main} Operation status changed: opType=Execute oldStatus=Off newStatus=On agentUid=battle.net
D 2021-11-08 06:42:11.290012 [InstallManager] {Main} Registration complete for agentUid=s2_enus and region=us
I 2021-11-08 06:42:11.298223 [CacheManager] {Main} CacheManager is now initialized
I 2021-11-08 06:42:11.299940 [TactVersionWatcher] {Main} Fetched new tact metadata. productCode=catalogs region=us branch=PUB-29 version=2036 seq=185 buildConfig=20ce3da0a98d993ca7e26e919f94087d
I 2021-11-08 06:42:11.352645 [DIAG_BuildConfig] {Main} no 'encoding' key in build configuration '20ce3da0a98d993ca7e26e919f94087d', selecting plain-data mode
I 2021-11-08 06:42:11.352696 [CatalogLoader] {Main} *** LOAD STARTED default: Context(RemoteCAS: 8bfb1d24424496b88da556e18aaef910|tpr/catalogs/data) ***
D 2021-11-08 06:42:11.571649 [CatalogVarStorage] {Main} Setting var from catalog Client.Shop.SaleNotificationVersion=6
D 2021-11-08 06:42:11.571679 [CatalogVarStorage] {Main} Setting var from catalog Browser.DisableSiteIsolation=true
D 2021-11-08 06:42:11.571689 [CatalogVarStorage] {Main} Setting var from catalog Client.ActivisionAutoAccountCreation.Games=ODIN,ZEUS,FORE
D 2021-11-08 06:42:11.571695 [CatalogVarStorage] {Main} Setting var from catalog Client.Shop.SaleNotificationEnabled=false
D 2021-11-08 06:42:11.571701 [CatalogVarStorage] {Main} Setting var from catalog Client.OwlScreen.LiveCheckIntervalMS=300000
D 2021-11-08 06:42:11.571715 [CatalogVarStorage] {Main} Setting var from catalog Client.Announcements.MaximumAnnouncements=20
D 2021-11-08 06:42:11.571722 [CatalogVarStorage] {Main} Setting var from catalog Client.NewProfileWindowLayout=true
D 2021-11-08 06:42:11.571732 [CatalogVarStorage] {Main} Setting var from catalog Client.PromotedScreenVersion=3
D 2021-11-08 06:42:11.571740 [CatalogVarStorage] {Main} Setting var from catalog Client.Version.BetaAccessOverride=enabled
D 2021-11-08 06:42:11.571745 [CatalogVarStorage] {Main} Setting var from catalog Client.Version.BetaBranchOverride=beta
D 2021-11-08 06:42:11.571754 [CatalogVarStorage] {Main} Setting var from catalog Services.WhisperChannels.InactivityTimeoutMS=0
D 2021-11-08 06:42:11.571761 [CatalogVarStorage] {Main} Setting var from catalog Services.HTTPClient.ConnectionTimeoutMS=0
I 2021-11-08 06:42:11.586176 [CatalogLoader] {Main} *** LOAD COMPLETE default ***
D 2021-11-08 06:42:12.223643 [LoginController] {Main} Login_QueueUpdate (position=1,clientWaitTime=00:00:00.564555,skipLoginQueueUi=true)
I 2021-11-08 06:42:12.441022 [GSAccountProvider] {Main} Login triggered. entityId=1:0:126e7264
I 2021-11-08 06:42:12.441051 [GSStateTracker] {Main} State changed to: WaitingForAccountState
I 2021-11-08 06:42:12.441072 [AccountManager] {Main} Account manager state has changed to: Loading
I 2021-11-08 06:42:12.442935 [Main] {Main} Opened database at: C:\Users\steve\AppData\Local\Battle.net\Account\309228132\account.db
D 2021-11-08 06:42:12.444997 [GSAccountProvider] {Main} Querying account level info for account: 1:0:126e7264
D 2021-11-08 06:42:12.445089 [GSAccountProvider] {Main} Querying parental control info for account: 1:0:126e7264
D 2021-11-08 06:42:12.445118 [GSAccountProvider] {Main} Querying game accounts for region: US
D 2021-11-08 06:42:12.445141 [GSAccountProvider] {Main} Querying game accounts for region: EU
D 2021-11-08 06:42:12.445148 [GSAccountProvider] {Main} Querying game accounts for region: KR
D 2021-11-08 06:42:12.445152 [GSAccountProvider] {Main} Querying game accounts for region: SG
D 2021-11-08 06:42:12.445166 [GSAccountProvider] {Main} Querying game accounts for region: XX
D 2021-11-08 06:42:12.445173 [GSAccountProvider] {Main} Querying game accounts for region: GLOBAL
D 2021-11-08 06:42:12.445178 [GSAccountProvider] {Main} Querying parental control info for account: 1:0:126e7264
D 2021-11-08 06:42:12.445226 [GSAccountProvider] {Main} Querying program level information for program: OSI
D 2021-11-08 06:42:12.445238 [GSAccountProvider] {Main} Querying program level information for program: Fen
D 2021-11-08 06:42:12.445247 [GSAccountProvider] {Main} Querying program level information for program: D3
D 2021-11-08 06:42:12.445253 [GSAccountProvider] {Main} Querying program level information for program: S2
D 2021-11-08 06:42:12.445261 [GSAccountProvider] {Main} Querying program level information for program: S1
D 2021-11-08 06:42:12.445268 [GSAccountProvider] {Main} Querying program level information for program: FORE
D 2021-11-08 06:42:12.445274 [GSAccountProvider] {Main} Querying program level information for program: W3
D 2021-11-08 06:42:12.445282 [GSAccountProvider] {Main} Querying program level information for program: WoW
D 2021-11-08 06:42:12.445291 [GSAccountProvider] {Main} Querying program level information for program: Pro
D 2021-11-08 06:42:12.445298 [GSAccountProvider] {Main} Querying program level information for program: Hero
D 2021-11-08 06:42:12.445306 [GSAccountProvider] {Main} Querying program level information for program: D3CN
D 2021-11-08 06:42:12.445313 [GSAccountProvider] {Main} Querying program level information for program: AUKS
D 2021-11-08 06:42:12.445319 [GSAccountProvider] {Main} Querying program level information for program: LAZR
D 2021-11-08 06:42:12.445326 [GSAccountProvider] {Main} Querying program level information for program: ODIN
D 2021-11-08 06:42:12.445331 [GSAccountProvider] {Main} Querying program level information for program: RTRO
D 2021-11-08 06:42:12.445340 [GSAccountProvider] {Main} Querying program level information for program: VIPR
D 2021-11-08 06:42:12.445347 [GSAccountProvider] {Main} Querying program level information for program: WLBY
D 2021-11-08 06:42:12.445353 [GSAccountProvider] {Main} Querying program level information for program: WTCG
D 2021-11-08 06:42:12.445373 [GSAccountProvider] {Main} Querying program level information for program: ZEUS
D 2021-11-08 06:42:12.457146 [GSAccountProvider] {Main} Received AccountLevelInfo for account. entityId=1:0:126e7264 accountLevelInfo=|licenses:|id=274|id=384|id=10107|id=10431|id=16332|id=17854|id=20195|id=24636|id=26931|id=36376|id=36377|id=53797|:licenses|default_currency=5591876|country=USA|preferred_region=1|account_paid_any=1
I 2021-11-08 06:42:12.457232 [AccountManager] {Main} Account site region code changed: US
I 2021-11-08 06:42:12.457244 [AccountManager] {Main} Account country changed: USA
D 2021-11-08 06:42:12.457274 [GSAccountProvider] {Main} Parental control info for account (1:0:126e7264) resulted in cache miss.
D 2021-11-08 06:42:12.457301 [GSAccountProvider] {Main} Querying game level information for entity: (Game: US-DST2-168118293)
D 2021-11-08 06:42:12.457312 [GSAccountProvider] {Main} Querying game time info for entity Id: (Game: US-DST2-168118293)
D 2021-11-08 06:42:12.457329 [GSAccountProvider] {Main} Querying program level information for program: DST2
D 2021-11-08 06:42:12.457352 [GSAccountProvider] {Main} Querying game level information for entity: (Game: US-Hero-61078631)
D 2021-11-08 06:42:12.457359 [GSAccountProvider] {Main} Querying game time info for entity Id: (Game: US-Hero-61078631)
D 2021-11-08 06:42:12.457369 [GSAccountProvider] {Main} Querying game level information for entity: (Game: US-Pro-118039079)
D 2021-11-08 06:42:12.457375 [GSAccountProvider] {Main} Querying game time info for entity Id: (Game: US-Pro-118039079)
D 2021-11-08 06:42:12.457384 [GSAccountProvider] {Main} Querying game level information for entity: (Game: US-S1-511902745)
D 2021-11-08 06:42:12.457390 [GSAccountProvider] {Main} Querying game time info for entity Id: (Game: US-S1-511902745)
D 2021-11-08 06:42:12.457401 [GSAccountProvider] {Main} Querying game level information for entity: (Game: US-S2-142430010)
D 2021-11-08 06:42:12.457407 [GSAccountProvider] {Main} Querying game time info for entity Id: (Game: US-S2-142430010)
D 2021-11-08 06:42:12.457418 [GSAccountProvider] {Main} Querying game level information for entity: (Game: US-WTCG-50416411)
D 2021-11-08 06:42:12.457424 [GSAccountProvider] {Main} Querying game time info for entity Id: (Game: US-WTCG-50416411)
D 2021-11-08 06:42:12.457429 [GSAccountProvider] {Main} Received 6 game accounts from region 'US'
D 2021-11-08 06:42:12.457435 [GSAccountProvider] {Main} Game account list for region 'EU' resulted in cache miss.
I 2021-11-08 06:42:12.457440 [GSStateTracker] {Main} State changed to: Loading
D 2021-11-08 06:42:12.457445 [GSAccountProvider] {Main} Game account list for region 'KR' resulted in cache miss.
D 2021-11-08 06:42:12.457449 [GSAccountProvider] {Main} Game account list for region 'SG' resulted in cache miss.
D 2021-11-08 06:42:12.457465 [GSAccountProvider] {Main} Querying game level information for entity: (Game: XX-Hero-29793536)
D 2021-11-08 06:42:12.457471 [GSAccountProvider] {Main} Querying game time info for entity Id: (Game: XX-Hero-29793536)
D 2021-11-08 06:42:12.457477 [GSAccountProvider] {Main} Received 1 game accounts from region 'XX'
D 2021-11-08 06:42:12.457482 [GSAccountProvider] {Main} Game account list for region 'GLOBAL' resulted in cache miss.
D 2021-11-08 06:42:12.457486 [GSAccountProvider] {Main} Parental control info for account (1:0:126e7264) resulted in cache miss.
D 2021-11-08 06:42:12.457500 [GSAccountProvider] {Main} Received program level info. programId=OSI programLevelInfo=|program=5198665
D 2021-11-08 06:42:12.457520 [GSAccountProvider] {Main} Received program level info. programId=Fen programLevelInfo=|program=4613486
D 2021-11-08 06:42:12.457529 [GSAccountProvider] {Main} Received program level info. programId=D3 programLevelInfo=|program=17459
D 2021-11-08 06:42:12.457535 [GSAccountProvider] {Main} Received program level info. programId=S2 programLevelInfo=|program=21298|licenses:|id=17854|:licenses|licenses:|id=24636|:licenses|licenses:|id=53797|:licenses
D 2021-11-08 06:42:12.457553 [GSAccountProvider] {Main} Received program level info. programId=S1 programLevelInfo=|program=21297
D 2021-11-08 06:42:12.457559 [GSAccountProvider] {Main} Received program level info. programId=FORE programLevelInfo=|program=1179603525
D 2021-11-08 06:42:12.457566 [GSAccountProvider] {Main} Received program level info. programId=W3 programLevelInfo=|program=22323
D 2021-11-08 06:42:12.457572 [GSAccountProvider] {Main} Received program level info. programId=WoW programLevelInfo=|program=5730135|licenses:|id=274|:licenses
D 2021-11-08 06:42:12.457581 [GSAccountProvider] {Main} Received program level info. programId=Pro programLevelInfo=|is_lifetime=1|program=5272175|licenses:|id=16332|:licenses
D 2021-11-08 06:42:12.457598 [GSAccountProvider] {Main} Received program level info. programId=Hero programLevelInfo=|is_beta=1|program=1214607983|licenses:|id=10107|:licenses|licenses:|id=10431|:licenses
D 2021-11-08 06:42:12.457610 [GSAccountProvider] {Main} Cache miss for program level info. programId=D3CN
D 2021-11-08 06:42:12.457614 [GSAccountProvider] {Main} Received program level info. programId=AUKS programLevelInfo=|program=1096108883
D 2021-11-08 06:42:12.457620 [GSAccountProvider] {Main} Received program level info. programId=LAZR programLevelInfo=|program=1279351378
D 2021-11-08 06:42:12.457626 [GSAccountProvider] {Main} Received program level info. programId=ODIN programLevelInfo=|program=1329875278
D 2021-11-08 06:42:12.457631 [GSAccountProvider] {Main} Received program level info. programId=RTRO programLevelInfo=|program=1381257807
D 2021-11-08 06:42:12.457637 [GSAccountProvider] {Main} Received program level info. programId=VIPR programLevelInfo=|is_lifetime=1|program=1447645266|licenses:|id=26931|:licenses|licenses:|id=36376|:licenses|licenses:|id=36377|:licenses
D 2021-11-08 06:42:12.457648 [GSAccountProvider] {Main} Received program level info. programId=WLBY programLevelInfo=|program=1464615513
D 2021-11-08 06:42:12.457653 [GSAccountProvider] {Main} Received program level info. programId=WTCG programLevelInfo=|program=1465140039
D 2021-11-08 06:42:12.457659 [GSAccountProvider] {Main} Received program level info. programId=ZEUS programLevelInfo=|program=1514493267
D 2021-11-08 06:42:12.463027 [GSAccountProvider] {Main} Received GameLevelInfo: (Game: US-DST2-168118293) info=|name="DST21"|program=1146311730|realm_permissions=1
D 2021-11-08 06:42:12.463084 [GSAccountProvider] {Main} Received GameTimeInfo: (Game: US-DST2-168118293) info=
D 2021-11-08 06:42:12.463112 [GSAccountProvider] {Main} Cache miss for program level info. programId=DST2
D 2021-11-08 06:42:12.463119 [GSAccountProvider] {Main} Received GameLevelInfo: (Game: US-Hero-61078631) info=|name="Hero1"|program=1214607983|realm_permissions=1
D 2021-11-08 06:42:12.463132 [GSAccountProvider] {Main} Received GameTimeInfo: (Game: US-Hero-61078631) info=
D 2021-11-08 06:42:12.463141 [GSAccountProvider] {Main} Received GameLevelInfo: (Game: US-Pro-118039079) info=|name="Pro1"|program=5272175|realm_permissions=1|last_logout_time_ms=1633547340000
D 2021-11-08 06:42:12.463164 [GSAccountProvider] {Main} Received GameTimeInfo: (Game: US-Pro-118039079) info=
D 2021-11-08 06:42:12.463171 [GSAccountProvider] {Main} Received GameLevelInfo: (Game: US-S1-511902745) info=|name="S11"|program=21297|realm_permissions=1|last_logout_time_ms=1615692040000
D 2021-11-08 06:42:12.463182 [GSAccountProvider] {Main} Received GameTimeInfo: (Game: US-S1-511902745) info=
D 2021-11-08 06:42:12.463188 [GSAccountProvider] {Main} Received GameLevelInfo: (Game: US-S2-142430010) info=|is_trial=0|is_restricted=0|name="S21"|program=21298|realm_permissions=1|last_logout_time_ms=1633399997000
D 2021-11-08 06:42:12.463202 [GSAccountProvider] {Main} Received GameTimeInfo: (Game: US-S2-142430010) info=
D 2021-11-08 06:42:12.463208 [GSAccountProvider] {Main} Received GameLevelInfo: (Game: US-WTCG-50416411) info=|name="WTCG1"|program=1465140039|realm_permissions=1
D 2021-11-08 06:42:12.463218 [GSAccountProvider] {Main} Received GameTimeInfo: (Game: US-WTCG-50416411) info=
D 2021-11-08 06:42:12.463227 [GSAccountProvider] {Main} Received GameLevelInfo: (Game: XX-Hero-29793536) info=|name="Hero1"|program=1214607983|realm_permissions=1
D 2021-11-08 06:42:12.463237 [GSAccountProvider] {Main} Received GameTimeInfo: (Game: XX-Hero-29793536) info=
D 2021-11-08 06:42:12.633787 [GSAccountProvider] {Main} Received GameTimeRemainingInfo: (Game: US-Pro-118039079) info=
D 2021-11-08 06:42:12.633851 [GSAccountProvider] {Main} Subscription has been activated. entityId=(Game: US-S1-511902745)
D 2021-11-08 06:42:12.633867 [GSAccountProvider] {Main} Subscription has been activated. entityId=(Game: US-WTCG-50416411)
D 2021-11-08 06:42:12.633901 [GSAccountProvider] {Main} Subscription has been activated. entityId=(BNet: 1:0:126e7264)
D 2021-11-08 06:42:12.633927 [GSAccountProvider] {Main} Querying game accounts for region: EU
D 2021-11-08 06:42:12.633941 [GSAccountProvider] {Main} Querying game accounts for region: KR
D 2021-11-08 06:42:12.633952 [GSAccountProvider] {Main} Querying game accounts for region: SG
D 2021-11-08 06:42:12.633962 [GSAccountProvider] {Main} Querying game accounts for region: GLOBAL
D 2021-11-08 06:42:12.633980 [GSAccountProvider] {Main} Subscription has been activated. entityId=(Game: US-DST2-168118293)
D 2021-11-08 06:42:12.633995 [GSAccountProvider] {Main} Subscription has been activated. entityId=(Game: US-Pro-118039079)
D 2021-11-08 06:42:12.634007 [GSAccountProvider] {Main} Subscription has been activated. entityId=(Game: US-Hero-61078631)
D 2021-11-08 06:42:12.634019 [GSAccountProvider] {Main} Subscription has been activated. entityId=(Game: US-S2-142430010)
D 2021-11-08 06:42:12.634031 [GSAccountProvider] {Main} Received GameTimeRemainingInfo: (Game: US-S2-142430010) info=
D 2021-11-08 06:42:12.634044 [GSAccountProvider] {Main} Received GameTimeRemainingInfo: (Game: US-S1-511902745) info=
D 2021-11-08 06:42:12.634056 [GSAccountProvider] {Main} Received GameTimeRemainingInfo: (Game: US-DST2-168118293) info=
D 2021-11-08 06:42:12.643694 [GSAccountProvider] {Main} Region 'EU' has no game accounts.
D 2021-11-08 06:42:12.643736 [GSAccountProvider] {Main} Region 'KR' has no game accounts.
D 2021-11-08 06:42:12.643747 [GSAccountProvider] {Main} Region 'SG' has no game accounts.
D 2021-11-08 06:42:12.643756 [GSAccountProvider] {Main} Region 'GLOBAL' has no game accounts.
I 2021-11-08 06:42:12.643766 [GSStateTracker] {Main} All region requests have been completed!
I 2021-11-08 06:42:12.643775 [GSStateTracker] {Main} State changed to: WaitingForEntitlements
D 2021-11-08 06:42:12.643803 [GSAccountProvider] {Main} Completed initial load.
D 2021-11-08 06:42:12.643812 [GSAccountProvider] {Main} Querying game status for program id: D3
D 2021-11-08 06:42:12.643827 [GSAccountProvider] {Main} Querying game status for program id: S1
D 2021-11-08 06:42:12.643838 [GSAccountProvider] {Main} Querying game status for program id: S2
D 2021-11-08 06:42:12.643848 [GSAccountProvider] {Main} Querying game status for program id: W3
D 2021-11-08 06:42:12.643860 [GSAccountProvider] {Main} Querying game status for program id: Fen
D 2021-11-08 06:42:12.643870 [GSAccountProvider] {Main} Querying game status for program id: OSI
D 2021-11-08 06:42:12.643880 [GSAccountProvider] {Main} Querying game status for program id: Pro
D 2021-11-08 06:42:12.643890 [GSAccountProvider] {Main} Querying game status for program id: AUKS
D 2021-11-08 06:42:12.643900 [GSAccountProvider] {Main} Querying game status for program id: D3CN
D 2021-11-08 06:42:12.643911 [GSAccountProvider] {Main} Querying game status for program id: DST2
D 2021-11-08 06:42:12.643920 [GSAccountProvider] {Main} Querying game status for program id: FORE
D 2021-11-08 06:42:12.643946 [GSAccountProvider] {Main} Querying game status for program id: Hero
D 2021-11-08 06:42:12.643976 [GSAccountProvider] {Main} Querying game status for program id: LAZR
D 2021-11-08 06:42:12.643986 [GSAccountProvider] {Main} Querying game status for program id: ODIN
D 2021-11-08 06:42:12.643996 [GSAccountProvider] {Main} Querying game status for program id: RTRO
D 2021-11-08 06:42:12.644006 [GSAccountProvider] {Main} Querying game status for program id: VIPR
D 2021-11-08 06:42:12.644018 [GSAccountProvider] {Main} Querying game status for program id: WLBY
D 2021-11-08 06:42:12.644028 [GSAccountProvider] {Main} Querying game status for program id: WTCG
D 2021-11-08 06:42:12.644038 [GSAccountProvider] {Main} Querying game status for program id: ZEUS
I 2021-11-08 06:42:12.653476 [GSStateTracker] {Main} State changed to: Ready
I 2021-11-08 06:42:12.653517 [GSAccountProvider] {Main} Loaded accounts: 17
I 2021-11-08 06:42:12.653534 [GSAccountProvider] {Main} [Hero-Hero:retail]
I 2021-11-08 06:42:12.653541 [GSAccountProvider] {Main} [Pro-Pro:ow_tournament_viewer_1]
I 2021-11-08 06:42:12.653546 [GSAccountProvider] {Main} [OSI-OSI:beta]
I 2021-11-08 06:42:12.653550 [GSAccountProvider] {Main} [S2-S2:retail]
I 2021-11-08 06:42:12.653553 [GSAccountProvider] {Main} [Pro-Pro:ow_worldcup_viewer]
I 2021-11-08 06:42:12.653557 [GSAccountProvider] {Main} [S1-S1:ptr]
I 2021-11-08 06:42:12.653561 [GSAccountProvider] {Main} [VIPR-VIPR:retail]
I 2021-11-08 06:42:12.653565 [GSAccountProvider] {Main} [S2-S2:ptr]
I 2021-11-08 06:42:12.653568 [GSAccountProvider] {Main} [S1-S1:retail]
I 2021-11-08 06:42:12.653571 [GSAccountProvider] {Main} [FORE-FORE:beta]
I 2021-11-08 06:42:12.653575 [GSAccountProvider] {Main} [ODIN-ODIN_MW:beta]
I 2021-11-08 06:42:12.653579 [GSAccountProvider] {Main} [Pro-Pro:ow_tournament_viewer_2]
I 2021-11-08 06:42:12.653586 [GSAccountProvider] {Main} [Pro-Pro:retail]
I 2021-11-08 06:42:12.653591 [GSAccountProvider] {Main} [Pro-Pro:ptr]
I 2021-11-08 06:42:12.653596 [GSAccountProvider] {Main} [Hero-Hero:ptr]
I 2021-11-08 06:42:12.653605 [GSAccountProvider] {Main} [WTCG-WTCG:retail]
I 2021-11-08 06:42:12.653616 [GSAccountProvider] {Main} [ZEUS-ZEUS:beta]
I 2021-11-08 06:42:12.653626 [AccountManager] {Main} Account manager state has changed to: Ready
I 2021-11-08 06:42:12.653728 [GameProvider] {Main} Beginning GameProvider initialization.
D 2021-11-08 06:42:12.653772 [GameProvider] {Main} Inserting new unbound entity because no suitable match was found. uniqueId=Hero_retail
D 2021-11-08 06:42:12.653985 [GameProvider] {Main} Inserting new unbound entity because no suitable match was found. uniqueId=AUKS_retail
D 2021-11-08 06:42:12.654147 [GameProvider] {Main} Inserting new unbound entity because no suitable match was found. uniqueId=D3_retail
D 2021-11-08 06:42:12.654393 [GameProvider] {Main} Inserting new unbound entity because no suitable match was found. uniqueId=D3CN_retail
D 2021-11-08 06:42:12.654580 [GameProvider] {Main} Inserting new unbound entity because no suitable match was found. uniqueId=FORE_retail
D 2021-11-08 06:42:12.654694 [GameProvider] {Main} Inserting new unbound entity because no suitable match was found. uniqueId=Fen_retail
D 2021-11-08 06:42:12.654809 [GameProvider] {Main} Inserting new unbound entity because no suitable match was found. uniqueId=OSI_retail
D 2021-11-08 06:42:12.654973 [GameProvider] {Main} Inserting new unbound entity because no suitable match was found. uniqueId=LAZR_retail
D 2021-11-08 06:42:12.655304 [GameProvider] {Main} Inserting new unbound entity because no suitable match was found. uniqueId=ODIN_retail
D 2021-11-08 06:42:12.655554 [GameProvider] {Main} Inserting new unbound entity because no suitable match was found. uniqueId=Pro_retail
D 2021-11-08 06:42:12.655587 [GameProvider] {Main} Inserting new unbound entity because no suitable match was found. uniqueId=RTRO_retail
D 2021-11-08 06:42:12.655755 [GameProvider] {Main} Inserting new unbound entity because no suitable match was found. uniqueId=S1_retail
D 2021-11-08 06:42:12.655936 [GameProvider] {Main} Inserting new unbound entity because no suitable match was found. uniqueId=S2_retail
D 2021-11-08 06:42:12.655956 [GameProvider] {Main} Inserting new unbound entity because no suitable match was found. uniqueId=VIPR_retail
D 2021-11-08 06:42:12.656072 [GameProvider] {Main} Inserting new unbound entity because no suitable match was found. uniqueId=W3_retail
D 2021-11-08 06:42:12.656195 [GameProvider] {Main} Inserting new unbound entity because no suitable match was found. uniqueId=WLBY_retail
D 2021-11-08 06:42:12.656352 [GameProvider] {Main} Inserting new unbound entity because no suitable match was found. uniqueId=WTCG_retail
D 2021-11-08 06:42:12.656463 [GameProvider] {Main} Inserting new unbound entity because no suitable match was found. uniqueId=WoW_retail
D 2021-11-08 06:42:12.656564 [GameProvider] {Main} Tried to insert an unbound entity with no uid. productCode=WoWC_wow_classic
D 2021-11-08 06:42:12.656582 [GameProvider] {Main} Inserting new unbound entity because no suitable match was found. uniqueId=ZEUS_retail
D 2021-11-08 06:42:12.656807 [GameProvider] {Main} Tried to insert an unbound entity that already exists. productCode=Pro_retail bound=0
D 2021-11-08 06:42:12.656821 [GameProvider] {Main} Tried to insert an unbound entity that already exists. productCode=S2_retail bound=0
D 2021-11-08 06:42:12.656846 [GameProvider] {Main} Binding account info to available unbound entity. productCode=Hero_retail accountInfo=[Hero-Hero:retail]
I 2021-11-08 06:42:12.656921 [GameProvider] {Main} Inserting new bound entity because no suitable match was found. accountInfo=[Pro-Pro:ow_tournament_viewer_1] productId=Pro productType=ow_tournament_viewer_1
I 2021-11-08 06:42:12.657048 [GameProvider] {Main} Inserting new bound entity because no suitable match was found. accountInfo=[OSI-OSI:beta] productId=OSI productType=beta
D 2021-11-08 06:42:12.657131 [GameProvider] {Main} Binding account info to available unbound entity. productCode=S2_retail accountInfo=[S2-S2:retail]
I 2021-11-08 06:42:12.657196 [GameProvider] {Main} Inserting new bound entity because no suitable match was found. accountInfo=[Pro-Pro:ow_worldcup_viewer] productId=Pro productType=ow_worldcup_viewer
I 2021-11-08 06:42:12.657368 [GameProvider] {Main} Inserting new bound entity because no suitable match was found. accountInfo=[S1-S1:ptr] productId=S1 productType=ptr
D 2021-11-08 06:42:12.657710 [GameProvider] {Main} Binding account info to available unbound entity. productCode=VIPR_retail accountInfo=[VIPR-VIPR:retail]
I 2021-11-08 06:42:12.657744 [GameProvider] {Main} Inserting new bound entity because no suitable match was found. accountInfo=[S2-S2:ptr] productId=S2 productType=ptr
D 2021-11-08 06:42:12.657892 [GameProvider] {Main} Binding account info to available unbound entity. productCode=S1_retail accountInfo=[S1-S1:retail]
I 2021-11-08 06:42:12.657920 [GameProvider] {Main} Inserting new bound entity because no suitable match was found. accountInfo=[FORE-FORE:beta] productId=FORE productType=beta
I 2021-11-08 06:42:12.658179 [GameProvider] {Main} Inserting new bound entity because no suitable match was found. accountInfo=[ODIN-ODIN_MW:beta] productId=ODIN_MW productType=beta
I 2021-11-08 06:42:12.660343 [GameProvider] {Main} Inserting new bound entity because no suitable match was found. accountInfo=[Pro-Pro:ow_tournament_viewer_2] productId=Pro productType=ow_tournament_viewer_2
D 2021-11-08 06:42:12.660640 [GameProvider] {Main} Binding account info to available unbound entity. productCode=Pro_retail accountInfo=[Pro-Pro:retail]
I 2021-11-08 06:42:12.660671 [GameProvider] {Main} Inserting new bound entity because no suitable match was found. accountInfo=[Pro-Pro:ptr] productId=Pro productType=ptr
I 2021-11-08 06:42:12.660831 [GameProvider] {Main} Inserting new bound entity because no suitable match was found. accountInfo=[Hero-Hero:ptr] productId=Hero productType=ptr
D 2021-11-08 06:42:12.660958 [GameProvider] {Main} Binding account info to available unbound entity. productCode=WTCG_retail accountInfo=[WTCG-WTCG:retail]
I 2021-11-08 06:42:12.660981 [GameProvider] {Main} Inserting new bound entity because no suitable match was found. accountInfo=[ZEUS-ZEUS:beta] productId=ZEUS productType=beta
I 2021-11-08 06:42:12.661093 [GameProvider] {Main} Game provider is now initialized
I 2021-11-08 06:42:12.661307 [InstallFlow] {Main} FlowController is now initialized
I 2021-11-08 06:42:12.661399 [GameController] {Main} Beginning GameController initialization
D 2021-11-08 06:42:12.661566 [GameController] {Main} Game Family Added: id=ODIN visible=0
D 2021-11-08 06:42:12.661760 [ProductState] {Main} Game product state created: uid=odin
D 2021-11-08 06:42:12.661785 [ProductState] {Main} InstallState (odin): currentOperation=Install currentOperationStatus=New
I 2021-11-08 06:42:12.661935 [GameController] {Main} GameAccount added to family: family=ODIN account=GameAccount(ODIN:retail region=US unbound)
D 2021-11-08 06:42:12.662012 [GameController] {Main} Adding product state reference. uid=odin refCount=0
D 2021-11-08 06:42:12.662161 [GameController] {Main} Visibility Changed. family=ODIN visible=1
D 2021-11-08 06:42:12.662802 [GameController] {Main} Game Family Added: id=Pro visible=0
D 2021-11-08 06:42:12.662926 [ProductState] {Main} Game product state created: uid=prometheus_viewer
D 2021-11-08 06:42:12.662970 [ProductState] {Main} InstallState (prometheus_viewer): currentOperation=Install currentOperationStatus=New
I 2021-11-08 06:42:12.663236 [GameController] {Main} GameAccount added to family: family=Pro account=GameAccount(Pro:ow_worldcup_viewer region=US hidden)
D 2021-11-08 06:42:12.663275 [GameController] {Main} Adding product state reference. uid=prometheus_viewer refCount=0
D 2021-11-08 06:42:12.664047 [GameController] {Main} Game Family Added: id=Hero visible=0
D 2021-11-08 06:42:12.664121 [ProductState] {Main} Game product state created: uid=heroes
D 2021-11-08 06:42:12.664152 [ProductState] {Main} InstallState (heroes): currentOperation=Install currentOperationStatus=New
I 2021-11-08 06:42:12.664209 [GameController] {Main} GameAccount added to family: family=Hero account=GameAccount(Hero:retail region=US)
D 2021-11-08 06:42:12.664230 [GameController] {Main} Adding product state reference. uid=heroes refCount=0
D 2021-11-08 06:42:12.664274 [GameController] {Main} Visibility Changed. family=Hero visible=1
D 2021-11-08 06:42:12.664732 [GameController] {Main} Game Family Added: id=S1 visible=0
D 2021-11-08 06:42:12.664787 [ProductState] {Main} Game product state created: uid=s1_ptr
D 2021-11-08 06:42:12.664801 [ProductState] {Main} InstallState (s1_ptr): currentOperation=Install currentOperationStatus=New
I 2021-11-08 06:42:12.664849 [GameController] {Main} GameAccount added to family: family=S1 account=GameAccount(S1:ptr region=XX)
D 2021-11-08 06:42:12.664880 [GameController] {Main} Adding product state reference. uid=s1_ptr refCount=0
D 2021-11-08 06:42:12.664922 [GameController] {Main} Visibility Changed. family=S1 visible=1
D 2021-11-08 06:42:12.665398 [GameController] {Main} Game Family Added: id=LAZR visible=0
D 2021-11-08 06:42:12.665499 [ProductState] {Main} Game product state created: uid=lazarus
D 2021-11-08 06:42:12.665520 [ProductState] {Main} InstallState (lazarus): currentOperation=Install currentOperationStatus=New
I 2021-11-08 06:42:12.665576 [GameController] {Main} GameAccount added to family: family=LAZR account=GameAccount(LAZR:retail region=US unbound)
D 2021-11-08 06:42:12.665596 [GameController] {Main} Adding product state reference. uid=lazarus refCount=0
D 2021-11-08 06:42:12.665637 [GameController] {Main} Visibility Changed. family=LAZR visible=1
D 2021-11-08 06:42:12.666118 [GameController] {Main} Game Family Added: id=AUKS visible=0
D 2021-11-08 06:42:12.666164 [ProductState] {Main} Game product state created: uid=auks
D 2021-11-08 06:42:12.666178 [ProductState] {Main} InstallState (auks): currentOperation=Install currentOperationStatus=New
I 2021-11-08 06:42:12.666227 [GameController] {Main} GameAccount added to family: family=AUKS account=GameAccount(AUKS:retail region=US unbound hidden)
D 2021-11-08 06:42:12.666246 [GameController] {Main} Adding product state reference. uid=auks refCount=0
D 2021-11-08 06:42:12.666741 [GameController] {Main} Game Family Added: id=D3 visible=0
D 2021-11-08 06:42:12.666801 [ProductState] {Main} Game product state created: uid=diablo3
D 2021-11-08 06:42:12.666816 [ProductState] {Main} InstallState (diablo3): currentOperation=Install currentOperationStatus=New
I 2021-11-08 06:42:12.666865 [GameController] {Main} GameAccount added to family: family=D3 account=GameAccount(D3:retail region=US unbound)
D 2021-11-08 06:42:12.666888 [GameController] {Main} Adding product state reference. uid=diablo3 refCount=0
D 2021-11-08 06:42:12.666926 [GameController] {Main} Visibility Changed. family=D3 visible=1
D 2021-11-08 06:42:12.667451 [GameController] {Main} Game Family Added: id=D3CN visible=0
D 2021-11-08 06:42:12.667557 [ProductState] {Main} Game product state created: uid=d3cn
D 2021-11-08 06:42:12.667586 [ProductState] {Main} InstallState (d3cn): currentOperation=Install currentOperationStatus=New
I 2021-11-08 06:42:12.667651 [GameController] {Main} GameAccount added to family: family=D3CN account=GameAccount(D3CN:retail region=<none> unbound hidden)
D 2021-11-08 06:42:12.667680 [GameController] {Main} Adding product state reference. uid=d3cn refCount=0
D 2021-11-08 06:42:12.668212 [GameController] {Main} Game Family Added: id=FORE visible=0
D 2021-11-08 06:42:12.668280 [ProductState] {Main} Game product state created: uid=fore
D 2021-11-08 06:42:12.668296 [ProductState] {Main} InstallState (fore): currentOperation=Install currentOperationStatus=New
I 2021-11-08 06:42:12.668396 [GameController] {Main} GameAccount added to family: family=FORE account=GameAccount(FORE:retail region=US unbound)
D 2021-11-08 06:42:12.668416 [GameController] {Main} Adding product state reference. uid=fore refCount=0
D 2021-11-08 06:42:12.668460 [GameController] {Main} Visibility Changed. family=FORE visible=1
D 2021-11-08 06:42:12.669028 [ProductState] {Main} Game product state created: uid=odin_beta
D 2021-11-08 06:42:12.669066 [ProductState] {Main} InstallState (odin_beta): currentOperation=Install currentOperationStatus=New
I 2021-11-08 06:42:12.669149 [GameController] {Main} GameAccount added to family: family=ODIN account=GameAccount(ODIN:beta region=US hidden)
D 2021-11-08 06:42:12.669188 [GameController] {Main} Adding product state reference. uid=odin_beta refCount=0
D 2021-11-08 06:42:12.669829 [GameController] {Main} Game Family Added: id=WLBY visible=0
D 2021-11-08 06:42:12.669939 [ProductState] {Main} Game product state created: uid=wlby
D 2021-11-08 06:42:12.669966 [ProductState] {Main} InstallState (wlby): currentOperation=Install currentOperationStatus=New
I 2021-11-08 06:42:12.670079 [GameController] {Main} GameAccount added to family: family=WLBY account=GameAccount(WLBY:retail region=US unbound)
D 2021-11-08 06:42:12.670113 [GameController] {Main} Adding product state reference. uid=wlby refCount=0
D 2021-11-08 06:42:12.670183 [GameController] {Main} Visibility Changed. family=WLBY visible=1
D 2021-11-08 06:42:12.670658 [GameController] {Main} Game Family Added: id=OSI visible=0
D 2021-11-08 06:42:12.670739 [ProductState] {Main} Game product state created: uid=osi
D 2021-11-08 06:42:12.670770 [ProductState] {Main} InstallState (osi): currentOperation=Install currentOperationStatus=New
I 2021-11-08 06:42:12.670841 [GameController] {Main} GameAccount added to family: family=OSI account=GameAccount(OSI:retail region=US unbound)
D 2021-11-08 06:42:12.670892 [GameController] {Main} Adding product state reference. uid=osi refCount=0
D 2021-11-08 06:42:12.670979 [GameController] {Main} Visibility Changed. family=OSI visible=1
D 2021-11-08 06:42:12.671479 [GameController] {Main} Game Family Added: id=Fen visible=0
D 2021-11-08 06:42:12.671580 [ProductState] {Main} Game product state created: uid=fenris
D 2021-11-08 06:42:12.671605 [ProductState] {Main} InstallState (fenris): currentOperation=Install currentOperationStatus=New
I 2021-11-08 06:42:12.671682 [GameController] {Main} GameAccount added to family: family=Fen account=GameAccount(Fen:retail region=US unbound hidden)
D 2021-11-08 06:42:12.671729 [GameController] {Main} Adding product state reference. uid=fenris refCount=0
I 2021-11-08 06:42:12.672679 [GameController] {Main} GameAccount added to family: family=Pro account=GameAccount(Pro:retail region=US)
D 2021-11-08 06:42:12.672734 [GameController] {Main} Adding product state reference. uid=prometheus refCount=0
D 2021-11-08 06:42:12.672796 [GameController] {Main} Visibility Changed. family=Pro visible=1
D 2021-11-08 06:42:12.673769 [GameController] {Main} Game Family Added: id=RTRO visible=0
D 2021-11-08 06:42:12.673896 [ProductState] {Main} Game product state created: uid=rtro
D 2021-11-08 06:42:12.673922 [ProductState] {Main} InstallState (rtro): currentOperation=Install currentOperationStatus=New
I 2021-11-08 06:42:12.674032 [GameController] {Main} GameAccount added to family: family=RTRO account=GameAccount(RTRO:retail region=US unbound)
D 2021-11-08 06:42:12.674080 [GameController] {Main} Adding product state reference. uid=rtro refCount=0
D 2021-11-08 06:42:12.674160 [GameController] {Main} Visibility Changed. family=RTRO visible=1
D 2021-11-08 06:42:12.675145 [ProductState] {Main} Game product state created: uid=s1
D 2021-11-08 06:42:12.675202 [ProductState] {Main} InstallState (s1): currentOperation=Install currentOperationStatus=New
I 2021-11-08 06:42:12.675329 [GameController] {Main} GameAccount added to family: family=S1 account=GameAccount(S1:retail region=US)
D 2021-11-08 06:42:12.675569 [GameController] {Main} Adding product state reference. uid=s1 refCount=0
D 2021-11-08 06:42:12.677028 [GameController] {Main} Game Family Added: id=S2 visible=0
I 2021-11-08 06:42:12.677139 [GameController] {Main} GameAccount added to family: family=S2 account=GameAccount(S2:retail region=US)
D 2021-11-08 06:42:12.677173 [GameController] {Main} Adding product state reference. uid=s2 refCount=0
D 2021-11-08 06:42:12.677269 [GameController] {Main} Visibility Changed. family=S2 visible=1
D 2021-11-08 06:42:12.678107 [GameController] {Main} Game Family Added: id=VIPR visible=0
D 2021-11-08 06:42:12.678250 [ProductState] {Main} Game product state created: uid=viper
D 2021-11-08 06:42:12.678313 [ProductState] {Main} InstallState (viper): currentOperation=Install currentOperationStatus=New
I 2021-11-08 06:42:12.678408 [GameController] {Main} GameAccount added to family: family=VIPR account=GameAccount(VIPR:retail region=US)
D 2021-11-08 06:42:12.678437 [GameController] {Main} Adding product state reference. uid=viper refCount=0
D 2021-11-08 06:42:12.678507 [GameController] {Main} Visibility Changed. family=VIPR visible=1
D 2021-11-08 06:42:12.679866 [GameController] {Main} Game Family Added: id=W3 visible=0
D 2021-11-08 06:42:12.680049 [ProductState] {Main} Game product state created: uid=w3
D 2021-11-08 06:42:12.680084 [ProductState] {Main} InstallState (w3): currentOperation=Install currentOperationStatus=New
I 2021-11-08 06:42:12.680307 [GameController] {Main} GameAccount added to family: family=W3 account=GameAccount(W3:retail region=US unbound)
D 2021-11-08 06:42:12.680351 [GameController] {Main} Adding product state reference. uid=w3 refCount=0
D 2021-11-08 06:42:12.680425 [GameController] {Main} Visibility Changed. family=W3 visible=1
D 2021-11-08 06:42:12.681590 [GameController] {Main} Game Family Added: id=WTCG visible=0
D 2021-11-08 06:42:12.681974 [ProductState] {Main} Game product state created: uid=hs_beta
D 2021-11-08 06:42:12.682035 [ProductState] {Main} InstallState (hs_beta): currentOperation=Install currentOperationStatus=New
I 2021-11-08 06:42:12.682193 [GameController] {Main} GameAccount added to family: family=WTCG account=GameAccount(WTCG:retail region=US)
D 2021-11-08 06:42:12.682447 [GameController] {Main} Adding product state reference. uid=hs_beta refCount=0
D 2021-11-08 06:42:12.682579 [GameController] {Main} Visibility Changed. family=WTCG visible=1
D 2021-11-08 06:42:12.685675 [GameController] {Main} Game Family Added: id=WoW visible=0
D 2021-11-08 06:42:12.686337 [ProductState] {Main} Game product state created: uid=wow
D 2021-11-08 06:42:12.686470 [ProductState] {Main} InstallState (wow): currentOperation=Install currentOperationStatus=New
I 2021-11-08 06:42:12.686696 [GameController] {Main} GameAccount added to family: family=WoW account=GameAccount(WoW:retail region=US unbound)
D 2021-11-08 06:42:12.686771 [GameController] {Main} Adding product state reference. uid=wow refCount=0
D 2021-11-08 06:42:12.686946 [GameController] {Main} Visibility Changed. family=WoW visible=1
D 2021-11-08 06:42:12.689041 [GameController] {Main} Game Family Added: id=ZEUS visible=0
D 2021-11-08 06:42:12.689240 [ProductState] {Main} Game product state created: uid=zeus
D 2021-11-08 06:42:12.689278 [ProductState] {Main} InstallState (zeus): currentOperation=Install currentOperationStatus=New
I 2021-11-08 06:42:12.689387 [GameController] {Main} GameAccount added to family: family=ZEUS account=GameAccount(ZEUS:retail region=US unbound)
D 2021-11-08 06:42:12.689420 [GameController] {Main} Adding product state reference. uid=zeus refCount=0
D 2021-11-08 06:42:12.689489 [GameController] {Main} Visibility Changed. family=ZEUS visible=1
D 2021-11-08 06:42:12.690568 [ProductState] {Main} Game product state created: uid=prometheus_tournament_viewer
D 2021-11-08 06:42:12.690623 [ProductState] {Main} InstallState (prometheus_tournament_viewer): currentOperation=Install currentOperationStatus=New
I 2021-11-08 06:42:12.690739 [GameController] {Main} GameAccount added to family: family=Pro account=GameAccount(Pro:ow_tournament_viewer_1 region=US)
D 2021-11-08 06:42:12.690815 [GameController] {Main} Adding product state reference. uid=prometheus_tournament_viewer refCount=0
D 2021-11-08 06:42:12.692496 [ProductState] {Main} Game product state created: uid=osi_beta
D 2021-11-08 06:42:12.692563 [ProductState] {Main} InstallState (osi_beta): currentOperation=Install currentOperationStatus=New
I 2021-11-08 06:42:12.692720 [GameController] {Main} GameAccount added to family: family=OSI account=GameAccount(OSI:beta region=US hidden)
D 2021-11-08 06:42:12.692755 [GameController] {Main} Adding product state reference. uid=osi_beta refCount=0
D 2021-11-08 06:42:12.694104 [ProductState] {Main} Game product state created: uid=s2_ptr
D 2021-11-08 06:42:12.694287 [ProductState] {Main} InstallState (s2_ptr): currentOperation=Install currentOperationStatus=New
I 2021-11-08 06:42:12.694558 [GameController] {Main} GameAccount added to family: family=S2 account=GameAccount(S2:ptr region=XX)
D 2021-11-08 06:42:12.694685 [GameController] {Main} Adding product state reference. uid=s2_ptr refCount=0
D 2021-11-08 06:42:12.696011 [ProductState] {Main} Game product state created: uid=fore_beta
D 2021-11-08 06:42:12.696076 [ProductState] {Main} InstallState (fore_beta): currentOperation=Install currentOperationStatus=New
I 2021-11-08 06:42:12.696251 [GameController] {Main} GameAccount added to family: family=FORE account=GameAccount(FORE:beta region=US hidden)
D 2021-11-08 06:42:12.696291 [GameController] {Main} Adding product state reference. uid=fore_beta refCount=0
D 2021-11-08 06:42:12.697254 [ProductState] {Main} Game product state created: uid=prometheus_tournament_viewer_2
D 2021-11-08 06:42:12.697287 [ProductState] {Main} InstallState (prometheus_tournament_viewer_2): currentOperation=Install currentOperationStatus=New
I 2021-11-08 06:42:12.697397 [GameController] {Main} GameAccount added to family: family=Pro account=GameAccount(Pro:ow_tournament_viewer_2 region=US)
D 2021-11-08 06:42:12.697447 [GameController] {Main} Adding product state reference. uid=prometheus_tournament_viewer_2 refCount=0
D 2021-11-08 06:42:12.698504 [ProductState] {Main} Game product state created: uid=prometheus_test
D 2021-11-08 06:42:12.698541 [ProductState] {Main} InstallState (prometheus_test): currentOperation=Install currentOperationStatus=New
I 2021-11-08 06:42:12.698696 [GameController] {Main} GameAccount added to family: family=Pro account=GameAccount(Pro:ptr region=XX)
D 2021-11-08 06:42:12.698735 [GameController] {Main} Adding product state reference. uid=prometheus_test refCount=0
D 2021-11-08 06:42:12.699751 [ProductState] {Main} Game product state created: uid=heroes_ptr
D 2021-11-08 06:42:12.699798 [ProductState] {Main} InstallState (heroes_ptr): currentOperation=Install currentOperationStatus=New
I 2021-11-08 06:42:12.699894 [GameController] {Main} GameAccount added to family: family=Hero account=GameAccount(Hero:ptr region=XX)
D 2021-11-08 06:42:12.699928 [GameController] {Main} Adding product state reference. uid=heroes_ptr refCount=0
D 2021-11-08 06:42:12.701790 [ProductState] {Main} Game product state created: uid=zeus_beta
D 2021-11-08 06:42:12.701853 [ProductState] {Main} InstallState (zeus_beta): currentOperation=Install currentOperationStatus=New
I 2021-11-08 06:42:12.702036 [GameController] {Main} GameAccount added to family: family=ZEUS account=GameAccount(ZEUS:beta region=US hidden)
D 2021-11-08 06:42:12.702082 [GameController] {Main} Adding product state reference. uid=zeus_beta refCount=0
I 2021-11-08 06:42:12.733515 [GameController] {Main} Setting default selections for game controller
D 2021-11-08 06:42:12.733642 [GameController] {Main} Picked default selection by type for product group: WTCG account=GameAccount(WTCG:retail region=US)
D 2021-11-08 06:42:12.737574 [GameController] {Main} New selection for product group WTCG: account=GameAccount(WTCG:retail region=US) selectedItem=Hearthstone
D 2021-11-08 06:42:12.737933 [RemoteContentCache] {Main} Found cached remote content. url=https://nydus.battle.net/App/enUS/client/WTCG/alert?targetRegion=US
D 2021-11-08 06:42:12.738037 [GameController] {Main} Picked default selection by type for product group: VIPR account=GameAccount(VIPR:retail region=US)
D 2021-11-08 06:42:12.740352 [GameController] {Main} New selection for product group VIPR: account=GameAccount(VIPR:retail region=US) selectedItem=Call of Duty: Black Ops 4
D 2021-11-08 06:42:12.740675 [RemoteContentCache] {Main} Found cached remote content. url=https://nydus.battle.net/App/enUS/client/VIPR/alert?targetRegion=US
D 2021-11-08 06:42:12.740750 [GameController] {Main} Picked default selection by type for product group: FORE account=GameAccount(FORE:retail region=US unbound)
D 2021-11-08 06:42:12.744148 [GameController] {Main} Selected region change: GameAccount(FORE:retail region=US unbound)
D 2021-11-08 06:42:12.744199 [GameController] {Main} Region changed for selected game account: GameAccount(FORE:retail region=US unbound)
D 2021-11-08 06:42:12.744232 [GameController] {Main} New selection for product group FORE: account=GameAccount(FORE:retail region=US unbound) selectedItem=Call of Duty: Vanguard
D 2021-11-08 06:42:12.744267 [GameController] {Main} Picked default selection by type for product group: D3 account=GameAccount(D3:retail region=US unbound)
D 2021-11-08 06:42:12.745843 [GameController] {Main} New selection for product group D3: account=GameAccount(D3:retail region=US unbound) selectedItem=Diablo III
D 2021-11-08 06:42:12.746113 [RemoteContentCache] {Main} Found cached remote content. url=https://nydus.battle.net/App/enUS/client/D3/alert?targetRegion=US
D 2021-11-08 06:42:12.746188 [GameController] {Main} Picked default selection by type for product group: RTRO account=GameAccount(RTRO:retail region=US unbound)
D 2021-11-08 06:42:12.747772 [GameController] {Main} Selected region change: GameAccount(RTRO:retail region=US unbound)
D 2021-11-08 06:42:12.747809 [GameController] {Main} Region changed for selected game account: GameAccount(RTRO:retail region=US unbound)
D 2021-11-08 06:42:12.748014 [GameController] {Main} New selection for product group RTRO: account=GameAccount(RTRO:retail region=US unbound) selectedItem=Blizzard Arcade Collection
D 2021-11-08 06:42:12.748075 [GameController] {Main} Picked default selection by type for product group: WLBY account=GameAccount(WLBY:retail region=US unbound)
D 2021-11-08 06:42:12.749671 [GameController] {Main} New selection for product group WLBY: account=GameAccount(WLBY:retail region=US unbound) selectedItem=Crash Bandicoot 4: It's About Time
D 2021-11-08 06:42:12.750009 [GameController] {Main} Picked default selection by type for product group: D3CN account=GameAccount(null)
D 2021-11-08 06:42:12.750145 [GameController] {Main} Picked default selection by type for product group: ODIN account=GameAccount(ODIN:retail region=US unbound)
D 2021-11-08 06:42:12.751986 [GameController] {Main} New selection for product group ODIN: account=GameAccount(ODIN:retail region=US unbound) selectedItem=Call of Duty: Warzone
D 2021-11-08 06:42:12.752186 [RemoteContentCache] {Main} Found cached remote content. url=https://nydus.battle.net/App/enUS/client/odin/alert?targetRegion=US
D 2021-11-08 06:42:12.752228 [GameController] {Main} Picked default selection by type for product group: S2 account=GameAccount(S2:retail region=US)
D 2021-11-08 06:42:12.753585 [GameController] {Main} New selection for product group S2: account=GameAccount(S2:retail region=US) selectedItem=StarCraft II
D 2021-11-08 06:42:12.753765 [RemoteContentCache] {Main} Found cached remote content. url=https://nydus.battle.net/App/enUS/client/S2/alert?targetRegion=US
D 2021-11-08 06:42:12.753807 [GameController] {Main} Picked default selection by type for product group: Hero account=GameAccount(Hero:retail region=US)
D 2021-11-08 06:42:12.755528 [GameController] {Main} New selection for product group Hero: account=GameAccount(Hero:retail region=US) selectedItem=Heroes of the Storm
D 2021-11-08 06:42:12.755720 [RemoteContentCache] {Main} Found cached remote content. url=https://nydus.battle.net/App/enUS/client/Hero/alert?targetRegion=US
D 2021-11-08 06:42:12.755758 [GameController] {Main} Picked default selection by type for product group: AUKS account=GameAccount(null)
D 2021-11-08 06:42:12.755780 [GameController] {Main} Picked default selection by type for product group: Pro account=GameAccount(Pro:retail region=US)
D 2021-11-08 06:42:12.757358 [GameController] {Main} New selection for product group Pro: account=GameAccount(Pro:retail region=US) selectedItem=Overwatch
D 2021-11-08 06:42:12.757555 [RemoteContentCache] {Main} Found cached remote content. url=https://nydus.battle.net/App/enUS/client/overwatch/alert?targetRegion=US
D 2021-11-08 06:42:12.757606 [GameController] {Main} Picked default selection by type for product group: LAZR account=GameAccount(LAZR:retail region=US unbound)
D 2021-11-08 06:42:12.759416 [GameController] {Main} New selection for product group LAZR: account=GameAccount(LAZR:retail region=US unbound) selectedItem=Call of Duty: MW2 Campaign Remastered
D 2021-11-08 06:42:12.759623 [RemoteContentCache] {Main} Found cached remote content. url=https://nydus.battle.net/App/enUS/client/lazr/alert?targetRegion=US
D 2021-11-08 06:42:12.759668 [GameController] {Main} Picked default selection by type for product group: S1 account=GameAccount(S1:retail region=US)
D 2021-11-08 06:42:12.760909 [GameController] {Main} New selection for product group S1: account=GameAccount(S1:retail region=US) selectedItem=StarCraft
D 2021-11-08 06:42:12.761104 [RemoteContentCache] {Main} Found cached remote content. url=https://nydus.battle.net/App/enUS/client/S1/alert?targetRegion=US
D 2021-11-08 06:42:12.761147 [GameController] {Main} Picked default selection by type for product group: Fen account=GameAccount(null)
D 2021-11-08 06:42:12.761165 [GameController] {Main} Picked default selection by type for product group: W3 account=GameAccount(W3:retail region=US unbound)
D 2021-11-08 06:42:12.762248 [GameController] {Main} New selection for product group W3: account=GameAccount(W3:retail region=US unbound) selectedItem=Warcraft III
D 2021-11-08 06:42:12.762419 [RemoteContentCache] {Main} Found cached remote content. url=https://nydus.battle.net/App/enUS/client/war3r/alert?targetRegion=US
D 2021-11-08 06:42:12.762460 [GameController] {Main} Picked default selection by type for product group: WoW account=GameAccount(WoW:retail region=US unbound)
D 2021-11-08 06:42:12.763561 [GameController] {Main} New selection for product group WoW: account=GameAccount(WoW:retail region=US unbound) selectedItem=World of Warcraft
D 2021-11-08 06:42:12.763744 [RemoteContentCache] {Main} Found cached remote content. url=https://nydus.battle.net/App/enUS/client/WoW/alert?targetRegion=US
D 2021-11-08 06:42:12.763787 [GameController] {Main} Picked default selection by type for product group: OSI account=GameAccount(OSI:retail region=US unbound)
D 2021-11-08 06:42:12.764908 [GameController] {Main} Selected region change: GameAccount(OSI:retail region=US unbound)
D 2021-11-08 06:42:12.764931 [GameController] {Main} Region changed for selected game account: GameAccount(OSI:retail region=US unbound)
D 2021-11-08 06:42:12.765103 [GameController] {Main} New selection for product group OSI: account=GameAccount(OSI:retail region=US unbound) selectedItem=Diablo II: Resurrected
D 2021-11-08 06:42:12.765137 [GameController] {Main} Picked default selection by type for product group: ZEUS account=GameAccount(ZEUS:retail region=US unbound)
D 2021-11-08 06:42:12.766561 [GameController] {Main} Selected region change: GameAccount(ZEUS:retail region=US unbound)
D 2021-11-08 06:42:12.766659 [GameController] {Main} Region changed for selected game account: GameAccount(ZEUS:retail region=US unbound)
D 2021-11-08 06:42:12.766990 [GameController] {Main} New selection for product group ZEUS: account=GameAccount(ZEUS:retail region=US unbound) selectedItem=Call of Duty: Black Ops Cold War
D 2021-11-08 06:42:12.767155 [GameController] {Main} Selecting game family by id: Pro
D 2021-11-08 06:42:12.767194 [GameController] {Main} Active family set to: Pro
D 2021-11-08 06:42:12.777297 [GameController] {Main} Active product set to: Pro_retail
I 2021-11-08 06:42:12.781926 [GameController] {Main} GameController initialization complete
D 2021-11-08 06:42:12.783311 [GSAccountProvider] {Main} Completed final load.
D 2021-11-08 06:42:12.806065 [GSAccountProvider] {Main} Subscription has been activated. entityId=(Game: XX-Hero-29793536)
D 2021-11-08 06:42:12.806098 [GSAccountProvider] {Main} Received GameTimeRemainingInfo: (Game: US-WTCG-50416411) info=
D 2021-11-08 06:42:12.806113 [GSAccountProvider] {Main} Received GameTimeRemainingInfo: (Game: US-Hero-61078631) info=
D 2021-11-08 06:42:13.296569 [BAPIGateway] {Main} API request: https://us.api.blizzard.com/content-api/v1/layoutTemplates/blt478cfc6c41578ddb/layout?cxpProductId=blt90855744d00cd378
I 2021-11-08 06:42:13.380185 [GameController] {Main} Selecting game by uid. uid=s2 prioritizeUpdate=1
D 2021-11-08 06:42:13.380506 [GameController] {Main} Active family set to: S2
D 2021-11-08 06:42:13.386100 [GameController] {Main} Active product set to: S2_retail
I 2021-11-08 06:42:13.389321 [GameController] {Main} Prioritize Update: uid=s2
I 2021-11-08 06:42:13.389374 [ScreenController] {Main} Changing screen to: Games
I 2021-11-08 06:42:13.395752 [StartupGameSearch] {Main} Skipping automated search for unregistered games
W 2021-11-08 06:42:13.395858 [InstallManager] {Main} Skipping search for unregistered games.
I 2021-11-08 06:42:13.395886 [InstallManager] {Main} Searching for unregistered games finished.
I 2021-11-08 06:42:13.396005 [StartupGameSearch] {Main} Completed automated search for unregistered games
I 2021-11-08 06:42:13.396643 [InstallFlow] {Main} No longer waiting for game registration search to complete.
D 2021-11-08 06:42:13.403179 [InventoryController] {Main} Updating inventory
D 2021-11-08 06:42:13.403216 [InventoryController] {Main} GetInventoryInfo request
D 2021-11-08 06:42:13.403240 [BAPIGateway] {Main} API request: https://us.api.blizzard.com/AccountInventoryService/v1/GetNewInventoryItemCount
I 2021-11-08 06:42:13.407541 [Clubs] {Main} Subscribing to club membership.
I 2021-11-08 06:42:13.407978 [ChannelV2] {Main} Subscribing to channelv2 membership service. |agentId=|id=101128130|program=4288624|region=1
I 2021-11-08 06:42:13.408064 [BNLogin] {Main} Logged into Battle.net successfully. |bnet=1:0:126e7264|game=2:100417070:60717c2
I 2021-11-08 06:42:13.663816 [ChannelV2] {Main} ChannelV2 membership subscription created.
I 2021-11-08 06:42:13.688407 [Clubs] {Main} Club membership subscription created: |accountId=|id=309228132
D 2021-11-08 06:42:13.913011 [BAPIGateway] {Main} API response: OK content={"error":null,"newCount":0,"totalCount":0}
D 2021-11-08 06:42:13.913060 [InventoryController] {Main} Inventory changed, new: 0 total: 0
D 2021-11-08 06:42:13.935519 [BAPIGateway] {Main} API response: OK content={"layoutId":"blt9fc836ef855c7669","sections":[{"name":"Takeovers","contentItems":[{"contentId":"blt613922f9c2ece157","contentType":"shopLinks","context":{"locale":"en-us"},"properties":{"title":"[TAKEOVER][COD VG] Vanguard Available Now/ Buy Now","internalTitle":"[TAKEOVER][COD VG] Vanguard Available Now/ Buy Now","cxpProduct":{"cxpProductId":"bltd645af9d59b15222","titleId":1179603525,"title":"Call of Duty: Vanguard","productCode":"FORE","segment":"cod-vanguard","logo":{"imageUrl":"https://blz-contentstack-images.akamaized.net/v3/assets/blt286175c11a6b3f4c/blt8a44213fb32f5467/61804e69c92827202c004a04/VanguardGold.svg","imageFileType":"image/svg+xml","imageAltText":"Call of Duty: Vanguard","url":"https://blz-contentstack-images.akamaized.net/v3/assets/blt286175c11a6b3f4c/blt8a44213fb32f5467/61804e69c92827202c004a04/VanguardGold.svg","fileType":"image/svg+xml","altText":"Call of Duty: Vanguard"},"context":{"locale":"en-us"}},"cxpProductId":"bltd645af9d59b15222","summary":"","callToAction":"Buy Now","category":"Shop Now","staticAsset":{"imageUrl":"https://blz-contentstack-images.akamaized.net/v3/assets/blt286175c11a6b3f4c/blta8749d78624b4322/6181ec0a32580b3e3d45050d/d20211006-007_VG_Launch_Keyart_CTA_1P-Bnet-Launcher-CUI-Phoenix_01a_FINAL_(1).jpg","imageFileType":"image/jpeg","imageAltText":"Available Now","url":"https://blz-contentstack-images.akamaized.net/v3/assets/blt286175c11a6b3f4c/blta8749d78624b4322/6181ec0a32580b3e3d45050d/d20211006-007_VG_Launch_Keyart_CTA_1P-Bnet-Launcher-CUI-Phoenix_01a_FINAL_(1).jpg","fileType":"image/jpeg","altText":"Available Now"},"animatedAsset":{"imageUrl":"https://blz-contentstack-assets.akamaized.net/v3/assets/blt286175c11a6b3f4c/blt6f24544df3e798a8/6181eb7d32580b3e3d450509/m20211013-004_VG_Launch_1P_GFX_AvailNow_BuyNow.webm","imageFileType":"video/webm","imageAltText":"Available Now","url":"https://blz-contentstack-assets.akamaized.net/v3/assets/blt286175c11a6b3f4c/blt6f24544df3e798a8/6181eb7d32580b3e3d450509/m20211013-004_VG_Launch_1P_GFX_AvailNow_BuyNow.webm","fileType":"video/webm","altText":"Available Now"},"lastUpdated":"2021-11-05T04:14:20.745Z","url":"https://shop.battle.net/product/call-of-duty-vanguard","campaignId":"marketing-global-VG-buy-now-takeover","crossPromotion":true}}]}],"context":{"locale":"en-us","cxpProductId":"blt90855744d00cd378","layoutTemplateId":"blt478cfc6c41578ddb","region":"North America","includeFeed":false}}
I 2021-11-08 06:42:14.153184 [GameSessionList] {Agent} Reporting process: TrackingInfo(uid=battle.net, type=game, opStatus=On, reqId=0, running=3, oldRunning=1)
I 2021-11-08 06:42:14.153636 [InstallManager] {Main} Setting Process Running: true uid=battle.net binaryType=game any=true
D 2021-11-08 06:42:14.363876 [InstallManager] {Main} Game finished versioning prometheus
E 2021-11-08 06:42:14.833639 [BNSocialNetwork] {Main} Error response for BGS Facebook friend list. error=ERROR_SOCIAL_NETWORK_NO_ACCOUNT_DATA (9005)
D 2021-11-08 06:42:15.393128 [InstallManager] {Main} Game finished versioning battle.net
I 2021-11-08 06:42:16.620045 [BrowserClientHandler] {} Creating new auth request for url. frameId=17179869188 requestId=2181139255 url=https://us.battle.net/login/en/?ref=https://oauth.battle.net/oauth/authorize?optLogin%3Dtrue%26optSso%3Dtrue%26response_type%3Dcode%26redirect_uri%3Dhttps%253A%252F%252Fcontent-ui.battle.net%252Fauth%252Fbnet%252Fcallback%26scope%3Dcts%253Aread%26client_id%3D7551465a10ef43838bb8aa1c8bbe1a4d&app=oauth&opt&optSso
D 2021-11-08 06:42:16.621059 [BrowserClientHandler] {} Deferring url request for auth. frameId=17179869188 requestId=2181139255 url=https://us.battle.net/login/en/?ref=https://oauth.battle.net/oauth/authorize?optLogin%3Dtrue%26optSso%3Dtrue%26response_type%3Dcode%26redirect_uri%3Dhttps%253A%252F%252Fcontent-ui.battle.net%252Fauth%252Fbnet%252Fcallback%26scope%3Dcts%253Aread%26client_id%3D7551465a10ef43838bb8aa1c8bbe1a4d&app=oauth&opt&optSso
D 2021-11-08 06:42:16.793611 [BrowserClientHandler] {Main} Auth complete, resuming deferred request. frameId=17179869188 requestId=2181139255 url=https://us.battle.net/login/en/?ref=https://oauth.battle.net/oauth/authorize?optLogin%3Dtrue%26optSso%3Dtrue%26response_type%3Dcode%26redirect_uri%3Dhttps%253A%252F%252Fcontent-ui.battle.net%252Fauth%252Fbnet%252Fcallback%26scope%3Dcts%253Aread%26client_id%3D7551465a10ef43838bb8aa1c8bbe1a4d&app=oauth&opt&optSso
I 2021-11-08 06:42:17.163611 [GameSessionList] {Agent} Reporting process: TrackingInfo(uid=battle.net, type=game, opStatus=On, reqId=0, running=4, oldRunning=3)
I 2021-11-08 06:42:17.173530 [InstallManager] {Main} Setting Process Running: true uid=battle.net binaryType=game any=true
D 2021-11-08 06:42:17.273208 [InstallManager] {Main} Game finished versioning s2_enus
D 2021-11-08 06:42:17.273639 [InstallManager] {Main} Game finished versioning s2_enus
D 2021-11-08 06:42:24.330512 [GameController] {Main} Selecting game family by id: S2
I 2021-11-08 06:42:24.337715 [GameController] {Main} LaunchBinary: uid=s2 selectedRegion=US binaryType=game
D 2021-11-08 06:42:24.344618 [InstallInfo] {Main} Operation status changed: opType=Execute oldStatus=Off newStatus=Pending agentUid=s2_enus
D 2021-11-08 06:42:24.344733 [ProductState] {Main} InstallState (s2): GameLaunching=1
I 2021-11-08 06:42:24.574529 [InstallManager] {Main} Game launch options: programId=S2 GAME_ACCOUNT= REGION=US LOCALE=enUS LOCALE_AUDIO=enUS LAUNCH_64BIT=1
I 2021-11-08 06:42:24.575519 [InstallManager] {Main} Game launch options: programId=S2 ACCOUNT=(hidden) ACCOUNT_TS=1636353744
I 2021-11-08 06:42:24.826642 [InstallManager] {Main} Launched D:/Battlenet/StarCraft II/Support64/SC2Switcher_x64.exe with args: -sso=1 -launch -uid s2_enus, pid: 32584
I 2021-11-08 06:42:29.377910 [GameSessionList] {Agent} Reporting process: TrackingInfo(uid=s2_enus, type=game, opStatus=On, reqId=0, running=1, oldRunning=0)
I 2021-11-08 06:42:29.382998 [InstallManager] {Main} Setting Process Running: true uid=s2_enus binaryType=game any=true
D 2021-11-08 06:42:29.383050 [InstallInfo] {Main} Operation status changed: opType=Execute oldStatus=Pending newStatus=On agentUid=s2_enus
D 2021-11-08 06:42:29.383078 [InstallManager] {Main} Game is running: s2
I 2021-11-08 06:42:29.384063 [GameController] {Main} Game is now running with game launch behavior set to exit.
D 2021-11-08 06:42:29.384181 [ProductState] {Main} InstallState (s2): gameRunning=1 isGameProcessRunning=1 GameLaunching=0
D 2021-11-08 06:42:29.920939 [GameController] {Main} Shutting down GameController
I 2021-11-08 06:42:29.921129 [GameController] {Main} Deleting GameFamily: , # of game accounts:0
I 2021-11-08 06:42:29.921258 [GameController] {Main} Deleting GameFamily: D3CN, # of game accounts:1
I 2021-11-08 06:42:29.921433 [GameController] {Main} Deleting GameFamily: AUKS, # of game accounts:1
I 2021-11-08 06:42:29.921796 [GameController] {Main} Deleting GameFamily: Fen, # of game accounts:1
D 2021-11-08 06:42:29.922039 [ProductState] {Main} Game product state destroyed: uid=
D 2021-11-08 06:42:29.922125 [ProductState] {Main} Game product state destroyed: uid=auks
D 2021-11-08 06:42:29.922147 [ProductState] {Main} Game product state destroyed: uid=d3cn
D 2021-11-08 06:42:29.922188 [ProductState] {Main} Game product state destroyed: uid=fenris
I 2021-11-08 06:42:29.922362 [GameController] {Main} Deleting GameFamily: OSI, # of game accounts:2
D 2021-11-08 06:42:29.922419 [ProductState] {Main} Game product state destroyed: uid=osi_beta
D 2021-11-08 06:42:29.922474 [ProductState] {Main} Game product state destroyed: uid=osi
I 2021-11-08 06:42:29.922528 [GameController] {Main} Deleting GameFamily: S2, # of game accounts:2
D 2021-11-08 06:42:29.922582 [ProductState] {Main} Game product state destroyed: uid=s2_ptr
D 2021-11-08 06:42:29.922638 [ProductState] {Main} Game product state destroyed: uid=s2
I 2021-11-08 06:42:29.922701 [GameController] {Main} Deleting GameFamily: RTRO, # of game accounts:1
D 2021-11-08 06:42:29.922766 [ProductState] {Main} Game product state destroyed: uid=rtro
I 2021-11-08 06:42:29.922846 [GameController] {Main} Deleting GameFamily: WoW, # of game accounts:1
D 2021-11-08 06:42:29.922911 [ProductState] {Main} Game product state destroyed: uid=wow
I 2021-11-08 06:42:29.922955 [GameController] {Main} Deleting GameFamily: D3, # of game accounts:1
D 2021-11-08 06:42:29.923006 [ProductState] {Main} Game product state destroyed: uid=diablo3
I 2021-11-08 06:42:29.923052 [GameController] {Main} Deleting GameFamily: WTCG, # of game accounts:1
D 2021-11-08 06:42:29.923112 [ProductState] {Main} Game product state destroyed: uid=hs_beta
I 2021-11-08 06:42:29.923155 [GameController] {Main} Deleting GameFamily: Hero, # of game accounts:2
D 2021-11-08 06:42:29.923204 [ProductState] {Main} Game product state destroyed: uid=heroes_ptr
D 2021-11-08 06:42:29.923240 [ProductState] {Main} Game product state destroyed: uid=heroes
I 2021-11-08 06:42:29.923287 [GameController] {Main} Deleting GameFamily: Pro, # of game accounts:5
D 2021-11-08 06:42:29.923321 [ProductState] {Main} Game product state destroyed: uid=prometheus_viewer
D 2021-11-08 06:42:29.923362 [ProductState] {Main} Game product state destroyed: uid=prometheus_test
D 2021-11-08 06:42:29.923395 [ProductState] {Main} Game product state destroyed: uid=prometheus_tournament_viewer
D 2021-11-08 06:42:29.923430 [ProductState] {Main} Game product state destroyed: uid=prometheus_tournament_viewer_2
D 2021-11-08 06:42:29.923469 [ProductState] {Main} Game product state destroyed: uid=prometheus
I 2021-11-08 06:42:29.923566 [GameController] {Main} Deleting GameFamily: S1, # of game accounts:2
D 2021-11-08 06:42:29.923625 [ProductState] {Main} Game product state destroyed: uid=s1_ptr
D 2021-11-08 06:42:29.923667 [ProductState] {Main} Game product state destroyed: uid=s1
I 2021-11-08 06:42:29.923719 [GameController] {Main} Deleting GameFamily: W3, # of game accounts:1
D 2021-11-08 06:42:29.923779 [ProductState] {Main} Game product state destroyed: uid=w3
I 2021-11-08 06:42:29.923834 [GameController] {Main} Deleting GameFamily: FORE, # of game accounts:2
D 2021-11-08 06:42:29.923872 [ProductState] {Main} Game product state destroyed: uid=fore_beta
D 2021-11-08 06:42:29.923909 [ProductState] {Main} Game product state destroyed: uid=fore
I 2021-11-08 06:42:29.923963 [GameController] {Main} Deleting GameFamily: WLBY, # of game accounts:1
D 2021-11-08 06:42:29.924013 [ProductState] {Main} Game product state destroyed: uid=wlby
I 2021-11-08 06:42:29.924084 [GameController] {Main} Deleting GameFamily: VIPR, # of game accounts:1
D 2021-11-08 06:42:29.924140 [ProductState] {Main} Game product state destroyed: uid=viper
I 2021-11-08 06:42:29.924193 [GameController] {Main} Deleting GameFamily: ODIN, # of game accounts:2
D 2021-11-08 06:42:29.924227 [ProductState] {Main} Game product state destroyed: uid=odin_beta
D 2021-11-08 06:42:29.924294 [ProductState] {Main} Game product state destroyed: uid=odin
I 2021-11-08 06:42:29.924400 [GameController] {Main} Deleting GameFamily: LAZR, # of game accounts:1
D 2021-11-08 06:42:29.924518 [ProductState] {Main} Game product state destroyed: uid=lazarus
I 2021-11-08 06:42:29.924645 [GameController] {Main} Deleting GameFamily: ZEUS, # of game accounts:2
D 2021-11-08 06:42:29.924749 [ProductState] {Main} Game product state destroyed: uid=zeus_beta
D 2021-11-08 06:42:29.924872 [ProductState] {Main} Game product state destroyed: uid=zeus
I 2021-11-08 06:42:29.926631 [ToastManager] {Main} Clearing toast queue
I 2021-11-08 06:42:31.022992 [BrowserAppImpl] {Main} Waited 20 msec to close all browsers.
D 2021-11-08 06:42:31.628755 [Main] {Main} Shutting down Backend
D 2021-11-08 06:42:31.628788 [Main] {Main} Closing IPC Service
D 2021-11-08 06:42:31.628796 [CommandQueue] {Main} IPCService is shutting down
D 2021-11-08 06:42:31.629066 [Main] {Main} Shutting down account manager
I 2021-11-08 06:42:31.629101 [GSStateTracker] {Main} State changed to: Incomplete
I 2021-11-08 06:42:31.629110 [AccountManager] {Main} Account manager state has changed to: Incomplete
I 2021-11-08 06:42:31.629150 [GameProvider] {Main} Game provider is no longer initialized and is now reset
D 2021-11-08 06:42:31.629455 [Main] {Main} Shutting down CacheManager
D 2021-11-08 06:42:31.629464 [Main] {Main} Shutting down analytics processor
D 2021-11-08 06:42:31.629777 [Main] {Main} Shutting down worker pool
D 2021-11-08 06:42:31.630203 [Main] {Main} Shutting down backend processor
D 2021-11-08 06:42:31.631898 [Main] {Main} Shutting down data cache
D 2021-11-08 06:42:31.632336 [Main] {Main} Shutting down catalog manager
D 2021-11-08 06:42:31.633099 [Main] {Main} Shutting down environment manager
D 2021-11-08 06:42:31.633164 [Main] {Main} Shutting down battle.net api gateway
D 2021-11-08 06:42:31.633178 [Main] {Main} Shutting down suggested friends service
D 2021-11-08 06:42:31.633190 [Main] {Main} Shutting down voice service
D 2021-11-08 06:42:31.633196 [Main] {Main} Shutting down remote content manager
D 2021-11-08 06:42:31.633202 [Main] {Main} Shutting down analytics session
D 2021-11-08 06:42:31.633208 [Main] {Main} Shutting down agent manager
D 2021-11-08 06:42:31.633217 [Agent] {Main} PolicyHandler Thread STOPPING
D 2021-11-08 06:42:31.633226 [Agent] {Agent} PolicyHandlerThreadProc: The rest is silence.
D 2021-11-08 06:42:31.633512 [Agent] {Main} PolicyHandler Thread STOPPED
D 2021-11-08 06:42:31.635047 [Agent] {Main} Communicated shutdown to Agent
D 2021-11-08 06:42:31.635222 [Main] {Main} Shutting down game provider
D 2021-11-08 06:42:31.635246 [Main] {Main} Shutting down battle.net interface
D 2021-11-08 06:42:31.879228 [Main] {Main} Shutting down callback queue
D 2021-11-08 06:42:31.879282 [WebServer] {Main} Shutting down WebServerImpl
D 2021-11-08 06:42:31.879589 [WebServer] {Main} WebServerImpl is stopped
D 2021-11-08 06:42:32.000501 [DIAG_BNL_Voice] {Main} {aa48} debug: Notification client reference removed: 0
