I 2021-11-10 06:40:49.412902 [Main] {Main} Logging started for Battle.net build 2.6.0.13147
I 2021-11-10 06:40:49.413204 [Configuration] {Main} SharedConfigRoot: C:\ProgramData\Battle.net
I 2021-11-10 06:40:49.413465 [Configuration] {Main} RoamingConfigRoot: C:\Users\steve\AppData\Roaming\Battle.net
I 2021-11-10 06:40:49.413476 [Configuration] {Main} LocalConfigRoot: C:\Users\steve\AppData\Local\Battle.net
D 2021-11-10 06:40:49.413660 [Configuration] {Main} Searching for config file: C:\Program Files (x86)\Battle.net\Battle.net.13147\Battle.net.config
D 2021-11-10 06:40:49.413716 [Configuration] {Main} Searching for config file: C:\Program Files (x86)\Battle.net\Battle.net.config
D 2021-11-10 06:40:49.424694 [Configuration] {Main} User Configuration File: C:\Users\steve\AppData\Roaming\Battle.net\Battle.net.config
I 2021-11-10 06:40:49.427634 [Main] {Main} Command line arguments: {[0]=--game=s2_enus, [1]=--gamepath=D:\Battlenet\StarCraft II}
I 2021-11-10 06:40:49.430559 [Main] {Main} Opening IPC shared memory. queueName=User:steve:Battle.net IPC ShMem mode=server
I 2021-11-10 06:40:49.438809 [CommandQueue] {Main} Dispatching Command: register s2_enus D:\Battlenet\StarCraft II   false
I 2021-11-10 06:40:49.476992 [Frontend] {Main} Supplying list of renderers: d3d11,warp,desktop
I 2021-11-10 06:40:49.904353 [LocalizationData] {Main} 21 language(s) loaded from languages.xml, default=enUS
D 2021-11-10 06:40:50.081819 [Main] {Main} Adding application font: resources/fonts/BlizzardReg.ttf
D 2021-11-10 06:40:50.086488 [Main] {Main} Adding application font: resources/fonts/BlizzardLig.ttf
D 2021-11-10 06:40:50.088858 [Main] {Main} Adding application font: resources/fonts/BlizzardBol.ttf
D 2021-11-10 06:40:50.091000 [Main] {Main} Adding application font: resources/fonts/NotoSans-Bold.ttf
D 2021-11-10 06:40:50.096031 [Main] {Main} Adding application font: resources/fonts/NotoSans-BoldItalic.ttf
D 2021-11-10 06:40:50.100649 [Main] {Main} Adding application font: resources/fonts/NotoSans-Italic.ttf
D 2021-11-10 06:40:50.108064 [Main] {Main} Adding application font: resources/fonts/NotoSans-Regular.ttf
D 2021-11-10 06:40:50.112904 [Main] {Main} Adding application font: resources/fonts/ObjectSans-Bold.ttf
D 2021-11-10 06:40:50.114832 [Main] {Main} Adding application font: resources/fonts/ObjectSans-Medium.ttf
D 2021-11-10 06:40:51.232438 [Main] {Main} Setting font to: Blizzard
I 2021-11-10 06:40:51.234277 [CacheManager] {Main} Local storage cache at: C:\Users\steve\AppData\Local\Battle.net\Cache
I 2021-11-10 06:40:51.242401 [Main] {Main} Opened database at: C:\Users\steve\AppData\Local\Battle.net\CachedData.db
D 2021-11-10 06:40:51.244131 [Agent] {Main} PolicyHandler Thread STARTED
D 2021-11-10 06:40:51.244136 [Agent] {Agent} PolicyHandlerThreadProc: I shall in all my best obey you.
I 2021-11-10 06:40:51.356888 [DIAG_BNL_Voice] {Main} Audio device monitor using already-initialized COM
I 2021-11-10 06:40:51.359139 [VoiceSessionBroker] {Main} Global voice is on
I 2021-11-10 06:40:51.359705 [Main] {Main} Execution environment changed. environment=EE_STANDARD
I 2021-11-10 06:40:51.360951 [CatalogManager] {Main} Loaded catalog hash from the database cache. hash=8bfb1d24424496b88da556e18aaef910
I 2021-11-10 06:40:51.361627 [CatalogManager] {Main} Built-in catalog hash (catalog/digesthash.txt): 90e3b05fb9eccb5ddf1b92175febd47a
I 2021-11-10 06:40:51.361811 [CatalogManager] {Main} Built-in catalog hash (catalog/signaturehash.txt): 5823846f81b1a8900de7c99437851ca0
I 2021-11-10 06:40:51.361854 [CatalogLoader] {Main} *** LOAD STARTED default: Context(LocalCAS: 8bfb1d24424496b88da556e18aaef910 I) ***
I 2021-11-10 06:40:51.373878 [Agent] {Agent} Agent has different session: 11333075859224638759
I 2021-11-10 06:40:51.373915 [Agent] {Agent} Agent Version is now: 2.25.1.7531 (retail)
D 2021-11-10 06:40:51.763286 [Agent] {Agent} GameResource created for uid: agent
D 2021-11-10 06:40:51.763360 [Agent] {Agent} GameResource created for uid: battle.net
D 2021-11-10 06:40:51.763384 [Agent] {Agent} GameResource created for uid: prometheus
D 2021-11-10 06:40:51.763401 [Agent] {Agent} GameResource created for uid: s2_enus
W 2021-11-10 06:40:53.157969 [FeatureManager] {Main} Feature 'battle.net_http_request_0_c6caed0e' depends on missing feature 'http_test'
E 2021-11-10 06:40:53.157989 [FeatureManager] {Main} Feature 'battle.net_http_request_0_c6caed0e' has dependency errors and will not respond to dependency changes
I 2021-11-10 06:40:53.158013 [FeatureManager] {Main} Moving feature record from active to inactive: whisper_voice
I 2021-11-10 06:40:53.158020 [FeatureManager] {Main} Moving feature record from active to inactive: trace_route
I 2021-11-10 06:40:53.158029 [FeatureManager] {Main} Feature changed: hearthstone_limited_event_57b4aca6=true
I 2021-11-10 06:40:53.158038 [FeatureManager] {Main} Feature changed: fore_limited_alpha_f6824657=true
I 2021-11-10 06:40:53.158046 [FeatureManager] {Main} Feature changed: fore_buy_now_fore_fef83a73=true
I 2021-11-10 06:40:53.158052 [FeatureManager] {Main} Feature changed: lazarus_show_on_beta_5bbf784c=true
I 2021-11-10 06:40:53.158058 [FeatureManager] {Main} Feature changed: odin_deprecate_event_21bf1dc9=true
I 2021-11-10 06:40:53.158064 [FeatureManager] {Main} Feature changed: odin_show_on_beta_5bbf784c=true
I 2021-11-10 06:40:53.158069 [FeatureManager] {Main} Feature changed: odin_upgrade_from_odin_fef83a73=true
I 2021-11-10 06:40:53.158089 [FeatureManager] {Main} Feature changed: osi_limited_install_773b93da=true
I 2021-11-10 06:40:53.158094 [FeatureManager] {Main} Feature changed: osi_limited_product_d9fa6516=true
I 2021-11-10 06:40:53.158100 [FeatureManager] {Main} Feature changed: viper_show_on_beta_5bbf784c=true
I 2021-11-10 06:40:53.158106 [FeatureManager] {Main} Feature changed: warcraft_iii_upgrade_05e4b09b=true
I 2021-11-10 06:40:53.158111 [FeatureManager] {Main} Feature changed: wlby_show_on_beta_5bbf784c=true
I 2021-11-10 06:40:53.158118 [FeatureManager] {Main} Feature changed: zeus_refresh_without_license_b63211e4=true
I 2021-11-10 06:40:53.158124 [FeatureManager] {Main} Feature changed: zeus_show_on_beta_5bbf784c=true
I 2021-11-10 06:40:53.167788 [FeatureManager] {Main} Feature changed: cts_takeovers=true
I 2021-11-10 06:40:53.168934 [FeatureManager] {Main} Feature changed: http_test=true tags=http_request_0
I 2021-11-10 06:40:53.169050 [FeatureManager] {Main} Feature changed: shop_wish_list=true
I 2021-11-10 06:40:53.169079 [FeatureManager] {Main} Feature changed: activision_auto_account_creation=true
I 2021-11-10 06:40:53.169087 [FeatureManager] {Main} Feature changed: suggested_group_members=true
I 2021-11-10 06:40:53.169099 [FeatureManager] {Main} Feature changed: all_games_v2=true
I 2021-11-10 06:40:53.169107 [FeatureManager] {Main} Feature changed: all_games_new_badge=true
I 2021-11-10 06:40:53.169117 [FeatureManager] {Main} Feature changed: collapsible_social_panel=true
I 2021-11-10 06:40:53.169126 [FeatureManager] {Main} Feature changed: blizzard_profiles=true
I 2021-11-10 06:40:53.169145 [FeatureManager] {Main} Feature changed: clear_chat_history=true
I 2021-11-10 06:40:53.169154 [FeatureManager] {Main} Feature changed: mentions=true
I 2021-11-10 06:40:53.169164 [FeatureManager] {Main} Feature changed: social_tab=true
I 2021-11-10 06:40:53.169173 [FeatureManager] {Main} Feature changed: auto_update_optimization=true
I 2021-11-10 06:40:53.169179 [FeatureManager] {Main} Feature changed: embedded_web_view=true
I 2021-11-10 06:40:53.169190 [FeatureManager] {Main} Feature changed: group_privacy_settings=true
I 2021-11-10 06:40:53.169209 [FeatureManager] {Main} Feature changed: appear_offline=true
I 2021-11-10 06:40:53.169215 [FeatureManager] {Main} Feature changed: refresh_toast=true
I 2021-11-10 06:40:53.169223 [FeatureManager] {Main} Feature changed: app_feedback_dialog=true
I 2021-11-10 06:40:53.169234 [FeatureManager] {Main} Feature changed: browser_main_window=true
I 2021-11-10 06:40:53.169248 [FeatureManager] {Main} Feature changed: chat_giphy=true
I 2021-11-10 06:40:53.169261 [FeatureManager] {Main} Feature changed: content_ui=true
I 2021-11-10 06:40:53.169268 [FeatureManager] {Main} Feature changed: multichats=true
I 2021-11-10 06:40:53.169280 [FeatureManager] {Main} Feature changed: first_time_experience=true
I 2021-11-10 06:40:53.169287 [FeatureManager] {Main} Feature changed: friend_request_management=true
I 2021-11-10 06:40:53.169294 [FeatureManager] {Main} Feature changed: link_previews=true
I 2021-11-10 06:40:53.169301 [FeatureManager] {Main} Feature changed: sms_protect_requirements=true
I 2021-11-10 06:40:53.169308 [FeatureManager] {Main} Feature changed: friends_list_popout=true
I 2021-11-10 06:40:53.169316 [FeatureManager] {Main} Feature changed: gift_inventory=true
I 2021-11-10 06:40:53.169322 [FeatureManager] {Main} Feature changed: global_legendary_promos=true
I 2021-11-10 06:40:53.169328 [FeatureManager] {Main} Feature changed: refresh_friend_tooltip=true
I 2021-11-10 06:40:53.169341 [FeatureManager] {Main} Feature changed: non_friend_whispers=true
I 2021-11-10 06:40:53.169348 [FeatureManager] {Main} Feature changed: notification_center=true
I 2021-11-10 06:40:53.169355 [FeatureManager] {Main} Feature changed: playscreen_migrate_cms=true
I 2021-11-10 06:40:53.169364 [FeatureManager] {Main} Feature changed: shared_container_installs=true
I 2021-11-10 06:40:53.169371 [FeatureManager] {Main} Feature changed: sc2_account_selection_dialog=true
I 2021-11-10 06:40:53.169379 [FeatureManager] {Main} Feature changed: suggested_facebook_friends=true
I 2021-11-10 06:40:53.169402 [FeatureManager] {Main} Feature changed: whisper_voice=true
I 2021-11-10 06:40:53.169419 [FeatureManager] {Main} Feature changed: battle.net_http_request_0_c6caed0e=true
D 2021-11-10 06:40:53.169656 [Configuration] {Main} Searching for config file: C:\Program Files (x86)\Battle.net\Battle.net.13147\Environments.yaml
D 2021-11-10 06:40:53.169931 [Configuration] {Main} Searching for config file: C:\Program Files (x86)\Battle.net\Environments.yaml
I 2021-11-10 06:40:53.170029 [EnvironmentManager] {Main} Login parameters changed: address=us.actual.battle.net:1119 region=US
D 2021-11-10 06:40:53.184312 [CatalogVarStorage] {Main} Setting var from catalog Client.Shop.SaleNotificationVersion=6
D 2021-11-10 06:40:53.184370 [CatalogVarStorage] {Main} Setting var from catalog Browser.DisableSiteIsolation=true
D 2021-11-10 06:40:53.184380 [CatalogVarStorage] {Main} Setting var from catalog Client.ActivisionAutoAccountCreation.Games=ODIN,ZEUS,FORE
D 2021-11-10 06:40:53.184391 [CatalogVarStorage] {Main} Setting var from catalog Client.Shop.SaleNotificationEnabled=false
D 2021-11-10 06:40:53.184399 [CatalogVarStorage] {Main} Setting var from catalog Client.OwlScreen.LiveCheckIntervalMS=300000
D 2021-11-10 06:40:53.184440 [CatalogVarStorage] {Main} Setting var from catalog Client.Announcements.MaximumAnnouncements=20
D 2021-11-10 06:40:53.184449 [CatalogVarStorage] {Main} Setting var from catalog Client.NewProfileWindowLayout=true
D 2021-11-10 06:40:53.184457 [CatalogVarStorage] {Main} Setting var from catalog Client.PromotedScreenVersion=3
D 2021-11-10 06:40:53.184466 [CatalogVarStorage] {Main} Setting var from catalog Client.Version.BetaAccessOverride=enabled
I 2021-11-10 06:40:53.184473 [VersionManager] {Main} Beta Access: enabled
D 2021-11-10 06:40:53.184483 [CatalogVarStorage] {Main} Setting var from catalog Client.Version.BetaBranchOverride=beta
D 2021-11-10 06:40:53.184493 [CatalogVarStorage] {Main} Setting var from catalog Services.WhisperChannels.InactivityTimeoutMS=0
I 2021-11-10 06:40:53.189999 [CatalogLoader] {Main} *** LOAD COMPLETE default ***
I 2021-11-10 06:40:53.190035 [CatalogManager] {Main} Loaded initial catalog: hash=8bfb1d24424496b88da556e18aaef910
I 2021-11-10 06:40:53.293712 [WebServer] {Backend:0} Listening on port 22885
I 2021-11-10 06:40:53.677244 [Main] {Main} Attempting to fetch WidevineCDM: 1
D 2021-11-10 06:40:53.686896 [UI] {Main} Fixup allowed regions and locales. installedRegion=US allowedRegions= allowedLocales=
I 2021-11-10 06:40:53.687414 [ToastManager] {Main} Toasts are enabled in ClientSettings
D 2021-11-10 06:40:53.694611 [ProductState] {Main} Game product state created: uid=
D 2021-11-10 06:40:53.694650 [ProductState] {Main} InstallState (): currentOperation=Install currentOperationStatus=New
I 2021-11-10 06:40:53.722199 [Main] {Main} Application path is: C:\Program Files (x86)\Battle.net\Battle.net.exe
I 2021-11-10 06:40:53.846189 [ClientServiceAlertMonitor] {Main} Breaking News url has changed. url=https://nydus.battle.net/App/enUS/client/App/alert?targetRegion=US
D 2021-11-10 06:40:53.846370 [RemoteContentCache] {Main} Found cached remote content. url=https://nydus.battle.net/App/enUS/client/App/alert?targetRegion=US
I 2021-11-10 06:40:53.846401 [ClientServiceAlertMonitor] {Main} Maintenance url has changed. url=https://nydus.battle.net/App/enUS/client/App/maintenance?targetRegion=US
D 2021-11-10 06:40:53.846511 [RemoteContentCache] {Main} Found cached remote content. url=https://nydus.battle.net/App/enUS/client/App/maintenance?targetRegion=US
I 2021-11-10 06:40:53.849314 [Frontend] {Main} Public Computer state changed. is_public=false
D 2021-11-10 06:40:53.849360 [Frontend] {Main} Session id changed. session_id=5393082041603215786
D 2021-11-10 06:40:53.849456 [Frontend] {Main} Tracking info changed. client_id=4E3A4618-F0C7-4782-B23B-E90E19E728CE, user_agent=
I 2021-11-10 06:40:53.877880 [HighDpiManager] {Main} High dpi support available changed: 0
I 2021-11-10 06:40:53.877904 [Frontend] {Main} High dpi support: disabled
D 2021-11-10 06:40:53.878401 [Main] {WorkerPool:0} Checking permissions on path: C:\ProgramData\Battle.net\Setup depth=-1
D 2021-11-10 06:40:53.880662 [Main] {WorkerPool:0} Checking permissions on path: C:\ProgramData\Battle.net\Agent depth=1
D 2021-11-10 06:40:53.883411 [Main] {WorkerPool:0} Checking permissions on path: C:\ProgramData\Battle.net\Agent\Agent.6891 depth=1
D 2021-11-10 06:40:53.883634 [Main] {WorkerPool:0} Checking permissions on path: C:\ProgramData\Battle.net\Agent\Agent.7380 depth=1
D 2021-11-10 06:40:53.884156 [Main] {WorkerPool:0} Checking permissions on path: C:\ProgramData\Battle.net\Agent\Agent.7531 depth=1
D 2021-11-10 06:40:53.884760 [Main] {WorkerPool:0} Checking permissions on path: C:\ProgramData\Blizzard Entertainment depth=2
D 2021-11-10 06:40:53.930810 [Frontend] {Main} Session id changed. session_id=11333075859224638759
I 2021-11-10 06:40:53.930949 [FeatureManager] {Main} Feature changed: install_packages=true
I 2021-11-10 06:40:53.930961 [FeatureManager] {Main} Feature changed: modify_install=true
I 2021-11-10 06:40:53.931227 [Agent] {Main} AgentManager is now initialized
I 2021-11-10 06:40:53.931241 [InstallManager] {Main} Install manager is now initialized
D 2021-11-10 06:40:53.931246 [InstallManager] {Main} Selecting best game install data for game battle.net: savedUid=battle.net originalUid=<none> newUid=battle.net
D 2021-11-10 06:40:53.931261 [InstallInfo] {Main} InstallInfo agent association has been changed: uid=battle.net agentUid=battle.net
D 2021-11-10 06:40:53.931277 [InstallManager] {Main} Selecting best game install data for game prometheus: savedUid=prometheus originalUid=<none> newUid=prometheus
D 2021-11-10 06:40:53.931288 [InstallInfo] {Main} InstallInfo agent association has been changed: uid=prometheus agentUid=prometheus
D 2021-11-10 06:40:53.931309 [InstallManager] {Main} Selecting best game install data for game s2: savedUid=s2_enus originalUid=<none> newUid=s2_enus
D 2021-11-10 06:40:53.931321 [InstallInfo] {Main} InstallInfo agent association has been changed: uid=s2 agentUid=s2_enus
D 2021-11-10 06:40:53.931350 [VersionManager] {Main} Branch change from Agent detected. activeBranch= branches={[0]=beta, [1]=cn, [2]=eu, [3]=kr, [4]=sg, [5]=tw, [6]=us}
D 2021-11-10 06:40:53.931364 [VersionManager] {Main} Beta branch is available: true
D 2021-11-10 06:40:53.931403 [ProductState] {Main} Game product state created: uid=prometheus
D 2021-11-10 06:40:53.931488 [ProductState] {Main} InstallState (prometheus): currentOperation=Update currentOperationStatus=New installed=1 installPath=D:/Battlenet/Overwatch sharedContainerSubpath=_retail_ canCreateShortcut=1 selectedRegion=us activeConfigKey=8c895694ea0d33f5962748eb38ad94b9 regionalVersions=(cn: {playable:false config_key:42b0c7c7886413fc940147ba5e17396a}, eu: {playable:false config_key:42b0c7c7886413fc940147ba5e17396a}, kr: {playable:false config_key:42b0c7c7886413fc940147ba5e17396a}, us: {playable:false config_key:42b0c7c7886413fc940147ba5e17396a}) localVersion=1.65.1.0.88742 latestVersion=89353 progress=1
D 2021-11-10 06:40:53.931517 [ProductState] {Main} Game product state created: uid=s2
D 2021-11-10 06:40:53.931547 [ProductState] {Main} InstallState (s2): currentOperation=UpToDate currentOperationStatus=Paused installed=1 installPath=D:/Battlenet/StarCraft II playable=1 canCreateShortcut=1 selectedRegion=us activeConfigKey=5b0ac430559437ccd27dfafdfe526c6a regionalVersions=(cn: {playable:true config_key:5b0ac430559437ccd27dfafdfe526c6a}, eu: {playable:true config_key:5b0ac430559437ccd27dfafdfe526c6a}, kr: {playable:true config_key:5b0ac430559437ccd27dfafdfe526c6a}, tw: {playable:true config_key:5b0ac430559437ccd27dfafdfe526c6a}, us: {playable:true config_key:5b0ac430559437ccd27dfafdfe526c6a}) supports_multibox=true localVersion=5.0.8.86383 latestVersion=86383 progress=1 currentStage=Complete
D 2021-11-10 06:40:53.931566 [Agent] {Main} Versioning is now enabled
D 2021-11-10 06:40:53.931593 [Agent] {Main} Triggering game versioning: battle.net
D 2021-11-10 06:40:53.931631 [Agent] {Main} Triggering game versioning: prometheus
D 2021-11-10 06:40:53.931647 [Agent] {Main} Triggering game versioning: s2_enus
D 2021-11-10 06:40:53.946487 [InstallManager] {Main} Command_RegisterGame uid: s2_enus path: D:\Battlenet\StarCraft II productcode:  subfolder:  repairing: false
D 2021-11-10 06:40:53.946541 [InstallManager] {Main} PerformRegisterInstall uid= productCode=* installDir=D:\Battlenet\StarCraft II subfolder= region=US
I 2021-11-10 06:40:53.946622 [CatalogLoader] {Main} *** LOAD STARTED default: Context(LocalCAS: 8bfb1d24424496b88da556e18aaef910 I) ***
I 2021-11-10 06:40:54.469561 [GameSessionList] {Agent} Reporting process: TrackingInfo(uid=battle.net, type=game, opStatus=On, reqId=0, running=1, oldRunning=0)
I 2021-11-10 06:40:54.496874 [FeatureManager] {Main} Moving feature record from active to inactive: overwatch_league_tab
I 2021-11-10 06:40:54.496896 [FeatureManager] {Main} Moving feature record from active to inactive: blizzcon_tab
D 2021-11-10 06:40:54.509169 [CatalogVarStorage] {Main} Setting var from catalog Client.Shop.SaleNotificationVersion=6
D 2021-11-10 06:40:54.509220 [CatalogVarStorage] {Main} Setting var from catalog Browser.DisableSiteIsolation=true
D 2021-11-10 06:40:54.509228 [CatalogVarStorage] {Main} Setting var from catalog Client.ActivisionAutoAccountCreation.Games=ODIN,ZEUS,FORE
D 2021-11-10 06:40:54.509235 [CatalogVarStorage] {Main} Setting var from catalog Client.Shop.SaleNotificationEnabled=false
D 2021-11-10 06:40:54.509241 [CatalogVarStorage] {Main} Setting var from catalog Client.OwlScreen.LiveCheckIntervalMS=300000
D 2021-11-10 06:40:54.509261 [CatalogVarStorage] {Main} Setting var from catalog Client.Announcements.MaximumAnnouncements=20
D 2021-11-10 06:40:54.509269 [CatalogVarStorage] {Main} Setting var from catalog Client.NewProfileWindowLayout=true
D 2021-11-10 06:40:54.509276 [CatalogVarStorage] {Main} Setting var from catalog Client.PromotedScreenVersion=3
D 2021-11-10 06:40:54.509284 [CatalogVarStorage] {Main} Setting var from catalog Client.Version.BetaAccessOverride=enabled
D 2021-11-10 06:40:54.509289 [CatalogVarStorage] {Main} Setting var from catalog Client.Version.BetaBranchOverride=beta
D 2021-11-10 06:40:54.509296 [CatalogVarStorage] {Main} Setting var from catalog Services.WhisperChannels.InactivityTimeoutMS=0
D 2021-11-10 06:40:54.509303 [CatalogVarStorage] {Main} Setting var from catalog Services.HTTPClient.ConnectionTimeoutMS=0
I 2021-11-10 06:40:54.511890 [CatalogLoader] {Main} *** LOAD COMPLETE default ***
I 2021-11-10 06:40:54.520989 [Main] {Main} Cached WidevineCDM is up-to-date: 4.10.2391.0
I 2021-11-10 06:40:54.522784 [Main] {Main} Connecting to server. address=us.actual.battle.net port=1119
D 2021-11-10 06:40:54.731876 [ClientServiceAlertMonitor] {Main} Service alert monitor force update requested
D 2021-11-10 06:40:54.731913 [ClientServiceAlertMonitor] {Main} Breaking News update requested
D 2021-11-10 06:40:54.731932 [ClientServiceAlertMonitor] {Main} Maintenance update requested
D 2021-11-10 06:40:54.879025 [InstallManager] {Main} Game finished versioning prometheus
I 2021-11-10 06:40:54.879077 [InstallManager] {Main} Setting Process Running: true uid=battle.net binaryType=game any=true
D 2021-11-10 06:40:54.879102 [InstallInfo] {Main} Operation status changed: opType=Execute oldStatus=Off newStatus=On agentUid=battle.net
D 2021-11-10 06:40:54.879782 [InstallManager] {Main} Registration complete for agentUid=s2_enus and region=us
I 2021-11-10 06:40:54.906521 [CacheManager] {Main} CacheManager is now initialized
I 2021-11-10 06:40:54.906948 [TactVersionWatcher] {Main} Fetched new tact metadata. productCode=catalogs region=us branch=PUB-29 version=2036 seq=185 buildConfig=20ce3da0a98d993ca7e26e919f94087d
I 2021-11-10 06:40:54.929663 [DIAG_BuildConfig] {Main} no 'encoding' key in build configuration '20ce3da0a98d993ca7e26e919f94087d', selecting plain-data mode
I 2021-11-10 06:40:54.929696 [CatalogLoader] {Main} *** LOAD STARTED default: Context(RemoteCAS: 8bfb1d24424496b88da556e18aaef910|tpr/catalogs/data) ***
D 2021-11-10 06:40:55.179235 [CatalogVarStorage] {Main} Setting var from catalog Client.Shop.SaleNotificationVersion=6
D 2021-11-10 06:40:55.179297 [CatalogVarStorage] {Main} Setting var from catalog Browser.DisableSiteIsolation=true
D 2021-11-10 06:40:55.179312 [CatalogVarStorage] {Main} Setting var from catalog Client.ActivisionAutoAccountCreation.Games=ODIN,ZEUS,FORE
D 2021-11-10 06:40:55.179324 [CatalogVarStorage] {Main} Setting var from catalog Client.Shop.SaleNotificationEnabled=false
D 2021-11-10 06:40:55.179345 [CatalogVarStorage] {Main} Setting var from catalog Client.OwlScreen.LiveCheckIntervalMS=300000
D 2021-11-10 06:40:55.179389 [CatalogVarStorage] {Main} Setting var from catalog Client.Announcements.MaximumAnnouncements=20
D 2021-11-10 06:40:55.179410 [CatalogVarStorage] {Main} Setting var from catalog Client.NewProfileWindowLayout=true
D 2021-11-10 06:40:55.179423 [CatalogVarStorage] {Main} Setting var from catalog Client.PromotedScreenVersion=3
D 2021-11-10 06:40:55.179437 [CatalogVarStorage] {Main} Setting var from catalog Client.Version.BetaAccessOverride=enabled
D 2021-11-10 06:40:55.179449 [CatalogVarStorage] {Main} Setting var from catalog Client.Version.BetaBranchOverride=beta
D 2021-11-10 06:40:55.179462 [CatalogVarStorage] {Main} Setting var from catalog Services.WhisperChannels.InactivityTimeoutMS=0
D 2021-11-10 06:40:55.179475 [CatalogVarStorage] {Main} Setting var from catalog Services.HTTPClient.ConnectionTimeoutMS=0
I 2021-11-10 06:40:55.192667 [CatalogLoader] {Main} *** LOAD COMPLETE default ***
D 2021-11-10 06:40:55.771493 [LoginController] {Main} Login_QueueUpdate (position=1,clientWaitTime=00:00:00.532778,skipLoginQueueUi=true)
I 2021-11-10 06:40:55.980909 [GSAccountProvider] {Main} Login triggered. entityId=1:0:126e7264
I 2021-11-10 06:40:55.980974 [GSStateTracker] {Main} State changed to: WaitingForAccountState
I 2021-11-10 06:40:55.981024 [AccountManager] {Main} Account manager state has changed to: Loading
I 2021-11-10 06:40:55.982768 [Main] {Main} Opened database at: C:\Users\steve\AppData\Local\Battle.net\Account\309228132\account.db
D 2021-11-10 06:40:55.984571 [GSAccountProvider] {Main} Querying account level info for account: 1:0:126e7264
D 2021-11-10 06:40:55.984616 [GSAccountProvider] {Main} Querying parental control info for account: 1:0:126e7264
D 2021-11-10 06:40:55.984644 [GSAccountProvider] {Main} Querying game accounts for region: US
D 2021-11-10 06:40:55.984668 [GSAccountProvider] {Main} Querying game accounts for region: EU
D 2021-11-10 06:40:55.984681 [GSAccountProvider] {Main} Querying game accounts for region: KR
D 2021-11-10 06:40:55.984687 [GSAccountProvider] {Main} Querying game accounts for region: SG
D 2021-11-10 06:40:55.984692 [GSAccountProvider] {Main} Querying game accounts for region: XX
D 2021-11-10 06:40:55.984699 [GSAccountProvider] {Main} Querying game accounts for region: GLOBAL
D 2021-11-10 06:40:55.984711 [GSAccountProvider] {Main} Querying parental control info for account: 1:0:126e7264
D 2021-11-10 06:40:55.984760 [GSAccountProvider] {Main} Querying program level information for program: OSI
D 2021-11-10 06:40:55.984773 [GSAccountProvider] {Main} Querying program level information for program: Fen
D 2021-11-10 06:40:55.984782 [GSAccountProvider] {Main} Querying program level information for program: D3
D 2021-11-10 06:40:55.984789 [GSAccountProvider] {Main} Querying program level information for program: S2
D 2021-11-10 06:40:55.984797 [GSAccountProvider] {Main} Querying program level information for program: S1
D 2021-11-10 06:40:55.984804 [GSAccountProvider] {Main} Querying program level information for program: FORE
D 2021-11-10 06:40:55.984810 [GSAccountProvider] {Main} Querying program level information for program: W3
D 2021-11-10 06:40:55.984817 [GSAccountProvider] {Main} Querying program level information for program: WoW
D 2021-11-10 06:40:55.984827 [GSAccountProvider] {Main} Querying program level information for program: Pro
D 2021-11-10 06:40:55.984836 [GSAccountProvider] {Main} Querying program level information for program: Hero
D 2021-11-10 06:40:55.984845 [GSAccountProvider] {Main} Querying program level information for program: D3CN
D 2021-11-10 06:40:55.984852 [GSAccountProvider] {Main} Querying program level information for program: AUKS
D 2021-11-10 06:40:55.984860 [GSAccountProvider] {Main} Querying program level information for program: LAZR
D 2021-11-10 06:40:55.984867 [GSAccountProvider] {Main} Querying program level information for program: ODIN
D 2021-11-10 06:40:55.984878 [GSAccountProvider] {Main} Querying program level information for program: RTRO
D 2021-11-10 06:40:55.984885 [GSAccountProvider] {Main} Querying program level information for program: VIPR
D 2021-11-10 06:40:55.984892 [GSAccountProvider] {Main} Querying program level information for program: WLBY
D 2021-11-10 06:40:55.984899 [GSAccountProvider] {Main} Querying program level information for program: WTCG
D 2021-11-10 06:40:55.984906 [GSAccountProvider] {Main} Querying program level information for program: ZEUS
D 2021-11-10 06:40:56.002339 [GSAccountProvider] {Main} Received AccountLevelInfo for account. entityId=1:0:126e7264 accountLevelInfo=|licenses:|id=274|id=384|id=10107|id=10431|id=16332|id=17854|id=20195|id=24636|id=26931|id=36376|id=36377|id=53797|:licenses|default_currency=5591876|country=USA|preferred_region=1|account_paid_any=1
I 2021-11-10 06:40:56.002463 [AccountManager] {Main} Account site region code changed: US
I 2021-11-10 06:40:56.002476 [AccountManager] {Main} Account country changed: USA
D 2021-11-10 06:40:56.002527 [GSAccountProvider] {Main} Parental control info for account (1:0:126e7264) resulted in cache miss.
D 2021-11-10 06:40:56.002569 [GSAccountProvider] {Main} Querying game level information for entity: (Game: US-DST2-168118293)
D 2021-11-10 06:40:56.002588 [GSAccountProvider] {Main} Querying game time info for entity Id: (Game: US-DST2-168118293)
D 2021-11-10 06:40:56.002616 [GSAccountProvider] {Main} Querying program level information for program: DST2
D 2021-11-10 06:40:56.002641 [GSAccountProvider] {Main} Querying game level information for entity: (Game: US-Hero-61078631)
D 2021-11-10 06:40:56.002655 [GSAccountProvider] {Main} Querying game time info for entity Id: (Game: US-Hero-61078631)
D 2021-11-10 06:40:56.002672 [GSAccountProvider] {Main} Querying game level information for entity: (Game: US-Pro-118039079)
D 2021-11-10 06:40:56.002682 [GSAccountProvider] {Main} Querying game time info for entity Id: (Game: US-Pro-118039079)
D 2021-11-10 06:40:56.002697 [GSAccountProvider] {Main} Querying game level information for entity: (Game: US-S1-511902745)
D 2021-11-10 06:40:56.002710 [GSAccountProvider] {Main} Querying game time info for entity Id: (Game: US-S1-511902745)
D 2021-11-10 06:40:56.002726 [GSAccountProvider] {Main} Querying game level information for entity: (Game: US-S2-142430010)
D 2021-11-10 06:40:56.002739 [GSAccountProvider] {Main} Querying game time info for entity Id: (Game: US-S2-142430010)
D 2021-11-10 06:40:56.002755 [GSAccountProvider] {Main} Querying game level information for entity: (Game: US-WTCG-50416411)
D 2021-11-10 06:40:56.002765 [GSAccountProvider] {Main} Querying game time info for entity Id: (Game: US-WTCG-50416411)
D 2021-11-10 06:40:56.002778 [GSAccountProvider] {Main} Received 6 game accounts from region 'US'
D 2021-11-10 06:40:56.002789 [GSAccountProvider] {Main} Game account list for region 'EU' resulted in cache miss.
I 2021-11-10 06:40:56.002797 [GSStateTracker] {Main} State changed to: Loading
D 2021-11-10 06:40:56.002804 [GSAccountProvider] {Main} Game account list for region 'KR' resulted in cache miss.
D 2021-11-10 06:40:56.002811 [GSAccountProvider] {Main} Game account list for region 'SG' resulted in cache miss.
D 2021-11-10 06:40:56.002826 [GSAccountProvider] {Main} Querying game level information for entity: (Game: XX-Hero-29793536)
D 2021-11-10 06:40:56.002836 [GSAccountProvider] {Main} Querying game time info for entity Id: (Game: XX-Hero-29793536)
D 2021-11-10 06:40:56.002846 [GSAccountProvider] {Main} Received 1 game accounts from region 'XX'
D 2021-11-10 06:40:56.002855 [GSAccountProvider] {Main} Game account list for region 'GLOBAL' resulted in cache miss.
D 2021-11-10 06:40:56.002863 [GSAccountProvider] {Main} Parental control info for account (1:0:126e7264) resulted in cache miss.
D 2021-11-10 06:40:56.002886 [GSAccountProvider] {Main} Received program level info. programId=OSI programLevelInfo=|program=5198665
D 2021-11-10 06:40:56.002919 [GSAccountProvider] {Main} Received program level info. programId=Fen programLevelInfo=|program=4613486
D 2021-11-10 06:40:56.002930 [GSAccountProvider] {Main} Received program level info. programId=D3 programLevelInfo=|program=17459
D 2021-11-10 06:40:56.002944 [GSAccountProvider] {Main} Received program level info. programId=S2 programLevelInfo=|program=21298|licenses:|id=17854|:licenses|licenses:|id=24636|:licenses|licenses:|id=53797|:licenses
D 2021-11-10 06:40:56.002974 [GSAccountProvider] {Main} Received program level info. programId=S1 programLevelInfo=|program=21297
D 2021-11-10 06:40:56.002984 [GSAccountProvider] {Main} Received program level info. programId=FORE programLevelInfo=|program=1179603525
D 2021-11-10 06:40:56.002995 [GSAccountProvider] {Main} Received program level info. programId=W3 programLevelInfo=|program=22323
D 2021-11-10 06:40:56.003005 [GSAccountProvider] {Main} Received program level info. programId=WoW programLevelInfo=|program=5730135|licenses:|id=274|:licenses
D 2021-11-10 06:40:56.003019 [GSAccountProvider] {Main} Received program level info. programId=Pro programLevelInfo=|is_lifetime=1|program=5272175|licenses:|id=16332|:licenses
D 2021-11-10 06:40:56.003045 [GSAccountProvider] {Main} Received program level info. programId=Hero programLevelInfo=|is_beta=1|program=1214607983|licenses:|id=10107|:licenses|licenses:|id=10431|:licenses
D 2021-11-10 06:40:56.003063 [GSAccountProvider] {Main} Cache miss for program level info. programId=D3CN
D 2021-11-10 06:40:56.003071 [GSAccountProvider] {Main} Received program level info. programId=AUKS programLevelInfo=|program=1096108883
D 2021-11-10 06:40:56.003080 [GSAccountProvider] {Main} Received program level info. programId=LAZR programLevelInfo=|program=1279351378
D 2021-11-10 06:40:56.003093 [GSAccountProvider] {Main} Received program level info. programId=ODIN programLevelInfo=|program=1329875278
D 2021-11-10 06:40:56.003102 [GSAccountProvider] {Main} Received program level info. programId=RTRO programLevelInfo=|program=1381257807
D 2021-11-10 06:40:56.003114 [GSAccountProvider] {Main} Received program level info. programId=VIPR programLevelInfo=|is_lifetime=1|program=1447645266|licenses:|id=26931|:licenses|licenses:|id=36376|:licenses|licenses:|id=36377|:licenses
D 2021-11-10 06:40:56.003136 [GSAccountProvider] {Main} Received program level info. programId=WLBY programLevelInfo=|program=1464615513
D 2021-11-10 06:40:56.003145 [GSAccountProvider] {Main} Received program level info. programId=WTCG programLevelInfo=|program=1465140039
D 2021-11-10 06:40:56.003154 [GSAccountProvider] {Main} Received program level info. programId=ZEUS programLevelInfo=|program=1514493267
D 2021-11-10 06:40:56.011575 [GSAccountProvider] {Main} Received GameLevelInfo: (Game: US-DST2-168118293) info=|name="DST21"|program=1146311730|realm_permissions=1
D 2021-11-10 06:40:56.011695 [GSAccountProvider] {Main} Received GameTimeInfo: (Game: US-DST2-168118293) info=
D 2021-11-10 06:40:56.011766 [GSAccountProvider] {Main} Cache miss for program level info. programId=DST2
D 2021-11-10 06:40:56.011788 [GSAccountProvider] {Main} Received GameLevelInfo: (Game: US-Hero-61078631) info=|name="Hero1"|program=1214607983|realm_permissions=1
D 2021-11-10 06:40:56.011833 [GSAccountProvider] {Main} Received GameTimeInfo: (Game: US-Hero-61078631) info=
D 2021-11-10 06:40:56.011855 [GSAccountProvider] {Main} Received GameLevelInfo: (Game: US-Pro-118039079) info=|name="Pro1"|program=5272175|realm_permissions=1|last_logout_time_ms=1633547340000
D 2021-11-10 06:40:56.011896 [GSAccountProvider] {Main} Received GameTimeInfo: (Game: US-Pro-118039079) info=
D 2021-11-10 06:40:56.011912 [GSAccountProvider] {Main} Received GameLevelInfo: (Game: US-S1-511902745) info=|name="S11"|program=21297|realm_permissions=1|last_logout_time_ms=1615692040000
D 2021-11-10 06:40:56.011935 [GSAccountProvider] {Main} Received GameTimeInfo: (Game: US-S1-511902745) info=
D 2021-11-10 06:40:56.011944 [GSAccountProvider] {Main} Received GameLevelInfo: (Game: US-S2-142430010) info=|is_trial=0|is_restricted=0|name="S21"|program=21298|realm_permissions=1|last_logout_time_ms=1633399997000
D 2021-11-10 06:40:56.011959 [GSAccountProvider] {Main} Received GameTimeInfo: (Game: US-S2-142430010) info=
D 2021-11-10 06:40:56.011967 [GSAccountProvider] {Main} Received GameLevelInfo: (Game: US-WTCG-50416411) info=|name="WTCG1"|program=1465140039|realm_permissions=1
D 2021-11-10 06:40:56.011979 [GSAccountProvider] {Main} Received GameTimeInfo: (Game: US-WTCG-50416411) info=
D 2021-11-10 06:40:56.011986 [GSAccountProvider] {Main} Received GameLevelInfo: (Game: XX-Hero-29793536) info=|name="Hero1"|program=1214607983|realm_permissions=1
D 2021-11-10 06:40:56.011997 [GSAccountProvider] {Main} Received GameTimeInfo: (Game: XX-Hero-29793536) info=
D 2021-11-10 06:40:56.021502 [InstallManager] {Main} Game finished versioning battle.net
D 2021-11-10 06:40:56.271943 [GSAccountProvider] {Main} Subscription has been activated. entityId=(BNet: 1:0:126e7264)
D 2021-11-10 06:40:56.271993 [GSAccountProvider] {Main} Querying game accounts for region: EU
D 2021-11-10 06:40:56.272009 [GSAccountProvider] {Main} Querying game accounts for region: KR
D 2021-11-10 06:40:56.272016 [GSAccountProvider] {Main} Querying game accounts for region: SG
D 2021-11-10 06:40:56.272022 [GSAccountProvider] {Main} Querying game accounts for region: GLOBAL
D 2021-11-10 06:40:56.272086 [GSAccountProvider] {Main} Subscription has been activated. entityId=(Game: US-Hero-61078631)
D 2021-11-10 06:40:56.281902 [GSAccountProvider] {Main} Region 'EU' has no game accounts.
D 2021-11-10 06:40:56.282033 [GSAccountProvider] {Main} Region 'KR' has no game accounts.
D 2021-11-10 06:40:56.282045 [GSAccountProvider] {Main} Region 'SG' has no game accounts.
D 2021-11-10 06:40:56.282074 [GSAccountProvider] {Main} Region 'GLOBAL' has no game accounts.
I 2021-11-10 06:40:56.282104 [GSStateTracker] {Main} All region requests have been completed!
I 2021-11-10 06:40:56.282124 [GSStateTracker] {Main} State changed to: WaitingForEntitlements
D 2021-11-10 06:40:56.282206 [GSAccountProvider] {Main} Completed initial load.
D 2021-11-10 06:40:56.282222 [GSAccountProvider] {Main} Querying game status for program id: D3
D 2021-11-10 06:40:56.282265 [GSAccountProvider] {Main} Querying game status for program id: S1
D 2021-11-10 06:40:56.282287 [GSAccountProvider] {Main} Querying game status for program id: S2
D 2021-11-10 06:40:56.282299 [GSAccountProvider] {Main} Querying game status for program id: W3
D 2021-11-10 06:40:56.282311 [GSAccountProvider] {Main} Querying game status for program id: Fen
D 2021-11-10 06:40:56.282320 [GSAccountProvider] {Main} Querying game status for program id: OSI
D 2021-11-10 06:40:56.282330 [GSAccountProvider] {Main} Querying game status for program id: Pro
D 2021-11-10 06:40:56.282342 [GSAccountProvider] {Main} Querying game status for program id: AUKS
D 2021-11-10 06:40:56.282351 [GSAccountProvider] {Main} Querying game status for program id: D3CN
D 2021-11-10 06:40:56.282359 [GSAccountProvider] {Main} Querying game status for program id: DST2
D 2021-11-10 06:40:56.282366 [GSAccountProvider] {Main} Querying game status for program id: FORE
D 2021-11-10 06:40:56.282373 [GSAccountProvider] {Main} Querying game status for program id: Hero
D 2021-11-10 06:40:56.282380 [GSAccountProvider] {Main} Querying game status for program id: LAZR
D 2021-11-10 06:40:56.282390 [GSAccountProvider] {Main} Querying game status for program id: ODIN
D 2021-11-10 06:40:56.282397 [GSAccountProvider] {Main} Querying game status for program id: RTRO
D 2021-11-10 06:40:56.282404 [GSAccountProvider] {Main} Querying game status for program id: VIPR
D 2021-11-10 06:40:56.282411 [GSAccountProvider] {Main} Querying game status for program id: WLBY
D 2021-11-10 06:40:56.282417 [GSAccountProvider] {Main} Querying game status for program id: WTCG
D 2021-11-10 06:40:56.282423 [GSAccountProvider] {Main} Querying game status for program id: ZEUS
I 2021-11-10 06:40:56.291791 [GSStateTracker] {Main} State changed to: Ready
I 2021-11-10 06:40:56.291819 [GSAccountProvider] {Main} Loaded accounts: 17
I 2021-11-10 06:40:56.291846 [GSAccountProvider] {Main} [S2-S2:ptr]
I 2021-11-10 06:40:56.291851 [GSAccountProvider] {Main} [WTCG-WTCG:retail]
I 2021-11-10 06:40:56.291857 [GSAccountProvider] {Main} [OSI-OSI:beta]
I 2021-11-10 06:40:56.291860 [GSAccountProvider] {Main} [S2-S2:retail]
I 2021-11-10 06:40:56.291864 [GSAccountProvider] {Main} [Pro-Pro:retail]
I 2021-11-10 06:40:56.291868 [GSAccountProvider] {Main} [Pro-Pro:ow_worldcup_viewer]
I 2021-11-10 06:40:56.291871 [GSAccountProvider] {Main} [S1-S1:retail]
I 2021-11-10 06:40:56.291874 [GSAccountProvider] {Main} [S1-S1:ptr]
I 2021-11-10 06:40:56.291877 [GSAccountProvider] {Main} [FORE-FORE:beta]
I 2021-11-10 06:40:56.291880 [GSAccountProvider] {Main} [Pro-Pro:ptr]
I 2021-11-10 06:40:56.291883 [GSAccountProvider] {Main} [Pro-Pro:ow_tournament_viewer_1]
I 2021-11-10 06:40:56.291887 [GSAccountProvider] {Main} [Pro-Pro:ow_tournament_viewer_2]
I 2021-11-10 06:40:56.291890 [GSAccountProvider] {Main} [Hero-Hero:retail]
I 2021-11-10 06:40:56.291894 [GSAccountProvider] {Main} [Hero-Hero:ptr]
I 2021-11-10 06:40:56.291897 [GSAccountProvider] {Main} [ODIN-ODIN_MW:beta]
I 2021-11-10 06:40:56.291900 [GSAccountProvider] {Main} [VIPR-VIPR:retail]
I 2021-11-10 06:40:56.291904 [GSAccountProvider] {Main} [ZEUS-ZEUS:beta]
I 2021-11-10 06:40:56.291908 [AccountManager] {Main} Account manager state has changed to: Ready
I 2021-11-10 06:40:56.291958 [GameProvider] {Main} Beginning GameProvider initialization.
D 2021-11-10 06:40:56.291991 [GameProvider] {Main} Inserting new unbound entity because no suitable match was found. uniqueId=Hero_retail
D 2021-11-10 06:40:56.292113 [GameProvider] {Main} Inserting new unbound entity because no suitable match was found. uniqueId=AUKS_retail
D 2021-11-10 06:40:56.292242 [GameProvider] {Main} Inserting new unbound entity because no suitable match was found. uniqueId=D3_retail
D 2021-11-10 06:40:56.292380 [GameProvider] {Main} Inserting new unbound entity because no suitable match was found. uniqueId=D3CN_retail
D 2021-11-10 06:40:56.292477 [GameProvider] {Main} Inserting new unbound entity because no suitable match was found. uniqueId=FORE_retail
D 2021-11-10 06:40:56.292554 [GameProvider] {Main} Inserting new unbound entity because no suitable match was found. uniqueId=Fen_retail
D 2021-11-10 06:40:56.292630 [GameProvider] {Main} Inserting new unbound entity because no suitable match was found. uniqueId=OSI_retail
D 2021-11-10 06:40:56.292738 [GameProvider] {Main} Inserting new unbound entity because no suitable match was found. uniqueId=LAZR_retail
D 2021-11-10 06:40:56.292819 [GameProvider] {Main} Inserting new unbound entity because no suitable match was found. uniqueId=ODIN_retail
D 2021-11-10 06:40:56.292888 [GameProvider] {Main} Inserting new unbound entity because no suitable match was found. uniqueId=Pro_retail
D 2021-11-10 06:40:56.292898 [GameProvider] {Main} Inserting new unbound entity because no suitable match was found. uniqueId=RTRO_retail
D 2021-11-10 06:40:56.293004 [GameProvider] {Main} Inserting new unbound entity because no suitable match was found. uniqueId=S1_retail
D 2021-11-10 06:40:56.293113 [GameProvider] {Main} Inserting new unbound entity because no suitable match was found. uniqueId=S2_retail
D 2021-11-10 06:40:56.293145 [GameProvider] {Main} Inserting new unbound entity because no suitable match was found. uniqueId=VIPR_retail
D 2021-11-10 06:40:56.293293 [GameProvider] {Main} Inserting new unbound entity because no suitable match was found. uniqueId=W3_retail
D 2021-11-10 06:40:56.293411 [GameProvider] {Main} Inserting new unbound entity because no suitable match was found. uniqueId=WLBY_retail
D 2021-11-10 06:40:56.293521 [GameProvider] {Main} Inserting new unbound entity because no suitable match was found. uniqueId=WTCG_retail
D 2021-11-10 06:40:56.293595 [GameProvider] {Main} Inserting new unbound entity because no suitable match was found. uniqueId=WoW_retail
D 2021-11-10 06:40:56.293665 [GameProvider] {Main} Tried to insert an unbound entity with no uid. productCode=WoWC_wow_classic
D 2021-11-10 06:40:56.293675 [GameProvider] {Main} Inserting new unbound entity because no suitable match was found. uniqueId=ZEUS_retail
D 2021-11-10 06:40:56.293848 [GameProvider] {Main} Tried to insert an unbound entity that already exists. productCode=Pro_retail bound=0
D 2021-11-10 06:40:56.293861 [GameProvider] {Main} Tried to insert an unbound entity that already exists. productCode=S2_retail bound=0
I 2021-11-10 06:40:56.293908 [GameProvider] {Main} Inserting new bound entity because no suitable match was found. accountInfo=[S2-S2:ptr] productId=S2 productType=ptr
D 2021-11-10 06:40:56.294027 [GameProvider] {Main} Binding account info to available unbound entity. productCode=WTCG_retail accountInfo=[WTCG-WTCG:retail]
I 2021-11-10 06:40:56.294046 [GameProvider] {Main} Inserting new bound entity because no suitable match was found. accountInfo=[OSI-OSI:beta] productId=OSI productType=beta
D 2021-11-10 06:40:56.294146 [GameProvider] {Main} Binding account info to available unbound entity. productCode=S2_retail accountInfo=[S2-S2:retail]
D 2021-11-10 06:40:56.294180 [GameProvider] {Main} Binding account info to available unbound entity. productCode=Pro_retail accountInfo=[Pro-Pro:retail]
I 2021-11-10 06:40:56.294219 [GameProvider] {Main} Inserting new bound entity because no suitable match was found. accountInfo=[Pro-Pro:ow_worldcup_viewer] productId=Pro productType=ow_worldcup_viewer
D 2021-11-10 06:40:56.294331 [GameProvider] {Main} Binding account info to available unbound entity. productCode=S1_retail accountInfo=[S1-S1:retail]
I 2021-11-10 06:40:56.294364 [GameProvider] {Main} Inserting new bound entity because no suitable match was found. accountInfo=[S1-S1:ptr] productId=S1 productType=ptr
I 2021-11-10 06:40:56.294490 [GameProvider] {Main} Inserting new bound entity because no suitable match was found. accountInfo=[FORE-FORE:beta] productId=FORE productType=beta
I 2021-11-10 06:40:56.294567 [GameProvider] {Main} Inserting new bound entity because no suitable match was found. accountInfo=[Pro-Pro:ptr] productId=Pro productType=ptr
I 2021-11-10 06:40:56.294831 [GameProvider] {Main} Inserting new bound entity because no suitable match was found. accountInfo=[Pro-Pro:ow_tournament_viewer_1] productId=Pro productType=ow_tournament_viewer_1
I 2021-11-10 06:40:56.294987 [GameProvider] {Main} Inserting new bound entity because no suitable match was found. accountInfo=[Pro-Pro:ow_tournament_viewer_2] productId=Pro productType=ow_tournament_viewer_2
D 2021-11-10 06:40:56.295116 [GameProvider] {Main} Binding account info to available unbound entity. productCode=Hero_retail accountInfo=[Hero-Hero:retail]
I 2021-11-10 06:40:56.295138 [GameProvider] {Main} Inserting new bound entity because no suitable match was found. accountInfo=[Hero-Hero:ptr] productId=Hero productType=ptr
I 2021-11-10 06:40:56.295288 [GameProvider] {Main} Inserting new bound entity because no suitable match was found. accountInfo=[ODIN-ODIN_MW:beta] productId=ODIN_MW productType=beta
D 2021-11-10 06:40:56.295406 [GameProvider] {Main} Binding account info to available unbound entity. productCode=VIPR_retail accountInfo=[VIPR-VIPR:retail]
I 2021-11-10 06:40:56.295430 [GameProvider] {Main} Inserting new bound entity because no suitable match was found. accountInfo=[ZEUS-ZEUS:beta] productId=ZEUS productType=beta
I 2021-11-10 06:40:56.295534 [GameProvider] {Main} Game provider is now initialized
I 2021-11-10 06:40:56.295677 [InstallFlow] {Main} FlowController is now initialized
I 2021-11-10 06:40:56.295732 [GameController] {Main} Beginning GameController initialization
D 2021-11-10 06:40:56.295851 [GameController] {Main} Game Family Added: id=Hero visible=0
D 2021-11-10 06:40:56.295938 [ProductState] {Main} Game product state created: uid=heroes_ptr
D 2021-11-10 06:40:56.295955 [ProductState] {Main} InstallState (heroes_ptr): currentOperation=Install currentOperationStatus=New
I 2021-11-10 06:40:56.296033 [GameController] {Main} GameAccount added to family: family=Hero account=GameAccount(Hero:ptr region=XX)
D 2021-11-10 06:40:56.296084 [GameController] {Main} Adding product state reference. uid=heroes_ptr refCount=0
D 2021-11-10 06:40:56.296167 [GameController] {Main} Visibility Changed. family=Hero visible=1
D 2021-11-10 06:40:56.310963 [ProductState] {Main} Game product state created: uid=heroes
D 2021-11-10 06:40:56.311020 [ProductState] {Main} InstallState (heroes): currentOperation=Install currentOperationStatus=New
I 2021-11-10 06:40:56.311165 [GameController] {Main} GameAccount added to family: family=Hero account=GameAccount(Hero:retail region=US)
D 2021-11-10 06:40:56.311196 [GameController] {Main} Adding product state reference. uid=heroes refCount=0
D 2021-11-10 06:40:56.311845 [GameController] {Main} Game Family Added: id=AUKS visible=0
D 2021-11-10 06:40:56.311931 [ProductState] {Main} Game product state created: uid=auks
D 2021-11-10 06:40:56.311958 [ProductState] {Main} InstallState (auks): currentOperation=Install currentOperationStatus=New
I 2021-11-10 06:40:56.312028 [GameController] {Main} GameAccount added to family: family=AUKS account=GameAccount(AUKS:retail region=US unbound hidden)
D 2021-11-10 06:40:56.312052 [GameController] {Main} Adding product state reference. uid=auks refCount=0
D 2021-11-10 06:40:56.312911 [GameController] {Main} Game Family Added: id=D3 visible=0
D 2021-11-10 06:40:56.312991 [ProductState] {Main} Game product state created: uid=diablo3
D 2021-11-10 06:40:56.313048 [ProductState] {Main} InstallState (diablo3): currentOperation=Install currentOperationStatus=New
I 2021-11-10 06:40:56.313111 [GameController] {Main} GameAccount added to family: family=D3 account=GameAccount(D3:retail region=US unbound)
D 2021-11-10 06:40:56.313151 [GameController] {Main} Adding product state reference. uid=diablo3 refCount=0
D 2021-11-10 06:40:56.313190 [GameController] {Main} Visibility Changed. family=D3 visible=1
D 2021-11-10 06:40:56.313718 [GameController] {Main} Game Family Added: id=ODIN visible=0
D 2021-11-10 06:40:56.313802 [ProductState] {Main} Game product state created: uid=odin
D 2021-11-10 06:40:56.313815 [ProductState] {Main} InstallState (odin): currentOperation=Install currentOperationStatus=New
I 2021-11-10 06:40:56.313874 [GameController] {Main} GameAccount added to family: family=ODIN account=GameAccount(ODIN:retail region=US unbound)
D 2021-11-10 06:40:56.313914 [GameController] {Main} Adding product state reference. uid=odin refCount=0
D 2021-11-10 06:40:56.313950 [GameController] {Main} Visibility Changed. family=ODIN visible=1
D 2021-11-10 06:40:56.314573 [GameController] {Main} Game Family Added: id=OSI visible=0
D 2021-11-10 06:40:56.314684 [ProductState] {Main} Game product state created: uid=osi
D 2021-11-10 06:40:56.314716 [ProductState] {Main} InstallState (osi): currentOperation=Install currentOperationStatus=New
I 2021-11-10 06:40:56.314787 [GameController] {Main} GameAccount added to family: family=OSI account=GameAccount(OSI:retail region=US unbound)
D 2021-11-10 06:40:56.314823 [GameController] {Main} Adding product state reference. uid=osi refCount=0
D 2021-11-10 06:40:56.314864 [GameController] {Main} Visibility Changed. family=OSI visible=1
D 2021-11-10 06:40:56.315431 [GameController] {Main} Game Family Added: id=D3CN visible=0
D 2021-11-10 06:40:56.315483 [ProductState] {Main} Game product state created: uid=d3cn
D 2021-11-10 06:40:56.315497 [ProductState] {Main} InstallState (d3cn): currentOperation=Install currentOperationStatus=New
I 2021-11-10 06:40:56.315565 [GameController] {Main} GameAccount added to family: family=D3CN account=GameAccount(D3CN:retail region=<none> unbound hidden)
D 2021-11-10 06:40:56.315604 [GameController] {Main} Adding product state reference. uid=d3cn refCount=0
D 2021-11-10 06:40:56.316136 [GameController] {Main} Game Family Added: id=LAZR visible=0
D 2021-11-10 06:40:56.316262 [ProductState] {Main} Game product state created: uid=lazarus
D 2021-11-10 06:40:56.316308 [ProductState] {Main} InstallState (lazarus): currentOperation=Install currentOperationStatus=New
I 2021-11-10 06:40:56.316396 [GameController] {Main} GameAccount added to family: family=LAZR account=GameAccount(LAZR:retail region=US unbound)
D 2021-11-10 06:40:56.316441 [GameController] {Main} Adding product state reference. uid=lazarus refCount=0
D 2021-11-10 06:40:56.316510 [GameController] {Main} Visibility Changed. family=LAZR visible=1
D 2021-11-10 06:40:56.316965 [GameController] {Main} Game Family Added: id=FORE visible=0
D 2021-11-10 06:40:56.317021 [ProductState] {Main} Game product state created: uid=fore
D 2021-11-10 06:40:56.317038 [ProductState] {Main} InstallState (fore): currentOperation=Install currentOperationStatus=New
I 2021-11-10 06:40:56.317106 [GameController] {Main} GameAccount added to family: family=FORE account=GameAccount(FORE:retail region=US unbound)
D 2021-11-10 06:40:56.317138 [GameController] {Main} Adding product state reference. uid=fore refCount=0
D 2021-11-10 06:40:56.317203 [GameController] {Main} Visibility Changed. family=FORE visible=1
D 2021-11-10 06:40:56.317980 [GameController] {Main} Game Family Added: id=Fen visible=0
D 2021-11-10 06:40:56.318068 [ProductState] {Main} Game product state created: uid=fenris
D 2021-11-10 06:40:56.318088 [ProductState] {Main} InstallState (fenris): currentOperation=Install currentOperationStatus=New
I 2021-11-10 06:40:56.318137 [GameController] {Main} GameAccount added to family: family=Fen account=GameAccount(Fen:retail region=US unbound hidden)
D 2021-11-10 06:40:56.318164 [GameController] {Main} Adding product state reference. uid=fenris refCount=0
D 2021-11-10 06:40:56.318628 [GameController] {Main} Game Family Added: id=Pro visible=0
I 2021-11-10 06:40:56.318719 [GameController] {Main} GameAccount added to family: family=Pro account=GameAccount(Pro:retail region=US)
D 2021-11-10 06:40:56.318741 [GameController] {Main} Adding product state reference. uid=prometheus refCount=0
D 2021-11-10 06:40:56.318793 [GameController] {Main} Visibility Changed. family=Pro visible=1
D 2021-11-10 06:40:56.319216 [GameController] {Main} Game Family Added: id=RTRO visible=0
D 2021-11-10 06:40:56.319260 [ProductState] {Main} Game product state created: uid=rtro
D 2021-11-10 06:40:56.319276 [ProductState] {Main} InstallState (rtro): currentOperation=Install currentOperationStatus=New
I 2021-11-10 06:40:56.319316 [GameController] {Main} GameAccount added to family: family=RTRO account=GameAccount(RTRO:retail region=US unbound)
D 2021-11-10 06:40:56.319349 [GameController] {Main} Adding product state reference. uid=rtro refCount=0
D 2021-11-10 06:40:56.319422 [GameController] {Main} Visibility Changed. family=RTRO visible=1
D 2021-11-10 06:40:56.320128 [GameController] {Main} Game Family Added: id=W3 visible=0
D 2021-11-10 06:40:56.320200 [ProductState] {Main} Game product state created: uid=w3
D 2021-11-10 06:40:56.320214 [ProductState] {Main} InstallState (w3): currentOperation=Install currentOperationStatus=New
I 2021-11-10 06:40:56.320261 [GameController] {Main} GameAccount added to family: family=W3 account=GameAccount(W3:retail region=US unbound)
D 2021-11-10 06:40:56.320280 [GameController] {Main} Adding product state reference. uid=w3 refCount=0
D 2021-11-10 06:40:56.320336 [GameController] {Main} Visibility Changed. family=W3 visible=1
D 2021-11-10 06:40:56.320762 [GameController] {Main} Game Family Added: id=S1 visible=0
D 2021-11-10 06:40:56.320817 [ProductState] {Main} Game product state created: uid=s1
D 2021-11-10 06:40:56.320830 [ProductState] {Main} InstallState (s1): currentOperation=Install currentOperationStatus=New
I 2021-11-10 06:40:56.320873 [GameController] {Main} GameAccount added to family: family=S1 account=GameAccount(S1:retail region=US)
D 2021-11-10 06:40:56.320889 [GameController] {Main} Adding product state reference. uid=s1 refCount=0
D 2021-11-10 06:40:56.320923 [GameController] {Main} Visibility Changed. family=S1 visible=1
D 2021-11-10 06:40:56.321392 [ProductState] {Main} Game product state created: uid=prometheus_test
D 2021-11-10 06:40:56.321424 [ProductState] {Main} InstallState (prometheus_test): currentOperation=Install currentOperationStatus=New
I 2021-11-10 06:40:56.321461 [GameController] {Main} GameAccount added to family: family=Pro account=GameAccount(Pro:ptr region=XX)
D 2021-11-10 06:40:56.321482 [GameController] {Main} Adding product state reference. uid=prometheus_test refCount=0
D 2021-11-10 06:40:56.322328 [ProductState] {Main} Game product state created: uid=osi_beta
D 2021-11-10 06:40:56.322371 [ProductState] {Main} InstallState (osi_beta): currentOperation=Install currentOperationStatus=New
I 2021-11-10 06:40:56.322460 [GameController] {Main} GameAccount added to family: family=OSI account=GameAccount(OSI:beta region=US hidden)
D 2021-11-10 06:40:56.322487 [GameController] {Main} Adding product state reference. uid=osi_beta refCount=0
D 2021-11-10 06:40:56.323230 [GameController] {Main} Game Family Added: id=S2 visible=0
I 2021-11-10 06:40:56.323286 [GameController] {Main} GameAccount added to family: family=S2 account=GameAccount(S2:retail region=US)
D 2021-11-10 06:40:56.323302 [GameController] {Main} Adding product state reference. uid=s2 refCount=0
D 2021-11-10 06:40:56.323336 [GameController] {Main} Visibility Changed. family=S2 visible=1
D 2021-11-10 06:40:56.323978 [GameController] {Main} Game Family Added: id=VIPR visible=0
D 2021-11-10 06:40:56.324076 [ProductState] {Main} Game product state created: uid=viper
D 2021-11-10 06:40:56.324131 [ProductState] {Main} InstallState (viper): currentOperation=Install currentOperationStatus=New
I 2021-11-10 06:40:56.324202 [GameController] {Main} GameAccount added to family: family=VIPR account=GameAccount(VIPR:retail region=US)
D 2021-11-10 06:40:56.324244 [GameController] {Main} Adding product state reference. uid=viper refCount=0
D 2021-11-10 06:40:56.324281 [GameController] {Main} Visibility Changed. family=VIPR visible=1
D 2021-11-10 06:40:56.324755 [GameController] {Main} Game Family Added: id=WLBY visible=0
D 2021-11-10 06:40:56.324811 [ProductState] {Main} Game product state created: uid=wlby
D 2021-11-10 06:40:56.324836 [ProductState] {Main} InstallState (wlby): currentOperation=Install currentOperationStatus=New
I 2021-11-10 06:40:56.324890 [GameController] {Main} GameAccount added to family: family=WLBY account=GameAccount(WLBY:retail region=US unbound)
D 2021-11-10 06:40:56.324935 [GameController] {Main} Adding product state reference. uid=wlby refCount=0
D 2021-11-10 06:40:56.325004 [GameController] {Main} Visibility Changed. family=WLBY visible=1
D 2021-11-10 06:40:56.325503 [GameController] {Main} Game Family Added: id=WTCG visible=0
D 2021-11-10 06:40:56.325592 [ProductState] {Main} Game product state created: uid=hs_beta
D 2021-11-10 06:40:56.325622 [ProductState] {Main} InstallState (hs_beta): currentOperation=Install currentOperationStatus=New
I 2021-11-10 06:40:56.325696 [GameController] {Main} GameAccount added to family: family=WTCG account=GameAccount(WTCG:retail region=US)
D 2021-11-10 06:40:56.325717 [GameController] {Main} Adding product state reference. uid=hs_beta refCount=0
D 2021-11-10 06:40:56.325753 [GameController] {Main} Visibility Changed. family=WTCG visible=1
D 2021-11-10 06:40:56.326252 [GameController] {Main} Game Family Added: id=WoW visible=0
D 2021-11-10 06:40:56.326337 [ProductState] {Main} Game product state created: uid=wow
D 2021-11-10 06:40:56.326350 [ProductState] {Main} InstallState (wow): currentOperation=Install currentOperationStatus=New
I 2021-11-10 06:40:56.326395 [GameController] {Main} GameAccount added to family: family=WoW account=GameAccount(WoW:retail region=US unbound)
D 2021-11-10 06:40:56.326413 [GameController] {Main} Adding product state reference. uid=wow refCount=0
D 2021-11-10 06:40:56.326453 [GameController] {Main} Visibility Changed. family=WoW visible=1
D 2021-11-10 06:40:56.326924 [GameController] {Main} Game Family Added: id=ZEUS visible=0
D 2021-11-10 06:40:56.327008 [ProductState] {Main} Game product state created: uid=zeus
D 2021-11-10 06:40:56.327031 [ProductState] {Main} InstallState (zeus): currentOperation=Install currentOperationStatus=New
I 2021-11-10 06:40:56.327119 [GameController] {Main} GameAccount added to family: family=ZEUS account=GameAccount(ZEUS:retail region=US unbound)
D 2021-11-10 06:40:56.327155 [GameController] {Main} Adding product state reference. uid=zeus refCount=0
D 2021-11-10 06:40:56.327207 [GameController] {Main} Visibility Changed. family=ZEUS visible=1
D 2021-11-10 06:40:56.327724 [ProductState] {Main} Game product state created: uid=prometheus_tournament_viewer
D 2021-11-10 06:40:56.327741 [ProductState] {Main} InstallState (prometheus_tournament_viewer): currentOperation=Install currentOperationStatus=New
I 2021-11-10 06:40:56.327785 [GameController] {Main} GameAccount added to family: family=Pro account=GameAccount(Pro:ow_tournament_viewer_1 region=US)
D 2021-11-10 06:40:56.327813 [GameController] {Main} Adding product state reference. uid=prometheus_tournament_viewer refCount=0
D 2021-11-10 06:40:56.328353 [ProductState] {Main} Game product state created: uid=s2_ptr
D 2021-11-10 06:40:56.328367 [ProductState] {Main} InstallState (s2_ptr): currentOperation=Install currentOperationStatus=New
I 2021-11-10 06:40:56.328405 [GameController] {Main} GameAccount added to family: family=S2 account=GameAccount(S2:ptr region=XX)
D 2021-11-10 06:40:56.328424 [GameController] {Main} Adding product state reference. uid=s2_ptr refCount=0
D 2021-11-10 06:40:56.328933 [ProductState] {Main} Game product state created: uid=prometheus_viewer
D 2021-11-10 06:40:56.328949 [ProductState] {Main} InstallState (prometheus_viewer): currentOperation=Install currentOperationStatus=New
I 2021-11-10 06:40:56.329014 [GameController] {Main} GameAccount added to family: family=Pro account=GameAccount(Pro:ow_worldcup_viewer region=US hidden)
D 2021-11-10 06:40:56.329047 [GameController] {Main} Adding product state reference. uid=prometheus_viewer refCount=0
D 2021-11-10 06:40:56.329792 [ProductState] {Main} Game product state created: uid=s1_ptr
D 2021-11-10 06:40:56.329831 [ProductState] {Main} InstallState (s1_ptr): currentOperation=Install currentOperationStatus=New
I 2021-11-10 06:40:56.329928 [GameController] {Main} GameAccount added to family: family=S1 account=GameAccount(S1:ptr region=XX)
D 2021-11-10 06:40:56.329970 [GameController] {Main} Adding product state reference. uid=s1_ptr refCount=0
D 2021-11-10 06:40:56.330541 [ProductState] {Main} Game product state created: uid=fore_beta
D 2021-11-10 06:40:56.330593 [ProductState] {Main} InstallState (fore_beta): currentOperation=Install currentOperationStatus=New
I 2021-11-10 06:40:56.330674 [GameController] {Main} GameAccount added to family: family=FORE account=GameAccount(FORE:beta region=US hidden)
D 2021-11-10 06:40:56.330709 [GameController] {Main} Adding product state reference. uid=fore_beta refCount=0
D 2021-11-10 06:40:56.331323 [ProductState] {Main} Game product state created: uid=prometheus_tournament_viewer_2
D 2021-11-10 06:40:56.331352 [ProductState] {Main} InstallState (prometheus_tournament_viewer_2): currentOperation=Install currentOperationStatus=New
I 2021-11-10 06:40:56.331436 [GameController] {Main} GameAccount added to family: family=Pro account=GameAccount(Pro:ow_tournament_viewer_2 region=US)
D 2021-11-10 06:40:56.331470 [GameController] {Main} Adding product state reference. uid=prometheus_tournament_viewer_2 refCount=0
D 2021-11-10 06:40:56.332203 [ProductState] {Main} Game product state created: uid=odin_beta
D 2021-11-10 06:40:56.332236 [ProductState] {Main} InstallState (odin_beta): currentOperation=Install currentOperationStatus=New
I 2021-11-10 06:40:56.332342 [GameController] {Main} GameAccount added to family: family=ODIN account=GameAccount(ODIN:beta region=US hidden)
D 2021-11-10 06:40:56.332376 [GameController] {Main} Adding product state reference. uid=odin_beta refCount=0
D 2021-11-10 06:40:56.332986 [ProductState] {Main} Game product state created: uid=zeus_beta
D 2021-11-10 06:40:56.333011 [ProductState] {Main} InstallState (zeus_beta): currentOperation=Install currentOperationStatus=New
I 2021-11-10 06:40:56.333091 [GameController] {Main} GameAccount added to family: family=ZEUS account=GameAccount(ZEUS:beta region=US hidden)
D 2021-11-10 06:40:56.333120 [GameController] {Main} Adding product state reference. uid=zeus_beta refCount=0
I 2021-11-10 06:40:56.346050 [GameController] {Main} Setting default selections for game controller
D 2021-11-10 06:40:56.346142 [GameController] {Main} Picked default selection by type for product group: Hero account=GameAccount(Hero:retail region=US)
D 2021-11-10 06:40:56.347951 [GameController] {Main} New selection for product group Hero: account=GameAccount(Hero:retail region=US) selectedItem=Heroes of the Storm
D 2021-11-10 06:40:56.348156 [RemoteContentCache] {Main} Found cached remote content. url=https://nydus.battle.net/App/enUS/client/Hero/alert?targetRegion=US
D 2021-11-10 06:40:56.348197 [GameController] {Main} Picked default selection by type for product group: WLBY account=GameAccount(WLBY:retail region=US unbound)
D 2021-11-10 06:40:56.349763 [GameController] {Main} New selection for product group WLBY: account=GameAccount(WLBY:retail region=US unbound) selectedItem=Crash Bandicoot 4: It's About Time
D 2021-11-10 06:40:56.350062 [GameController] {Main} Picked default selection by type for product group: LAZR account=GameAccount(LAZR:retail region=US unbound)
D 2021-11-10 06:40:56.351677 [GameController] {Main} New selection for product group LAZR: account=GameAccount(LAZR:retail region=US unbound) selectedItem=Call of Duty: MW2 Campaign Remastered
D 2021-11-10 06:40:56.351918 [RemoteContentCache] {Main} Found cached remote content. url=https://nydus.battle.net/App/enUS/client/lazr/alert?targetRegion=US
D 2021-11-10 06:40:56.351986 [GameController] {Main} Picked default selection by type for product group: OSI account=GameAccount(OSI:retail region=US unbound)
D 2021-11-10 06:40:56.353618 [GameController] {Main} Selected region change: GameAccount(OSI:retail region=US unbound)
D 2021-11-10 06:40:56.353646 [GameController] {Main} Region changed for selected game account: GameAccount(OSI:retail region=US unbound)
D 2021-11-10 06:40:56.353900 [GameController] {Main} New selection for product group OSI: account=GameAccount(OSI:retail region=US unbound) selectedItem=Diablo II: Resurrected
D 2021-11-10 06:40:56.353952 [GameController] {Main} Picked default selection by type for product group: D3 account=GameAccount(D3:retail region=US unbound)
D 2021-11-10 06:40:56.355621 [GameController] {Main} New selection for product group D3: account=GameAccount(D3:retail region=US unbound) selectedItem=Diablo III
D 2021-11-10 06:40:56.355839 [RemoteContentCache] {Main} Found cached remote content. url=https://nydus.battle.net/App/enUS/client/D3/alert?targetRegion=US
D 2021-11-10 06:40:56.355883 [GameController] {Main} Picked default selection by type for product group: AUKS account=GameAccount(null)
D 2021-11-10 06:40:56.355898 [GameController] {Main} Picked default selection by type for product group: D3CN account=GameAccount(null)
D 2021-11-10 06:40:56.355913 [GameController] {Main} Picked default selection by type for product group: VIPR account=GameAccount(VIPR:retail region=US)
D 2021-11-10 06:40:56.357574 [GameController] {Main} New selection for product group VIPR: account=GameAccount(VIPR:retail region=US) selectedItem=Call of Duty: Black Ops 4
D 2021-11-10 06:40:56.357808 [RemoteContentCache] {Main} Found cached remote content. url=https://nydus.battle.net/App/enUS/client/VIPR/alert?targetRegion=US
D 2021-11-10 06:40:56.357870 [GameController] {Main} Picked default selection by type for product group: WoW account=GameAccount(WoW:retail region=US unbound)
D 2021-11-10 06:40:56.359514 [GameController] {Main} New selection for product group WoW: account=GameAccount(WoW:retail region=US unbound) selectedItem=World of Warcraft
D 2021-11-10 06:40:56.359731 [RemoteContentCache] {Main} Found cached remote content. url=https://nydus.battle.net/App/enUS/client/WoW/alert?targetRegion=US
D 2021-11-10 06:40:56.359835 [GameController] {Main} Picked default selection by type for product group: ZEUS account=GameAccount(ZEUS:retail region=US unbound)
D 2021-11-10 06:40:56.361350 [GameController] {Main} Selected region change: GameAccount(ZEUS:retail region=US unbound)
D 2021-11-10 06:40:56.361370 [GameController] {Main} Region changed for selected game account: GameAccount(ZEUS:retail region=US unbound)
D 2021-11-10 06:40:56.361596 [GameController] {Main} New selection for product group ZEUS: account=GameAccount(ZEUS:retail region=US unbound) selectedItem=Call of Duty: Black Ops Cold War
D 2021-11-10 06:40:56.361636 [GameController] {Main} Picked default selection by type for product group: FORE account=GameAccount(FORE:retail region=US unbound)
D 2021-11-10 06:40:56.363288 [GameController] {Main} Selected region change: GameAccount(FORE:retail region=US unbound)
D 2021-11-10 06:40:56.363315 [GameController] {Main} Region changed for selected game account: GameAccount(FORE:retail region=US unbound)
D 2021-11-10 06:40:56.363339 [GameController] {Main} New selection for product group FORE: account=GameAccount(FORE:retail region=US unbound) selectedItem=Call of Duty: Vanguard
D 2021-11-10 06:40:56.363373 [GameController] {Main} Picked default selection by type for product group: RTRO account=GameAccount(RTRO:retail region=US unbound)
D 2021-11-10 06:40:56.365035 [GameController] {Main} Selected region change: GameAccount(RTRO:retail region=US unbound)
D 2021-11-10 06:40:56.365101 [GameController] {Main} Region changed for selected game account: GameAccount(RTRO:retail region=US unbound)
D 2021-11-10 06:40:56.365356 [GameController] {Main} New selection for product group RTRO: account=GameAccount(RTRO:retail region=US unbound) selectedItem=Blizzard Arcade Collection
D 2021-11-10 06:40:56.365406 [GameController] {Main} Picked default selection by type for product group: Fen account=GameAccount(null)
D 2021-11-10 06:40:56.365454 [GameController] {Main} Picked default selection by type for product group: Pro account=GameAccount(Pro:retail region=US)
D 2021-11-10 06:40:56.367791 [GameController] {Main} New selection for product group Pro: account=GameAccount(Pro:retail region=US) selectedItem=Overwatch
D 2021-11-10 06:40:56.368002 [RemoteContentCache] {Main} Found cached remote content. url=https://nydus.battle.net/App/enUS/client/overwatch/alert?targetRegion=US
D 2021-11-10 06:40:56.368061 [GameController] {Main} Picked default selection by type for product group: ODIN account=GameAccount(ODIN:retail region=US unbound)
D 2021-11-10 06:40:56.369691 [GameController] {Main} New selection for product group ODIN: account=GameAccount(ODIN:retail region=US unbound) selectedItem=Call of Duty: Warzone
D 2021-11-10 06:40:56.369914 [RemoteContentCache] {Main} Found cached remote content. url=https://nydus.battle.net/App/enUS/client/odin/alert?targetRegion=US
D 2021-11-10 06:40:56.369948 [GameController] {Main} Picked default selection by type for product group: WTCG account=GameAccount(WTCG:retail region=US)
D 2021-11-10 06:40:56.371144 [GameController] {Main} New selection for product group WTCG: account=GameAccount(WTCG:retail region=US) selectedItem=Hearthstone
D 2021-11-10 06:40:56.371325 [RemoteContentCache] {Main} Found cached remote content. url=https://nydus.battle.net/App/enUS/client/WTCG/alert?targetRegion=US
D 2021-11-10 06:40:56.371357 [GameController] {Main} Picked default selection by type for product group: S1 account=GameAccount(S1:retail region=US)
D 2021-11-10 06:40:56.372595 [GameController] {Main} New selection for product group S1: account=GameAccount(S1:retail region=US) selectedItem=StarCraft
D 2021-11-10 06:40:56.372752 [RemoteContentCache] {Main} Found cached remote content. url=https://nydus.battle.net/App/enUS/client/S1/alert?targetRegion=US
D 2021-11-10 06:40:56.372793 [GameController] {Main} Picked default selection by type for product group: W3 account=GameAccount(W3:retail region=US unbound)
D 2021-11-10 06:40:56.373893 [GameController] {Main} New selection for product group W3: account=GameAccount(W3:retail region=US unbound) selectedItem=Warcraft III
D 2021-11-10 06:40:56.374047 [RemoteContentCache] {Main} Found cached remote content. url=https://nydus.battle.net/App/enUS/client/war3r/alert?targetRegion=US
D 2021-11-10 06:40:56.374089 [GameController] {Main} Picked default selection by type for product group: S2 account=GameAccount(S2:retail region=US)
D 2021-11-10 06:40:56.375297 [GameController] {Main} New selection for product group S2: account=GameAccount(S2:retail region=US) selectedItem=StarCraft II
D 2021-11-10 06:40:56.375466 [RemoteContentCache] {Main} Found cached remote content. url=https://nydus.battle.net/App/enUS/client/S2/alert?targetRegion=US
D 2021-11-10 06:40:56.375568 [GameController] {Main} Selecting game family by id: S2
D 2021-11-10 06:40:56.375578 [GameController] {Main} Active family set to: S2
D 2021-11-10 06:40:56.382184 [GameController] {Main} Active product set to: S2_retail
I 2021-11-10 06:40:56.385818 [GameController] {Main} GameController initialization complete
D 2021-11-10 06:40:56.386912 [GSAccountProvider] {Main} Completed final load.
D 2021-11-10 06:40:56.409722 [GSAccountProvider] {Main} Subscription has been activated. entityId=(Game: US-DST2-168118293)
D 2021-11-10 06:40:56.409757 [GSAccountProvider] {Main} Received GameLevelInfo: (Game: US-S2-142430010) info=|is_trial=0|is_restricted=0|name="S21"|program=21298|realm_permissions=1|last_logout_time_ms=1636357053000
D 2021-11-10 06:40:56.409815 [GSAccountProvider] {Main} Subscription has been activated. entityId=(Game: US-S2-142430010)
D 2021-11-10 06:40:56.409832 [GSAccountProvider] {Main} Received GameLevelInfo: (Game: US-Pro-118039079) info=|name="Pro1"|program=5272175|realm_permissions=1|last_logout_time_ms=1636225172000
D 2021-11-10 06:40:56.409865 [GSAccountProvider] {Main} Subscription has been activated. entityId=(Game: US-Pro-118039079)
D 2021-11-10 06:40:56.409883 [GSAccountProvider] {Main} Received GameTimeRemainingInfo: (Game: US-Hero-61078631) info=
D 2021-11-10 06:40:56.409901 [GSAccountProvider] {Main} Received GameTimeRemainingInfo: (Game: US-DST2-168118293) info=
D 2021-11-10 06:40:56.409915 [GSAccountProvider] {Main} Subscription has been activated. entityId=(Game: US-S1-511902745)
D 2021-11-10 06:40:56.409925 [GSAccountProvider] {Main} Subscription has been activated. entityId=(Game: US-WTCG-50416411)
D 2021-11-10 06:40:56.409935 [GSAccountProvider] {Main} Received GameTimeRemainingInfo: (Game: US-S2-142430010) info=
D 2021-11-10 06:40:56.409943 [GSAccountProvider] {Main} Received GameTimeRemainingInfo: (Game: US-S1-511902745) info=
D 2021-11-10 06:40:56.409954 [GSAccountProvider] {Main} Subscription has been activated. entityId=(Game: XX-Hero-29793536)
D 2021-11-10 06:40:56.409977 [GSAccountProvider] {Main} Received GameTimeRemainingInfo: (Game: US-WTCG-50416411) info=
D 2021-11-10 06:40:56.409996 [GSAccountProvider] {Main} Received GameTimeRemainingInfo: (Game: US-Pro-118039079) info=
D 2021-11-10 06:40:56.882227 [BAPIGateway] {Main} API request: https://us.api.blizzard.com/content-api/v1/layoutTemplates/blt478cfc6c41578ddb/layout?cxpProductId=blt90855744d00cd378
I 2021-11-10 06:40:56.945664 [GameController] {Main} Selecting game by uid. uid=s2 prioritizeUpdate=1
I 2021-11-10 06:40:56.958634 [GameController] {Main} Prioritize Update: uid=s2
I 2021-11-10 06:40:56.958682 [ScreenController] {Main} Changing screen to: Games
I 2021-11-10 06:40:56.964943 [StartupGameSearch] {Main} Skipping automated search for unregistered games
W 2021-11-10 06:40:56.964974 [InstallManager] {Main} Skipping search for unregistered games.
I 2021-11-10 06:40:56.964982 [InstallManager] {Main} Searching for unregistered games finished.
I 2021-11-10 06:40:56.965026 [StartupGameSearch] {Main} Completed automated search for unregistered games
I 2021-11-10 06:40:56.965249 [InstallFlow] {Main} No longer waiting for game registration search to complete.
D 2021-11-10 06:40:56.968903 [InventoryController] {Main} Updating inventory
D 2021-11-10 06:40:56.969039 [InventoryController] {Main} GetInventoryInfo request
D 2021-11-10 06:40:56.969130 [BAPIGateway] {Main} API request: https://us.api.blizzard.com/AccountInventoryService/v1/GetNewInventoryItemCount
I 2021-11-10 06:40:56.979616 [Clubs] {Main} Subscribing to club membership.
I 2021-11-10 06:40:56.979765 [ChannelV2] {Main} Subscribing to channelv2 membership service. |agentId=|id=101128130|program=4288624|region=1
I 2021-11-10 06:40:56.979852 [BNLogin] {Main} Logged into Battle.net successfully. |bnet=1:0:126e7264|game=2:100417070:60717c2
D 2021-11-10 06:40:56.979902 [InstallManager] {Main} Game finished versioning s2_enus
D 2021-11-10 06:40:56.980158 [InstallManager] {Main} Game finished versioning s2_enus
I 2021-11-10 06:40:57.112676 [InstallManager] {Main} Starting [Auto] UPDATE operation for "prometheus".
D 2021-11-10 06:40:57.112723 [InstallInfo] {Main} Operation status changed: opType=Update oldStatus=Off newStatus=On agentUid=prometheus
D 2021-11-10 06:40:57.112817 [ProductState] {Main} InstallState (prometheus): currentOperationStatus=Waiting
I 2021-11-10 06:40:57.147450 [Frontend] {Main} Switching Progress display mode. uid=prometheus mode=ShowProgressBar
I 2021-11-10 06:40:57.289629 [ChannelV2] {Main} ChannelV2 membership subscription created.
I 2021-11-10 06:40:57.318623 [Clubs] {Main} Club membership subscription created: |accountId=|id=309228132
D 2021-11-10 06:40:57.341515 [BAPIGateway] {Main} API response: OK content={"error":null,"newCount":0,"totalCount":0}
D 2021-11-10 06:40:57.341590 [InventoryController] {Main} Inventory changed, new: 0 total: 0
D 2021-11-10 06:40:57.501067 [BAPIGateway] {Main} API response: OK content={"layoutId":"blt9fc836ef855c7669","sections":[{"name":"Takeovers","contentItems":[{"contentId":"blt613922f9c2ece157","contentType":"shopLinks","context":{"locale":"en-us"},"properties":{"title":"[TAKEOVER][COD VG] Vanguard Available Now/ Buy Now","internalTitle":"[TAKEOVER][COD VG] Vanguard Available Now/ Buy Now","cxpProduct":{"cxpProductId":"bltd645af9d59b15222","titleId":1179603525,"title":"Call of Duty: Vanguard","productCode":"FORE","segment":"cod-vanguard","logo":{"imageUrl":"https://blz-contentstack-images.akamaized.net/v3/assets/blt286175c11a6b3f4c/blt8a44213fb32f5467/61804e69c92827202c004a04/VanguardGold.svg","imageFileType":"image/svg+xml","imageAltText":"Call of Duty: Vanguard","url":"https://blz-contentstack-images.akamaized.net/v3/assets/blt286175c11a6b3f4c/blt8a44213fb32f5467/61804e69c92827202c004a04/VanguardGold.svg","fileType":"image/svg+xml","altText":"Call of Duty: Vanguard"},"context":{"locale":"en-us"}},"cxpProductId":"bltd645af9d59b15222","summary":"","callToAction":"Buy Now","category":"Shop Now","staticAsset":{"imageUrl":"https://blz-contentstack-images.akamaized.net/v3/assets/blt286175c11a6b3f4c/blta8749d78624b4322/6181ec0a32580b3e3d45050d/d20211006-007_VG_Launch_Keyart_CTA_1P-Bnet-Launcher-CUI-Phoenix_01a_FINAL_(1).jpg","imageFileType":"image/jpeg","imageAltText":"Available Now","url":"https://blz-contentstack-images.akamaized.net/v3/assets/blt286175c11a6b3f4c/blta8749d78624b4322/6181ec0a32580b3e3d45050d/d20211006-007_VG_Launch_Keyart_CTA_1P-Bnet-Launcher-CUI-Phoenix_01a_FINAL_(1).jpg","fileType":"image/jpeg","altText":"Available Now"},"animatedAsset":{"imageUrl":"https://blz-contentstack-assets.akamaized.net/v3/assets/blt286175c11a6b3f4c/blt6f24544df3e798a8/6181eb7d32580b3e3d450509/m20211013-004_VG_Launch_1P_GFX_AvailNow_BuyNow.webm","imageFileType":"video/webm","imageAltText":"Available Now","url":"https://blz-contentstack-assets.akamaized.net/v3/assets/blt286175c11a6b3f4c/blt6f24544df3e798a8/6181eb7d32580b3e3d450509/m20211013-004_VG_Launch_1P_GFX_AvailNow_BuyNow.webm","fileType":"video/webm","altText":"Available Now"},"lastUpdated":"2021-11-05T04:14:20.745Z","url":"https://shop.battle.net/product/call-of-duty-vanguard","campaignId":"marketing-global-VG-buy-now-takeover","crossPromotion":true}}]}],"context":{"locale":"en-us","cxpProductId":"blt90855744d00cd378","layoutTemplateId":"blt478cfc6c41578ddb","region":"North America","includeFeed":false}}
I 2021-11-10 06:40:57.531871 [GameSessionList] {Agent} Reporting process: TrackingInfo(uid=battle.net, type=game, opStatus=On, reqId=0, running=3, oldRunning=1)
I 2021-11-10 06:40:57.541023 [InstallManager] {Main} Setting Process Running: true uid=battle.net binaryType=game any=true
D 2021-11-10 06:40:57.661732 [ProductState] {Main} InstallState (prometheus): currentOperationStatus=Initializing downloadRemainingExists=1 progress=0
E 2021-11-10 06:40:58.541460 [BNSocialNetwork] {Main} Error response for BGS Facebook friend list. error=ERROR_SOCIAL_NETWORK_NO_ACCOUNT_DATA (9005)
D 2021-11-10 06:40:59.510954 [InstallManager] {Main} Update started: prometheus
I 2021-11-10 06:41:00.164182 [BrowserClientHandler] {} Creating new auth request for url. frameId=17179869188 requestId=2181139255 url=https://us.battle.net/login/en/?ref=https://oauth.battle.net/oauth/authorize?optLogin%3Dtrue%26optSso%3Dtrue%26response_type%3Dcode%26redirect_uri%3Dhttps%253A%252F%252Fcontent-ui.battle.net%252Fauth%252Fbnet%252Fcallback%26scope%3Dcts%253Aread%26client_id%3D7551465a10ef43838bb8aa1c8bbe1a4d&app=oauth&opt&optSso
D 2021-11-10 06:41:00.165636 [BrowserClientHandler] {} Deferring url request for auth. frameId=17179869188 requestId=2181139255 url=https://us.battle.net/login/en/?ref=https://oauth.battle.net/oauth/authorize?optLogin%3Dtrue%26optSso%3Dtrue%26response_type%3Dcode%26redirect_uri%3Dhttps%253A%252F%252Fcontent-ui.battle.net%252Fauth%252Fbnet%252Fcallback%26scope%3Dcts%253Aread%26client_id%3D7551465a10ef43838bb8aa1c8bbe1a4d&app=oauth&opt&optSso
D 2021-11-10 06:41:00.321708 [BrowserClientHandler] {Main} Auth complete, resuming deferred request. frameId=17179869188 requestId=2181139255 url=https://us.battle.net/login/en/?ref=https://oauth.battle.net/oauth/authorize?optLogin%3Dtrue%26optSso%3Dtrue%26response_type%3Dcode%26redirect_uri%3Dhttps%253A%252F%252Fcontent-ui.battle.net%252Fauth%252Fbnet%252Fcallback%26scope%3Dcts%253Aread%26client_id%3D7551465a10ef43838bb8aa1c8bbe1a4d&app=oauth&opt&optSso
D 2021-11-10 06:41:01.021456 [ProductState] {Main} InstallState (prometheus):
D 2021-11-10 06:41:01.535161 [ProductState] {Main} InstallState (prometheus):
I 2021-11-10 06:41:03.670312 [GameSessionList] {Agent} Reporting process: TrackingInfo(uid=battle.net, type=game, opStatus=On, reqId=0, running=4, oldRunning=3)
I 2021-11-10 06:41:03.671532 [InstallManager] {Main} Setting Process Running: true uid=battle.net binaryType=game any=true
D 2021-11-10 06:41:04.023925 [GameController] {Main} Selecting game family by id: Pro
D 2021-11-10 06:41:04.023983 [GameController] {Main} Active family set to: Pro
D 2021-11-10 06:41:04.026806 [GameController] {Main} Active product set to: Pro_retail
D 2021-11-10 06:41:09.861223 [ProductState] {Main} InstallState (prometheus):
D 2021-11-10 06:41:29.301123 [ProductState] {Main} InstallState (prometheus):
D 2021-11-10 06:41:34.461633 [ProductState] {Main} InstallState (prometheus):
D 2021-11-10 06:41:35.991497 [ProductState] {Main} InstallState (prometheus):
D 2021-11-10 06:41:38.361480 [ProductState] {Main} InstallState (prometheus):
D 2021-11-10 06:41:38.861811 [ProductState] {Main} InstallState (prometheus): currentOperationStatus=Running bytesToDownload=639612175 downloadRate=1338897 downloadRemaining=639612175 progress=0.000405711 playableProgress=0.000405711 thresholds=(0.999882,0.999882)
D 2021-11-10 06:43:07.541845 [ProductState] {Main} InstallState (prometheus): currentOperationStatus=Finalizing bytesToDownload=0 downloadRate=6768387 downloadRemaining=0 progress=1 playableProgress=1
D 2021-11-10 06:43:08.051817 [ProductState] {Main} InstallState (prometheus): playable=1 activeConfigKey=42b0c7c7886413fc940147ba5e17396a regionalVersions=(cn: {playable:true config_key:42b0c7c7886413fc940147ba5e17396a}, eu: {playable:true config_key:42b0c7c7886413fc940147ba5e17396a}, kr: {playable:true config_key:42b0c7c7886413fc940147ba5e17396a}, us: {playable:true config_key:42b0c7c7886413fc940147ba5e17396a}) localVersion=1.66.0.0.89353 currentStage=Optimal
D 2021-11-10 06:43:08.551845 [ProductState] {Main} InstallState (prometheus):
I 2021-11-10 06:43:08.551876 [Frontend] {Main} Switching Progress display mode. uid=prometheus mode=ShowProgressSpinner
D 2021-11-10 06:43:18.221601 [GameController] {Main} Selecting game family by id: Pro
I 2021-11-10 06:43:18.227370 [GameController] {Main} LaunchBinary: uid=prometheus selectedRegion=US binaryType=game
D 2021-11-10 06:43:18.232564 [InstallInfo] {Main} Operation status changed: opType=Execute oldStatus=Off newStatus=Pending agentUid=prometheus
D 2021-11-10 06:43:18.232649 [ProductState] {Main} InstallState (prometheus): currentOperationStatus=Waiting GameLaunching=1 downloadRate=0
I 2021-11-10 06:43:18.233508 [Frontend] {Main} Switching Progress display mode. uid=prometheus mode=Invisible
I 2021-11-10 06:43:18.432615 [InstallManager] {Main} Game launch options: programId=Pro GAME_ACCOUNT= REGION=US LOCALE=enUS LOCALE_AUDIO=enUS LAUNCH_64BIT=0
I 2021-11-10 06:43:18.433354 [InstallManager] {Main} Game launch options: programId=Pro ACCOUNT=(hidden) ACCOUNT_TS=1636526598
D 2021-11-10 06:43:18.433444 [InstallInfo] {Main} Operation status changed: opType=Update oldStatus=On newStatus=Off agentUid=prometheus
D 2021-11-10 06:43:18.433508 [ProductState] {Main} InstallState (prometheus): currentOperationStatus=Paused
D 2021-11-10 06:43:21.441702 [ProductState] {Main} InstallState (prometheus): downloadRate=0 thresholds=() currentStage=Setup
I 2021-11-10 06:43:21.565245 [InstallManager] {Main} Launched D:/Battlenet/Overwatch/_retail_/Overwatch.exe with args: -uid prometheus, pid: 15404
D 2021-11-10 06:43:21.571610 [ProductState] {Main} InstallState (prometheus): currentOperation=UpToDate currentOperationStatus=Paused currentStage=Complete
I 2021-11-10 06:43:22.555804 [GameSessionList] {Agent} Reporting process: TrackingInfo(uid=prometheus, type=game, opStatus=On, reqId=0, running=1, oldRunning=0)
I 2021-11-10 06:43:22.561747 [InstallManager] {Main} Setting Process Running: true uid=prometheus binaryType=game any=true
D 2021-11-10 06:43:22.561774 [InstallInfo] {Main} Operation status changed: opType=Execute oldStatus=Pending newStatus=On agentUid=prometheus
D 2021-11-10 06:43:22.561810 [InstallManager] {Main} Game is running: prometheus
I 2021-11-10 06:43:22.562503 [GameController] {Main} Game is now running with game launch behavior set to exit.
D 2021-11-10 06:43:22.562584 [ProductState] {Main} InstallState (prometheus): gameRunning=1 isGameProcessRunning=1 GameLaunching=0
D 2021-11-10 06:43:23.098275 [GameController] {Main} Shutting down GameController
I 2021-11-10 06:43:23.098440 [GameController] {Main} Deleting GameFamily: , # of game accounts:0
I 2021-11-10 06:43:23.098512 [GameController] {Main} Deleting GameFamily: AUKS, # of game accounts:1
I 2021-11-10 06:43:23.098644 [GameController] {Main} Deleting GameFamily: D3CN, # of game accounts:1
I 2021-11-10 06:43:23.098689 [GameController] {Main} Deleting GameFamily: Fen, # of game accounts:1
D 2021-11-10 06:43:23.098773 [ProductState] {Main} Game product state destroyed: uid=
D 2021-11-10 06:43:23.098938 [ProductState] {Main} Game product state destroyed: uid=auks
D 2021-11-10 06:43:23.098966 [ProductState] {Main} Game product state destroyed: uid=d3cn
D 2021-11-10 06:43:23.098985 [ProductState] {Main} Game product state destroyed: uid=fenris
I 2021-11-10 06:43:23.099103 [GameController] {Main} Deleting GameFamily: OSI, # of game accounts:2
D 2021-11-10 06:43:23.099142 [ProductState] {Main} Game product state destroyed: uid=osi_beta
D 2021-11-10 06:43:23.099186 [ProductState] {Main} Game product state destroyed: uid=osi
I 2021-11-10 06:43:23.099232 [GameController] {Main} Deleting GameFamily: S2, # of game accounts:2
D 2021-11-10 06:43:23.099276 [ProductState] {Main} Game product state destroyed: uid=s2_ptr
D 2021-11-10 06:43:23.099318 [ProductState] {Main} Game product state destroyed: uid=s2
I 2021-11-10 06:43:23.099370 [GameController] {Main} Deleting GameFamily: RTRO, # of game accounts:1
D 2021-11-10 06:43:23.099411 [ProductState] {Main} Game product state destroyed: uid=rtro
I 2021-11-10 06:43:23.099451 [GameController] {Main} Deleting GameFamily: WoW, # of game accounts:1
D 2021-11-10 06:43:23.099497 [ProductState] {Main} Game product state destroyed: uid=wow
I 2021-11-10 06:43:23.099541 [GameController] {Main} Deleting GameFamily: D3, # of game accounts:1
D 2021-11-10 06:43:23.099586 [ProductState] {Main} Game product state destroyed: uid=diablo3
I 2021-11-10 06:43:23.099638 [GameController] {Main} Deleting GameFamily: WTCG, # of game accounts:1
D 2021-11-10 06:43:23.099783 [ProductState] {Main} Game product state destroyed: uid=hs_beta
I 2021-11-10 06:43:23.099908 [GameController] {Main} Deleting GameFamily: Hero, # of game accounts:2
D 2021-11-10 06:43:23.100020 [ProductState] {Main} Game product state destroyed: uid=heroes_ptr
D 2021-11-10 06:43:23.100075 [ProductState] {Main} Game product state destroyed: uid=heroes
I 2021-11-10 06:43:23.100121 [GameController] {Main} Deleting GameFamily: Pro, # of game accounts:5
D 2021-11-10 06:43:23.100162 [ProductState] {Main} Game product state destroyed: uid=prometheus_viewer
D 2021-11-10 06:43:23.100224 [ProductState] {Main} Game product state destroyed: uid=prometheus_test
D 2021-11-10 06:43:23.100271 [ProductState] {Main} Game product state destroyed: uid=prometheus_tournament_viewer
D 2021-11-10 06:43:23.100300 [ProductState] {Main} Game product state destroyed: uid=prometheus_tournament_viewer_2
D 2021-11-10 06:43:23.100332 [ProductState] {Main} Game product state destroyed: uid=prometheus
I 2021-11-10 06:43:23.100386 [GameController] {Main} Deleting GameFamily: S1, # of game accounts:2
D 2021-11-10 06:43:23.100429 [ProductState] {Main} Game product state destroyed: uid=s1_ptr
D 2021-11-10 06:43:23.100459 [ProductState] {Main} Game product state destroyed: uid=s1
I 2021-11-10 06:43:23.100511 [GameController] {Main} Deleting GameFamily: W3, # of game accounts:1
D 2021-11-10 06:43:23.100558 [ProductState] {Main} Game product state destroyed: uid=w3
I 2021-11-10 06:43:23.100614 [GameController] {Main} Deleting GameFamily: FORE, # of game accounts:2
D 2021-11-10 06:43:23.100644 [ProductState] {Main} Game product state destroyed: uid=fore_beta
D 2021-11-10 06:43:23.100673 [ProductState] {Main} Game product state destroyed: uid=fore
I 2021-11-10 06:43:23.100712 [GameController] {Main} Deleting GameFamily: WLBY, # of game accounts:1
D 2021-11-10 06:43:23.100755 [ProductState] {Main} Game product state destroyed: uid=wlby
I 2021-11-10 06:43:23.100821 [GameController] {Main} Deleting GameFamily: VIPR, # of game accounts:1
D 2021-11-10 06:43:23.100865 [ProductState] {Main} Game product state destroyed: uid=viper
I 2021-11-10 06:43:23.100911 [GameController] {Main} Deleting GameFamily: ODIN, # of game accounts:2
D 2021-11-10 06:43:23.100948 [ProductState] {Main} Game product state destroyed: uid=odin_beta
D 2021-11-10 06:43:23.100987 [ProductState] {Main} Game product state destroyed: uid=odin
I 2021-11-10 06:43:23.101054 [GameController] {Main} Deleting GameFamily: LAZR, # of game accounts:1
D 2021-11-10 06:43:23.101102 [ProductState] {Main} Game product state destroyed: uid=lazarus
I 2021-11-10 06:43:23.101147 [GameController] {Main} Deleting GameFamily: ZEUS, # of game accounts:2
D 2021-11-10 06:43:23.101178 [ProductState] {Main} Game product state destroyed: uid=zeus_beta
D 2021-11-10 06:43:23.101212 [ProductState] {Main} Game product state destroyed: uid=zeus
I 2021-11-10 06:43:23.102775 [ToastManager] {Main} Clearing toast queue
I 2021-11-10 06:43:24.198550 [BrowserAppImpl] {Main} Waited 20 msec to close all browsers.
D 2021-11-10 06:43:24.757657 [Main] {Main} Shutting down Backend
D 2021-11-10 06:43:24.757682 [Main] {Main} Closing IPC Service
D 2021-11-10 06:43:24.757690 [CommandQueue] {Main} IPCService is shutting down
D 2021-11-10 06:43:24.757956 [Main] {Main} Shutting down account manager
I 2021-11-10 06:43:24.757986 [GSStateTracker] {Main} State changed to: Incomplete
I 2021-11-10 06:43:24.757994 [AccountManager] {Main} Account manager state has changed to: Incomplete
I 2021-11-10 06:43:24.758020 [GameProvider] {Main} Game provider is no longer initialized and is now reset
D 2021-11-10 06:43:24.758334 [Main] {Main} Shutting down CacheManager
D 2021-11-10 06:43:24.758345 [Main] {Main} Shutting down analytics processor
D 2021-11-10 06:43:24.758617 [Main] {Main} Shutting down worker pool
D 2021-11-10 06:43:24.759188 [Main] {Main} Shutting down backend processor
D 2021-11-10 06:43:24.760873 [Main] {Main} Shutting down data cache
D 2021-11-10 06:43:24.761254 [Main] {Main} Shutting down catalog manager
D 2021-11-10 06:43:24.761834 [Main] {Main} Shutting down environment manager
D 2021-11-10 06:43:24.761864 [Main] {Main} Shutting down battle.net api gateway
D 2021-11-10 06:43:24.761870 [Main] {Main} Shutting down suggested friends service
D 2021-11-10 06:43:24.761880 [Main] {Main} Shutting down voice service
D 2021-11-10 06:43:24.761885 [Main] {Main} Shutting down remote content manager
D 2021-11-10 06:43:24.761891 [Main] {Main} Shutting down analytics session
D 2021-11-10 06:43:24.761895 [Main] {Main} Shutting down agent manager
D 2021-11-10 06:43:24.761903 [Agent] {Main} PolicyHandler Thread STOPPING
D 2021-11-10 06:43:24.761915 [Agent] {Agent} PolicyHandlerThreadProc: The rest is silence.
D 2021-11-10 06:43:24.762154 [Agent] {Main} PolicyHandler Thread STOPPED
D 2021-11-10 06:43:24.763492 [Agent] {Main} Communicated shutdown to Agent
D 2021-11-10 06:43:24.763642 [Main] {Main} Shutting down game provider
D 2021-11-10 06:43:24.763664 [Main] {Main} Shutting down battle.net interface
D 2021-11-10 06:43:25.013206 [Main] {Main} Shutting down callback queue
D 2021-11-10 06:43:25.013269 [WebServer] {Main} Shutting down WebServerImpl
D 2021-11-10 06:43:25.013537 [WebServer] {Main} WebServerImpl is stopped
D 2021-11-10 06:43:25.118872 [DIAG_BNL_Voice] {Main} {2d80} debug: Notification client reference removed: 0
