I 2021-11-02 02:47:01.291156 [Main] {Main} Logging started for Battle.net build 2.6.0.13147
I 2021-11-02 02:47:01.291957 [Configuration] {Main} SharedConfigRoot: C:\ProgramData\Battle.net
I 2021-11-02 02:47:01.292477 [Configuration] {Main} RoamingConfigRoot: C:\Users\steve\AppData\Roaming\Battle.net
I 2021-11-02 02:47:01.292517 [Configuration] {Main} LocalConfigRoot: C:\Users\steve\AppData\Local\Battle.net
D 2021-11-02 02:47:01.293784 [Configuration] {Main} Searching for config file: C:\Program Files (x86)\Battle.net\Battle.net.13147\Battle.net.config
D 2021-11-02 02:47:01.293996 [Configuration] {Main} Searching for config file: C:\Program Files (x86)\Battle.net\Battle.net.config
D 2021-11-02 02:47:01.310834 [Configuration] {Main} User Configuration File: C:\Users\steve\AppData\Roaming\Battle.net\Battle.net.config
I 2021-11-02 02:47:01.317169 [Main] {Main} Command line arguments: {[0]=--game=s2_enus, [1]=--gamepath=D:\Battlenet\StarCraft II}
I 2021-11-02 02:47:01.322353 [Main] {Main} Opening IPC shared memory. queueName=User:steve:Battle.net IPC ShMem mode=server
I 2021-11-02 02:47:01.410009 [CommandQueue] {Main} Dispatching Command: register s2_enus D:\Battlenet\StarCraft II   false
I 2021-11-02 02:47:01.618033 [Frontend] {Main} Supplying list of renderers: d3d11,warp,desktop
I 2021-11-02 02:47:02.367466 [LocalizationData] {Main} 21 language(s) loaded from languages.xml, default=enUS
D 2021-11-02 02:47:03.015976 [Main] {Main} Adding application font: resources/fonts/BlizzardReg.ttf
D 2021-11-02 02:47:03.020132 [Main] {Main} Adding application font: resources/fonts/BlizzardLig.ttf
D 2021-11-02 02:47:03.022125 [Main] {Main} Adding application font: resources/fonts/BlizzardBol.ttf
D 2021-11-02 02:47:03.023566 [Main] {Main} Adding application font: resources/fonts/NotoSans-Bold.ttf
D 2021-11-02 02:47:03.032653 [Main] {Main} Adding application font: resources/fonts/NotoSans-BoldItalic.ttf
D 2021-11-02 02:47:03.037646 [Main] {Main} Adding application font: resources/fonts/NotoSans-Italic.ttf
D 2021-11-02 02:47:03.086106 [Main] {Main} Adding application font: resources/fonts/NotoSans-Regular.ttf
D 2021-11-02 02:47:03.091205 [Main] {Main} Adding application font: resources/fonts/ObjectSans-Bold.ttf
D 2021-11-02 02:47:03.094287 [Main] {Main} Adding application font: resources/fonts/ObjectSans-Medium.ttf
D 2021-11-02 02:47:04.656091 [Main] {Main} Setting font to: Blizzard
I 2021-11-02 02:47:04.656892 [CacheManager] {Main} Local storage cache at: C:\Users\steve\AppData\Local\Battle.net\Cache
I 2021-11-02 02:47:04.663571 [Main] {Main} Opened database at: C:\Users\steve\AppData\Local\Battle.net\CachedData.db
D 2021-11-02 02:47:04.666290 [Agent] {Main} PolicyHandler Thread STARTED
D 2021-11-02 02:47:04.666294 [Agent] {Agent} PolicyHandlerThreadProc: I shall in all my best obey you.
I 2021-11-02 02:47:04.738383 [DIAG_BNL_Voice] {Main} Audio device monitor using already-initialized COM
I 2021-11-02 02:47:04.744392 [VoiceSessionBroker] {Main} Global voice is on
I 2021-11-02 02:47:04.744931 [Main] {Main} Execution environment changed. environment=EE_STANDARD
I 2021-11-02 02:47:04.746343 [CatalogManager] {Main} Loaded catalog hash from the database cache. hash=f6aabd2e30ea9624e7960c99efd35b03
I 2021-11-02 02:47:04.747207 [CatalogManager] {Main} Built-in catalog hash (catalog/digesthash.txt): 90e3b05fb9eccb5ddf1b92175febd47a
I 2021-11-02 02:47:04.747413 [CatalogManager] {Main} Built-in catalog hash (catalog/signaturehash.txt): 5823846f81b1a8900de7c99437851ca0
I 2021-11-02 02:47:04.747452 [CatalogLoader] {Main} *** LOAD STARTED default: Context(LocalCAS: f6aabd2e30ea9624e7960c99efd35b03 I) ***
I 2021-11-02 02:47:04.791138 [Agent] {Agent} Agent has different session: 11202075489840491554
I 2021-11-02 02:47:04.791177 [Agent] {Agent} Agent Version is now: 2.25.1.7531 (retail)
I 2021-11-02 02:47:04.796337 [GameSessionList] {Agent} Reporting process: TrackingInfo(uid=battle.net, type=game, opStatus=On, reqId=0, running=1, oldRunning=0)
D 2021-11-02 02:47:04.800774 [Agent] {Agent} GameResource created for uid: agent
D 2021-11-02 02:47:04.800897 [Agent] {Agent} GameResource created for uid: battle.net
D 2021-11-02 02:47:04.800962 [Agent] {Agent} GameResource created for uid: prometheus
D 2021-11-02 02:47:04.800983 [Agent] {Agent} GameResource created for uid: s2_enus
W 2021-11-02 02:47:06.398852 [FeatureManager] {Main} Feature 'battle.net_http_request_0_c6caed0e' depends on missing feature 'http_test'
E 2021-11-02 02:47:06.398872 [FeatureManager] {Main} Feature 'battle.net_http_request_0_c6caed0e' has dependency errors and will not respond to dependency changes
I 2021-11-02 02:47:06.398894 [FeatureManager] {Main} Moving feature record from active to inactive: whisper_voice
I 2021-11-02 02:47:06.398899 [FeatureManager] {Main} Moving feature record from active to inactive: trace_route
I 2021-11-02 02:47:06.398907 [FeatureManager] {Main} Feature changed: hearthstone_limited_event_57b4aca6=true
I 2021-11-02 02:47:06.398916 [FeatureManager] {Main} Feature changed: fore_limited_alpha_f6824657=true
I 2021-11-02 02:47:06.398921 [FeatureManager] {Main} Feature changed: fore_prepurchase_fore_fef83a73=true
I 2021-11-02 02:47:06.398927 [FeatureManager] {Main} Feature changed: lazarus_show_on_beta_5bbf784c=true
I 2021-11-02 02:47:06.398932 [FeatureManager] {Main} Feature changed: odin_deprecate_event_21bf1dc9=true
I 2021-11-02 02:47:06.398938 [FeatureManager] {Main} Feature changed: odin_show_on_beta_5bbf784c=true
I 2021-11-02 02:47:06.398943 [FeatureManager] {Main} Feature changed: odin_zeus_base_license_3fcdd4b4=true
I 2021-11-02 02:47:06.398948 [FeatureManager] {Main} Feature changed: osi_limited_install_773b93da=true
I 2021-11-02 02:47:06.398953 [FeatureManager] {Main} Feature changed: osi_limited_product_d9fa6516=true
I 2021-11-02 02:47:06.398958 [FeatureManager] {Main} Feature changed: viper_show_on_beta_5bbf784c=true
I 2021-11-02 02:47:06.398965 [FeatureManager] {Main} Feature changed: warcraft_iii_upgrade_05e4b09b=true
I 2021-11-02 02:47:06.398972 [FeatureManager] {Main} Feature changed: wlby_show_on_beta_5bbf784c=true
I 2021-11-02 02:47:06.398979 [FeatureManager] {Main} Feature changed: zeus_refresh_without_license_b63211e4=true
I 2021-11-02 02:47:06.398984 [FeatureManager] {Main} Feature changed: zeus_show_on_beta_5bbf784c=true
I 2021-11-02 02:47:06.410736 [FeatureManager] {Main} Feature changed: http_test=true tags=http_request_0
I 2021-11-02 02:47:06.410796 [FeatureManager] {Main} Feature changed: shop_wish_list=true
I 2021-11-02 02:47:06.410814 [FeatureManager] {Main} Feature changed: activision_auto_account_creation=true
I 2021-11-02 02:47:06.410824 [FeatureManager] {Main} Feature changed: suggested_group_members=true
I 2021-11-02 02:47:06.410835 [FeatureManager] {Main} Feature changed: all_games_v2=true
I 2021-11-02 02:47:06.410847 [FeatureManager] {Main} Feature changed: all_games_new_badge=true
I 2021-11-02 02:47:06.410858 [FeatureManager] {Main} Feature changed: collapsible_social_panel=true
I 2021-11-02 02:47:06.410869 [FeatureManager] {Main} Feature changed: blizzard_profiles=true
I 2021-11-02 02:47:06.410883 [FeatureManager] {Main} Feature changed: clear_chat_history=true
I 2021-11-02 02:47:06.410893 [FeatureManager] {Main} Feature changed: mentions=true
I 2021-11-02 02:47:06.410903 [FeatureManager] {Main} Feature changed: social_tab=true
I 2021-11-02 02:47:06.410913 [FeatureManager] {Main} Feature changed: auto_update_optimization=true
I 2021-11-02 02:47:06.410922 [FeatureManager] {Main} Feature changed: embedded_web_view=true
I 2021-11-02 02:47:06.410932 [FeatureManager] {Main} Feature changed: group_privacy_settings=true
I 2021-11-02 02:47:06.410943 [FeatureManager] {Main} Feature changed: appear_offline=true
I 2021-11-02 02:47:06.410952 [FeatureManager] {Main} Feature changed: refresh_toast=true
I 2021-11-02 02:47:06.410962 [FeatureManager] {Main} Feature changed: app_feedback_dialog=true
I 2021-11-02 02:47:06.410971 [FeatureManager] {Main} Feature changed: browser_main_window=true
I 2021-11-02 02:47:06.410984 [FeatureManager] {Main} Feature changed: chat_giphy=true
I 2021-11-02 02:47:06.410992 [FeatureManager] {Main} Feature changed: content_ui=true
I 2021-11-02 02:47:06.411001 [FeatureManager] {Main} Feature changed: multichats=true
I 2021-11-02 02:47:06.411011 [FeatureManager] {Main} Feature changed: first_time_experience=true
I 2021-11-02 02:47:06.411022 [FeatureManager] {Main} Feature changed: cts_takeovers=true
I 2021-11-02 02:47:06.411044 [FeatureManager] {Main} Feature changed: friend_request_management=true
I 2021-11-02 02:47:06.411054 [FeatureManager] {Main} Feature changed: link_previews=true
I 2021-11-02 02:47:06.411062 [FeatureManager] {Main} Feature changed: sms_protect_requirements=true
I 2021-11-02 02:47:06.411071 [FeatureManager] {Main} Feature changed: friends_list_popout=true
I 2021-11-02 02:47:06.411080 [FeatureManager] {Main} Feature changed: gift_inventory=true
I 2021-11-02 02:47:06.411089 [FeatureManager] {Main} Feature changed: global_legendary_promos=true
I 2021-11-02 02:47:06.411098 [FeatureManager] {Main} Feature changed: refresh_friend_tooltip=true
I 2021-11-02 02:47:06.411110 [FeatureManager] {Main} Feature changed: non_friend_whispers=true
I 2021-11-02 02:47:06.411117 [FeatureManager] {Main} Feature changed: notification_center=true
I 2021-11-02 02:47:06.411126 [FeatureManager] {Main} Feature changed: playscreen_migrate_cms=true
I 2021-11-02 02:47:06.411135 [FeatureManager] {Main} Feature changed: shared_container_installs=true
I 2021-11-02 02:47:06.411144 [FeatureManager] {Main} Feature changed: sc2_account_selection_dialog=true
I 2021-11-02 02:47:06.411153 [FeatureManager] {Main} Feature changed: suggested_facebook_friends=true
I 2021-11-02 02:47:06.411168 [FeatureManager] {Main} Feature changed: whisper_voice=true
I 2021-11-02 02:47:06.411183 [FeatureManager] {Main} Feature changed: battle.net_http_request_0_c6caed0e=true
D 2021-11-02 02:47:06.411278 [Configuration] {Main} Searching for config file: C:\Program Files (x86)\Battle.net\Battle.net.13147\Environments.yaml
D 2021-11-02 02:47:06.411428 [Configuration] {Main} Searching for config file: C:\Program Files (x86)\Battle.net\Environments.yaml
I 2021-11-02 02:47:06.411498 [EnvironmentManager] {Main} Login parameters changed: address=us.actual.battle.net:1119 region=US
D 2021-11-02 02:47:06.424253 [CatalogVarStorage] {Main} Setting var from catalog Client.Shop.SaleNotificationVersion=6
D 2021-11-02 02:47:06.424324 [CatalogVarStorage] {Main} Setting var from catalog Browser.DisableSiteIsolation=true
D 2021-11-02 02:47:06.424362 [CatalogVarStorage] {Main} Setting var from catalog Client.ActivisionAutoAccountCreation.Games=ODIN,ZEUS,FORE
D 2021-11-02 02:47:06.424389 [CatalogVarStorage] {Main} Setting var from catalog Client.Shop.SaleNotificationEnabled=false
D 2021-11-02 02:47:06.424414 [CatalogVarStorage] {Main} Setting var from catalog Client.OwlScreen.LiveCheckIntervalMS=300000
D 2021-11-02 02:47:06.424495 [CatalogVarStorage] {Main} Setting var from catalog Client.Announcements.MaximumAnnouncements=20
D 2021-11-02 02:47:06.424524 [CatalogVarStorage] {Main} Setting var from catalog Client.NewProfileWindowLayout=true
D 2021-11-02 02:47:06.424555 [CatalogVarStorage] {Main} Setting var from catalog Client.PromotedScreenVersion=3
D 2021-11-02 02:47:06.424580 [CatalogVarStorage] {Main} Setting var from catalog Client.Version.BetaAccessOverride=enabled
I 2021-11-02 02:47:06.424597 [VersionManager] {Main} Beta Access: enabled
D 2021-11-02 02:47:06.424611 [CatalogVarStorage] {Main} Setting var from catalog Client.Version.BetaBranchOverride=beta
D 2021-11-02 02:47:06.424629 [CatalogVarStorage] {Main} Setting var from catalog Services.WhisperChannels.InactivityTimeoutMS=0
I 2021-11-02 02:47:06.429872 [CatalogLoader] {Main} *** LOAD COMPLETE default ***
I 2021-11-02 02:47:06.429940 [CatalogManager] {Main} Loaded initial catalog: hash=f6aabd2e30ea9624e7960c99efd35b03
I 2021-11-02 02:47:06.526853 [WebServer] {Backend:0} Listening on port 22885
I 2021-11-02 02:47:06.979044 [Main] {Main} Attempting to fetch WidevineCDM: 1
D 2021-11-02 02:47:06.989371 [UI] {Main} Fixup allowed regions and locales. installedRegion=US allowedRegions= allowedLocales=
I 2021-11-02 02:47:06.989905 [ToastManager] {Main} Toasts are enabled in ClientSettings
D 2021-11-02 02:47:07.000619 [ProductState] {Main} Game product state created: uid=
D 2021-11-02 02:47:07.000712 [ProductState] {Main} InstallState (): currentOperation=Install currentOperationStatus=New
I 2021-11-02 02:47:07.052565 [Main] {Main} Application path is: C:\Program Files (x86)\Battle.net\Battle.net.exe
I 2021-11-02 02:47:07.209529 [ClientServiceAlertMonitor] {Main} Breaking News url has changed. url=https://nydus.battle.net/App/enUS/client/App/alert?targetRegion=US
D 2021-11-02 02:47:07.209864 [RemoteContentCache] {Main} Found cached remote content. url=https://nydus.battle.net/App/enUS/client/App/alert?targetRegion=US
I 2021-11-02 02:47:07.209920 [ClientServiceAlertMonitor] {Main} Maintenance url has changed. url=https://nydus.battle.net/App/enUS/client/App/maintenance?targetRegion=US
D 2021-11-02 02:47:07.210098 [RemoteContentCache] {Main} Found cached remote content. url=https://nydus.battle.net/App/enUS/client/App/maintenance?targetRegion=US
I 2021-11-02 02:47:07.213147 [Frontend] {Main} Public Computer state changed. is_public=false
D 2021-11-02 02:47:07.213174 [Frontend] {Main} Session id changed. session_id=9741699434669470754
D 2021-11-02 02:47:07.213236 [Frontend] {Main} Tracking info changed. client_id=4E3A4618-F0C7-4782-B23B-E90E19E728CE, user_agent=
I 2021-11-02 02:47:07.239628 [HighDpiManager] {Main} High dpi support available changed: 0
I 2021-11-02 02:47:07.239650 [Frontend] {Main} High dpi support: disabled
D 2021-11-02 02:47:07.240459 [Main] {WorkerPool:0} Checking permissions on path: C:\ProgramData\Battle.net\Setup depth=-1
D 2021-11-02 02:47:07.244960 [Main] {WorkerPool:0} Checking permissions on path: C:\ProgramData\Battle.net\Agent depth=1
D 2021-11-02 02:47:07.247622 [Main] {WorkerPool:0} Checking permissions on path: C:\ProgramData\Battle.net\Agent\Agent.6891 depth=1
D 2021-11-02 02:47:07.247920 [Main] {WorkerPool:0} Checking permissions on path: C:\ProgramData\Battle.net\Agent\Agent.7380 depth=1
D 2021-11-02 02:47:07.248411 [Main] {WorkerPool:0} Checking permissions on path: C:\ProgramData\Battle.net\Agent\Agent.7531 depth=1
D 2021-11-02 02:47:07.248874 [Main] {WorkerPool:0} Checking permissions on path: C:\ProgramData\Blizzard Entertainment depth=2
D 2021-11-02 02:47:07.316627 [Frontend] {Main} Session id changed. session_id=11202075489840491554
I 2021-11-02 02:47:07.316816 [FeatureManager] {Main} Feature changed: install_packages=true
I 2021-11-02 02:47:07.316835 [FeatureManager] {Main} Feature changed: modify_install=true
I 2021-11-02 02:47:07.317149 [Agent] {Main} AgentManager is now initialized
I 2021-11-02 02:47:07.317166 [InstallManager] {Main} Install manager is now initialized
D 2021-11-02 02:47:07.317175 [InstallManager] {Main} Selecting best game install data for game battle.net: savedUid=battle.net originalUid=<none> newUid=battle.net
D 2021-11-02 02:47:07.317202 [InstallInfo] {Main} InstallInfo agent association has been changed: uid=battle.net agentUid=battle.net
D 2021-11-02 02:47:07.317229 [InstallManager] {Main} Selecting best game install data for game prometheus: savedUid=prometheus originalUid=<none> newUid=prometheus
D 2021-11-02 02:47:07.317242 [InstallInfo] {Main} InstallInfo agent association has been changed: uid=prometheus agentUid=prometheus
D 2021-11-02 02:47:07.317258 [InstallManager] {Main} Selecting best game install data for game s2: savedUid=s2_enus originalUid=<none> newUid=s2_enus
D 2021-11-02 02:47:07.317265 [InstallInfo] {Main} InstallInfo agent association has been changed: uid=s2 agentUid=s2_enus
D 2021-11-02 02:47:07.317293 [VersionManager] {Main} Branch change from Agent detected. activeBranch= branches={[0]=beta, [1]=cn, [2]=eu, [3]=kr, [4]=sg, [5]=tw, [6]=us}
D 2021-11-02 02:47:07.317314 [VersionManager] {Main} Beta branch is available: true
D 2021-11-02 02:47:07.317363 [ProductState] {Main} Game product state created: uid=prometheus
D 2021-11-02 02:47:07.317423 [ProductState] {Main} InstallState (prometheus): currentOperation=UpToDate currentOperationStatus=Paused installed=1 installPath=D:/Battlenet/Overwatch sharedContainerSubpath=_retail_ playable=1 canCreateShortcut=1 selectedRegion=us activeConfigKey=8c895694ea0d33f5962748eb38ad94b9 regionalVersions=(cn: {playable:true config_key:8c895694ea0d33f5962748eb38ad94b9}, eu: {playable:true config_key:8c895694ea0d33f5962748eb38ad94b9}, kr: {playable:true config_key:8c895694ea0d33f5962748eb38ad94b9}, us: {playable:true config_key:8c895694ea0d33f5962748eb38ad94b9}) localVersion=1.65.1.0.88742 latestVersion=88742 progress=1 currentStage=Complete
D 2021-11-02 02:47:07.317457 [ProductState] {Main} Game product state created: uid=s2
D 2021-11-02 02:47:07.317486 [ProductState] {Main} InstallState (s2): currentOperation=UpToDate currentOperationStatus=Paused installed=1 installPath=D:/Battlenet/StarCraft II playable=1 canCreateShortcut=1 selectedRegion=us activeConfigKey=5b0ac430559437ccd27dfafdfe526c6a regionalVersions=(cn: {playable:true config_key:5b0ac430559437ccd27dfafdfe526c6a}, eu: {playable:true config_key:5b0ac430559437ccd27dfafdfe526c6a}, kr: {playable:true config_key:5b0ac430559437ccd27dfafdfe526c6a}, tw: {playable:true config_key:5b0ac430559437ccd27dfafdfe526c6a}, us: {playable:true config_key:5b0ac430559437ccd27dfafdfe526c6a}) supports_multibox=true localVersion=5.0.8.86383 latestVersion=86383 progress=1 currentStage=Complete
D 2021-11-02 02:47:07.317510 [Agent] {Main} Versioning is now enabled
D 2021-11-02 02:47:07.317524 [Agent] {Main} Triggering game versioning: battle.net
D 2021-11-02 02:47:07.317550 [Agent] {Main} Triggering game versioning: prometheus
D 2021-11-02 02:47:07.317569 [Agent] {Main} Triggering game versioning: s2_enus
D 2021-11-02 02:47:07.317716 [InstallManager] {Main} Sending a queued OnProcessPidsUpdated notification: agentUid=battle.net binaryType=game
D 2021-11-02 02:47:07.317731 [InstallManager] {Main} Sending a queued OnProcessRunning notification: agentUid=battle.net binaryType=game
I 2021-11-02 02:47:07.317738 [InstallManager] {Main} Setting Process Running: true uid=battle.net binaryType=game any=true
D 2021-11-02 02:47:07.317747 [InstallInfo] {Main} Operation status changed: opType=Execute oldStatus=Off newStatus=On agentUid=battle.net
D 2021-11-02 02:47:07.328101 [InstallManager] {Main} Command_RegisterGame uid: s2_enus path: D:\Battlenet\StarCraft II productcode:  subfolder:  repairing: false
D 2021-11-02 02:47:07.328172 [InstallManager] {Main} PerformRegisterInstall uid= productCode=* installDir=D:\Battlenet\StarCraft II subfolder= region=US
I 2021-11-02 02:47:07.328305 [CatalogLoader] {Main} *** LOAD STARTED default: Context(LocalCAS: f6aabd2e30ea9624e7960c99efd35b03 I) ***
I 2021-11-02 02:47:07.879175 [FeatureManager] {Main} Moving feature record from active to inactive: overwatch_league_tab
I 2021-11-02 02:47:07.879225 [FeatureManager] {Main} Moving feature record from active to inactive: blizzcon_tab
D 2021-11-02 02:47:07.890414 [CatalogVarStorage] {Main} Setting var from catalog Client.Shop.SaleNotificationVersion=6
D 2021-11-02 02:47:07.890440 [CatalogVarStorage] {Main} Setting var from catalog Browser.DisableSiteIsolation=true
D 2021-11-02 02:47:07.890448 [CatalogVarStorage] {Main} Setting var from catalog Client.ActivisionAutoAccountCreation.Games=ODIN,ZEUS,FORE
D 2021-11-02 02:47:07.890456 [CatalogVarStorage] {Main} Setting var from catalog Client.Shop.SaleNotificationEnabled=false
D 2021-11-02 02:47:07.890464 [CatalogVarStorage] {Main} Setting var from catalog Client.OwlScreen.LiveCheckIntervalMS=300000
D 2021-11-02 02:47:07.890481 [CatalogVarStorage] {Main} Setting var from catalog Client.Announcements.MaximumAnnouncements=20
D 2021-11-02 02:47:07.890488 [CatalogVarStorage] {Main} Setting var from catalog Client.NewProfileWindowLayout=true
D 2021-11-02 02:47:07.890494 [CatalogVarStorage] {Main} Setting var from catalog Client.PromotedScreenVersion=3
D 2021-11-02 02:47:07.890503 [CatalogVarStorage] {Main} Setting var from catalog Client.Version.BetaAccessOverride=enabled
D 2021-11-02 02:47:07.890509 [CatalogVarStorage] {Main} Setting var from catalog Client.Version.BetaBranchOverride=beta
D 2021-11-02 02:47:07.890516 [CatalogVarStorage] {Main} Setting var from catalog Services.WhisperChannels.InactivityTimeoutMS=0
D 2021-11-02 02:47:07.890524 [CatalogVarStorage] {Main} Setting var from catalog Services.HTTPClient.ConnectionTimeoutMS=0
I 2021-11-02 02:47:07.894612 [CatalogLoader] {Main} *** LOAD COMPLETE default ***
I 2021-11-02 02:47:07.900158 [Main] {Main} Cached WidevineCDM is up-to-date: 4.10.2209.1
I 2021-11-02 02:47:07.900960 [Main] {Main} Connecting to server. address=us.actual.battle.net port=1119
D 2021-11-02 02:47:08.197755 [ClientServiceAlertMonitor] {Main} Service alert monitor force update requested
D 2021-11-02 02:47:08.197784 [ClientServiceAlertMonitor] {Main} Breaking News update requested
D 2021-11-02 02:47:08.197791 [ClientServiceAlertMonitor] {Main} Maintenance update requested
D 2021-11-02 02:47:08.332862 [InstallManager] {Main} Registration complete for agentUid=s2_enus and region=us
I 2021-11-02 02:47:08.345899 [CacheManager] {Main} CacheManager is now initialized
I 2021-11-02 02:47:08.345970 [TactVersionWatcher] {Main} Fetched new tact metadata. productCode=catalogs region=us branch=PUB-29 version=2032 seq=183 buildConfig=8c813c8d729618bae80204e860f25e8a
I 2021-11-02 02:47:08.393752 [DIAG_BuildConfig] {Main} no 'encoding' key in build configuration '8c813c8d729618bae80204e860f25e8a', selecting plain-data mode
I 2021-11-02 02:47:08.393916 [CatalogLoader] {Main} *** LOAD STARTED default: Context(RemoteCAS: f6aabd2e30ea9624e7960c99efd35b03|tpr/catalogs/data) ***
D 2021-11-02 02:47:08.653696 [CatalogVarStorage] {Main} Setting var from catalog Client.Shop.SaleNotificationVersion=6
D 2021-11-02 02:47:08.653743 [CatalogVarStorage] {Main} Setting var from catalog Browser.DisableSiteIsolation=true
D 2021-11-02 02:47:08.653767 [CatalogVarStorage] {Main} Setting var from catalog Client.ActivisionAutoAccountCreation.Games=ODIN,ZEUS,FORE
D 2021-11-02 02:47:08.653781 [CatalogVarStorage] {Main} Setting var from catalog Client.Shop.SaleNotificationEnabled=false
D 2021-11-02 02:47:08.653803 [CatalogVarStorage] {Main} Setting var from catalog Client.OwlScreen.LiveCheckIntervalMS=300000
D 2021-11-02 02:47:08.653900 [CatalogVarStorage] {Main} Setting var from catalog Client.Announcements.MaximumAnnouncements=20
D 2021-11-02 02:47:08.653924 [CatalogVarStorage] {Main} Setting var from catalog Client.NewProfileWindowLayout=true
D 2021-11-02 02:47:08.653957 [CatalogVarStorage] {Main} Setting var from catalog Client.PromotedScreenVersion=3
D 2021-11-02 02:47:08.653990 [CatalogVarStorage] {Main} Setting var from catalog Client.Version.BetaAccessOverride=enabled
D 2021-11-02 02:47:08.654006 [CatalogVarStorage] {Main} Setting var from catalog Client.Version.BetaBranchOverride=beta
D 2021-11-02 02:47:08.654032 [CatalogVarStorage] {Main} Setting var from catalog Services.WhisperChannels.InactivityTimeoutMS=0
D 2021-11-02 02:47:08.654062 [CatalogVarStorage] {Main} Setting var from catalog Services.HTTPClient.ConnectionTimeoutMS=0
I 2021-11-02 02:47:08.669157 [CatalogLoader] {Main} *** LOAD COMPLETE default ***
D 2021-11-02 02:47:09.430077 [LoginController] {Main} Login_QueueUpdate (position=1,clientWaitTime=00:00:00.829247,skipLoginQueueUi=true)
D 2021-11-02 02:47:09.600384 [InstallManager] {Main} Game finished versioning s2_enus
D 2021-11-02 02:47:09.600422 [InstallManager] {Main} Game finished versioning s2_enus
I 2021-11-02 02:47:09.702975 [GSAccountProvider] {Main} Login triggered. entityId=1:0:126e7264
I 2021-11-02 02:47:09.703005 [GSStateTracker] {Main} State changed to: WaitingForAccountState
I 2021-11-02 02:47:09.703028 [AccountManager] {Main} Account manager state has changed to: Loading
I 2021-11-02 02:47:09.704575 [Main] {Main} Opened database at: C:\Users\steve\AppData\Local\Battle.net\Account\309228132\account.db
D 2021-11-02 02:47:09.708779 [GSAccountProvider] {Main} Querying account level info for account: 1:0:126e7264
D 2021-11-02 02:47:09.708912 [GSAccountProvider] {Main} Querying parental control info for account: 1:0:126e7264
D 2021-11-02 02:47:09.708984 [GSAccountProvider] {Main} Querying game accounts for region: US
D 2021-11-02 02:47:09.709040 [GSAccountProvider] {Main} Querying game accounts for region: EU
D 2021-11-02 02:47:09.709058 [GSAccountProvider] {Main} Querying game accounts for region: KR
D 2021-11-02 02:47:09.709069 [GSAccountProvider] {Main} Querying game accounts for region: SG
D 2021-11-02 02:47:09.709151 [GSAccountProvider] {Main} Querying game accounts for region: XX
D 2021-11-02 02:47:09.709167 [GSAccountProvider] {Main} Querying game accounts for region: GLOBAL
D 2021-11-02 02:47:09.709179 [GSAccountProvider] {Main} Querying parental control info for account: 1:0:126e7264
D 2021-11-02 02:47:09.709372 [GSAccountProvider] {Main} Querying program level information for program: OSI
D 2021-11-02 02:47:09.709405 [GSAccountProvider] {Main} Querying program level information for program: Fen
D 2021-11-02 02:47:09.709423 [GSAccountProvider] {Main} Querying program level information for program: D3
D 2021-11-02 02:47:09.709434 [GSAccountProvider] {Main} Querying program level information for program: S2
D 2021-11-02 02:47:09.709448 [GSAccountProvider] {Main} Querying program level information for program: S1
D 2021-11-02 02:47:09.709466 [GSAccountProvider] {Main} Querying program level information for program: FORE
D 2021-11-02 02:47:09.709482 [GSAccountProvider] {Main} Querying program level information for program: W3
D 2021-11-02 02:47:09.709543 [GSAccountProvider] {Main} Querying program level information for program: WoW
D 2021-11-02 02:47:09.709591 [GSAccountProvider] {Main} Querying program level information for program: Pro
D 2021-11-02 02:47:09.709627 [GSAccountProvider] {Main} Querying program level information for program: Hero
D 2021-11-02 02:47:09.709649 [GSAccountProvider] {Main} Querying program level information for program: D3CN
D 2021-11-02 02:47:09.709671 [GSAccountProvider] {Main} Querying program level information for program: AUKS
D 2021-11-02 02:47:09.709707 [GSAccountProvider] {Main} Querying program level information for program: LAZR
D 2021-11-02 02:47:09.709743 [GSAccountProvider] {Main} Querying program level information for program: ODIN
D 2021-11-02 02:47:09.709810 [GSAccountProvider] {Main} Querying program level information for program: RTRO
D 2021-11-02 02:47:09.709871 [GSAccountProvider] {Main} Querying program level information for program: VIPR
D 2021-11-02 02:47:09.709933 [GSAccountProvider] {Main} Querying program level information for program: WLBY
D 2021-11-02 02:47:09.710060 [GSAccountProvider] {Main} Querying program level information for program: WTCG
D 2021-11-02 02:47:09.710240 [GSAccountProvider] {Main} Querying program level information for program: ZEUS
D 2021-11-02 02:47:09.735502 [GSAccountProvider] {Main} Received AccountLevelInfo for account. entityId=1:0:126e7264 accountLevelInfo=|licenses:|id=274|id=384|id=10107|id=10431|id=16332|id=17854|id=20195|id=24636|id=26931|id=36376|id=36377|id=53797|:licenses|default_currency=5591876|country=USA|preferred_region=1|account_paid_any=1
I 2021-11-02 02:47:09.735649 [AccountManager] {Main} Account site region code changed: US
I 2021-11-02 02:47:09.735668 [AccountManager] {Main} Account country changed: USA
D 2021-11-02 02:47:09.735729 [GSAccountProvider] {Main} Parental control info for account (1:0:126e7264) resulted in cache miss.
D 2021-11-02 02:47:09.735822 [GSAccountProvider] {Main} Querying game level information for entity: (Game: US-DST2-168118293)
D 2021-11-02 02:47:09.735849 [GSAccountProvider] {Main} Querying game time info for entity Id: (Game: US-DST2-168118293)
D 2021-11-02 02:47:09.735887 [GSAccountProvider] {Main} Querying program level information for program: DST2
D 2021-11-02 02:47:09.735916 [GSAccountProvider] {Main} Querying game level information for entity: (Game: US-Hero-61078631)
D 2021-11-02 02:47:09.735937 [GSAccountProvider] {Main} Querying game time info for entity Id: (Game: US-Hero-61078631)
D 2021-11-02 02:47:09.735972 [GSAccountProvider] {Main} Querying game level information for entity: (Game: US-Pro-118039079)
D 2021-11-02 02:47:09.735985 [GSAccountProvider] {Main} Querying game time info for entity Id: (Game: US-Pro-118039079)
D 2021-11-02 02:47:09.736001 [GSAccountProvider] {Main} Querying game level information for entity: (Game: US-S1-511902745)
D 2021-11-02 02:47:09.736014 [GSAccountProvider] {Main} Querying game time info for entity Id: (Game: US-S1-511902745)
D 2021-11-02 02:47:09.736031 [GSAccountProvider] {Main} Querying game level information for entity: (Game: US-S2-142430010)
D 2021-11-02 02:47:09.736044 [GSAccountProvider] {Main} Querying game time info for entity Id: (Game: US-S2-142430010)
D 2021-11-02 02:47:09.736061 [GSAccountProvider] {Main} Querying game level information for entity: (Game: US-WTCG-50416411)
D 2021-11-02 02:47:09.736071 [GSAccountProvider] {Main} Querying game time info for entity Id: (Game: US-WTCG-50416411)
D 2021-11-02 02:47:09.736081 [GSAccountProvider] {Main} Received 6 game accounts from region 'US'
D 2021-11-02 02:47:09.736096 [GSAccountProvider] {Main} Game account list for region 'EU' resulted in cache miss.
I 2021-11-02 02:47:09.736105 [GSStateTracker] {Main} State changed to: Loading
D 2021-11-02 02:47:09.736112 [GSAccountProvider] {Main} Game account list for region 'KR' resulted in cache miss.
D 2021-11-02 02:47:09.736119 [GSAccountProvider] {Main} Game account list for region 'SG' resulted in cache miss.
D 2021-11-02 02:47:09.736135 [GSAccountProvider] {Main} Querying game level information for entity: (Game: XX-Hero-29793536)
D 2021-11-02 02:47:09.736147 [GSAccountProvider] {Main} Querying game time info for entity Id: (Game: XX-Hero-29793536)
D 2021-11-02 02:47:09.736157 [GSAccountProvider] {Main} Received 1 game accounts from region 'XX'
D 2021-11-02 02:47:09.736166 [GSAccountProvider] {Main} Game account list for region 'GLOBAL' resulted in cache miss.
D 2021-11-02 02:47:09.736174 [GSAccountProvider] {Main} Parental control info for account (1:0:126e7264) resulted in cache miss.
D 2021-11-02 02:47:09.736203 [GSAccountProvider] {Main} Received program level info. programId=OSI programLevelInfo=|program=5198665
D 2021-11-02 02:47:09.736240 [GSAccountProvider] {Main} Received program level info. programId=Fen programLevelInfo=|program=4613486
D 2021-11-02 02:47:09.736253 [GSAccountProvider] {Main} Received program level info. programId=D3 programLevelInfo=|program=17459
D 2021-11-02 02:47:09.736266 [GSAccountProvider] {Main} Received program level info. programId=S2 programLevelInfo=|program=21298|licenses:|id=17854|:licenses|licenses:|id=24636|:licenses|licenses:|id=53797|:licenses
D 2021-11-02 02:47:09.736298 [GSAccountProvider] {Main} Received program level info. programId=S1 programLevelInfo=|program=21297
D 2021-11-02 02:47:09.736308 [GSAccountProvider] {Main} Received program level info. programId=FORE programLevelInfo=|program=1179603525
D 2021-11-02 02:47:09.736318 [GSAccountProvider] {Main} Received program level info. programId=W3 programLevelInfo=|program=22323
D 2021-11-02 02:47:09.736329 [GSAccountProvider] {Main} Received program level info. programId=WoW programLevelInfo=|program=5730135|licenses:|id=274|:licenses
D 2021-11-02 02:47:09.736344 [GSAccountProvider] {Main} Received program level info. programId=Pro programLevelInfo=|is_lifetime=1|program=5272175|licenses:|id=16332|:licenses
D 2021-11-02 02:47:09.736370 [GSAccountProvider] {Main} Received program level info. programId=Hero programLevelInfo=|is_beta=1|program=1214607983|licenses:|id=10107|:licenses|licenses:|id=10431|:licenses
D 2021-11-02 02:47:09.736388 [GSAccountProvider] {Main} Cache miss for program level info. programId=D3CN
D 2021-11-02 02:47:09.736396 [GSAccountProvider] {Main} Received program level info. programId=AUKS programLevelInfo=|program=1096108883
D 2021-11-02 02:47:09.736406 [GSAccountProvider] {Main} Received program level info. programId=LAZR programLevelInfo=|program=1279351378
D 2021-11-02 02:47:09.736415 [GSAccountProvider] {Main} Received program level info. programId=ODIN programLevelInfo=|program=1329875278
D 2021-11-02 02:47:09.736425 [GSAccountProvider] {Main} Received program level info. programId=RTRO programLevelInfo=|program=1381257807
D 2021-11-02 02:47:09.736435 [GSAccountProvider] {Main} Received program level info. programId=VIPR programLevelInfo=|is_lifetime=1|program=1447645266|licenses:|id=26931|:licenses|licenses:|id=36376|:licenses|licenses:|id=36377|:licenses
D 2021-11-02 02:47:09.736457 [GSAccountProvider] {Main} Received program level info. programId=WLBY programLevelInfo=|program=1464615513
D 2021-11-02 02:47:09.736467 [GSAccountProvider] {Main} Received program level info. programId=WTCG programLevelInfo=|program=1465140039
D 2021-11-02 02:47:09.736477 [GSAccountProvider] {Main} Received program level info. programId=ZEUS programLevelInfo=|program=1514493267
D 2021-11-02 02:47:09.740995 [GSAccountProvider] {Main} Received GameLevelInfo: (Game: US-DST2-168118293) info=|name="DST21"|program=1146311730|realm_permissions=1
D 2021-11-02 02:47:09.741214 [GSAccountProvider] {Main} Received GameTimeInfo: (Game: US-DST2-168118293) info=
D 2021-11-02 02:47:09.741352 [GSAccountProvider] {Main} Cache miss for program level info. programId=DST2
D 2021-11-02 02:47:09.741398 [GSAccountProvider] {Main} Received GameLevelInfo: (Game: US-Hero-61078631) info=|name="Hero1"|program=1214607983|realm_permissions=1
D 2021-11-02 02:47:09.741444 [GSAccountProvider] {Main} Received GameTimeInfo: (Game: US-Hero-61078631) info=
D 2021-11-02 02:47:09.741461 [GSAccountProvider] {Main} Received GameLevelInfo: (Game: US-Pro-118039079) info=|name="Pro1"|program=5272175|realm_permissions=1|last_logout_time_ms=1633547340000
D 2021-11-02 02:47:09.741508 [GSAccountProvider] {Main} Received GameTimeInfo: (Game: US-Pro-118039079) info=
D 2021-11-02 02:47:09.741522 [GSAccountProvider] {Main} Received GameLevelInfo: (Game: US-S1-511902745) info=|name="S11"|program=21297|realm_permissions=1|last_logout_time_ms=1615692040000
D 2021-11-02 02:47:09.741548 [GSAccountProvider] {Main} Received GameTimeInfo: (Game: US-S1-511902745) info=
D 2021-11-02 02:47:09.741564 [GSAccountProvider] {Main} Received GameLevelInfo: (Game: US-S2-142430010) info=|is_trial=0|is_restricted=0|name="S21"|program=21298|realm_permissions=1|last_logout_time_ms=1633399997000
D 2021-11-02 02:47:09.741604 [GSAccountProvider] {Main} Received GameTimeInfo: (Game: US-S2-142430010) info=
D 2021-11-02 02:47:09.741620 [GSAccountProvider] {Main} Received GameLevelInfo: (Game: US-WTCG-50416411) info=|name="WTCG1"|program=1465140039|realm_permissions=1
D 2021-11-02 02:47:09.741644 [GSAccountProvider] {Main} Received GameTimeInfo: (Game: US-WTCG-50416411) info=
D 2021-11-02 02:47:09.741661 [GSAccountProvider] {Main} Received GameLevelInfo: (Game: XX-Hero-29793536) info=|name="Hero1"|program=1214607983|realm_permissions=1
D 2021-11-02 02:47:09.741752 [GSAccountProvider] {Main} Received GameTimeInfo: (Game: XX-Hero-29793536) info=
D 2021-11-02 02:47:09.891140 [GSAccountProvider] {Main} Subscription has been activated. entityId=(BNet: 1:0:126e7264)
D 2021-11-02 02:47:09.891218 [GSAccountProvider] {Main} Querying game accounts for region: EU
D 2021-11-02 02:47:09.891249 [GSAccountProvider] {Main} Querying game accounts for region: KR
D 2021-11-02 02:47:09.891257 [GSAccountProvider] {Main} Querying game accounts for region: SG
D 2021-11-02 02:47:09.891267 [GSAccountProvider] {Main} Querying game accounts for region: GLOBAL
D 2021-11-02 02:47:09.900515 [GSAccountProvider] {Main} Region 'EU' has no game accounts.
D 2021-11-02 02:47:09.900543 [GSAccountProvider] {Main} Region 'KR' has no game accounts.
D 2021-11-02 02:47:09.900554 [GSAccountProvider] {Main} Region 'SG' has no game accounts.
D 2021-11-02 02:47:09.900562 [GSAccountProvider] {Main} Region 'GLOBAL' has no game accounts.
I 2021-11-02 02:47:09.900572 [GSStateTracker] {Main} All region requests have been completed!
I 2021-11-02 02:47:09.900583 [GSStateTracker] {Main} State changed to: WaitingForEntitlements
D 2021-11-02 02:47:09.900614 [GSAccountProvider] {Main} Completed initial load.
D 2021-11-02 02:47:09.900624 [GSAccountProvider] {Main} Querying game status for program id: D3
D 2021-11-02 02:47:09.900645 [GSAccountProvider] {Main} Querying game status for program id: S1
D 2021-11-02 02:47:09.900657 [GSAccountProvider] {Main} Querying game status for program id: S2
D 2021-11-02 02:47:09.900684 [GSAccountProvider] {Main} Querying game status for program id: W3
D 2021-11-02 02:47:09.900701 [GSAccountProvider] {Main} Querying game status for program id: Fen
D 2021-11-02 02:47:09.900710 [GSAccountProvider] {Main} Querying game status for program id: OSI
D 2021-11-02 02:47:09.900718 [GSAccountProvider] {Main} Querying game status for program id: Pro
D 2021-11-02 02:47:09.900727 [GSAccountProvider] {Main} Querying game status for program id: AUKS
D 2021-11-02 02:47:09.900735 [GSAccountProvider] {Main} Querying game status for program id: D3CN
D 2021-11-02 02:47:09.900743 [GSAccountProvider] {Main} Querying game status for program id: DST2
D 2021-11-02 02:47:09.900752 [GSAccountProvider] {Main} Querying game status for program id: FORE
D 2021-11-02 02:47:09.900759 [GSAccountProvider] {Main} Querying game status for program id: Hero
D 2021-11-02 02:47:09.900772 [GSAccountProvider] {Main} Querying game status for program id: LAZR
D 2021-11-02 02:47:09.900779 [GSAccountProvider] {Main} Querying game status for program id: ODIN
D 2021-11-02 02:47:09.900790 [GSAccountProvider] {Main} Querying game status for program id: RTRO
D 2021-11-02 02:47:09.900797 [GSAccountProvider] {Main} Querying game status for program id: VIPR
D 2021-11-02 02:47:09.900804 [GSAccountProvider] {Main} Querying game status for program id: WLBY
D 2021-11-02 02:47:09.900812 [GSAccountProvider] {Main} Querying game status for program id: WTCG
D 2021-11-02 02:47:09.900819 [GSAccountProvider] {Main} Querying game status for program id: ZEUS
I 2021-11-02 02:47:09.910640 [GSStateTracker] {Main} State changed to: Ready
I 2021-11-02 02:47:09.910725 [GSAccountProvider] {Main} Loaded accounts: 17
I 2021-11-02 02:47:09.910748 [GSAccountProvider] {Main} [S2-S2:retail]
I 2021-11-02 02:47:09.910763 [GSAccountProvider] {Main} [Pro-Pro:ow_tournament_viewer_2]
I 2021-11-02 02:47:09.910772 [GSAccountProvider] {Main} [OSI-OSI:beta]
I 2021-11-02 02:47:09.910778 [GSAccountProvider] {Main} [S2-S2:ptr]
I 2021-11-02 02:47:09.910787 [GSAccountProvider] {Main} [S1-S1:retail]
I 2021-11-02 02:47:09.910815 [GSAccountProvider] {Main} [Hero-Hero:retail]
I 2021-11-02 02:47:09.910836 [GSAccountProvider] {Main} [FORE-FORE:beta]
I 2021-11-02 02:47:09.910849 [GSAccountProvider] {Main} [S1-S1:ptr]
I 2021-11-02 02:47:09.910855 [GSAccountProvider] {Main} [Pro-Pro:ow_tournament_viewer_1]
I 2021-11-02 02:47:09.910863 [GSAccountProvider] {Main} [Pro-Pro:retail]
I 2021-11-02 02:47:09.910870 [GSAccountProvider] {Main} [Pro-Pro:ow_worldcup_viewer]
I 2021-11-02 02:47:09.910878 [GSAccountProvider] {Main} [Pro-Pro:ptr]
I 2021-11-02 02:47:09.910886 [GSAccountProvider] {Main} [ODIN-ODIN_MW:beta]
I 2021-11-02 02:47:09.910896 [GSAccountProvider] {Main} [Hero-Hero:ptr]
I 2021-11-02 02:47:09.910902 [GSAccountProvider] {Main} [VIPR-VIPR:retail]
I 2021-11-02 02:47:09.910910 [GSAccountProvider] {Main} [WTCG-WTCG:retail]
I 2021-11-02 02:47:09.910918 [GSAccountProvider] {Main} [ZEUS-ZEUS:beta]
I 2021-11-02 02:47:09.910929 [AccountManager] {Main} Account manager state has changed to: Ready
I 2021-11-02 02:47:09.911088 [GameProvider] {Main} Beginning GameProvider initialization.
D 2021-11-02 02:47:09.911219 [GameProvider] {Main} Inserting new unbound entity because no suitable match was found. uniqueId=Hero_retail
D 2021-11-02 02:47:09.912118 [GameProvider] {Main} Inserting new unbound entity because no suitable match was found. uniqueId=AUKS_retail
D 2021-11-02 02:47:09.912530 [GameProvider] {Main} Inserting new unbound entity because no suitable match was found. uniqueId=D3_retail
D 2021-11-02 02:47:09.912707 [GameProvider] {Main} Inserting new unbound entity because no suitable match was found. uniqueId=D3CN_retail
D 2021-11-02 02:47:09.912910 [GameProvider] {Main} Inserting new unbound entity because no suitable match was found. uniqueId=FORE_retail
D 2021-11-02 02:47:09.913056 [GameProvider] {Main} Inserting new unbound entity because no suitable match was found. uniqueId=Fen_retail
D 2021-11-02 02:47:09.913292 [GameProvider] {Main} Inserting new unbound entity because no suitable match was found. uniqueId=OSI_retail
D 2021-11-02 02:47:09.913530 [GameProvider] {Main} Inserting new unbound entity because no suitable match was found. uniqueId=LAZR_retail
D 2021-11-02 02:47:09.913703 [GameProvider] {Main} Inserting new unbound entity because no suitable match was found. uniqueId=ODIN_retail
D 2021-11-02 02:47:09.913906 [GameProvider] {Main} Inserting new unbound entity because no suitable match was found. uniqueId=Pro_retail
D 2021-11-02 02:47:09.913934 [GameProvider] {Main} Inserting new unbound entity because no suitable match was found. uniqueId=RTRO_retail
D 2021-11-02 02:47:09.914069 [GameProvider] {Main} Inserting new unbound entity because no suitable match was found. uniqueId=S1_retail
D 2021-11-02 02:47:09.914252 [GameProvider] {Main} Inserting new unbound entity because no suitable match was found. uniqueId=S2_retail
D 2021-11-02 02:47:09.914297 [GameProvider] {Main} Inserting new unbound entity because no suitable match was found. uniqueId=VIPR_retail
D 2021-11-02 02:47:09.914444 [GameProvider] {Main} Inserting new unbound entity because no suitable match was found. uniqueId=W3_retail
D 2021-11-02 02:47:09.914588 [GameProvider] {Main} Inserting new unbound entity because no suitable match was found. uniqueId=WLBY_retail
D 2021-11-02 02:47:09.914789 [GameProvider] {Main} Inserting new unbound entity because no suitable match was found. uniqueId=WTCG_retail
D 2021-11-02 02:47:09.914944 [GameProvider] {Main} Inserting new unbound entity because no suitable match was found. uniqueId=WoW_retail
D 2021-11-02 02:47:09.915093 [GameProvider] {Main} Tried to insert an unbound entity with no uid. productCode=WoWC_wow_classic
D 2021-11-02 02:47:09.915108 [GameProvider] {Main} Inserting new unbound entity because no suitable match was found. uniqueId=ZEUS_retail
D 2021-11-02 02:47:09.915289 [GameProvider] {Main} Tried to insert an unbound entity that already exists. productCode=Pro_retail bound=0
D 2021-11-02 02:47:09.915307 [GameProvider] {Main} Tried to insert an unbound entity that already exists. productCode=S2_retail bound=0
D 2021-11-02 02:47:09.915350 [GameProvider] {Main} Binding account info to available unbound entity. productCode=S2_retail accountInfo=[S2-S2:retail]
I 2021-11-02 02:47:09.915460 [GameProvider] {Main} Inserting new bound entity because no suitable match was found. accountInfo=[Pro-Pro:ow_tournament_viewer_2] productId=Pro productType=ow_tournament_viewer_2
I 2021-11-02 02:47:09.915662 [GameProvider] {Main} Inserting new bound entity because no suitable match was found. accountInfo=[OSI-OSI:beta] productId=OSI productType=beta
I 2021-11-02 02:47:09.915809 [GameProvider] {Main} Inserting new bound entity because no suitable match was found. accountInfo=[S2-S2:ptr] productId=S2 productType=ptr
D 2021-11-02 02:47:09.915967 [GameProvider] {Main} Binding account info to available unbound entity. productCode=S1_retail accountInfo=[S1-S1:retail]
D 2021-11-02 02:47:09.915986 [GameProvider] {Main} Binding account info to available unbound entity. productCode=Hero_retail accountInfo=[Hero-Hero:retail]
I 2021-11-02 02:47:09.916009 [GameProvider] {Main} Inserting new bound entity because no suitable match was found. accountInfo=[FORE-FORE:beta] productId=FORE productType=beta
I 2021-11-02 02:47:09.916242 [GameProvider] {Main} Inserting new bound entity because no suitable match was found. accountInfo=[S1-S1:ptr] productId=S1 productType=ptr
I 2021-11-02 02:47:09.916481 [GameProvider] {Main} Inserting new bound entity because no suitable match was found. accountInfo=[Pro-Pro:ow_tournament_viewer_1] productId=Pro productType=ow_tournament_viewer_1
D 2021-11-02 02:47:09.916609 [GameProvider] {Main} Binding account info to available unbound entity. productCode=Pro_retail accountInfo=[Pro-Pro:retail]
I 2021-11-02 02:47:09.916653 [GameProvider] {Main} Inserting new bound entity because no suitable match was found. accountInfo=[Pro-Pro:ow_worldcup_viewer] productId=Pro productType=ow_worldcup_viewer
I 2021-11-02 02:47:09.916779 [GameProvider] {Main} Inserting new bound entity because no suitable match was found. accountInfo=[Pro-Pro:ptr] productId=Pro productType=ptr
I 2021-11-02 02:47:09.916895 [GameProvider] {Main} Inserting new bound entity because no suitable match was found. accountInfo=[ODIN-ODIN_MW:beta] productId=ODIN_MW productType=beta
I 2021-11-02 02:47:09.916993 [GameProvider] {Main} Inserting new bound entity because no suitable match was found. accountInfo=[Hero-Hero:ptr] productId=Hero productType=ptr
D 2021-11-02 02:47:09.917082 [GameProvider] {Main} Binding account info to available unbound entity. productCode=VIPR_retail accountInfo=[VIPR-VIPR:retail]
D 2021-11-02 02:47:09.917098 [GameProvider] {Main} Binding account info to available unbound entity. productCode=WTCG_retail accountInfo=[WTCG-WTCG:retail]
I 2021-11-02 02:47:09.917110 [GameProvider] {Main} Inserting new bound entity because no suitable match was found. accountInfo=[ZEUS-ZEUS:beta] productId=ZEUS productType=beta
I 2021-11-02 02:47:09.917180 [GameProvider] {Main} Game provider is now initialized
I 2021-11-02 02:47:09.917435 [InstallFlow] {Main} FlowController is now initialized
I 2021-11-02 02:47:09.917493 [GameController] {Main} Beginning GameController initialization
D 2021-11-02 02:47:09.917646 [GameController] {Main} Game Family Added: id=Pro visible=0
D 2021-11-02 02:47:09.917733 [ProductState] {Main} Game product state created: uid=prometheus_viewer
D 2021-11-02 02:47:09.917761 [ProductState] {Main} InstallState (prometheus_viewer): currentOperation=Install currentOperationStatus=New
I 2021-11-02 02:47:09.917859 [GameController] {Main} GameAccount added to family: family=Pro account=GameAccount(Pro:ow_worldcup_viewer region=US hidden)
D 2021-11-02 02:47:09.917887 [GameController] {Main} Adding product state reference. uid=prometheus_viewer refCount=0
D 2021-11-02 02:47:09.918412 [GameController] {Main} Game Family Added: id=Hero visible=0
D 2021-11-02 02:47:09.918465 [ProductState] {Main} Game product state created: uid=heroes
D 2021-11-02 02:47:09.918483 [ProductState] {Main} InstallState (heroes): currentOperation=Install currentOperationStatus=New
I 2021-11-02 02:47:09.918546 [GameController] {Main} GameAccount added to family: family=Hero account=GameAccount(Hero:retail region=US)
D 2021-11-02 02:47:09.918568 [GameController] {Main} Adding product state reference. uid=heroes refCount=0
D 2021-11-02 02:47:09.918634 [GameController] {Main} Visibility Changed. family=Hero visible=1
D 2021-11-02 02:47:09.919112 [GameController] {Main} Game Family Added: id=AUKS visible=0
D 2021-11-02 02:47:09.919169 [ProductState] {Main} Game product state created: uid=auks
D 2021-11-02 02:47:09.919195 [ProductState] {Main} InstallState (auks): currentOperation=Install currentOperationStatus=New
I 2021-11-02 02:47:09.919290 [GameController] {Main} GameAccount added to family: family=AUKS account=GameAccount(AUKS:retail region=US unbound hidden)
D 2021-11-02 02:47:09.919314 [GameController] {Main} Adding product state reference. uid=auks refCount=0
D 2021-11-02 02:47:09.919784 [GameController] {Main} Game Family Added: id=FORE visible=0
D 2021-11-02 02:47:09.919837 [ProductState] {Main} Game product state created: uid=fore
D 2021-11-02 02:47:09.919850 [ProductState] {Main} InstallState (fore): currentOperation=Install currentOperationStatus=New
I 2021-11-02 02:47:09.919922 [GameController] {Main} GameAccount added to family: family=FORE account=GameAccount(FORE:retail region=US unbound)
D 2021-11-02 02:47:09.919968 [GameController] {Main} Adding product state reference. uid=fore refCount=0
D 2021-11-02 02:47:09.920006 [GameController] {Main} Visibility Changed. family=FORE visible=1
D 2021-11-02 02:47:09.920670 [GameController] {Main} Game Family Added: id=D3 visible=0
D 2021-11-02 02:47:09.920766 [ProductState] {Main} Game product state created: uid=diablo3
D 2021-11-02 02:47:09.920794 [ProductState] {Main} InstallState (diablo3): currentOperation=Install currentOperationStatus=New
I 2021-11-02 02:47:09.920956 [GameController] {Main} GameAccount added to family: family=D3 account=GameAccount(D3:retail region=US unbound)
D 2021-11-02 02:47:09.921002 [GameController] {Main} Adding product state reference. uid=diablo3 refCount=0
D 2021-11-02 02:47:09.921080 [GameController] {Main} Visibility Changed. family=D3 visible=1
D 2021-11-02 02:47:09.921968 [GameController] {Main} Game Family Added: id=D3CN visible=0
D 2021-11-02 02:47:09.922339 [ProductState] {Main} Game product state created: uid=d3cn
D 2021-11-02 02:47:09.922379 [ProductState] {Main} InstallState (d3cn): currentOperation=Install currentOperationStatus=New
I 2021-11-02 02:47:09.922493 [GameController] {Main} GameAccount added to family: family=D3CN account=GameAccount(D3CN:retail region=<none> unbound hidden)
D 2021-11-02 02:47:09.922528 [GameController] {Main} Adding product state reference. uid=d3cn refCount=0
D 2021-11-02 02:47:09.923917 [GameController] {Main} Game Family Added: id=LAZR visible=0
D 2021-11-02 02:47:09.924053 [ProductState] {Main} Game product state created: uid=lazarus
D 2021-11-02 02:47:09.924090 [ProductState] {Main} InstallState (lazarus): currentOperation=Install currentOperationStatus=New
I 2021-11-02 02:47:09.924267 [GameController] {Main} GameAccount added to family: family=LAZR account=GameAccount(LAZR:retail region=US unbound)
D 2021-11-02 02:47:09.924333 [GameController] {Main} Adding product state reference. uid=lazarus refCount=0
D 2021-11-02 02:47:09.924462 [GameController] {Main} Visibility Changed. family=LAZR visible=1
D 2021-11-02 02:47:09.926121 [GameController] {Main} Game Family Added: id=Fen visible=0
D 2021-11-02 02:47:09.926662 [ProductState] {Main} Game product state created: uid=fenris
D 2021-11-02 02:47:09.926722 [ProductState] {Main} InstallState (fenris): currentOperation=Install currentOperationStatus=New
I 2021-11-02 02:47:09.926892 [GameController] {Main} GameAccount added to family: family=Fen account=GameAccount(Fen:retail region=US unbound hidden)
D 2021-11-02 02:47:09.926948 [GameController] {Main} Adding product state reference. uid=fenris refCount=0
D 2021-11-02 02:47:09.928558 [GameController] {Main} Game Family Added: id=OSI visible=0
D 2021-11-02 02:47:09.928794 [ProductState] {Main} Game product state created: uid=osi
D 2021-11-02 02:47:09.928835 [ProductState] {Main} InstallState (osi): currentOperation=Install currentOperationStatus=New
I 2021-11-02 02:47:09.928964 [GameController] {Main} GameAccount added to family: family=OSI account=GameAccount(OSI:retail region=US unbound)
D 2021-11-02 02:47:09.929017 [GameController] {Main} Adding product state reference. uid=osi refCount=0
D 2021-11-02 02:47:09.929135 [GameController] {Main} Visibility Changed. family=OSI visible=1
I 2021-11-02 02:47:09.930618 [GameController] {Main} GameAccount added to family: family=Pro account=GameAccount(Pro:retail region=US)
D 2021-11-02 02:47:09.930699 [GameController] {Main} Adding product state reference. uid=prometheus refCount=0
D 2021-11-02 02:47:09.930810 [GameController] {Main} Visibility Changed. family=Pro visible=1
D 2021-11-02 02:47:09.931719 [GameController] {Main} Game Family Added: id=ODIN visible=0
D 2021-11-02 02:47:09.931829 [ProductState] {Main} Game product state created: uid=odin
D 2021-11-02 02:47:09.931850 [ProductState] {Main} InstallState (odin): currentOperation=Install currentOperationStatus=New
I 2021-11-02 02:47:09.931917 [GameController] {Main} GameAccount added to family: family=ODIN account=GameAccount(ODIN:retail region=US unbound)
D 2021-11-02 02:47:09.931944 [GameController] {Main} Adding product state reference. uid=odin refCount=0
D 2021-11-02 02:47:09.931989 [GameController] {Main} Visibility Changed. family=ODIN visible=1
D 2021-11-02 02:47:09.932860 [GameController] {Main} Game Family Added: id=ZEUS visible=0
D 2021-11-02 02:47:09.932954 [ProductState] {Main} Game product state created: uid=zeus
D 2021-11-02 02:47:09.932987 [ProductState] {Main} InstallState (zeus): currentOperation=Install currentOperationStatus=New
I 2021-11-02 02:47:09.933080 [GameController] {Main} GameAccount added to family: family=ZEUS account=GameAccount(ZEUS:retail region=US unbound)
D 2021-11-02 02:47:09.933120 [GameController] {Main} Adding product state reference. uid=zeus refCount=0
D 2021-11-02 02:47:09.933195 [GameController] {Main} Visibility Changed. family=ZEUS visible=1
D 2021-11-02 02:47:09.934149 [GameController] {Main} Game Family Added: id=RTRO visible=0
D 2021-11-02 02:47:09.934284 [ProductState] {Main} Game product state created: uid=rtro
D 2021-11-02 02:47:09.934309 [ProductState] {Main} InstallState (rtro): currentOperation=Install currentOperationStatus=New
I 2021-11-02 02:47:09.934399 [GameController] {Main} GameAccount added to family: family=RTRO account=GameAccount(RTRO:retail region=US unbound)
D 2021-11-02 02:47:09.934459 [GameController] {Main} Adding product state reference. uid=rtro refCount=0
D 2021-11-02 02:47:09.934533 [GameController] {Main} Visibility Changed. family=RTRO visible=1
D 2021-11-02 02:47:09.935510 [GameController] {Main} Game Family Added: id=S1 visible=0
D 2021-11-02 02:47:09.935601 [ProductState] {Main} Game product state created: uid=s1
D 2021-11-02 02:47:09.935626 [ProductState] {Main} InstallState (s1): currentOperation=Install currentOperationStatus=New
I 2021-11-02 02:47:09.935715 [GameController] {Main} GameAccount added to family: family=S1 account=GameAccount(S1:retail region=US)
D 2021-11-02 02:47:09.935754 [GameController] {Main} Adding product state reference. uid=s1 refCount=0
D 2021-11-02 02:47:09.935823 [GameController] {Main} Visibility Changed. family=S1 visible=1
D 2021-11-02 02:47:09.936824 [GameController] {Main} Game Family Added: id=S2 visible=0
I 2021-11-02 02:47:09.936881 [GameController] {Main} GameAccount added to family: family=S2 account=GameAccount(S2:retail region=US)
D 2021-11-02 02:47:09.936913 [GameController] {Main} Adding product state reference. uid=s2 refCount=0
D 2021-11-02 02:47:09.936977 [GameController] {Main} Visibility Changed. family=S2 visible=1
D 2021-11-02 02:47:09.937814 [ProductState] {Main} Game product state created: uid=odin_beta
D 2021-11-02 02:47:09.937839 [ProductState] {Main} InstallState (odin_beta): currentOperation=Install currentOperationStatus=New
I 2021-11-02 02:47:09.937932 [GameController] {Main} GameAccount added to family: family=ODIN account=GameAccount(ODIN:beta region=US hidden)
D 2021-11-02 02:47:09.937959 [GameController] {Main} Adding product state reference. uid=odin_beta refCount=0
D 2021-11-02 02:47:09.938573 [GameController] {Main} Game Family Added: id=VIPR visible=0
D 2021-11-02 02:47:09.938841 [ProductState] {Main} Game product state created: uid=viper
D 2021-11-02 02:47:09.938907 [ProductState] {Main} InstallState (viper): currentOperation=Install currentOperationStatus=New
I 2021-11-02 02:47:09.939151 [GameController] {Main} GameAccount added to family: family=VIPR account=GameAccount(VIPR:retail region=US)
D 2021-11-02 02:47:09.939202 [GameController] {Main} Adding product state reference. uid=viper refCount=0
D 2021-11-02 02:47:09.939292 [GameController] {Main} Visibility Changed. family=VIPR visible=1
D 2021-11-02 02:47:09.941281 [GameController] {Main} Game Family Added: id=W3 visible=0
D 2021-11-02 02:47:09.941573 [ProductState] {Main} Game product state created: uid=w3
D 2021-11-02 02:47:09.941814 [ProductState] {Main} InstallState (w3): currentOperation=Install currentOperationStatus=New
I 2021-11-02 02:47:09.942228 [GameController] {Main} GameAccount added to family: family=W3 account=GameAccount(W3:retail region=US unbound)
D 2021-11-02 02:47:09.942315 [GameController] {Main} Adding product state reference. uid=w3 refCount=0
D 2021-11-02 02:47:09.942492 [GameController] {Main} Visibility Changed. family=W3 visible=1
D 2021-11-02 02:47:09.943416 [GameController] {Main} Game Family Added: id=WLBY visible=0
D 2021-11-02 02:47:09.943649 [ProductState] {Main} Game product state created: uid=wlby
D 2021-11-02 02:47:09.943715 [ProductState] {Main} InstallState (wlby): currentOperation=Install currentOperationStatus=New
I 2021-11-02 02:47:09.944124 [GameController] {Main} GameAccount added to family: family=WLBY account=GameAccount(WLBY:retail region=US unbound)
D 2021-11-02 02:47:09.944497 [GameController] {Main} Adding product state reference. uid=wlby refCount=0
D 2021-11-02 02:47:09.944684 [GameController] {Main} Visibility Changed. family=WLBY visible=1
D 2021-11-02 02:47:09.945939 [GameController] {Main} Game Family Added: id=WTCG visible=0
D 2021-11-02 02:47:09.946277 [ProductState] {Main} Game product state created: uid=hs_beta
D 2021-11-02 02:47:09.946328 [ProductState] {Main} InstallState (hs_beta): currentOperation=Install currentOperationStatus=New
I 2021-11-02 02:47:09.946577 [GameController] {Main} GameAccount added to family: family=WTCG account=GameAccount(WTCG:retail region=US)
D 2021-11-02 02:47:09.946662 [GameController] {Main} Adding product state reference. uid=hs_beta refCount=0
D 2021-11-02 02:47:09.946810 [GameController] {Main} Visibility Changed. family=WTCG visible=1
D 2021-11-02 02:47:09.947998 [GameController] {Main} Game Family Added: id=WoW visible=0
D 2021-11-02 02:47:09.948144 [ProductState] {Main} Game product state created: uid=wow
D 2021-11-02 02:47:09.948207 [ProductState] {Main} InstallState (wow): currentOperation=Install currentOperationStatus=New
I 2021-11-02 02:47:09.948354 [GameController] {Main} GameAccount added to family: family=WoW account=GameAccount(WoW:retail region=US unbound)
D 2021-11-02 02:47:09.948397 [GameController] {Main} Adding product state reference. uid=wow refCount=0
D 2021-11-02 02:47:09.948464 [GameController] {Main} Visibility Changed. family=WoW visible=1
D 2021-11-02 02:47:09.949411 [ProductState] {Main} Game product state created: uid=prometheus_tournament_viewer_2
D 2021-11-02 02:47:09.949447 [ProductState] {Main} InstallState (prometheus_tournament_viewer_2): currentOperation=Install currentOperationStatus=New
I 2021-11-02 02:47:09.949539 [GameController] {Main} GameAccount added to family: family=Pro account=GameAccount(Pro:ow_tournament_viewer_2 region=US)
D 2021-11-02 02:47:09.949592 [GameController] {Main} Adding product state reference. uid=prometheus_tournament_viewer_2 refCount=0
D 2021-11-02 02:47:09.950751 [ProductState] {Main} Game product state created: uid=osi_beta
D 2021-11-02 02:47:09.950794 [ProductState] {Main} InstallState (osi_beta): currentOperation=Install currentOperationStatus=New
I 2021-11-02 02:47:09.950963 [GameController] {Main} GameAccount added to family: family=OSI account=GameAccount(OSI:beta region=US hidden)
D 2021-11-02 02:47:09.950998 [GameController] {Main} Adding product state reference. uid=osi_beta refCount=0
D 2021-11-02 02:47:09.951604 [ProductState] {Main} Game product state created: uid=s2_ptr
D 2021-11-02 02:47:09.951630 [ProductState] {Main} InstallState (s2_ptr): currentOperation=Install currentOperationStatus=New
I 2021-11-02 02:47:09.951728 [GameController] {Main} GameAccount added to family: family=S2 account=GameAccount(S2:ptr region=XX)
D 2021-11-02 02:47:09.951759 [GameController] {Main} Adding product state reference. uid=s2_ptr refCount=0
D 2021-11-02 02:47:09.952364 [ProductState] {Main} Game product state created: uid=fore_beta
D 2021-11-02 02:47:09.952396 [ProductState] {Main} InstallState (fore_beta): currentOperation=Install currentOperationStatus=New
I 2021-11-02 02:47:09.952584 [GameController] {Main} GameAccount added to family: family=FORE account=GameAccount(FORE:beta region=US hidden)
D 2021-11-02 02:47:09.952621 [GameController] {Main} Adding product state reference. uid=fore_beta refCount=0
D 2021-11-02 02:47:09.953317 [ProductState] {Main} Game product state created: uid=s1_ptr
D 2021-11-02 02:47:09.953337 [ProductState] {Main} InstallState (s1_ptr): currentOperation=Install currentOperationStatus=New
I 2021-11-02 02:47:09.953421 [GameController] {Main} GameAccount added to family: family=S1 account=GameAccount(S1:ptr region=XX)
D 2021-11-02 02:47:09.953442 [GameController] {Main} Adding product state reference. uid=s1_ptr refCount=0
D 2021-11-02 02:47:09.953960 [ProductState] {Main} Game product state created: uid=prometheus_tournament_viewer
D 2021-11-02 02:47:09.953977 [ProductState] {Main} InstallState (prometheus_tournament_viewer): currentOperation=Install currentOperationStatus=New
I 2021-11-02 02:47:09.954021 [GameController] {Main} GameAccount added to family: family=Pro account=GameAccount(Pro:ow_tournament_viewer_1 region=US)
D 2021-11-02 02:47:09.954049 [GameController] {Main} Adding product state reference. uid=prometheus_tournament_viewer refCount=0
D 2021-11-02 02:47:09.954666 [ProductState] {Main} Game product state created: uid=heroes_ptr
D 2021-11-02 02:47:09.954690 [ProductState] {Main} InstallState (heroes_ptr): currentOperation=Install currentOperationStatus=New
I 2021-11-02 02:47:09.954770 [GameController] {Main} GameAccount added to family: family=Hero account=GameAccount(Hero:ptr region=XX)
D 2021-11-02 02:47:09.954792 [GameController] {Main} Adding product state reference. uid=heroes_ptr refCount=0
D 2021-11-02 02:47:09.955349 [ProductState] {Main} Game product state created: uid=prometheus_test
D 2021-11-02 02:47:09.955393 [ProductState] {Main} InstallState (prometheus_test): currentOperation=Install currentOperationStatus=New
I 2021-11-02 02:47:09.955562 [GameController] {Main} GameAccount added to family: family=Pro account=GameAccount(Pro:ptr region=XX)
D 2021-11-02 02:47:09.955632 [GameController] {Main} Adding product state reference. uid=prometheus_test refCount=0
D 2021-11-02 02:47:09.957251 [ProductState] {Main} Game product state created: uid=zeus_beta
D 2021-11-02 02:47:09.957304 [ProductState] {Main} InstallState (zeus_beta): currentOperation=Install currentOperationStatus=New
I 2021-11-02 02:47:09.957485 [GameController] {Main} GameAccount added to family: family=ZEUS account=GameAccount(ZEUS:beta region=US hidden)
D 2021-11-02 02:47:09.957531 [GameController] {Main} Adding product state reference. uid=zeus_beta refCount=0
I 2021-11-02 02:47:09.979168 [GameController] {Main} Setting default selections for game controller
D 2021-11-02 02:47:09.979278 [GameController] {Main} Picked default selection by type for product group: OSI account=GameAccount(OSI:retail region=US unbound)
D 2021-11-02 02:47:09.980987 [GameController] {Main} Selected region change: GameAccount(OSI:retail region=US unbound)
D 2021-11-02 02:47:09.981034 [GameController] {Main} Region changed for selected game account: GameAccount(OSI:retail region=US unbound)
D 2021-11-02 02:47:09.981245 [GameController] {Main} New selection for product group OSI: account=GameAccount(OSI:retail region=US unbound) selectedItem=Diablo II: Resurrected
D 2021-11-02 02:47:09.981282 [GameController] {Main} Picked default selection by type for product group: WLBY account=GameAccount(WLBY:retail region=US unbound)
D 2021-11-02 02:47:09.982782 [GameController] {Main} New selection for product group WLBY: account=GameAccount(WLBY:retail region=US unbound) selectedItem=Crash Bandicoot 4: It's About Time
D 2021-11-02 02:47:09.983107 [GameController] {Main} Picked default selection by type for product group: S2 account=GameAccount(S2:retail region=US)
D 2021-11-02 02:47:09.984389 [GameController] {Main} New selection for product group S2: account=GameAccount(S2:retail region=US) selectedItem=StarCraft II
D 2021-11-02 02:47:09.984571 [RemoteContentCache] {Main} Found cached remote content. url=https://nydus.battle.net/App/enUS/client/S2/alert?targetRegion=US
D 2021-11-02 02:47:09.984605 [GameController] {Main} Picked default selection by type for product group: WoW account=GameAccount(WoW:retail region=US unbound)
D 2021-11-02 02:47:09.986171 [GameController] {Main} New selection for product group WoW: account=GameAccount(WoW:retail region=US unbound) selectedItem=World of Warcraft
D 2021-11-02 02:47:09.986391 [RemoteContentCache] {Main} Found cached remote content. url=https://nydus.battle.net/App/enUS/client/WoW/alert?targetRegion=US
D 2021-11-02 02:47:09.986434 [GameController] {Main} Picked default selection by type for product group: ODIN account=GameAccount(ODIN:retail region=US unbound)
D 2021-11-02 02:47:09.987512 [GameController] {Main} New selection for product group ODIN: account=GameAccount(ODIN:retail region=US unbound) selectedItem=Call of Duty: Warzone
D 2021-11-02 02:47:09.987697 [RemoteContentCache] {Main} Found cached remote content. url=https://nydus.battle.net/App/enUS/client/odin/alert?targetRegion=US
D 2021-11-02 02:47:09.987729 [GameController] {Main} Picked default selection by type for product group: Fen account=GameAccount(null)
D 2021-11-02 02:47:09.987744 [GameController] {Main} Picked default selection by type for product group: W3 account=GameAccount(W3:retail region=US unbound)
D 2021-11-02 02:47:09.989099 [GameController] {Main} New selection for product group W3: account=GameAccount(W3:retail region=US unbound) selectedItem=Warcraft III
D 2021-11-02 02:47:09.989737 [RemoteContentCache] {Main} Found cached remote content. url=https://nydus.battle.net/App/enUS/client/war3r/alert?targetRegion=US
D 2021-11-02 02:47:09.989995 [GameController] {Main} Picked default selection by type for product group: RTRO account=GameAccount(RTRO:retail region=US unbound)
D 2021-11-02 02:47:09.995298 [GameController] {Main} Selected region change: GameAccount(RTRO:retail region=US unbound)
D 2021-11-02 02:47:09.995427 [GameController] {Main} Region changed for selected game account: GameAccount(RTRO:retail region=US unbound)
D 2021-11-02 02:47:09.995962 [GameController] {Main} New selection for product group RTRO: account=GameAccount(RTRO:retail region=US unbound) selectedItem=Blizzard Arcade Collection
D 2021-11-02 02:47:09.996070 [GameController] {Main} Picked default selection by type for product group: FORE account=GameAccount(FORE:retail region=US unbound)
D 2021-11-02 02:47:09.998255 [GameController] {Main} Selected region change: GameAccount(FORE:retail region=US unbound)
D 2021-11-02 02:47:09.998369 [GameController] {Main} Region changed for selected game account: GameAccount(FORE:retail region=US unbound)
D 2021-11-02 02:47:09.998410 [GameController] {Main} New selection for product group FORE: account=GameAccount(FORE:retail region=US unbound) selectedItem=Call of Duty: Vanguard
D 2021-11-02 02:47:09.998459 [GameController] {Main} Picked default selection by type for product group: S1 account=GameAccount(S1:retail region=US)
D 2021-11-02 02:47:10.000562 [GameController] {Main} New selection for product group S1: account=GameAccount(S1:retail region=US) selectedItem=StarCraft
D 2021-11-02 02:47:10.000873 [RemoteContentCache] {Main} Found cached remote content. url=https://nydus.battle.net/App/enUS/client/S1/alert?targetRegion=US
D 2021-11-02 02:47:10.000920 [GameController] {Main} Picked default selection by type for product group: D3CN account=GameAccount(null)
D 2021-11-02 02:47:10.000962 [GameController] {Main} Picked default selection by type for product group: Pro account=GameAccount(Pro:retail region=US)
D 2021-11-02 02:47:10.003957 [GameController] {Main} New selection for product group Pro: account=GameAccount(Pro:retail region=US) selectedItem=Overwatch
D 2021-11-02 02:47:10.004330 [RemoteContentCache] {Main} Found cached remote content. url=https://nydus.battle.net/App/enUS/client/overwatch/alert?targetRegion=US
D 2021-11-02 02:47:10.004403 [GameController] {Main} Picked default selection by type for product group: LAZR account=GameAccount(LAZR:retail region=US unbound)
D 2021-11-02 02:47:10.006487 [GameController] {Main} New selection for product group LAZR: account=GameAccount(LAZR:retail region=US unbound) selectedItem=Call of Duty: MW2 Campaign Remastered
D 2021-11-02 02:47:10.007213 [RemoteContentCache] {Main} Found cached remote content. url=https://nydus.battle.net/App/enUS/client/lazr/alert?targetRegion=US
D 2021-11-02 02:47:10.007292 [GameController] {Main} Picked default selection by type for product group: WTCG account=GameAccount(WTCG:retail region=US)
D 2021-11-02 02:47:10.008666 [GameController] {Main} New selection for product group WTCG: account=GameAccount(WTCG:retail region=US) selectedItem=Hearthstone
D 2021-11-02 02:47:10.008876 [RemoteContentCache] {Main} Found cached remote content. url=https://nydus.battle.net/App/enUS/client/WTCG/alert?targetRegion=US
D 2021-11-02 02:47:10.008915 [GameController] {Main} Picked default selection by type for product group: ZEUS account=GameAccount(ZEUS:retail region=US unbound)
D 2021-11-02 02:47:10.011072 [GameController] {Main} Selected region change: GameAccount(ZEUS:retail region=US unbound)
D 2021-11-02 02:47:10.011164 [GameController] {Main} Region changed for selected game account: GameAccount(ZEUS:retail region=US unbound)
D 2021-11-02 02:47:10.011523 [GameController] {Main} New selection for product group ZEUS: account=GameAccount(ZEUS:retail region=US unbound) selectedItem=Call of Duty: Black Ops Cold War
D 2021-11-02 02:47:10.011644 [GameController] {Main} Picked default selection by type for product group: D3 account=GameAccount(D3:retail region=US unbound)
D 2021-11-02 02:47:10.013739 [GameController] {Main} New selection for product group D3: account=GameAccount(D3:retail region=US unbound) selectedItem=Diablo III
D 2021-11-02 02:47:10.014021 [RemoteContentCache] {Main} Found cached remote content. url=https://nydus.battle.net/App/enUS/client/D3/alert?targetRegion=US
D 2021-11-02 02:47:10.014112 [GameController] {Main} Picked default selection by type for product group: Hero account=GameAccount(Hero:retail region=US)
D 2021-11-02 02:47:10.016143 [GameController] {Main} New selection for product group Hero: account=GameAccount(Hero:retail region=US) selectedItem=Heroes of the Storm
D 2021-11-02 02:47:10.016340 [RemoteContentCache] {Main} Found cached remote content. url=https://nydus.battle.net/App/enUS/client/Hero/alert?targetRegion=US
D 2021-11-02 02:47:10.016379 [GameController] {Main} Picked default selection by type for product group: AUKS account=GameAccount(null)
D 2021-11-02 02:47:10.016393 [GameController] {Main} Picked default selection by type for product group: VIPR account=GameAccount(VIPR:retail region=US)
D 2021-11-02 02:47:10.017475 [GameController] {Main} New selection for product group VIPR: account=GameAccount(VIPR:retail region=US) selectedItem=Call of Duty: Black Ops 4
D 2021-11-02 02:47:10.017677 [RemoteContentCache] {Main} Found cached remote content. url=https://nydus.battle.net/App/enUS/client/VIPR/alert?targetRegion=US
D 2021-11-02 02:47:10.017755 [GameController] {Main} Selecting game family by id: Pro
D 2021-11-02 02:47:10.017767 [GameController] {Main} Active family set to: Pro
D 2021-11-02 02:47:10.026899 [GameController] {Main} Active product set to: Pro_retail
I 2021-11-02 02:47:10.033031 [GameController] {Main} GameController initialization complete
D 2021-11-02 02:47:10.034294 [GSAccountProvider] {Main} Completed final load.
D 2021-11-02 02:47:10.083111 [GSAccountProvider] {Main} Subscription has been activated. entityId=(Game: US-WTCG-50416411)
D 2021-11-02 02:47:10.083227 [GSAccountProvider] {Main} Subscription has been activated. entityId=(Game: US-DST2-168118293)
D 2021-11-02 02:47:10.083247 [GSAccountProvider] {Main} Subscription has been activated. entityId=(Game: XX-Hero-29793536)
D 2021-11-02 02:47:10.083260 [GSAccountProvider] {Main} Subscription has been activated. entityId=(Game: US-S2-142430010)
D 2021-11-02 02:47:10.083280 [GSAccountProvider] {Main} Subscription has been activated. entityId=(Game: US-Hero-61078631)
D 2021-11-02 02:47:10.083302 [GSAccountProvider] {Main} Subscription has been activated. entityId=(Game: US-S1-511902745)
D 2021-11-02 02:47:10.083328 [GSAccountProvider] {Main} Received GameTimeRemainingInfo: (Game: US-Hero-61078631) info=
D 2021-11-02 02:47:10.083346 [GSAccountProvider] {Main} Subscription has been activated. entityId=(Game: US-Pro-118039079)
D 2021-11-02 02:47:10.083357 [GSAccountProvider] {Main} Received GameTimeRemainingInfo: (Game: US-S1-511902745) info=
D 2021-11-02 02:47:10.083366 [GSAccountProvider] {Main} Received GameTimeRemainingInfo: (Game: US-WTCG-50416411) info=
D 2021-11-02 02:47:10.083374 [GSAccountProvider] {Main} Received GameTimeRemainingInfo: (Game: US-DST2-168118293) info=
D 2021-11-02 02:47:10.104415 [InstallManager] {Main} Game finished versioning prometheus
D 2021-11-02 02:47:10.149770 [GSAccountProvider] {Main} Received GameTimeRemainingInfo: (Game: US-Pro-118039079) info=
D 2021-11-02 02:47:10.149801 [GSAccountProvider] {Main} Received GameTimeRemainingInfo: (Game: US-S2-142430010) info=
D 2021-11-02 02:47:10.685886 [BAPIGateway] {Main} API request: https://us.api.blizzard.com/content-api/v1/layoutTemplates/blt478cfc6c41578ddb/layout?cxpProductId=blt90855744d00cd378
I 2021-11-02 02:47:10.745467 [GameController] {Main} Selecting game by uid. uid=s2 prioritizeUpdate=1
D 2021-11-02 02:47:10.745586 [GameController] {Main} Active family set to: S2
D 2021-11-02 02:47:10.749274 [GameController] {Main} Active product set to: S2_retail
I 2021-11-02 02:47:10.754366 [GameController] {Main} Prioritize Update: uid=s2
I 2021-11-02 02:47:10.754426 [ScreenController] {Main} Changing screen to: Games
I 2021-11-02 02:47:10.763563 [StartupGameSearch] {Main} Skipping automated search for unregistered games
W 2021-11-02 02:47:10.763593 [InstallManager] {Main} Skipping search for unregistered games.
I 2021-11-02 02:47:10.763603 [InstallManager] {Main} Searching for unregistered games finished.
I 2021-11-02 02:47:10.763672 [StartupGameSearch] {Main} Completed automated search for unregistered games
I 2021-11-02 02:47:10.763918 [InstallFlow] {Main} No longer waiting for game registration search to complete.
D 2021-11-02 02:47:10.766432 [InventoryController] {Main} Updating inventory
D 2021-11-02 02:47:10.766467 [InventoryController] {Main} GetInventoryInfo request
D 2021-11-02 02:47:10.766487 [BAPIGateway] {Main} API request: https://us.api.blizzard.com/AccountInventoryService/v1/GetNewInventoryItemCount
I 2021-11-02 02:47:10.772310 [Clubs] {Main} Subscribing to club membership.
I 2021-11-02 02:47:10.772469 [ChannelV2] {Main} Subscribing to channelv2 membership service. |agentId=|id=101128130|program=4288624|region=1
I 2021-11-02 02:47:10.772553 [BNLogin] {Main} Logged into Battle.net successfully. |bnet=1:0:126e7264|game=2:100417070:60717c2
I 2021-11-02 02:47:10.874271 [GameSessionList] {Agent} Reporting process: TrackingInfo(uid=battle.net, type=game, opStatus=On, reqId=0, running=3, oldRunning=1)
D 2021-11-02 02:47:10.884474 [InstallManager] {Main} Game finished versioning battle.net
I 2021-11-02 02:47:10.884775 [InstallManager] {Main} Setting Process Running: true uid=battle.net binaryType=game any=true
I 2021-11-02 02:47:11.020410 [ChannelV2] {Main} ChannelV2 membership subscription created.
D 2021-11-02 02:47:11.120423 [BAPIGateway] {Main} API response: OK content={"layoutId":"blt9fc836ef855c7669","sections":[],"context":{"locale":"en-us","cxpProductId":"blt90855744d00cd378","layoutTemplateId":"blt478cfc6c41578ddb","region":"North America","includeFeed":false}}
D 2021-11-02 02:47:11.130330 [BAPIGateway] {Main} API response: OK content={"error":null,"newCount":0,"totalCount":0}
D 2021-11-02 02:47:11.130373 [InventoryController] {Main} Inventory changed, new: 0 total: 0
I 2021-11-02 02:47:11.170831 [Clubs] {Main} Club membership subscription created: |accountId=|id=309228132
E 2021-11-02 02:47:12.600772 [BNSocialNetwork] {Main} Error response for BGS Facebook friend list. error=ERROR_SOCIAL_NETWORK_NO_ACCOUNT_DATA (9005)
I 2021-11-02 02:47:14.771305 [BrowserClientHandler] {} Creating new auth request for url. frameId=17179869188 requestId=2181139255 url=https://us.battle.net/login/en/?ref=https://oauth.battle.net/oauth/authorize?optLogin%3Dtrue%26optSso%3Dtrue%26response_type%3Dcode%26redirect_uri%3Dhttps%253A%252F%252Fcontent-ui.battle.net%252Fauth%252Fbnet%252Fcallback%26scope%3Dcts%253Aread%26client_id%3D7551465a10ef43838bb8aa1c8bbe1a4d&app=oauth&opt&optSso
D 2021-11-02 02:47:14.773532 [BrowserClientHandler] {} Deferring url request for auth. frameId=17179869188 requestId=2181139255 url=https://us.battle.net/login/en/?ref=https://oauth.battle.net/oauth/authorize?optLogin%3Dtrue%26optSso%3Dtrue%26response_type%3Dcode%26redirect_uri%3Dhttps%253A%252F%252Fcontent-ui.battle.net%252Fauth%252Fbnet%252Fcallback%26scope%3Dcts%253Aread%26client_id%3D7551465a10ef43838bb8aa1c8bbe1a4d&app=oauth&opt&optSso
D 2021-11-02 02:47:15.028468 [Frontend] {Main} Checking if we should show patch notes. currentVersion=13147 minVersion=13121
D 2021-11-02 02:47:15.120370 [BrowserClientHandler] {Main} Auth complete, resuming deferred request. frameId=17179869188 requestId=2181139255 url=https://us.battle.net/login/en/?ref=https://oauth.battle.net/oauth/authorize?optLogin%3Dtrue%26optSso%3Dtrue%26response_type%3Dcode%26redirect_uri%3Dhttps%253A%252F%252Fcontent-ui.battle.net%252Fauth%252Fbnet%252Fcallback%26scope%3Dcts%253Aread%26client_id%3D7551465a10ef43838bb8aa1c8bbe1a4d&app=oauth&opt&optSso
I 2021-11-02 02:47:16.998544 [GameSessionList] {Agent} Reporting process: TrackingInfo(uid=battle.net, type=game, opStatus=On, reqId=0, running=4, oldRunning=3)
I 2021-11-02 02:47:17.000600 [InstallManager] {Main} Setting Process Running: true uid=battle.net binaryType=game any=true
D 2021-11-02 02:47:24.454889 [GameController] {Main} Selecting game family by id: Pro
D 2021-11-02 02:47:24.454986 [GameController] {Main} Active family set to: Pro
D 2021-11-02 02:47:24.462850 [GameController] {Main} Active product set to: Pro_retail
D 2021-11-02 02:47:25.945812 [GameController] {Main} Selecting game family by id: Pro
I 2021-11-02 02:47:25.966440 [GameController] {Main} LaunchBinary: uid=prometheus selectedRegion=US binaryType=game
D 2021-11-02 02:47:25.985934 [InstallInfo] {Main} Operation status changed: opType=Execute oldStatus=Off newStatus=Pending agentUid=prometheus
D 2021-11-02 02:47:25.986054 [ProductState] {Main} InstallState (prometheus): GameLaunching=1
I 2021-11-02 02:47:26.184548 [InstallManager] {Main} Game launch options: programId=Pro GAME_ACCOUNT= REGION=US LOCALE=enUS LOCALE_AUDIO=enUS LAUNCH_64BIT=0
I 2021-11-02 02:47:26.186151 [InstallManager] {Main} Game launch options: programId=Pro ACCOUNT=(hidden) ACCOUNT_TS=1635821246
I 2021-11-02 02:47:26.437845 [InstallManager] {Main} Launched D:/Battlenet/Overwatch/_retail_/Overwatch.exe with args: -uid prometheus, pid: 51940
I 2021-11-02 02:47:29.103850 [GameSessionList] {Agent} Reporting process: TrackingInfo(uid=prometheus, type=game, opStatus=On, reqId=0, running=1, oldRunning=0)
I 2021-11-02 02:47:29.110100 [InstallManager] {Main} Setting Process Running: true uid=prometheus binaryType=game any=true
D 2021-11-02 02:47:29.110136 [InstallInfo] {Main} Operation status changed: opType=Execute oldStatus=Pending newStatus=On agentUid=prometheus
D 2021-11-02 02:47:29.110168 [InstallManager] {Main} Game is running: prometheus
I 2021-11-02 02:47:29.110827 [GameController] {Main} Game is now running with game launch behavior set to exit.
D 2021-11-02 02:47:29.110916 [ProductState] {Main} InstallState (prometheus): gameRunning=1 isGameProcessRunning=1 GameLaunching=0
D 2021-11-02 02:47:29.661545 [GameController] {Main} Shutting down GameController
I 2021-11-02 02:47:29.662123 [GameController] {Main} Deleting GameFamily: , # of game accounts:0
I 2021-11-02 02:47:29.662251 [GameController] {Main} Deleting GameFamily: Fen, # of game accounts:1
I 2021-11-02 02:47:29.662345 [GameController] {Main} Deleting GameFamily: D3CN, # of game accounts:1
I 2021-11-02 02:47:29.662662 [GameController] {Main} Deleting GameFamily: AUKS, # of game accounts:1
D 2021-11-02 02:47:29.663034 [ProductState] {Main} Game product state destroyed: uid=
D 2021-11-02 02:47:29.663204 [ProductState] {Main} Game product state destroyed: uid=auks
D 2021-11-02 02:47:29.663324 [ProductState] {Main} Game product state destroyed: uid=d3cn
D 2021-11-02 02:47:29.663544 [ProductState] {Main} Game product state destroyed: uid=fenris
I 2021-11-02 02:47:29.664008 [GameController] {Main} Deleting GameFamily: OSI, # of game accounts:2
D 2021-11-02 02:47:29.664072 [ProductState] {Main} Game product state destroyed: uid=osi_beta
D 2021-11-02 02:47:29.664139 [ProductState] {Main} Game product state destroyed: uid=osi
I 2021-11-02 02:47:29.664267 [GameController] {Main} Deleting GameFamily: S2, # of game accounts:2
D 2021-11-02 02:47:29.664337 [ProductState] {Main} Game product state destroyed: uid=s2_ptr
D 2021-11-02 02:47:29.664396 [ProductState] {Main} Game product state destroyed: uid=s2
I 2021-11-02 02:47:29.664465 [GameController] {Main} Deleting GameFamily: RTRO, # of game accounts:1
D 2021-11-02 02:47:29.664519 [ProductState] {Main} Game product state destroyed: uid=rtro
I 2021-11-02 02:47:29.664584 [GameController] {Main} Deleting GameFamily: WoW, # of game accounts:1
D 2021-11-02 02:47:29.664656 [ProductState] {Main} Game product state destroyed: uid=wow
I 2021-11-02 02:47:29.664728 [GameController] {Main} Deleting GameFamily: D3, # of game accounts:1
D 2021-11-02 02:47:29.664805 [ProductState] {Main} Game product state destroyed: uid=diablo3
I 2021-11-02 02:47:29.664869 [GameController] {Main} Deleting GameFamily: WTCG, # of game accounts:1
D 2021-11-02 02:47:29.664951 [ProductState] {Main} Game product state destroyed: uid=hs_beta
I 2021-11-02 02:47:29.665011 [GameController] {Main} Deleting GameFamily: Hero, # of game accounts:2
D 2021-11-02 02:47:29.665085 [ProductState] {Main} Game product state destroyed: uid=heroes_ptr
D 2021-11-02 02:47:29.665133 [ProductState] {Main} Game product state destroyed: uid=heroes
I 2021-11-02 02:47:29.665186 [GameController] {Main} Deleting GameFamily: Pro, # of game accounts:5
D 2021-11-02 02:47:29.665238 [ProductState] {Main} Game product state destroyed: uid=prometheus_viewer
D 2021-11-02 02:47:29.665327 [ProductState] {Main} Game product state destroyed: uid=prometheus_test
D 2021-11-02 02:47:29.665377 [ProductState] {Main} Game product state destroyed: uid=prometheus_tournament_viewer_2
D 2021-11-02 02:47:29.665423 [ProductState] {Main} Game product state destroyed: uid=prometheus_tournament_viewer
D 2021-11-02 02:47:29.665479 [ProductState] {Main} Game product state destroyed: uid=prometheus
I 2021-11-02 02:47:29.665577 [GameController] {Main} Deleting GameFamily: S1, # of game accounts:2
D 2021-11-02 02:47:29.665656 [ProductState] {Main} Game product state destroyed: uid=s1_ptr
D 2021-11-02 02:47:29.665707 [ProductState] {Main} Game product state destroyed: uid=s1
I 2021-11-02 02:47:29.665748 [GameController] {Main} Deleting GameFamily: W3, # of game accounts:1
D 2021-11-02 02:47:29.665813 [ProductState] {Main} Game product state destroyed: uid=w3
I 2021-11-02 02:47:29.665873 [GameController] {Main} Deleting GameFamily: FORE, # of game accounts:2
D 2021-11-02 02:47:29.665914 [ProductState] {Main} Game product state destroyed: uid=fore_beta
D 2021-11-02 02:47:29.665953 [ProductState] {Main} Game product state destroyed: uid=fore
I 2021-11-02 02:47:29.666007 [GameController] {Main} Deleting GameFamily: WLBY, # of game accounts:1
D 2021-11-02 02:47:29.666065 [ProductState] {Main} Game product state destroyed: uid=wlby
I 2021-11-02 02:47:29.666119 [GameController] {Main} Deleting GameFamily: VIPR, # of game accounts:1
D 2021-11-02 02:47:29.666178 [ProductState] {Main} Game product state destroyed: uid=viper
I 2021-11-02 02:47:29.666228 [GameController] {Main} Deleting GameFamily: ODIN, # of game accounts:2
D 2021-11-02 02:47:29.666291 [ProductState] {Main} Game product state destroyed: uid=odin_beta
D 2021-11-02 02:47:29.666352 [ProductState] {Main} Game product state destroyed: uid=odin
I 2021-11-02 02:47:29.666406 [GameController] {Main} Deleting GameFamily: LAZR, # of game accounts:1
D 2021-11-02 02:47:29.666468 [ProductState] {Main} Game product state destroyed: uid=lazarus
I 2021-11-02 02:47:29.666514 [GameController] {Main} Deleting GameFamily: ZEUS, # of game accounts:2
D 2021-11-02 02:47:29.666550 [ProductState] {Main} Game product state destroyed: uid=zeus_beta
D 2021-11-02 02:47:29.666600 [ProductState] {Main} Game product state destroyed: uid=zeus
I 2021-11-02 02:47:29.667966 [ToastManager] {Main} Clearing toast queue
I 2021-11-02 02:47:30.834960 [BrowserAppImpl] {Main} Waited 70 msec to close all browsers.
D 2021-11-02 02:47:31.559069 [Main] {Main} Shutting down Backend
D 2021-11-02 02:47:31.559104 [Main] {Main} Closing IPC Service
D 2021-11-02 02:47:31.559115 [CommandQueue] {Main} IPCService is shutting down
D 2021-11-02 02:47:31.559390 [Main] {Main} Shutting down account manager
I 2021-11-02 02:47:31.559433 [GSStateTracker] {Main} State changed to: Incomplete
I 2021-11-02 02:47:31.559447 [AccountManager] {Main} Account manager state has changed to: Incomplete
I 2021-11-02 02:47:31.559492 [GameProvider] {Main} Game provider is no longer initialized and is now reset
D 2021-11-02 02:47:31.559819 [Main] {Main} Shutting down CacheManager
D 2021-11-02 02:47:31.559834 [Main] {Main} Shutting down analytics processor
D 2021-11-02 02:47:31.560168 [Main] {Main} Shutting down worker pool
D 2021-11-02 02:47:31.560678 [Main] {Main} Shutting down backend processor
D 2021-11-02 02:47:31.562520 [Main] {Main} Shutting down data cache
D 2021-11-02 02:47:31.563205 [Main] {Main} Shutting down catalog manager
D 2021-11-02 02:47:31.563576 [Main] {Main} Shutting down environment manager
D 2021-11-02 02:47:31.563619 [Main] {Main} Shutting down battle.net api gateway
D 2021-11-02 02:47:31.563636 [Main] {Main} Shutting down suggested friends service
D 2021-11-02 02:47:31.563650 [Main] {Main} Shutting down voice service
D 2021-11-02 02:47:31.563659 [Main] {Main} Shutting down remote content manager
D 2021-11-02 02:47:31.563669 [Main] {Main} Shutting down analytics session
D 2021-11-02 02:47:31.563678 [Main] {Main} Shutting down agent manager
D 2021-11-02 02:47:31.563694 [Agent] {Main} PolicyHandler Thread STOPPING
D 2021-11-02 02:47:31.563701 [Agent] {Agent} PolicyHandlerThreadProc: The rest is silence.
D 2021-11-02 02:47:31.564056 [Agent] {Main} PolicyHandler Thread STOPPED
D 2021-11-02 02:47:31.565602 [Agent] {Main} Communicated shutdown to Agent
D 2021-11-02 02:47:31.565798 [Main] {Main} Shutting down game provider
D 2021-11-02 02:47:31.565843 [Main] {Main} Shutting down battle.net interface
D 2021-11-02 02:47:31.803601 [Main] {Main} Shutting down callback queue
D 2021-11-02 02:47:31.803718 [WebServer] {Main} Shutting down WebServerImpl
D 2021-11-02 02:47:31.804429 [WebServer] {Main} WebServerImpl is stopped
D 2021-11-02 02:47:31.921731 [DIAG_BNL_Voice] {Main} {c8f8} debug: Notification client reference removed: 0
