I 2021-11-02 16:22:27.398581 [Main] {Main} Logging started for Battle.net build 2.6.0.13147
I 2021-11-02 16:22:27.398871 [Configuration] {Main} SharedConfigRoot: C:\ProgramData\Battle.net
I 2021-11-02 16:22:27.399150 [Configuration] {Main} RoamingConfigRoot: C:\Users\steve\AppData\Roaming\Battle.net
I 2021-11-02 16:22:27.399161 [Configuration] {Main} LocalConfigRoot: C:\Users\steve\AppData\Local\Battle.net
D 2021-11-02 16:22:27.399320 [Configuration] {Main} Searching for config file: C:\Program Files (x86)\Battle.net\Battle.net.13147\Battle.net.config
D 2021-11-02 16:22:27.399375 [Configuration] {Main} Searching for config file: C:\Program Files (x86)\Battle.net\Battle.net.config
D 2021-11-02 16:22:27.405518 [Configuration] {Main} User Configuration File: C:\Users\steve\AppData\Roaming\Battle.net\Battle.net.config
I 2021-11-02 16:22:27.407338 [Main] {Main} Command line arguments: {[0]=--game=s2_enus, [1]=--gamepath=D:\Battlenet\StarCraft II}
I 2021-11-02 16:22:27.409570 [Main] {Main} Opening IPC shared memory. queueName=User:steve:Battle.net IPC ShMem mode=server
I 2021-11-02 16:22:27.435612 [CommandQueue] {Main} Dispatching Command: register s2_enus D:\Battlenet\StarCraft II   false
I 2021-11-02 16:22:27.442092 [Frontend] {Main} Supplying list of renderers: d3d11,warp,desktop
I 2021-11-02 16:22:27.790987 [LocalizationData] {Main} 21 language(s) loaded from languages.xml, default=enUS
D 2021-11-02 16:22:27.966938 [Main] {Main} Adding application font: resources/fonts/BlizzardReg.ttf
D 2021-11-02 16:22:27.972915 [Main] {Main} Adding application font: resources/fonts/BlizzardLig.ttf
D 2021-11-02 16:22:27.975324 [Main] {Main} Adding application font: resources/fonts/BlizzardBol.ttf
D 2021-11-02 16:22:27.977079 [Main] {Main} Adding application font: resources/fonts/NotoSans-Bold.ttf
D 2021-11-02 16:22:27.983979 [Main] {Main} Adding application font: resources/fonts/NotoSans-BoldItalic.ttf
D 2021-11-02 16:22:27.989021 [Main] {Main} Adding application font: resources/fonts/NotoSans-Italic.ttf
D 2021-11-02 16:22:27.995120 [Main] {Main} Adding application font: resources/fonts/NotoSans-Regular.ttf
D 2021-11-02 16:22:28.001981 [Main] {Main} Adding application font: resources/fonts/ObjectSans-Bold.ttf
D 2021-11-02 16:22:28.004340 [Main] {Main} Adding application font: resources/fonts/ObjectSans-Medium.ttf
D 2021-11-02 16:22:28.785697 [Main] {Main} Setting font to: Blizzard
I 2021-11-02 16:22:28.786522 [CacheManager] {Main} Local storage cache at: C:\Users\steve\AppData\Local\Battle.net\Cache
I 2021-11-02 16:22:28.792523 [Main] {Main} Opened database at: C:\Users\steve\AppData\Local\Battle.net\CachedData.db
D 2021-11-02 16:22:28.794548 [Agent] {Main} PolicyHandler Thread STARTED
D 2021-11-02 16:22:28.794566 [Agent] {Agent} PolicyHandlerThreadProc: I shall in all my best obey you.
I 2021-11-02 16:22:28.886845 [DIAG_BNL_Voice] {Main} Audio device monitor using already-initialized COM
I 2021-11-02 16:22:28.888397 [VoiceSessionBroker] {Main} Global voice is on
I 2021-11-02 16:22:28.888826 [Main] {Main} Execution environment changed. environment=EE_STANDARD
I 2021-11-02 16:22:28.889409 [CatalogManager] {Main} Loaded catalog hash from the database cache. hash=f6aabd2e30ea9624e7960c99efd35b03
I 2021-11-02 16:22:28.890014 [CatalogManager] {Main} Built-in catalog hash (catalog/digesthash.txt): 90e3b05fb9eccb5ddf1b92175febd47a
I 2021-11-02 16:22:28.890174 [CatalogManager] {Main} Built-in catalog hash (catalog/signaturehash.txt): 5823846f81b1a8900de7c99437851ca0
I 2021-11-02 16:22:28.890202 [CatalogLoader] {Main} *** LOAD STARTED default: Context(LocalCAS: f6aabd2e30ea9624e7960c99efd35b03 I) ***
I 2021-11-02 16:22:28.894973 [Agent] {Agent} Agent has different session: 17767482304672468932
I 2021-11-02 16:22:28.894997 [Agent] {Agent} Agent Version is now: 2.25.1.7531 (retail)
D 2021-11-02 16:22:29.237314 [Agent] {Agent} GameResource created for uid: agent
D 2021-11-02 16:22:29.237369 [Agent] {Agent} GameResource created for uid: battle.net
D 2021-11-02 16:22:29.237388 [Agent] {Agent} GameResource created for uid: prometheus
D 2021-11-02 16:22:29.237403 [Agent] {Agent} GameResource created for uid: s2_enus
W 2021-11-02 16:22:30.627788 [FeatureManager] {Main} Feature 'battle.net_http_request_0_c6caed0e' depends on missing feature 'http_test'
E 2021-11-02 16:22:30.627823 [FeatureManager] {Main} Feature 'battle.net_http_request_0_c6caed0e' has dependency errors and will not respond to dependency changes
I 2021-11-02 16:22:30.627872 [FeatureManager] {Main} Moving feature record from active to inactive: whisper_voice
I 2021-11-02 16:22:30.627883 [FeatureManager] {Main} Moving feature record from active to inactive: trace_route
I 2021-11-02 16:22:30.627900 [FeatureManager] {Main} Feature changed: hearthstone_limited_event_57b4aca6=true
I 2021-11-02 16:22:30.627916 [FeatureManager] {Main} Feature changed: fore_limited_alpha_f6824657=true
I 2021-11-02 16:22:30.627928 [FeatureManager] {Main} Feature changed: fore_prepurchase_fore_fef83a73=true
I 2021-11-02 16:22:30.627941 [FeatureManager] {Main} Feature changed: lazarus_show_on_beta_5bbf784c=true
I 2021-11-02 16:22:30.627954 [FeatureManager] {Main} Feature changed: odin_deprecate_event_21bf1dc9=true
I 2021-11-02 16:22:30.627968 [FeatureManager] {Main} Feature changed: odin_show_on_beta_5bbf784c=true
I 2021-11-02 16:22:30.627981 [FeatureManager] {Main} Feature changed: odin_zeus_base_license_3fcdd4b4=true
I 2021-11-02 16:22:30.627996 [FeatureManager] {Main} Feature changed: osi_limited_install_773b93da=true
I 2021-11-02 16:22:30.628008 [FeatureManager] {Main} Feature changed: osi_limited_product_d9fa6516=true
I 2021-11-02 16:22:30.628022 [FeatureManager] {Main} Feature changed: viper_show_on_beta_5bbf784c=true
I 2021-11-02 16:22:30.628036 [FeatureManager] {Main} Feature changed: warcraft_iii_upgrade_05e4b09b=true
I 2021-11-02 16:22:30.628047 [FeatureManager] {Main} Feature changed: wlby_show_on_beta_5bbf784c=true
I 2021-11-02 16:22:30.628063 [FeatureManager] {Main} Feature changed: zeus_refresh_without_license_b63211e4=true
I 2021-11-02 16:22:30.628075 [FeatureManager] {Main} Feature changed: zeus_show_on_beta_5bbf784c=true
I 2021-11-02 16:22:30.641825 [FeatureManager] {Main} Feature changed: http_test=true tags=http_request_0
I 2021-11-02 16:22:30.641890 [FeatureManager] {Main} Feature changed: shop_wish_list=true
I 2021-11-02 16:22:30.641915 [FeatureManager] {Main} Feature changed: activision_auto_account_creation=true
I 2021-11-02 16:22:30.641930 [FeatureManager] {Main} Feature changed: suggested_group_members=true
I 2021-11-02 16:22:30.641943 [FeatureManager] {Main} Feature changed: all_games_v2=true
I 2021-11-02 16:22:30.641955 [FeatureManager] {Main} Feature changed: all_games_new_badge=true
I 2021-11-02 16:22:30.641968 [FeatureManager] {Main} Feature changed: collapsible_social_panel=true
I 2021-11-02 16:22:30.641984 [FeatureManager] {Main} Feature changed: blizzard_profiles=true
I 2021-11-02 16:22:30.641997 [FeatureManager] {Main} Feature changed: clear_chat_history=true
I 2021-11-02 16:22:30.642007 [FeatureManager] {Main} Feature changed: mentions=true
I 2021-11-02 16:22:30.642015 [FeatureManager] {Main} Feature changed: social_tab=true
I 2021-11-02 16:22:30.642025 [FeatureManager] {Main} Feature changed: auto_update_optimization=true
I 2021-11-02 16:22:30.642038 [FeatureManager] {Main} Feature changed: embedded_web_view=true
I 2021-11-02 16:22:30.642050 [FeatureManager] {Main} Feature changed: group_privacy_settings=true
I 2021-11-02 16:22:30.642064 [FeatureManager] {Main} Feature changed: appear_offline=true
I 2021-11-02 16:22:30.642073 [FeatureManager] {Main} Feature changed: refresh_toast=true
I 2021-11-02 16:22:30.642083 [FeatureManager] {Main} Feature changed: app_feedback_dialog=true
I 2021-11-02 16:22:30.642092 [FeatureManager] {Main} Feature changed: browser_main_window=true
I 2021-11-02 16:22:30.642108 [FeatureManager] {Main} Feature changed: chat_giphy=true
I 2021-11-02 16:22:30.642124 [FeatureManager] {Main} Feature changed: content_ui=true
I 2021-11-02 16:22:30.642136 [FeatureManager] {Main} Feature changed: multichats=true
I 2021-11-02 16:22:30.642146 [FeatureManager] {Main} Feature changed: first_time_experience=true
I 2021-11-02 16:22:30.642158 [FeatureManager] {Main} Feature changed: cts_takeovers=true
I 2021-11-02 16:22:30.642171 [FeatureManager] {Main} Feature changed: friend_request_management=true
I 2021-11-02 16:22:30.642184 [FeatureManager] {Main} Feature changed: link_previews=true
I 2021-11-02 16:22:30.642197 [FeatureManager] {Main} Feature changed: sms_protect_requirements=true
I 2021-11-02 16:22:30.642205 [FeatureManager] {Main} Feature changed: friends_list_popout=true
I 2021-11-02 16:22:30.642214 [FeatureManager] {Main} Feature changed: gift_inventory=true
I 2021-11-02 16:22:30.642222 [FeatureManager] {Main} Feature changed: global_legendary_promos=true
I 2021-11-02 16:22:30.642230 [FeatureManager] {Main} Feature changed: refresh_friend_tooltip=true
I 2021-11-02 16:22:30.642241 [FeatureManager] {Main} Feature changed: non_friend_whispers=true
I 2021-11-02 16:22:30.642249 [FeatureManager] {Main} Feature changed: notification_center=true
I 2021-11-02 16:22:30.642259 [FeatureManager] {Main} Feature changed: playscreen_migrate_cms=true
I 2021-11-02 16:22:30.642271 [FeatureManager] {Main} Feature changed: shared_container_installs=true
I 2021-11-02 16:22:30.642281 [FeatureManager] {Main} Feature changed: sc2_account_selection_dialog=true
I 2021-11-02 16:22:30.642290 [FeatureManager] {Main} Feature changed: suggested_facebook_friends=true
I 2021-11-02 16:22:30.642323 [FeatureManager] {Main} Feature changed: whisper_voice=true
I 2021-11-02 16:22:30.642343 [FeatureManager] {Main} Feature changed: battle.net_http_request_0_c6caed0e=true
D 2021-11-02 16:22:30.642585 [Configuration] {Main} Searching for config file: C:\Program Files (x86)\Battle.net\Battle.net.13147\Environments.yaml
D 2021-11-02 16:22:30.642714 [Configuration] {Main} Searching for config file: C:\Program Files (x86)\Battle.net\Environments.yaml
I 2021-11-02 16:22:30.642819 [EnvironmentManager] {Main} Login parameters changed: address=us.actual.battle.net:1119 region=US
D 2021-11-02 16:22:30.672611 [CatalogVarStorage] {Main} Setting var from catalog Client.Shop.SaleNotificationVersion=6
D 2021-11-02 16:22:30.672676 [CatalogVarStorage] {Main} Setting var from catalog Browser.DisableSiteIsolation=true
D 2021-11-02 16:22:30.672708 [CatalogVarStorage] {Main} Setting var from catalog Client.ActivisionAutoAccountCreation.Games=ODIN,ZEUS,FORE
D 2021-11-02 16:22:30.672733 [CatalogVarStorage] {Main} Setting var from catalog Client.Shop.SaleNotificationEnabled=false
D 2021-11-02 16:22:30.672758 [CatalogVarStorage] {Main} Setting var from catalog Client.OwlScreen.LiveCheckIntervalMS=300000
D 2021-11-02 16:22:30.672796 [CatalogVarStorage] {Main} Setting var from catalog Client.Announcements.MaximumAnnouncements=20
D 2021-11-02 16:22:30.672827 [CatalogVarStorage] {Main} Setting var from catalog Client.NewProfileWindowLayout=true
D 2021-11-02 16:22:30.672853 [CatalogVarStorage] {Main} Setting var from catalog Client.PromotedScreenVersion=3
D 2021-11-02 16:22:30.672880 [CatalogVarStorage] {Main} Setting var from catalog Client.Version.BetaAccessOverride=enabled
I 2021-11-02 16:22:30.672907 [VersionManager] {Main} Beta Access: enabled
D 2021-11-02 16:22:30.672926 [CatalogVarStorage] {Main} Setting var from catalog Client.Version.BetaBranchOverride=beta
D 2021-11-02 16:22:30.672954 [CatalogVarStorage] {Main} Setting var from catalog Services.WhisperChannels.InactivityTimeoutMS=0
I 2021-11-02 16:22:30.680698 [CatalogLoader] {Main} *** LOAD COMPLETE default ***
I 2021-11-02 16:22:30.680841 [CatalogManager] {Main} Loaded initial catalog: hash=f6aabd2e30ea9624e7960c99efd35b03
I 2021-11-02 16:22:30.819239 [WebServer] {Backend:0} Listening on port 22885
I 2021-11-02 16:22:31.266628 [Main] {Main} Attempting to fetch WidevineCDM: 1
D 2021-11-02 16:22:31.279396 [UI] {Main} Fixup allowed regions and locales. installedRegion=US allowedRegions= allowedLocales=
I 2021-11-02 16:22:31.280010 [ToastManager] {Main} Toasts are enabled in ClientSettings
D 2021-11-02 16:22:31.290787 [ProductState] {Main} Game product state created: uid=
D 2021-11-02 16:22:31.290850 [ProductState] {Main} InstallState (): currentOperation=Install currentOperationStatus=New
I 2021-11-02 16:22:31.333801 [Main] {Main} Application path is: C:\Program Files (x86)\Battle.net\Battle.net.exe
I 2021-11-02 16:22:31.481165 [ClientServiceAlertMonitor] {Main} Breaking News url has changed. url=https://nydus.battle.net/App/enUS/client/App/alert?targetRegion=US
D 2021-11-02 16:22:31.481577 [RemoteContentCache] {Main} Found cached remote content. url=https://nydus.battle.net/App/enUS/client/App/alert?targetRegion=US
I 2021-11-02 16:22:31.481696 [ClientServiceAlertMonitor] {Main} Maintenance url has changed. url=https://nydus.battle.net/App/enUS/client/App/maintenance?targetRegion=US
D 2021-11-02 16:22:31.482039 [RemoteContentCache] {Main} Found cached remote content. url=https://nydus.battle.net/App/enUS/client/App/maintenance?targetRegion=US
I 2021-11-02 16:22:31.489293 [Frontend] {Main} Public Computer state changed. is_public=false
D 2021-11-02 16:22:31.489351 [Frontend] {Main} Session id changed. session_id=1258898048960746042
D 2021-11-02 16:22:31.489548 [Frontend] {Main} Tracking info changed. client_id=4E3A4618-F0C7-4782-B23B-E90E19E728CE, user_agent=
I 2021-11-02 16:22:31.535977 [HighDpiManager] {Main} High dpi support available changed: 0
I 2021-11-02 16:22:31.536027 [Frontend] {Main} High dpi support: disabled
D 2021-11-02 16:22:31.537252 [Main] {WorkerPool:3} Checking permissions on path: C:\ProgramData\Battle.net\Setup depth=-1
D 2021-11-02 16:22:31.543867 [Main] {WorkerPool:3} Checking permissions on path: C:\ProgramData\Battle.net\Agent depth=1
D 2021-11-02 16:22:31.549578 [Main] {WorkerPool:3} Checking permissions on path: C:\ProgramData\Battle.net\Agent\Agent.6891 depth=1
D 2021-11-02 16:22:31.550106 [Main] {WorkerPool:3} Checking permissions on path: C:\ProgramData\Battle.net\Agent\Agent.7380 depth=1
D 2021-11-02 16:22:31.550612 [Frontend] {Main} Session id changed. session_id=17767482304672468932
I 2021-11-02 16:22:31.551201 [FeatureManager] {Main} Feature changed: install_packages=true
I 2021-11-02 16:22:31.551245 [FeatureManager] {Main} Feature changed: modify_install=true
D 2021-11-02 16:22:31.551810 [Main] {WorkerPool:3} Checking permissions on path: C:\ProgramData\Battle.net\Agent\Agent.7531 depth=1
I 2021-11-02 16:22:31.552140 [Agent] {Main} AgentManager is now initialized
I 2021-11-02 16:22:31.552166 [InstallManager] {Main} Install manager is now initialized
D 2021-11-02 16:22:31.552195 [InstallManager] {Main} Selecting best game install data for game battle.net: savedUid=battle.net originalUid=<none> newUid=battle.net
D 2021-11-02 16:22:31.552281 [InstallInfo] {Main} InstallInfo agent association has been changed: uid=battle.net agentUid=battle.net
D 2021-11-02 16:22:31.552357 [InstallManager] {Main} Selecting best game install data for game prometheus: savedUid=prometheus originalUid=<none> newUid=prometheus
D 2021-11-02 16:22:31.552394 [InstallInfo] {Main} InstallInfo agent association has been changed: uid=prometheus agentUid=prometheus
D 2021-11-02 16:22:31.552448 [InstallManager] {Main} Selecting best game install data for game s2: savedUid=s2_enus originalUid=<none> newUid=s2_enus
D 2021-11-02 16:22:31.552480 [InstallInfo] {Main} InstallInfo agent association has been changed: uid=s2 agentUid=s2_enus
D 2021-11-02 16:22:31.552531 [VersionManager] {Main} Branch change from Agent detected. activeBranch= branches={[0]=beta, [1]=cn, [2]=eu, [3]=kr, [4]=sg, [5]=tw, [6]=us}
D 2021-11-02 16:22:31.552591 [VersionManager] {Main} Beta branch is available: true
D 2021-11-02 16:22:31.552701 [ProductState] {Main} Game product state created: uid=prometheus
D 2021-11-02 16:22:31.552817 [ProductState] {Main} InstallState (prometheus): currentOperation=UpToDate currentOperationStatus=Paused installed=1 installPath=D:/Battlenet/Overwatch sharedContainerSubpath=_retail_ playable=1 canCreateShortcut=1 selectedRegion=us activeConfigKey=8c895694ea0d33f5962748eb38ad94b9 regionalVersions=(cn: {playable:true config_key:8c895694ea0d33f5962748eb38ad94b9}, eu: {playable:true config_key:8c895694ea0d33f5962748eb38ad94b9}, kr: {playable:true config_key:8c895694ea0d33f5962748eb38ad94b9}, us: {playable:true config_key:8c895694ea0d33f5962748eb38ad94b9}) localVersion=1.65.1.0.88742 latestVersion=88742 progress=1 currentStage=Complete
D 2021-11-02 16:22:31.552902 [ProductState] {Main} Game product state created: uid=s2
D 2021-11-02 16:22:31.553021 [ProductState] {Main} InstallState (s2): currentOperation=UpToDate currentOperationStatus=Paused installed=1 installPath=D:/Battlenet/StarCraft II playable=1 canCreateShortcut=1 selectedRegion=us activeConfigKey=5b0ac430559437ccd27dfafdfe526c6a regionalVersions=(cn: {playable:true config_key:5b0ac430559437ccd27dfafdfe526c6a}, eu: {playable:true config_key:5b0ac430559437ccd27dfafdfe526c6a}, kr: {playable:true config_key:5b0ac430559437ccd27dfafdfe526c6a}, tw: {playable:true config_key:5b0ac430559437ccd27dfafdfe526c6a}, us: {playable:true config_key:5b0ac430559437ccd27dfafdfe526c6a}) supports_multibox=true localVersion=5.0.8.86383 latestVersion=86383 progress=1 currentStage=Complete
D 2021-11-02 16:22:31.553117 [Agent] {Main} Versioning is now enabled
D 2021-11-02 16:22:31.553193 [Agent] {Main} Triggering game versioning: battle.net
D 2021-11-02 16:22:31.553296 [Agent] {Main} Triggering game versioning: prometheus
D 2021-11-02 16:22:31.553315 [Main] {WorkerPool:3} Checking permissions on path: C:\ProgramData\Blizzard Entertainment depth=2
D 2021-11-02 16:22:31.553361 [Agent] {Main} Triggering game versioning: s2_enus
D 2021-11-02 16:22:31.574444 [InstallManager] {Main} Command_RegisterGame uid: s2_enus path: D:\Battlenet\StarCraft II productcode:  subfolder:  repairing: false
D 2021-11-02 16:22:31.574513 [InstallManager] {Main} PerformRegisterInstall uid= productCode=* installDir=D:\Battlenet\StarCraft II subfolder= region=US
I 2021-11-02 16:22:31.574599 [CatalogLoader] {Main} *** LOAD STARTED default: Context(LocalCAS: f6aabd2e30ea9624e7960c99efd35b03 I) ***
I 2021-11-02 16:22:32.081004 [GameSessionList] {Agent} Reporting process: TrackingInfo(uid=battle.net, type=game, opStatus=On, reqId=0, running=1, oldRunning=0)
I 2021-11-02 16:22:32.279400 [FeatureManager] {Main} Moving feature record from active to inactive: overwatch_league_tab
I 2021-11-02 16:22:32.279427 [FeatureManager] {Main} Moving feature record from active to inactive: blizzcon_tab
D 2021-11-02 16:22:32.298766 [CatalogVarStorage] {Main} Setting var from catalog Client.Shop.SaleNotificationVersion=6
D 2021-11-02 16:22:32.298841 [CatalogVarStorage] {Main} Setting var from catalog Browser.DisableSiteIsolation=true
D 2021-11-02 16:22:32.298865 [CatalogVarStorage] {Main} Setting var from catalog Client.ActivisionAutoAccountCreation.Games=ODIN,ZEUS,FORE
D 2021-11-02 16:22:32.298885 [CatalogVarStorage] {Main} Setting var from catalog Client.Shop.SaleNotificationEnabled=false
D 2021-11-02 16:22:32.298903 [CatalogVarStorage] {Main} Setting var from catalog Client.OwlScreen.LiveCheckIntervalMS=300000
D 2021-11-02 16:22:32.298932 [CatalogVarStorage] {Main} Setting var from catalog Client.Announcements.MaximumAnnouncements=20
D 2021-11-02 16:22:32.298950 [CatalogVarStorage] {Main} Setting var from catalog Client.NewProfileWindowLayout=true
D 2021-11-02 16:22:32.298966 [CatalogVarStorage] {Main} Setting var from catalog Client.PromotedScreenVersion=3
D 2021-11-02 16:22:32.298981 [CatalogVarStorage] {Main} Setting var from catalog Client.Version.BetaAccessOverride=enabled
D 2021-11-02 16:22:32.298993 [CatalogVarStorage] {Main} Setting var from catalog Client.Version.BetaBranchOverride=beta
D 2021-11-02 16:22:32.299010 [CatalogVarStorage] {Main} Setting var from catalog Services.WhisperChannels.InactivityTimeoutMS=0
D 2021-11-02 16:22:32.299029 [CatalogVarStorage] {Main} Setting var from catalog Services.HTTPClient.ConnectionTimeoutMS=0
I 2021-11-02 16:22:32.302815 [CatalogLoader] {Main} *** LOAD COMPLETE default ***
I 2021-11-02 16:22:32.313294 [Main] {Main} Cached WidevineCDM is up-to-date: 4.10.2209.1
I 2021-11-02 16:22:32.314309 [Main] {Main} Connecting to server. address=us.actual.battle.net port=1119
D 2021-11-02 16:22:32.623847 [ClientServiceAlertMonitor] {Main} Service alert monitor force update requested
D 2021-11-02 16:22:32.623869 [ClientServiceAlertMonitor] {Main} Breaking News update requested
D 2021-11-02 16:22:32.623877 [ClientServiceAlertMonitor] {Main} Maintenance update requested
I 2021-11-02 16:22:32.790612 [InstallManager] {Main} Setting Process Running: true uid=battle.net binaryType=game any=true
D 2021-11-02 16:22:32.790657 [InstallInfo] {Main} Operation status changed: opType=Execute oldStatus=Off newStatus=On agentUid=battle.net
D 2021-11-02 16:22:32.792208 [InstallManager] {Main} Registration complete for agentUid=s2_enus and region=us
I 2021-11-02 16:22:32.814621 [CacheManager] {Main} CacheManager is now initialized
I 2021-11-02 16:22:32.814707 [TactVersionWatcher] {Main} Fetched new tact metadata. productCode=catalogs region=us branch=PUB-29 version=2032 seq=183 buildConfig=8c813c8d729618bae80204e860f25e8a
I 2021-11-02 16:22:32.860185 [DIAG_BuildConfig] {Main} no 'encoding' key in build configuration '8c813c8d729618bae80204e860f25e8a', selecting plain-data mode
I 2021-11-02 16:22:32.860237 [CatalogLoader] {Main} *** LOAD STARTED default: Context(RemoteCAS: f6aabd2e30ea9624e7960c99efd35b03|tpr/catalogs/data) ***
D 2021-11-02 16:22:33.068124 [CatalogVarStorage] {Main} Setting var from catalog Client.Shop.SaleNotificationVersion=6
D 2021-11-02 16:22:33.068155 [CatalogVarStorage] {Main} Setting var from catalog Browser.DisableSiteIsolation=true
D 2021-11-02 16:22:33.068163 [CatalogVarStorage] {Main} Setting var from catalog Client.ActivisionAutoAccountCreation.Games=ODIN,ZEUS,FORE
D 2021-11-02 16:22:33.068170 [CatalogVarStorage] {Main} Setting var from catalog Client.Shop.SaleNotificationEnabled=false
D 2021-11-02 16:22:33.068176 [CatalogVarStorage] {Main} Setting var from catalog Client.OwlScreen.LiveCheckIntervalMS=300000
D 2021-11-02 16:22:33.068194 [CatalogVarStorage] {Main} Setting var from catalog Client.Announcements.MaximumAnnouncements=20
D 2021-11-02 16:22:33.068201 [CatalogVarStorage] {Main} Setting var from catalog Client.NewProfileWindowLayout=true
D 2021-11-02 16:22:33.068207 [CatalogVarStorage] {Main} Setting var from catalog Client.PromotedScreenVersion=3
D 2021-11-02 16:22:33.068214 [CatalogVarStorage] {Main} Setting var from catalog Client.Version.BetaAccessOverride=enabled
D 2021-11-02 16:22:33.068220 [CatalogVarStorage] {Main} Setting var from catalog Client.Version.BetaBranchOverride=beta
D 2021-11-02 16:22:33.068227 [CatalogVarStorage] {Main} Setting var from catalog Services.WhisperChannels.InactivityTimeoutMS=0
D 2021-11-02 16:22:33.068236 [CatalogVarStorage] {Main} Setting var from catalog Services.HTTPClient.ConnectionTimeoutMS=0
I 2021-11-02 16:22:33.078056 [CatalogLoader] {Main} *** LOAD COMPLETE default ***
D 2021-11-02 16:22:33.563820 [LoginController] {Main} Login_QueueUpdate (position=1,clientWaitTime=00:00:00.564455,skipLoginQueueUi=true)
I 2021-11-02 16:22:33.796642 [GSAccountProvider] {Main} Login triggered. entityId=1:0:126e7264
I 2021-11-02 16:22:33.796749 [GSStateTracker] {Main} State changed to: WaitingForAccountState
I 2021-11-02 16:22:33.796827 [AccountManager] {Main} Account manager state has changed to: Loading
I 2021-11-02 16:22:33.799914 [Main] {Main} Opened database at: C:\Users\steve\AppData\Local\Battle.net\Account\309228132\account.db
D 2021-11-02 16:22:33.804151 [GSAccountProvider] {Main} Querying account level info for account: 1:0:126e7264
D 2021-11-02 16:22:33.804241 [GSAccountProvider] {Main} Querying parental control info for account: 1:0:126e7264
D 2021-11-02 16:22:33.804309 [GSAccountProvider] {Main} Querying game accounts for region: US
D 2021-11-02 16:22:33.804367 [GSAccountProvider] {Main} Querying game accounts for region: EU
D 2021-11-02 16:22:33.804383 [GSAccountProvider] {Main} Querying game accounts for region: KR
D 2021-11-02 16:22:33.804398 [GSAccountProvider] {Main} Querying game accounts for region: SG
D 2021-11-02 16:22:33.804409 [GSAccountProvider] {Main} Querying game accounts for region: XX
D 2021-11-02 16:22:33.804421 [GSAccountProvider] {Main} Querying game accounts for region: GLOBAL
D 2021-11-02 16:22:33.804434 [GSAccountProvider] {Main} Querying parental control info for account: 1:0:126e7264
D 2021-11-02 16:22:33.804536 [GSAccountProvider] {Main} Querying program level information for program: OSI
D 2021-11-02 16:22:33.804572 [GSAccountProvider] {Main} Querying program level information for program: Fen
D 2021-11-02 16:22:33.804588 [GSAccountProvider] {Main} Querying program level information for program: D3
D 2021-11-02 16:22:33.804602 [GSAccountProvider] {Main} Querying program level information for program: S2
D 2021-11-02 16:22:33.804651 [GSAccountProvider] {Main} Querying program level information for program: S1
D 2021-11-02 16:22:33.804667 [GSAccountProvider] {Main} Querying program level information for program: FORE
D 2021-11-02 16:22:33.804682 [GSAccountProvider] {Main} Querying program level information for program: W3
D 2021-11-02 16:22:33.804697 [GSAccountProvider] {Main} Querying program level information for program: WoW
D 2021-11-02 16:22:33.804717 [GSAccountProvider] {Main} Querying program level information for program: Pro
D 2021-11-02 16:22:33.804732 [GSAccountProvider] {Main} Querying program level information for program: Hero
D 2021-11-02 16:22:33.804750 [GSAccountProvider] {Main} Querying program level information for program: D3CN
D 2021-11-02 16:22:33.804766 [GSAccountProvider] {Main} Querying program level information for program: AUKS
D 2021-11-02 16:22:33.804781 [GSAccountProvider] {Main} Querying program level information for program: LAZR
D 2021-11-02 16:22:33.804795 [GSAccountProvider] {Main} Querying program level information for program: ODIN
D 2021-11-02 16:22:33.804809 [GSAccountProvider] {Main} Querying program level information for program: RTRO
D 2021-11-02 16:22:33.804826 [GSAccountProvider] {Main} Querying program level information for program: VIPR
D 2021-11-02 16:22:33.804842 [GSAccountProvider] {Main} Querying program level information for program: WLBY
D 2021-11-02 16:22:33.804862 [GSAccountProvider] {Main} Querying program level information for program: WTCG
D 2021-11-02 16:22:33.804883 [GSAccountProvider] {Main} Querying program level information for program: ZEUS
D 2021-11-02 16:22:33.838997 [GSAccountProvider] {Main} Received AccountLevelInfo for account. entityId=1:0:126e7264 accountLevelInfo=|licenses:|id=274|id=384|id=10107|id=10431|id=16332|id=17854|id=20195|id=24636|id=26931|id=36376|id=36377|id=53797|:licenses|default_currency=5591876|country=USA|preferred_region=1|account_paid_any=1
I 2021-11-02 16:22:33.839198 [AccountManager] {Main} Account site region code changed: US
I 2021-11-02 16:22:33.839226 [AccountManager] {Main} Account country changed: USA
D 2021-11-02 16:22:33.839351 [GSAccountProvider] {Main} Parental control info for account (1:0:126e7264) resulted in cache miss.
D 2021-11-02 16:22:33.839460 [GSAccountProvider] {Main} Querying game level information for entity: (Game: US-DST2-168118293)
D 2021-11-02 16:22:33.839510 [GSAccountProvider] {Main} Querying game time info for entity Id: (Game: US-DST2-168118293)
D 2021-11-02 16:22:33.839571 [GSAccountProvider] {Main} Querying program level information for program: DST2
D 2021-11-02 16:22:33.839679 [GSAccountProvider] {Main} Querying game level information for entity: (Game: US-Hero-61078631)
D 2021-11-02 16:22:33.839737 [GSAccountProvider] {Main} Querying game time info for entity Id: (Game: US-Hero-61078631)
D 2021-11-02 16:22:33.839833 [GSAccountProvider] {Main} Querying game level information for entity: (Game: US-Pro-118039079)
D 2021-11-02 16:22:33.839880 [GSAccountProvider] {Main} Querying game time info for entity Id: (Game: US-Pro-118039079)
D 2021-11-02 16:22:33.839963 [GSAccountProvider] {Main} Querying game level information for entity: (Game: US-S1-511902745)
D 2021-11-02 16:22:33.840019 [GSAccountProvider] {Main} Querying game time info for entity Id: (Game: US-S1-511902745)
D 2021-11-02 16:22:33.840094 [GSAccountProvider] {Main} Querying game level information for entity: (Game: US-S2-142430010)
D 2021-11-02 16:22:33.840149 [GSAccountProvider] {Main} Querying game time info for entity Id: (Game: US-S2-142430010)
D 2021-11-02 16:22:33.840218 [GSAccountProvider] {Main} Querying game level information for entity: (Game: US-WTCG-50416411)
D 2021-11-02 16:22:33.840312 [GSAccountProvider] {Main} Querying game time info for entity Id: (Game: US-WTCG-50416411)
D 2021-11-02 16:22:33.840365 [GSAccountProvider] {Main} Received 6 game accounts from region 'US'
D 2021-11-02 16:22:33.840398 [GSAccountProvider] {Main} Game account list for region 'EU' resulted in cache miss.
I 2021-11-02 16:22:33.840415 [GSStateTracker] {Main} State changed to: Loading
D 2021-11-02 16:22:33.840434 [GSAccountProvider] {Main} Game account list for region 'KR' resulted in cache miss.
D 2021-11-02 16:22:33.840450 [GSAccountProvider] {Main} Game account list for region 'SG' resulted in cache miss.
D 2021-11-02 16:22:33.840523 [GSAccountProvider] {Main} Querying game level information for entity: (Game: XX-Hero-29793536)
D 2021-11-02 16:22:33.840551 [GSAccountProvider] {Main} Querying game time info for entity Id: (Game: XX-Hero-29793536)
D 2021-11-02 16:22:33.840595 [GSAccountProvider] {Main} Received 1 game accounts from region 'XX'
D 2021-11-02 16:22:33.840618 [GSAccountProvider] {Main} Game account list for region 'GLOBAL' resulted in cache miss.
D 2021-11-02 16:22:33.840636 [GSAccountProvider] {Main} Parental control info for account (1:0:126e7264) resulted in cache miss.
D 2021-11-02 16:22:33.840700 [GSAccountProvider] {Main} Received program level info. programId=OSI programLevelInfo=|program=5198665
D 2021-11-02 16:22:33.840789 [GSAccountProvider] {Main} Received program level info. programId=Fen programLevelInfo=|program=4613486
D 2021-11-02 16:22:33.840818 [GSAccountProvider] {Main} Received program level info. programId=D3 programLevelInfo=|program=17459
D 2021-11-02 16:22:33.840842 [GSAccountProvider] {Main} Received program level info. programId=S2 programLevelInfo=|program=21298|licenses:|id=17854|:licenses|licenses:|id=24636|:licenses|licenses:|id=53797|:licenses
D 2021-11-02 16:22:33.840910 [GSAccountProvider] {Main} Received program level info. programId=S1 programLevelInfo=|program=21297
D 2021-11-02 16:22:33.840933 [GSAccountProvider] {Main} Received program level info. programId=FORE programLevelInfo=|program=1179603525
D 2021-11-02 16:22:33.840956 [GSAccountProvider] {Main} Received program level info. programId=W3 programLevelInfo=|program=22323
D 2021-11-02 16:22:33.840980 [GSAccountProvider] {Main} Received program level info. programId=WoW programLevelInfo=|program=5730135|licenses:|id=274|:licenses
D 2021-11-02 16:22:33.841013 [GSAccountProvider] {Main} Received program level info. programId=Pro programLevelInfo=|is_lifetime=1|program=5272175|licenses:|id=16332|:licenses
D 2021-11-02 16:22:33.841073 [GSAccountProvider] {Main} Received program level info. programId=Hero programLevelInfo=|is_beta=1|program=1214607983|licenses:|id=10107|:licenses|licenses:|id=10431|:licenses
D 2021-11-02 16:22:33.841115 [GSAccountProvider] {Main} Cache miss for program level info. programId=D3CN
D 2021-11-02 16:22:33.841132 [GSAccountProvider] {Main} Received program level info. programId=AUKS programLevelInfo=|program=1096108883
D 2021-11-02 16:22:33.841166 [GSAccountProvider] {Main} Received program level info. programId=LAZR programLevelInfo=|program=1279351378
D 2021-11-02 16:22:33.841188 [GSAccountProvider] {Main} Received program level info. programId=ODIN programLevelInfo=|program=1329875278
D 2021-11-02 16:22:33.841207 [GSAccountProvider] {Main} Received program level info. programId=RTRO programLevelInfo=|program=1381257807
D 2021-11-02 16:22:33.841229 [GSAccountProvider] {Main} Received program level info. programId=VIPR programLevelInfo=|is_lifetime=1|program=1447645266|licenses:|id=26931|:licenses|licenses:|id=36376|:licenses|licenses:|id=36377|:licenses
D 2021-11-02 16:22:33.841712 [GSAccountProvider] {Main} Received program level info. programId=WLBY programLevelInfo=|program=1464615513
D 2021-11-02 16:22:33.841749 [GSAccountProvider] {Main} Received program level info. programId=WTCG programLevelInfo=|program=1465140039
D 2021-11-02 16:22:33.841781 [GSAccountProvider] {Main} Received program level info. programId=ZEUS programLevelInfo=|program=1514493267
D 2021-11-02 16:22:33.843558 [GSAccountProvider] {Main} Received GameLevelInfo: (Game: US-DST2-168118293) info=|name="DST21"|program=1146311730|realm_permissions=1
D 2021-11-02 16:22:33.843718 [GSAccountProvider] {Main} Received GameTimeInfo: (Game: US-DST2-168118293) info=
D 2021-11-02 16:22:33.843812 [GSAccountProvider] {Main} Cache miss for program level info. programId=DST2
D 2021-11-02 16:22:33.843845 [GSAccountProvider] {Main} Received GameLevelInfo: (Game: US-Hero-61078631) info=|name="Hero1"|program=1214607983|realm_permissions=1
D 2021-11-02 16:22:33.843953 [GSAccountProvider] {Main} Received GameTimeInfo: (Game: US-Hero-61078631) info=
D 2021-11-02 16:22:33.844005 [GSAccountProvider] {Main} Received GameLevelInfo: (Game: US-Pro-118039079) info=|name="Pro1"|program=5272175|realm_permissions=1|last_logout_time_ms=1633547340000
D 2021-11-02 16:22:33.844109 [GSAccountProvider] {Main} Received GameTimeInfo: (Game: US-Pro-118039079) info=
D 2021-11-02 16:22:33.844146 [GSAccountProvider] {Main} Received GameLevelInfo: (Game: US-S1-511902745) info=|name="S11"|program=21297|realm_permissions=1|last_logout_time_ms=1615692040000
D 2021-11-02 16:22:33.844214 [GSAccountProvider] {Main} Received GameTimeInfo: (Game: US-S1-511902745) info=
D 2021-11-02 16:22:33.844259 [GSAccountProvider] {Main} Received GameLevelInfo: (Game: US-S2-142430010) info=|is_trial=0|is_restricted=0|name="S21"|program=21298|realm_permissions=1|last_logout_time_ms=1633399997000
D 2021-11-02 16:22:33.844329 [GSAccountProvider] {Main} Received GameTimeInfo: (Game: US-S2-142430010) info=
D 2021-11-02 16:22:33.844376 [GSAccountProvider] {Main} Received GameLevelInfo: (Game: US-WTCG-50416411) info=|name="WTCG1"|program=1465140039|realm_permissions=1
D 2021-11-02 16:22:33.844421 [GSAccountProvider] {Main} Received GameTimeInfo: (Game: US-WTCG-50416411) info=
D 2021-11-02 16:22:33.844453 [GSAccountProvider] {Main} Received GameLevelInfo: (Game: XX-Hero-29793536) info=|name="Hero1"|program=1214607983|realm_permissions=1
D 2021-11-02 16:22:33.844519 [GSAccountProvider] {Main} Received GameTimeInfo: (Game: XX-Hero-29793536) info=
D 2021-11-02 16:22:33.973112 [GSAccountProvider] {Main} Subscription has been activated. entityId=(BNet: 1:0:126e7264)
D 2021-11-02 16:22:33.973137 [GSAccountProvider] {Main} Querying game accounts for region: EU
D 2021-11-02 16:22:33.973146 [GSAccountProvider] {Main} Querying game accounts for region: KR
D 2021-11-02 16:22:33.973151 [GSAccountProvider] {Main} Querying game accounts for region: SG
D 2021-11-02 16:22:33.973156 [GSAccountProvider] {Main} Querying game accounts for region: GLOBAL
D 2021-11-02 16:22:33.983085 [GSAccountProvider] {Main} Region 'EU' has no game accounts.
D 2021-11-02 16:22:33.983114 [GSAccountProvider] {Main} Region 'KR' has no game accounts.
D 2021-11-02 16:22:33.983119 [GSAccountProvider] {Main} Region 'SG' has no game accounts.
D 2021-11-02 16:22:33.983124 [GSAccountProvider] {Main} Region 'GLOBAL' has no game accounts.
I 2021-11-02 16:22:33.983129 [GSStateTracker] {Main} All region requests have been completed!
I 2021-11-02 16:22:33.983135 [GSStateTracker] {Main} State changed to: WaitingForEntitlements
D 2021-11-02 16:22:33.983153 [GSAccountProvider] {Main} Completed initial load.
D 2021-11-02 16:22:33.983158 [GSAccountProvider] {Main} Querying game status for program id: D3
D 2021-11-02 16:22:33.983169 [GSAccountProvider] {Main} Querying game status for program id: S1
D 2021-11-02 16:22:33.983175 [GSAccountProvider] {Main} Querying game status for program id: S2
D 2021-11-02 16:22:33.983181 [GSAccountProvider] {Main} Querying game status for program id: W3
D 2021-11-02 16:22:33.983186 [GSAccountProvider] {Main} Querying game status for program id: Fen
D 2021-11-02 16:22:33.983190 [GSAccountProvider] {Main} Querying game status for program id: OSI
D 2021-11-02 16:22:33.983205 [GSAccountProvider] {Main} Querying game status for program id: Pro
D 2021-11-02 16:22:33.983220 [GSAccountProvider] {Main} Querying game status for program id: AUKS
D 2021-11-02 16:22:33.983233 [GSAccountProvider] {Main} Querying game status for program id: D3CN
D 2021-11-02 16:22:33.983242 [GSAccountProvider] {Main} Querying game status for program id: DST2
D 2021-11-02 16:22:33.983250 [GSAccountProvider] {Main} Querying game status for program id: FORE
D 2021-11-02 16:22:33.983258 [GSAccountProvider] {Main} Querying game status for program id: Hero
D 2021-11-02 16:22:33.983266 [GSAccountProvider] {Main} Querying game status for program id: LAZR
D 2021-11-02 16:22:33.983274 [GSAccountProvider] {Main} Querying game status for program id: ODIN
D 2021-11-02 16:22:33.983282 [GSAccountProvider] {Main} Querying game status for program id: RTRO
D 2021-11-02 16:22:33.983293 [GSAccountProvider] {Main} Querying game status for program id: VIPR
D 2021-11-02 16:22:33.983308 [GSAccountProvider] {Main} Querying game status for program id: WLBY
D 2021-11-02 16:22:33.983317 [GSAccountProvider] {Main} Querying game status for program id: WTCG
D 2021-11-02 16:22:33.983326 [GSAccountProvider] {Main} Querying game status for program id: ZEUS
I 2021-11-02 16:22:33.993594 [GSStateTracker] {Main} State changed to: Ready
I 2021-11-02 16:22:33.993713 [GSAccountProvider] {Main} Loaded accounts: 17
I 2021-11-02 16:22:33.993945 [GSAccountProvider] {Main} [FORE-FORE:beta]
I 2021-11-02 16:22:33.993962 [GSAccountProvider] {Main} [OSI-OSI:beta]
I 2021-11-02 16:22:33.993970 [GSAccountProvider] {Main} [S2-S2:retail]
I 2021-11-02 16:22:33.993976 [GSAccountProvider] {Main} [S2-S2:ptr]
I 2021-11-02 16:22:33.993988 [GSAccountProvider] {Main} [S1-S1:retail]
I 2021-11-02 16:22:33.993995 [GSAccountProvider] {Main} [Pro-Pro:ow_tournament_viewer_1]
I 2021-11-02 16:22:33.994006 [GSAccountProvider] {Main} [S1-S1:ptr]
I 2021-11-02 16:22:33.994013 [GSAccountProvider] {Main} [Pro-Pro:retail]
I 2021-11-02 16:22:33.994020 [GSAccountProvider] {Main} [Hero-Hero:ptr]
I 2021-11-02 16:22:33.994026 [GSAccountProvider] {Main} [Pro-Pro:ptr]
I 2021-11-02 16:22:33.994032 [GSAccountProvider] {Main} [Pro-Pro:ow_worldcup_viewer]
I 2021-11-02 16:22:33.994039 [GSAccountProvider] {Main} [Pro-Pro:ow_tournament_viewer_2]
I 2021-11-02 16:22:33.994046 [GSAccountProvider] {Main} [Hero-Hero:retail]
I 2021-11-02 16:22:33.994052 [GSAccountProvider] {Main} [ODIN-ODIN_MW:beta]
I 2021-11-02 16:22:33.994060 [GSAccountProvider] {Main} [VIPR-VIPR:retail]
I 2021-11-02 16:22:33.994067 [GSAccountProvider] {Main} [WTCG-WTCG:retail]
I 2021-11-02 16:22:33.994077 [GSAccountProvider] {Main} [ZEUS-ZEUS:beta]
I 2021-11-02 16:22:33.994094 [AccountManager] {Main} Account manager state has changed to: Ready
I 2021-11-02 16:22:33.994243 [GameProvider] {Main} Beginning GameProvider initialization.
D 2021-11-02 16:22:33.994368 [GameProvider] {Main} Inserting new unbound entity because no suitable match was found. uniqueId=Hero_retail
D 2021-11-02 16:22:33.994577 [GameProvider] {Main} Inserting new unbound entity because no suitable match was found. uniqueId=AUKS_retail
D 2021-11-02 16:22:33.994765 [GameProvider] {Main} Inserting new unbound entity because no suitable match was found. uniqueId=D3_retail
D 2021-11-02 16:22:33.995027 [GameProvider] {Main} Inserting new unbound entity because no suitable match was found. uniqueId=D3CN_retail
D 2021-11-02 16:22:33.995292 [GameProvider] {Main} Inserting new unbound entity because no suitable match was found. uniqueId=FORE_retail
D 2021-11-02 16:22:33.995808 [GameProvider] {Main} Inserting new unbound entity because no suitable match was found. uniqueId=Fen_retail
D 2021-11-02 16:22:33.996111 [GameProvider] {Main} Inserting new unbound entity because no suitable match was found. uniqueId=OSI_retail
D 2021-11-02 16:22:33.996391 [GameProvider] {Main} Inserting new unbound entity because no suitable match was found. uniqueId=LAZR_retail
D 2021-11-02 16:22:33.996816 [GameProvider] {Main} Inserting new unbound entity because no suitable match was found. uniqueId=ODIN_retail
D 2021-11-02 16:22:33.997060 [GameProvider] {Main} Inserting new unbound entity because no suitable match was found. uniqueId=Pro_retail
D 2021-11-02 16:22:33.997094 [GameProvider] {Main} Inserting new unbound entity because no suitable match was found. uniqueId=RTRO_retail
D 2021-11-02 16:22:33.997215 [GameProvider] {Main} Inserting new unbound entity because no suitable match was found. uniqueId=S1_retail
D 2021-11-02 16:22:33.997400 [GameProvider] {Main} Inserting new unbound entity because no suitable match was found. uniqueId=S2_retail
D 2021-11-02 16:22:33.997447 [GameProvider] {Main} Inserting new unbound entity because no suitable match was found. uniqueId=VIPR_retail
D 2021-11-02 16:22:33.997539 [GameProvider] {Main} Inserting new unbound entity because no suitable match was found. uniqueId=W3_retail
D 2021-11-02 16:22:33.997621 [GameProvider] {Main} Inserting new unbound entity because no suitable match was found. uniqueId=WLBY_retail
D 2021-11-02 16:22:33.997730 [GameProvider] {Main} Inserting new unbound entity because no suitable match was found. uniqueId=WTCG_retail
D 2021-11-02 16:22:33.997831 [GameProvider] {Main} Inserting new unbound entity because no suitable match was found. uniqueId=WoW_retail
D 2021-11-02 16:22:33.997917 [GameProvider] {Main} Tried to insert an unbound entity with no uid. productCode=WoWC_wow_classic
D 2021-11-02 16:22:33.997930 [GameProvider] {Main} Inserting new unbound entity because no suitable match was found. uniqueId=ZEUS_retail
D 2021-11-02 16:22:33.998115 [GameProvider] {Main} Tried to insert an unbound entity that already exists. productCode=Pro_retail bound=0
D 2021-11-02 16:22:33.998128 [GameProvider] {Main} Tried to insert an unbound entity that already exists. productCode=S2_retail bound=0
I 2021-11-02 16:22:33.998161 [GameProvider] {Main} Inserting new bound entity because no suitable match was found. accountInfo=[FORE-FORE:beta] productId=FORE productType=beta
I 2021-11-02 16:22:33.998282 [GameProvider] {Main} Inserting new bound entity because no suitable match was found. accountInfo=[OSI-OSI:beta] productId=OSI productType=beta
D 2021-11-02 16:22:33.998381 [GameProvider] {Main} Binding account info to available unbound entity. productCode=S2_retail accountInfo=[S2-S2:retail]
I 2021-11-02 16:22:33.998399 [GameProvider] {Main} Inserting new bound entity because no suitable match was found. accountInfo=[S2-S2:ptr] productId=S2 productType=ptr
D 2021-11-02 16:22:33.998515 [GameProvider] {Main} Binding account info to available unbound entity. productCode=S1_retail accountInfo=[S1-S1:retail]
I 2021-11-02 16:22:33.998577 [GameProvider] {Main} Inserting new bound entity because no suitable match was found. accountInfo=[Pro-Pro:ow_tournament_viewer_1] productId=Pro productType=ow_tournament_viewer_1
I 2021-11-02 16:22:33.998770 [GameProvider] {Main} Inserting new bound entity because no suitable match was found. accountInfo=[S1-S1:ptr] productId=S1 productType=ptr
D 2021-11-02 16:22:33.998911 [GameProvider] {Main} Binding account info to available unbound entity. productCode=Pro_retail accountInfo=[Pro-Pro:retail]
I 2021-11-02 16:22:33.998982 [GameProvider] {Main} Inserting new bound entity because no suitable match was found. accountInfo=[Hero-Hero:ptr] productId=Hero productType=ptr
I 2021-11-02 16:22:33.999193 [GameProvider] {Main} Inserting new bound entity because no suitable match was found. accountInfo=[Pro-Pro:ptr] productId=Pro productType=ptr
I 2021-11-02 16:22:33.999456 [GameProvider] {Main} Inserting new bound entity because no suitable match was found. accountInfo=[Pro-Pro:ow_worldcup_viewer] productId=Pro productType=ow_worldcup_viewer
I 2021-11-02 16:22:33.999705 [GameProvider] {Main} Inserting new bound entity because no suitable match was found. accountInfo=[Pro-Pro:ow_tournament_viewer_2] productId=Pro productType=ow_tournament_viewer_2
D 2021-11-02 16:22:33.999896 [GameProvider] {Main} Binding account info to available unbound entity. productCode=Hero_retail accountInfo=[Hero-Hero:retail]
I 2021-11-02 16:22:33.999919 [GameProvider] {Main} Inserting new bound entity because no suitable match was found. accountInfo=[ODIN-ODIN_MW:beta] productId=ODIN_MW productType=beta
D 2021-11-02 16:22:34.000039 [GameProvider] {Main} Binding account info to available unbound entity. productCode=VIPR_retail accountInfo=[VIPR-VIPR:retail]
D 2021-11-02 16:22:34.000057 [GameProvider] {Main} Binding account info to available unbound entity. productCode=WTCG_retail accountInfo=[WTCG-WTCG:retail]
I 2021-11-02 16:22:34.000071 [GameProvider] {Main} Inserting new bound entity because no suitable match was found. accountInfo=[ZEUS-ZEUS:beta] productId=ZEUS productType=beta
I 2021-11-02 16:22:34.000172 [GameProvider] {Main} Game provider is now initialized
I 2021-11-02 16:22:34.000328 [InstallFlow] {Main} FlowController is now initialized
I 2021-11-02 16:22:34.000383 [GameController] {Main} Beginning GameController initialization
D 2021-11-02 16:22:34.000469 [GameController] {Main} Game Family Added: id=Pro visible=0
D 2021-11-02 16:22:34.000573 [ProductState] {Main} Game product state created: uid=prometheus_tournament_viewer_2
D 2021-11-02 16:22:34.000594 [ProductState] {Main} InstallState (prometheus_tournament_viewer_2): currentOperation=Install currentOperationStatus=New
I 2021-11-02 16:22:34.000696 [GameController] {Main} GameAccount added to family: family=Pro account=GameAccount(Pro:ow_tournament_viewer_2 region=US)
D 2021-11-02 16:22:34.000738 [GameController] {Main} Adding product state reference. uid=prometheus_tournament_viewer_2 refCount=0
D 2021-11-02 16:22:34.000857 [GameController] {Main} Visibility Changed. family=Pro visible=1
D 2021-11-02 16:22:34.001464 [GameController] {Main} Game Family Added: id=ZEUS visible=0
D 2021-11-02 16:22:34.001550 [ProductState] {Main} Game product state created: uid=zeus
D 2021-11-02 16:22:34.001580 [ProductState] {Main} InstallState (zeus): currentOperation=Install currentOperationStatus=New
I 2021-11-02 16:22:34.001683 [GameController] {Main} GameAccount added to family: family=ZEUS account=GameAccount(ZEUS:retail region=US unbound)
D 2021-11-02 16:22:34.001717 [GameController] {Main} Adding product state reference. uid=zeus refCount=0
D 2021-11-02 16:22:34.001846 [GameController] {Main} Visibility Changed. family=ZEUS visible=1
D 2021-11-02 16:22:34.002390 [GameController] {Main} Game Family Added: id=ODIN visible=0
D 2021-11-02 16:22:34.002510 [ProductState] {Main} Game product state created: uid=odin
D 2021-11-02 16:22:34.002526 [ProductState] {Main} InstallState (odin): currentOperation=Install currentOperationStatus=New
I 2021-11-02 16:22:34.002579 [GameController] {Main} GameAccount added to family: family=ODIN account=GameAccount(ODIN:retail region=US unbound)
D 2021-11-02 16:22:34.002620 [GameController] {Main} Adding product state reference. uid=odin refCount=0
D 2021-11-02 16:22:34.002679 [GameController] {Main} Visibility Changed. family=ODIN visible=1
D 2021-11-02 16:22:34.003194 [GameController] {Main} Game Family Added: id=Hero visible=0
D 2021-11-02 16:22:34.003247 [ProductState] {Main} Game product state created: uid=heroes
D 2021-11-02 16:22:34.003268 [ProductState] {Main} InstallState (heroes): currentOperation=Install currentOperationStatus=New
I 2021-11-02 16:22:34.003338 [GameController] {Main} GameAccount added to family: family=Hero account=GameAccount(Hero:retail region=US)
D 2021-11-02 16:22:34.003371 [GameController] {Main} Adding product state reference. uid=heroes refCount=0
D 2021-11-02 16:22:34.003422 [GameController] {Main} Visibility Changed. family=Hero visible=1
D 2021-11-02 16:22:34.003928 [GameController] {Main} Game Family Added: id=FORE visible=0
D 2021-11-02 16:22:34.004002 [ProductState] {Main} Game product state created: uid=fore
D 2021-11-02 16:22:34.004022 [ProductState] {Main} InstallState (fore): currentOperation=Install currentOperationStatus=New
I 2021-11-02 16:22:34.004073 [GameController] {Main} GameAccount added to family: family=FORE account=GameAccount(FORE:retail region=US unbound)
D 2021-11-02 16:22:34.004134 [GameController] {Main} Adding product state reference. uid=fore refCount=0
D 2021-11-02 16:22:34.004194 [GameController] {Main} Visibility Changed. family=FORE visible=1
D 2021-11-02 16:22:34.004697 [GameController] {Main} Game Family Added: id=AUKS visible=0
D 2021-11-02 16:22:34.004758 [ProductState] {Main} Game product state created: uid=auks
D 2021-11-02 16:22:34.004792 [ProductState] {Main} InstallState (auks): currentOperation=Install currentOperationStatus=New
I 2021-11-02 16:22:34.004864 [GameController] {Main} GameAccount added to family: family=AUKS account=GameAccount(AUKS:retail region=US unbound hidden)
D 2021-11-02 16:22:34.004891 [GameController] {Main} Adding product state reference. uid=auks refCount=0
D 2021-11-02 16:22:34.005427 [GameController] {Main} Game Family Added: id=D3 visible=0
D 2021-11-02 16:22:34.005497 [ProductState] {Main} Game product state created: uid=diablo3
D 2021-11-02 16:22:34.005521 [ProductState] {Main} InstallState (diablo3): currentOperation=Install currentOperationStatus=New
I 2021-11-02 16:22:34.005596 [GameController] {Main} GameAccount added to family: family=D3 account=GameAccount(D3:retail region=US unbound)
D 2021-11-02 16:22:34.005624 [GameController] {Main} Adding product state reference. uid=diablo3 refCount=0
D 2021-11-02 16:22:34.005669 [GameController] {Main} Visibility Changed. family=D3 visible=1
D 2021-11-02 16:22:34.006176 [GameController] {Main} Game Family Added: id=LAZR visible=0
D 2021-11-02 16:22:34.006228 [ProductState] {Main} Game product state created: uid=lazarus
D 2021-11-02 16:22:34.006241 [ProductState] {Main} InstallState (lazarus): currentOperation=Install currentOperationStatus=New
I 2021-11-02 16:22:34.006298 [GameController] {Main} GameAccount added to family: family=LAZR account=GameAccount(LAZR:retail region=US unbound)
D 2021-11-02 16:22:34.006327 [GameController] {Main} Adding product state reference. uid=lazarus refCount=0
D 2021-11-02 16:22:34.006373 [GameController] {Main} Visibility Changed. family=LAZR visible=1
D 2021-11-02 16:22:34.006860 [GameController] {Main} Game Family Added: id=Fen visible=0
D 2021-11-02 16:22:34.006919 [ProductState] {Main} Game product state created: uid=fenris
D 2021-11-02 16:22:34.006941 [ProductState] {Main} InstallState (fenris): currentOperation=Install currentOperationStatus=New
I 2021-11-02 16:22:34.006995 [GameController] {Main} GameAccount added to family: family=Fen account=GameAccount(Fen:retail region=US unbound hidden)
D 2021-11-02 16:22:34.007016 [GameController] {Main} Adding product state reference. uid=fenris refCount=0
D 2021-11-02 16:22:34.007542 [GameController] {Main} Game Family Added: id=D3CN visible=0
D 2021-11-02 16:22:34.007622 [ProductState] {Main} Game product state created: uid=d3cn
D 2021-11-02 16:22:34.007637 [ProductState] {Main} InstallState (d3cn): currentOperation=Install currentOperationStatus=New
I 2021-11-02 16:22:34.007690 [GameController] {Main} GameAccount added to family: family=D3CN account=GameAccount(D3CN:retail region=<none> unbound hidden)
D 2021-11-02 16:22:34.007708 [GameController] {Main} Adding product state reference. uid=d3cn refCount=0
D 2021-11-02 16:22:34.008767 [GameController] {Main} Game Family Added: id=OSI visible=0
D 2021-11-02 16:22:34.008976 [ProductState] {Main} Game product state created: uid=osi
D 2021-11-02 16:22:34.009035 [ProductState] {Main} InstallState (osi): currentOperation=Install currentOperationStatus=New
I 2021-11-02 16:22:34.009196 [GameController] {Main} GameAccount added to family: family=OSI account=GameAccount(OSI:retail region=US unbound)
D 2021-11-02 16:22:34.009247 [GameController] {Main} Adding product state reference. uid=osi refCount=0
D 2021-11-02 16:22:34.009329 [GameController] {Main} Visibility Changed. family=OSI visible=1
D 2021-11-02 16:22:34.010427 [GameController] {Main} Game Family Added: id=S1 visible=0
D 2021-11-02 16:22:34.010951 [ProductState] {Main} Game product state created: uid=s1_ptr
D 2021-11-02 16:22:34.011078 [ProductState] {Main} InstallState (s1_ptr): currentOperation=Install currentOperationStatus=New
I 2021-11-02 16:22:34.011387 [GameController] {Main} GameAccount added to family: family=S1 account=GameAccount(S1:ptr region=XX)
D 2021-11-02 16:22:34.011455 [GameController] {Main} Adding product state reference. uid=s1_ptr refCount=0
D 2021-11-02 16:22:34.011563 [GameController] {Main} Visibility Changed. family=S1 visible=1
I 2021-11-02 16:22:34.013372 [GameController] {Main} GameAccount added to family: family=Pro account=GameAccount(Pro:retail region=US)
D 2021-11-02 16:22:34.013472 [GameController] {Main} Adding product state reference. uid=prometheus refCount=0
D 2021-11-02 16:22:34.014750 [GameController] {Main} Game Family Added: id=RTRO visible=0
D 2021-11-02 16:22:34.014910 [ProductState] {Main} Game product state created: uid=rtro
D 2021-11-02 16:22:34.014971 [ProductState] {Main} InstallState (rtro): currentOperation=Install currentOperationStatus=New
I 2021-11-02 16:22:34.015101 [GameController] {Main} GameAccount added to family: family=RTRO account=GameAccount(RTRO:retail region=US unbound)
D 2021-11-02 16:22:34.015155 [GameController] {Main} Adding product state reference. uid=rtro refCount=0
D 2021-11-02 16:22:34.015246 [GameController] {Main} Visibility Changed. family=RTRO visible=1
D 2021-11-02 16:22:34.016176 [ProductState] {Main} Game product state created: uid=s1
D 2021-11-02 16:22:34.016207 [ProductState] {Main} InstallState (s1): currentOperation=Install currentOperationStatus=New
I 2021-11-02 16:22:34.016276 [GameController] {Main} GameAccount added to family: family=S1 account=GameAccount(S1:retail region=US)
D 2021-11-02 16:22:34.016304 [GameController] {Main} Adding product state reference. uid=s1 refCount=0
D 2021-11-02 16:22:34.017121 [GameController] {Main} Game Family Added: id=S2 visible=0
I 2021-11-02 16:22:34.017180 [GameController] {Main} GameAccount added to family: family=S2 account=GameAccount(S2:retail region=US)
D 2021-11-02 16:22:34.017199 [GameController] {Main} Adding product state reference. uid=s2 refCount=0
D 2021-11-02 16:22:34.017243 [GameController] {Main} Visibility Changed. family=S2 visible=1
D 2021-11-02 16:22:34.017866 [GameController] {Main} Game Family Added: id=VIPR visible=0
D 2021-11-02 16:22:34.017987 [ProductState] {Main} Game product state created: uid=viper
D 2021-11-02 16:22:34.018017 [ProductState] {Main} InstallState (viper): currentOperation=Install currentOperationStatus=New
I 2021-11-02 16:22:34.018091 [GameController] {Main} GameAccount added to family: family=VIPR account=GameAccount(VIPR:retail region=US)
D 2021-11-02 16:22:34.018114 [GameController] {Main} Adding product state reference. uid=viper refCount=0
D 2021-11-02 16:22:34.018161 [GameController] {Main} Visibility Changed. family=VIPR visible=1
D 2021-11-02 16:22:34.018697 [ProductState] {Main} Game product state created: uid=odin_beta
D 2021-11-02 16:22:34.018718 [ProductState] {Main} InstallState (odin_beta): currentOperation=Install currentOperationStatus=New
I 2021-11-02 16:22:34.018792 [GameController] {Main} GameAccount added to family: family=ODIN account=GameAccount(ODIN:beta region=US hidden)
D 2021-11-02 16:22:34.018817 [GameController] {Main} Adding product state reference. uid=odin_beta refCount=0
D 2021-11-02 16:22:34.019405 [GameController] {Main} Game Family Added: id=W3 visible=0
D 2021-11-02 16:22:34.019455 [ProductState] {Main} Game product state created: uid=w3
D 2021-11-02 16:22:34.019467 [ProductState] {Main} InstallState (w3): currentOperation=Install currentOperationStatus=New
I 2021-11-02 16:22:34.019515 [GameController] {Main} GameAccount added to family: family=W3 account=GameAccount(W3:retail region=US unbound)
D 2021-11-02 16:22:34.019548 [GameController] {Main} Adding product state reference. uid=w3 refCount=0
D 2021-11-02 16:22:34.019590 [GameController] {Main} Visibility Changed. family=W3 visible=1
D 2021-11-02 16:22:34.020091 [ProductState] {Main} Game product state created: uid=fore_beta
D 2021-11-02 16:22:34.020106 [ProductState] {Main} InstallState (fore_beta): currentOperation=Install currentOperationStatus=New
I 2021-11-02 16:22:34.020169 [GameController] {Main} GameAccount added to family: family=FORE account=GameAccount(FORE:beta region=US hidden)
D 2021-11-02 16:22:34.020188 [GameController] {Main} Adding product state reference. uid=fore_beta refCount=0
D 2021-11-02 16:22:34.020769 [GameController] {Main} Game Family Added: id=WLBY visible=0
D 2021-11-02 16:22:34.020830 [ProductState] {Main} Game product state created: uid=wlby
D 2021-11-02 16:22:34.020849 [ProductState] {Main} InstallState (wlby): currentOperation=Install currentOperationStatus=New
I 2021-11-02 16:22:34.020898 [GameController] {Main} GameAccount added to family: family=WLBY account=GameAccount(WLBY:retail region=US unbound)
D 2021-11-02 16:22:34.020918 [GameController] {Main} Adding product state reference. uid=wlby refCount=0
D 2021-11-02 16:22:34.020957 [GameController] {Main} Visibility Changed. family=WLBY visible=1
D 2021-11-02 16:22:34.021458 [GameController] {Main} Game Family Added: id=WTCG visible=0
D 2021-11-02 16:22:34.021543 [ProductState] {Main} Game product state created: uid=hs_beta
D 2021-11-02 16:22:34.021559 [ProductState] {Main} InstallState (hs_beta): currentOperation=Install currentOperationStatus=New
I 2021-11-02 16:22:34.021658 [GameController] {Main} GameAccount added to family: family=WTCG account=GameAccount(WTCG:retail region=US)
D 2021-11-02 16:22:34.021682 [GameController] {Main} Adding product state reference. uid=hs_beta refCount=0
D 2021-11-02 16:22:34.021747 [GameController] {Main} Visibility Changed. family=WTCG visible=1
D 2021-11-02 16:22:34.022411 [GameController] {Main} Game Family Added: id=WoW visible=0
D 2021-11-02 16:22:34.022507 [ProductState] {Main} Game product state created: uid=wow
D 2021-11-02 16:22:34.022525 [ProductState] {Main} InstallState (wow): currentOperation=Install currentOperationStatus=New
I 2021-11-02 16:22:34.022586 [GameController] {Main} GameAccount added to family: family=WoW account=GameAccount(WoW:retail region=US unbound)
D 2021-11-02 16:22:34.022613 [GameController] {Main} Adding product state reference. uid=wow refCount=0
D 2021-11-02 16:22:34.022656 [GameController] {Main} Visibility Changed. family=WoW visible=1
D 2021-11-02 16:22:34.023163 [ProductState] {Main} Game product state created: uid=osi_beta
D 2021-11-02 16:22:34.023178 [ProductState] {Main} InstallState (osi_beta): currentOperation=Install currentOperationStatus=New
I 2021-11-02 16:22:34.023237 [GameController] {Main} GameAccount added to family: family=OSI account=GameAccount(OSI:beta region=US hidden)
D 2021-11-02 16:22:34.023255 [GameController] {Main} Adding product state reference. uid=osi_beta refCount=0
D 2021-11-02 16:22:34.023806 [ProductState] {Main} Game product state created: uid=s2_ptr
D 2021-11-02 16:22:34.023821 [ProductState] {Main} InstallState (s2_ptr): currentOperation=Install currentOperationStatus=New
I 2021-11-02 16:22:34.023862 [GameController] {Main} GameAccount added to family: family=S2 account=GameAccount(S2:ptr region=XX)
D 2021-11-02 16:22:34.023885 [GameController] {Main} Adding product state reference. uid=s2_ptr refCount=0
D 2021-11-02 16:22:34.024559 [ProductState] {Main} Game product state created: uid=prometheus_tournament_viewer
D 2021-11-02 16:22:34.024605 [ProductState] {Main} InstallState (prometheus_tournament_viewer): currentOperation=Install currentOperationStatus=New
I 2021-11-02 16:22:34.024783 [GameController] {Main} GameAccount added to family: family=Pro account=GameAccount(Pro:ow_tournament_viewer_1 region=US)
D 2021-11-02 16:22:34.024841 [GameController] {Main} Adding product state reference. uid=prometheus_tournament_viewer refCount=0
D 2021-11-02 16:22:34.026141 [ProductState] {Main} Game product state created: uid=heroes_ptr
D 2021-11-02 16:22:34.026221 [ProductState] {Main} InstallState (heroes_ptr): currentOperation=Install currentOperationStatus=New
I 2021-11-02 16:22:34.026433 [GameController] {Main} GameAccount added to family: family=Hero account=GameAccount(Hero:ptr region=XX)
D 2021-11-02 16:22:34.026533 [GameController] {Main} Adding product state reference. uid=heroes_ptr refCount=0
D 2021-11-02 16:22:34.027610 [ProductState] {Main} Game product state created: uid=prometheus_test
D 2021-11-02 16:22:34.027656 [ProductState] {Main} InstallState (prometheus_test): currentOperation=Install currentOperationStatus=New
I 2021-11-02 16:22:34.027803 [GameController] {Main} GameAccount added to family: family=Pro account=GameAccount(Pro:ptr region=XX)
D 2021-11-02 16:22:34.027872 [GameController] {Main} Adding product state reference. uid=prometheus_test refCount=0
D 2021-11-02 16:22:34.029463 [ProductState] {Main} Game product state created: uid=prometheus_viewer
D 2021-11-02 16:22:34.029563 [ProductState] {Main} InstallState (prometheus_viewer): currentOperation=Install currentOperationStatus=New
I 2021-11-02 16:22:34.029821 [GameController] {Main} GameAccount added to family: family=Pro account=GameAccount(Pro:ow_worldcup_viewer region=US hidden)
D 2021-11-02 16:22:34.029883 [GameController] {Main} Adding product state reference. uid=prometheus_viewer refCount=0
D 2021-11-02 16:22:34.030986 [ProductState] {Main} Game product state created: uid=zeus_beta
D 2021-11-02 16:22:34.031017 [ProductState] {Main} InstallState (zeus_beta): currentOperation=Install currentOperationStatus=New
I 2021-11-02 16:22:34.031106 [GameController] {Main} GameAccount added to family: family=ZEUS account=GameAccount(ZEUS:beta region=US hidden)
D 2021-11-02 16:22:34.031126 [GameController] {Main} Adding product state reference. uid=zeus_beta refCount=0
I 2021-11-02 16:22:34.049377 [GameController] {Main} Setting default selections for game controller
D 2021-11-02 16:22:34.049436 [GameController] {Main} Picked default selection by type for product group: Fen account=GameAccount(null)
D 2021-11-02 16:22:34.049464 [GameController] {Main} Picked default selection by type for product group: Pro account=GameAccount(Pro:retail region=US)
D 2021-11-02 16:22:34.051551 [GameController] {Main} New selection for product group Pro: account=GameAccount(Pro:retail region=US) selectedItem=Overwatch
D 2021-11-02 16:22:34.051784 [RemoteContentCache] {Main} Found cached remote content. url=https://nydus.battle.net/App/enUS/client/overwatch/alert?targetRegion=US
D 2021-11-02 16:22:34.051823 [GameController] {Main} Picked default selection by type for product group: AUKS account=GameAccount(null)
D 2021-11-02 16:22:34.051833 [GameController] {Main} Picked default selection by type for product group: D3CN account=GameAccount(null)
D 2021-11-02 16:22:34.051846 [GameController] {Main} Picked default selection by type for product group: WoW account=GameAccount(WoW:retail region=US unbound)
D 2021-11-02 16:22:34.053077 [GameController] {Main} New selection for product group WoW: account=GameAccount(WoW:retail region=US unbound) selectedItem=World of Warcraft
D 2021-11-02 16:22:34.053244 [RemoteContentCache] {Main} Found cached remote content. url=https://nydus.battle.net/App/enUS/client/WoW/alert?targetRegion=US
D 2021-11-02 16:22:34.053282 [GameController] {Main} Picked default selection by type for product group: S1 account=GameAccount(S1:retail region=US)
D 2021-11-02 16:22:34.054617 [GameController] {Main} New selection for product group S1: account=GameAccount(S1:retail region=US) selectedItem=StarCraft
D 2021-11-02 16:22:34.054779 [RemoteContentCache] {Main} Found cached remote content. url=https://nydus.battle.net/App/enUS/client/S1/alert?targetRegion=US
D 2021-11-02 16:22:34.054809 [GameController] {Main} Picked default selection by type for product group: VIPR account=GameAccount(VIPR:retail region=US)
D 2021-11-02 16:22:34.055973 [GameController] {Main} New selection for product group VIPR: account=GameAccount(VIPR:retail region=US) selectedItem=Call of Duty: Black Ops 4
D 2021-11-02 16:22:34.056123 [RemoteContentCache] {Main} Found cached remote content. url=https://nydus.battle.net/App/enUS/client/VIPR/alert?targetRegion=US
D 2021-11-02 16:22:34.056157 [GameController] {Main} Picked default selection by type for product group: RTRO account=GameAccount(RTRO:retail region=US unbound)
D 2021-11-02 16:22:34.057364 [GameController] {Main} Selected region change: GameAccount(RTRO:retail region=US unbound)
D 2021-11-02 16:22:34.057393 [GameController] {Main} Region changed for selected game account: GameAccount(RTRO:retail region=US unbound)
D 2021-11-02 16:22:34.057562 [GameController] {Main} New selection for product group RTRO: account=GameAccount(RTRO:retail region=US unbound) selectedItem=Blizzard Arcade Collection
D 2021-11-02 16:22:34.057601 [GameController] {Main} Picked default selection by type for product group: D3 account=GameAccount(D3:retail region=US unbound)
D 2021-11-02 16:22:34.060383 [GameController] {Main} New selection for product group D3: account=GameAccount(D3:retail region=US unbound) selectedItem=Diablo III
D 2021-11-02 16:22:34.060995 [RemoteContentCache] {Main} Found cached remote content. url=https://nydus.battle.net/App/enUS/client/D3/alert?targetRegion=US
D 2021-11-02 16:22:34.061213 [GameController] {Main} Picked default selection by type for product group: LAZR account=GameAccount(LAZR:retail region=US unbound)
D 2021-11-02 16:22:34.063932 [GameController] {Main} New selection for product group LAZR: account=GameAccount(LAZR:retail region=US unbound) selectedItem=Call of Duty: MW2 Campaign Remastered
D 2021-11-02 16:22:34.064168 [RemoteContentCache] {Main} Found cached remote content. url=https://nydus.battle.net/App/enUS/client/lazr/alert?targetRegion=US
D 2021-11-02 16:22:34.064216 [GameController] {Main} Picked default selection by type for product group: ODIN account=GameAccount(ODIN:retail region=US unbound)
D 2021-11-02 16:22:34.065554 [GameController] {Main} New selection for product group ODIN: account=GameAccount(ODIN:retail region=US unbound) selectedItem=Call of Duty: Warzone
D 2021-11-02 16:22:34.065766 [RemoteContentCache] {Main} Found cached remote content. url=https://nydus.battle.net/App/enUS/client/odin/alert?targetRegion=US
D 2021-11-02 16:22:34.065817 [GameController] {Main} Picked default selection by type for product group: FORE account=GameAccount(FORE:retail region=US unbound)
D 2021-11-02 16:22:34.067019 [GameController] {Main} Selected region change: GameAccount(FORE:retail region=US unbound)
D 2021-11-02 16:22:34.067039 [GameController] {Main} Region changed for selected game account: GameAccount(FORE:retail region=US unbound)
D 2021-11-02 16:22:34.067059 [GameController] {Main} New selection for product group FORE: account=GameAccount(FORE:retail region=US unbound) selectedItem=Call of Duty: Vanguard
D 2021-11-02 16:22:34.067083 [GameController] {Main} Picked default selection by type for product group: W3 account=GameAccount(W3:retail region=US unbound)
D 2021-11-02 16:22:34.068240 [GameController] {Main} New selection for product group W3: account=GameAccount(W3:retail region=US unbound) selectedItem=Warcraft III
D 2021-11-02 16:22:34.068421 [RemoteContentCache] {Main} Found cached remote content. url=https://nydus.battle.net/App/enUS/client/war3r/alert?targetRegion=US
D 2021-11-02 16:22:34.068467 [GameController] {Main} Picked default selection by type for product group: Hero account=GameAccount(Hero:retail region=US)
D 2021-11-02 16:22:34.069854 [GameController] {Main} New selection for product group Hero: account=GameAccount(Hero:retail region=US) selectedItem=Heroes of the Storm
D 2021-11-02 16:22:34.070036 [RemoteContentCache] {Main} Found cached remote content. url=https://nydus.battle.net/App/enUS/client/Hero/alert?targetRegion=US
D 2021-11-02 16:22:34.070071 [GameController] {Main} Picked default selection by type for product group: S2 account=GameAccount(S2:retail region=US)
D 2021-11-02 16:22:34.071393 [GameController] {Main} New selection for product group S2: account=GameAccount(S2:retail region=US) selectedItem=StarCraft II
D 2021-11-02 16:22:34.071546 [RemoteContentCache] {Main} Found cached remote content. url=https://nydus.battle.net/App/enUS/client/S2/alert?targetRegion=US
D 2021-11-02 16:22:34.071577 [GameController] {Main} Picked default selection by type for product group: ZEUS account=GameAccount(ZEUS:retail region=US unbound)
D 2021-11-02 16:22:34.072855 [GameController] {Main} Selected region change: GameAccount(ZEUS:retail region=US unbound)
D 2021-11-02 16:22:34.072891 [GameController] {Main} Region changed for selected game account: GameAccount(ZEUS:retail region=US unbound)
D 2021-11-02 16:22:34.073130 [GameController] {Main} New selection for product group ZEUS: account=GameAccount(ZEUS:retail region=US unbound) selectedItem=Call of Duty: Black Ops Cold War
D 2021-11-02 16:22:34.073184 [GameController] {Main} Picked default selection by type for product group: WLBY account=GameAccount(WLBY:retail region=US unbound)
D 2021-11-02 16:22:34.074645 [GameController] {Main} New selection for product group WLBY: account=GameAccount(WLBY:retail region=US unbound) selectedItem=Crash Bandicoot 4: It's About Time
D 2021-11-02 16:22:34.075175 [GameController] {Main} Picked default selection by type for product group: OSI account=GameAccount(OSI:retail region=US unbound)
D 2021-11-02 16:22:34.080245 [GameController] {Main} Selected region change: GameAccount(OSI:retail region=US unbound)
D 2021-11-02 16:22:34.080295 [GameController] {Main} Region changed for selected game account: GameAccount(OSI:retail region=US unbound)
D 2021-11-02 16:22:34.081052 [GameController] {Main} New selection for product group OSI: account=GameAccount(OSI:retail region=US unbound) selectedItem=Diablo II: Resurrected
D 2021-11-02 16:22:34.081162 [GameController] {Main} Picked default selection by type for product group: WTCG account=GameAccount(WTCG:retail region=US)
D 2021-11-02 16:22:34.083199 [GameController] {Main} New selection for product group WTCG: account=GameAccount(WTCG:retail region=US) selectedItem=Hearthstone
D 2021-11-02 16:22:34.083457 [RemoteContentCache] {Main} Found cached remote content. url=https://nydus.battle.net/App/enUS/client/WTCG/alert?targetRegion=US
D 2021-11-02 16:22:34.083596 [GameController] {Main} Selecting game family by id: Pro
D 2021-11-02 16:22:34.083621 [GameController] {Main} Active family set to: Pro
D 2021-11-02 16:22:34.090961 [GameController] {Main} Active product set to: Pro_retail
I 2021-11-02 16:22:34.098163 [GameController] {Main} GameController initialization complete
D 2021-11-02 16:22:34.099261 [GSAccountProvider] {Main} Completed final load.
D 2021-11-02 16:22:34.124492 [GSAccountProvider] {Main} Subscription has been activated. entityId=(Game: XX-Hero-29793536)
D 2021-11-02 16:22:34.124582 [GSAccountProvider] {Main} Subscription has been activated. entityId=(Game: US-S2-142430010)
D 2021-11-02 16:22:34.124622 [GSAccountProvider] {Main} Subscription has been activated. entityId=(Game: US-Hero-61078631)
D 2021-11-02 16:22:34.124738 [GSAccountProvider] {Main} Subscription has been activated. entityId=(Game: US-DST2-168118293)
D 2021-11-02 16:22:34.124755 [GSAccountProvider] {Main} Subscription has been activated. entityId=(Game: US-Pro-118039079)
D 2021-11-02 16:22:34.124768 [GSAccountProvider] {Main} Received GameTimeRemainingInfo: (Game: US-S2-142430010) info=
D 2021-11-02 16:22:34.124871 [GSAccountProvider] {Main} Subscription has been activated. entityId=(Game: US-S1-511902745)
D 2021-11-02 16:22:34.124892 [GSAccountProvider] {Main} Subscription has been activated. entityId=(Game: US-WTCG-50416411)
D 2021-11-02 16:22:34.124906 [GSAccountProvider] {Main} Received GameTimeRemainingInfo: (Game: US-Pro-118039079) info=
D 2021-11-02 16:22:34.183264 [GSAccountProvider] {Main} Received GameTimeRemainingInfo: (Game: US-WTCG-50416411) info=
D 2021-11-02 16:22:34.183299 [GSAccountProvider] {Main} Received GameTimeRemainingInfo: (Game: US-S1-511902745) info=
D 2021-11-02 16:22:34.183308 [GSAccountProvider] {Main} Received GameTimeRemainingInfo: (Game: US-DST2-168118293) info=
D 2021-11-02 16:22:34.183314 [GSAccountProvider] {Main} Received GameTimeRemainingInfo: (Game: US-Hero-61078631) info=
D 2021-11-02 16:22:34.734151 [BAPIGateway] {Main} API request: https://us.api.blizzard.com/content-api/v1/layoutTemplates/blt478cfc6c41578ddb/layout?cxpProductId=blt90855744d00cd378
I 2021-11-02 16:22:34.785833 [GameController] {Main} Selecting game by uid. uid=s2 prioritizeUpdate=1
D 2021-11-02 16:22:34.785916 [GameController] {Main} Active family set to: S2
D 2021-11-02 16:22:34.789848 [GameController] {Main} Active product set to: S2_retail
I 2021-11-02 16:22:34.799327 [GameController] {Main} Prioritize Update: uid=s2
I 2021-11-02 16:22:34.799385 [ScreenController] {Main} Changing screen to: Games
I 2021-11-02 16:22:34.803066 [StartupGameSearch] {Main} Skipping automated search for unregistered games
W 2021-11-02 16:22:34.803093 [InstallManager] {Main} Skipping search for unregistered games.
I 2021-11-02 16:22:34.803098 [InstallManager] {Main} Searching for unregistered games finished.
I 2021-11-02 16:22:34.803135 [StartupGameSearch] {Main} Completed automated search for unregistered games
I 2021-11-02 16:22:34.803275 [InstallFlow] {Main} No longer waiting for game registration search to complete.
D 2021-11-02 16:22:34.804985 [InventoryController] {Main} Updating inventory
D 2021-11-02 16:22:34.805004 [InventoryController] {Main} GetInventoryInfo request
D 2021-11-02 16:22:34.805018 [BAPIGateway] {Main} API request: https://us.api.blizzard.com/AccountInventoryService/v1/GetNewInventoryItemCount
I 2021-11-02 16:22:34.809864 [Clubs] {Main} Subscribing to club membership.
I 2021-11-02 16:22:34.810304 [ChannelV2] {Main} Subscribing to channelv2 membership service. |agentId=|id=101128130|program=4288624|region=1
I 2021-11-02 16:22:34.810421 [BNLogin] {Main} Logged into Battle.net successfully. |bnet=1:0:126e7264|game=2:100417070:60717c2
I 2021-11-02 16:22:35.087198 [ChannelV2] {Main} ChannelV2 membership subscription created.
D 2021-11-02 16:22:35.133283 [BAPIGateway] {Main} API response: OK content={"error":null,"newCount":0,"totalCount":0}
D 2021-11-02 16:22:35.133332 [InventoryController] {Main} Inventory changed, new: 0 total: 0
I 2021-11-02 16:22:35.153275 [Clubs] {Main} Club membership subscription created: |accountId=|id=309228132
D 2021-11-02 16:22:35.163302 [BAPIGateway] {Main} API response: OK content={"layoutId":"blt9fc836ef855c7669","sections":[],"context":{"locale":"en-us","cxpProductId":"blt90855744d00cd378","layoutTemplateId":"blt478cfc6c41578ddb","region":"North America","includeFeed":false}}
I 2021-11-02 16:22:35.179192 [GameSessionList] {Agent} Reporting process: TrackingInfo(uid=battle.net, type=game, opStatus=On, reqId=0, running=3, oldRunning=1)
I 2021-11-02 16:22:35.183178 [InstallManager] {Main} Setting Process Running: true uid=battle.net binaryType=game any=true
D 2021-11-02 16:22:36.383021 [InstallManager] {Main} Game finished versioning prometheus
E 2021-11-02 16:22:36.523901 [BNSocialNetwork] {Main} Error response for BGS Facebook friend list. error=ERROR_SOCIAL_NETWORK_NO_ACCOUNT_DATA (9005)
D 2021-11-02 16:22:37.423056 [InstallManager] {Main} Game finished versioning battle.net
I 2021-11-02 16:22:37.938273 [BrowserClientHandler] {} Creating new auth request for url. frameId=17179869188 requestId=2181139255 url=https://us.battle.net/login/en/?ref=https://oauth.battle.net/oauth/authorize?optLogin%3Dtrue%26optSso%3Dtrue%26response_type%3Dcode%26redirect_uri%3Dhttps%253A%252F%252Fcontent-ui.battle.net%252Fauth%252Fbnet%252Fcallback%26scope%3Dcts%253Aread%26client_id%3D7551465a10ef43838bb8aa1c8bbe1a4d&app=oauth&opt&optSso
D 2021-11-02 16:22:37.939504 [BrowserClientHandler] {} Deferring url request for auth. frameId=17179869188 requestId=2181139255 url=https://us.battle.net/login/en/?ref=https://oauth.battle.net/oauth/authorize?optLogin%3Dtrue%26optSso%3Dtrue%26response_type%3Dcode%26redirect_uri%3Dhttps%253A%252F%252Fcontent-ui.battle.net%252Fauth%252Fbnet%252Fcallback%26scope%3Dcts%253Aread%26client_id%3D7551465a10ef43838bb8aa1c8bbe1a4d&app=oauth&opt&optSso
D 2021-11-02 16:22:38.143926 [BrowserClientHandler] {Main} Auth complete, resuming deferred request. frameId=17179869188 requestId=2181139255 url=https://us.battle.net/login/en/?ref=https://oauth.battle.net/oauth/authorize?optLogin%3Dtrue%26optSso%3Dtrue%26response_type%3Dcode%26redirect_uri%3Dhttps%253A%252F%252Fcontent-ui.battle.net%252Fauth%252Fbnet%252Fcallback%26scope%3Dcts%253Aread%26client_id%3D7551465a10ef43838bb8aa1c8bbe1a4d&app=oauth&opt&optSso
D 2021-11-02 16:22:38.503300 [InstallManager] {Main} Game finished versioning s2_enus
D 2021-11-02 16:22:38.503551 [InstallManager] {Main} Game finished versioning s2_enus
D 2021-11-02 16:22:39.869980 [GameController] {Main} Selecting game family by id: Pro
D 2021-11-02 16:22:39.870016 [GameController] {Main} Active family set to: Pro
D 2021-11-02 16:22:39.872974 [GameController] {Main} Active product set to: Pro_retail
I 2021-11-02 16:22:41.191434 [GameSessionList] {Agent} Reporting process: TrackingInfo(uid=battle.net, type=game, opStatus=On, reqId=0, running=4, oldRunning=3)
I 2021-11-02 16:22:41.193927 [InstallManager] {Main} Setting Process Running: true uid=battle.net binaryType=game any=true
I 2021-11-02 16:22:52.370074 [Main] {Main} Frontend is requesting to close window.
D 2021-11-02 16:22:52.400187 [GameController] {Main} Shutting down GameController
I 2021-11-02 16:22:52.400332 [GameController] {Main} Deleting GameFamily: , # of game accounts:0
I 2021-11-02 16:22:52.400401 [GameController] {Main} Deleting GameFamily: Fen, # of game accounts:1
I 2021-11-02 16:22:52.400504 [GameController] {Main} Deleting GameFamily: AUKS, # of game accounts:1
I 2021-11-02 16:22:52.400559 [GameController] {Main} Deleting GameFamily: D3CN, # of game accounts:1
D 2021-11-02 16:22:52.400672 [ProductState] {Main} Game product state destroyed: uid=
D 2021-11-02 16:22:52.400733 [ProductState] {Main} Game product state destroyed: uid=auks
D 2021-11-02 16:22:52.400771 [ProductState] {Main} Game product state destroyed: uid=fenris
D 2021-11-02 16:22:52.400794 [ProductState] {Main} Game product state destroyed: uid=d3cn
I 2021-11-02 16:22:52.400941 [GameController] {Main} Deleting GameFamily: OSI, # of game accounts:2
D 2021-11-02 16:22:52.400987 [ProductState] {Main} Game product state destroyed: uid=osi_beta
D 2021-11-02 16:22:52.401040 [ProductState] {Main} Game product state destroyed: uid=osi
I 2021-11-02 16:22:52.401100 [GameController] {Main} Deleting GameFamily: S2, # of game accounts:2
D 2021-11-02 16:22:52.401162 [ProductState] {Main} Game product state destroyed: uid=s2_ptr
D 2021-11-02 16:22:52.401219 [ProductState] {Main} Game product state destroyed: uid=s2
I 2021-11-02 16:22:52.401292 [GameController] {Main} Deleting GameFamily: RTRO, # of game accounts:1
D 2021-11-02 16:22:52.401342 [ProductState] {Main} Game product state destroyed: uid=rtro
I 2021-11-02 16:22:52.401391 [GameController] {Main} Deleting GameFamily: WoW, # of game accounts:1
D 2021-11-02 16:22:52.401440 [ProductState] {Main} Game product state destroyed: uid=wow
I 2021-11-02 16:22:52.401482 [GameController] {Main} Deleting GameFamily: D3, # of game accounts:1
D 2021-11-02 16:22:52.401528 [ProductState] {Main} Game product state destroyed: uid=diablo3
I 2021-11-02 16:22:52.401606 [GameController] {Main} Deleting GameFamily: WTCG, # of game accounts:1
D 2021-11-02 16:22:52.401671 [ProductState] {Main} Game product state destroyed: uid=hs_beta
I 2021-11-02 16:22:52.401727 [GameController] {Main} Deleting GameFamily: Hero, # of game accounts:2
D 2021-11-02 16:22:52.401777 [ProductState] {Main} Game product state destroyed: uid=heroes_ptr
D 2021-11-02 16:22:52.401818 [ProductState] {Main} Game product state destroyed: uid=heroes
I 2021-11-02 16:22:52.401867 [GameController] {Main} Deleting GameFamily: Pro, # of game accounts:5
D 2021-11-02 16:22:52.401902 [ProductState] {Main} Game product state destroyed: uid=prometheus_viewer
D 2021-11-02 16:22:52.401938 [ProductState] {Main} Game product state destroyed: uid=prometheus_test
D 2021-11-02 16:22:52.401975 [ProductState] {Main} Game product state destroyed: uid=prometheus_tournament_viewer_2
D 2021-11-02 16:22:52.402014 [ProductState] {Main} Game product state destroyed: uid=prometheus_tournament_viewer
D 2021-11-02 16:22:52.402050 [ProductState] {Main} Game product state destroyed: uid=prometheus
I 2021-11-02 16:22:52.402111 [GameController] {Main} Deleting GameFamily: S1, # of game accounts:2
D 2021-11-02 16:22:52.402251 [ProductState] {Main} Game product state destroyed: uid=s1_ptr
D 2021-11-02 16:22:52.402324 [ProductState] {Main} Game product state destroyed: uid=s1
I 2021-11-02 16:22:52.402393 [GameController] {Main} Deleting GameFamily: W3, # of game accounts:1
D 2021-11-02 16:22:52.402454 [ProductState] {Main} Game product state destroyed: uid=w3
I 2021-11-02 16:22:52.402506 [GameController] {Main} Deleting GameFamily: FORE, # of game accounts:2
D 2021-11-02 16:22:52.402545 [ProductState] {Main} Game product state destroyed: uid=fore_beta
D 2021-11-02 16:22:52.402582 [ProductState] {Main} Game product state destroyed: uid=fore
I 2021-11-02 16:22:52.402637 [GameController] {Main} Deleting GameFamily: WLBY, # of game accounts:1
D 2021-11-02 16:22:52.402697 [ProductState] {Main} Game product state destroyed: uid=wlby
I 2021-11-02 16:22:52.402760 [GameController] {Main} Deleting GameFamily: VIPR, # of game accounts:1
D 2021-11-02 16:22:52.402864 [ProductState] {Main} Game product state destroyed: uid=viper
I 2021-11-02 16:22:52.402927 [GameController] {Main} Deleting GameFamily: ODIN, # of game accounts:2
D 2021-11-02 16:22:52.403030 [ProductState] {Main} Game product state destroyed: uid=odin_beta
D 2021-11-02 16:22:52.403249 [ProductState] {Main} Game product state destroyed: uid=odin
I 2021-11-02 16:22:52.403420 [GameController] {Main} Deleting GameFamily: LAZR, # of game accounts:1
D 2021-11-02 16:22:52.403633 [ProductState] {Main} Game product state destroyed: uid=lazarus
I 2021-11-02 16:22:52.403850 [GameController] {Main} Deleting GameFamily: ZEUS, # of game accounts:2
D 2021-11-02 16:22:52.403976 [ProductState] {Main} Game product state destroyed: uid=zeus_beta
D 2021-11-02 16:22:52.404144 [ProductState] {Main} Game product state destroyed: uid=zeus
I 2021-11-02 16:22:52.405655 [ToastManager] {Main} Clearing toast queue
I 2021-11-02 16:22:53.547738 [BrowserAppImpl] {Main} Waited 20 msec to close all browsers.
D 2021-11-02 16:22:54.142712 [Main] {Main} Shutting down Backend
D 2021-11-02 16:22:54.142744 [Main] {Main} Closing IPC Service
D 2021-11-02 16:22:54.142754 [CommandQueue] {Main} IPCService is shutting down
D 2021-11-02 16:22:54.143051 [Main] {Main} Shutting down account manager
I 2021-11-02 16:22:54.143092 [GSStateTracker] {Main} State changed to: Incomplete
I 2021-11-02 16:22:54.143106 [AccountManager] {Main} Account manager state has changed to: Incomplete
I 2021-11-02 16:22:54.143152 [GameProvider] {Main} Game provider is no longer initialized and is now reset
D 2021-11-02 16:22:54.143398 [Main] {Main} Shutting down CacheManager
D 2021-11-02 16:22:54.143411 [Main] {Main} Shutting down analytics processor
D 2021-11-02 16:22:54.143721 [Main] {Main} Shutting down worker pool
D 2021-11-02 16:22:54.144192 [Main] {Main} Shutting down backend processor
D 2021-11-02 16:22:54.145906 [Main] {Main} Shutting down data cache
D 2021-11-02 16:22:54.146318 [Main] {Main} Shutting down catalog manager
D 2021-11-02 16:22:54.147111 [Main] {Main} Shutting down environment manager
D 2021-11-02 16:22:54.147154 [Main] {Main} Shutting down battle.net api gateway
D 2021-11-02 16:22:54.147162 [Main] {Main} Shutting down suggested friends service
D 2021-11-02 16:22:54.147174 [Main] {Main} Shutting down voice service
D 2021-11-02 16:22:54.147183 [Main] {Main} Shutting down remote content manager
D 2021-11-02 16:22:54.147194 [Main] {Main} Shutting down analytics session
D 2021-11-02 16:22:54.147207 [Main] {Main} Shutting down agent manager
D 2021-11-02 16:22:54.147228 [Agent] {Main} PolicyHandler Thread STOPPING
D 2021-11-02 16:22:54.147233 [Agent] {Agent} PolicyHandlerThreadProc: The rest is silence.
D 2021-11-02 16:22:54.147521 [Agent] {Main} PolicyHandler Thread STOPPED
D 2021-11-02 16:22:54.148984 [Agent] {Main} Communicated shutdown to Agent
D 2021-11-02 16:22:54.149122 [Main] {Main} Shutting down game provider
D 2021-11-02 16:22:54.149144 [Main] {Main} Shutting down battle.net interface
D 2021-11-02 16:22:54.320763 [Main] {Main} Shutting down callback queue
D 2021-11-02 16:22:54.320945 [WebServer] {Main} Shutting down WebServerImpl
D 2021-11-02 16:22:54.321915 [WebServer] {Main} WebServerImpl is stopped
D 2021-11-02 16:22:54.437539 [DIAG_BNL_Voice] {Main} {a2a8} debug: Notification client reference removed: 0
