I 2021-11-05 00:46:10.128052 [Main] {Main} Logging started for Battle.net build 2.6.0.13147
I 2021-11-05 00:46:10.128357 [Configuration] {Main} SharedConfigRoot: C:\ProgramData\Battle.net
I 2021-11-05 00:46:10.128608 [Configuration] {Main} RoamingConfigRoot: C:\Users\steve\AppData\Roaming\Battle.net
I 2021-11-05 00:46:10.128618 [Configuration] {Main} LocalConfigRoot: C:\Users\steve\AppData\Local\Battle.net
D 2021-11-05 00:46:10.129008 [Configuration] {Main} Searching for config file: C:\Program Files (x86)\Battle.net\Battle.net.13147\Battle.net.config
D 2021-11-05 00:46:10.129066 [Configuration] {Main} Searching for config file: C:\Program Files (x86)\Battle.net\Battle.net.config
D 2021-11-05 00:46:10.135269 [Configuration] {Main} User Configuration File: C:\Users\steve\AppData\Roaming\Battle.net\Battle.net.config
I 2021-11-05 00:46:10.138611 [Main] {Main} Command line arguments: {[0]=--game=s2_enus, [1]=--gamepath=D:\Battlenet\StarCraft II}
I 2021-11-05 00:46:10.142207 [Main] {Main} Opening IPC shared memory. queueName=User:steve:Battle.net IPC ShMem mode=server
I 2021-11-05 00:46:10.174758 [CommandQueue] {Main} Dispatching Command: register s2_enus D:\Battlenet\StarCraft II   false
I 2021-11-05 00:46:10.210304 [Frontend] {Main} Supplying list of renderers: d3d11,warp,desktop
I 2021-11-05 00:46:10.583458 [LocalizationData] {Main} 21 language(s) loaded from languages.xml, default=enUS
D 2021-11-05 00:46:10.733758 [Main] {Main} Adding application font: resources/fonts/BlizzardReg.ttf
D 2021-11-05 00:46:10.738719 [Main] {Main} Adding application font: resources/fonts/BlizzardLig.ttf
D 2021-11-05 00:46:10.741266 [Main] {Main} Adding application font: resources/fonts/BlizzardBol.ttf
D 2021-11-05 00:46:10.743414 [Main] {Main} Adding application font: resources/fonts/NotoSans-Bold.ttf
D 2021-11-05 00:46:10.749986 [Main] {Main} Adding application font: resources/fonts/NotoSans-BoldItalic.ttf
D 2021-11-05 00:46:10.756105 [Main] {Main} Adding application font: resources/fonts/NotoSans-Italic.ttf
D 2021-11-05 00:46:10.761824 [Main] {Main} Adding application font: resources/fonts/NotoSans-Regular.ttf
D 2021-11-05 00:46:10.766424 [Main] {Main} Adding application font: resources/fonts/ObjectSans-Bold.ttf
D 2021-11-05 00:46:10.768110 [Main] {Main} Adding application font: resources/fonts/ObjectSans-Medium.ttf
D 2021-11-05 00:46:11.598155 [Main] {Main} Setting font to: Blizzard
I 2021-11-05 00:46:11.599138 [CacheManager] {Main} Local storage cache at: C:\Users\steve\AppData\Local\Battle.net\Cache
I 2021-11-05 00:46:11.605439 [Main] {Main} Opened database at: C:\Users\steve\AppData\Local\Battle.net\CachedData.db
D 2021-11-05 00:46:11.607186 [Agent] {Agent} PolicyHandlerThreadProc: I shall in all my best obey you.
D 2021-11-05 00:46:11.607189 [Agent] {Main} PolicyHandler Thread STARTED
I 2021-11-05 00:46:11.682414 [DIAG_BNL_Voice] {Main} Audio device monitor using already-initialized COM
I 2021-11-05 00:46:11.684186 [VoiceSessionBroker] {Main} Global voice is on
I 2021-11-05 00:46:11.684521 [Main] {Main} Execution environment changed. environment=EE_STANDARD
I 2021-11-05 00:46:11.685157 [CatalogManager] {Main} Loaded catalog hash from the database cache. hash=cefeaae67d6b5f7d8417a7e3b87c8473
I 2021-11-05 00:46:11.685814 [CatalogManager] {Main} Built-in catalog hash (catalog/digesthash.txt): 90e3b05fb9eccb5ddf1b92175febd47a
I 2021-11-05 00:46:11.685968 [CatalogManager] {Main} Built-in catalog hash (catalog/signaturehash.txt): 5823846f81b1a8900de7c99437851ca0
I 2021-11-05 00:46:11.685995 [CatalogLoader] {Main} *** LOAD STARTED default: Context(LocalCAS: cefeaae67d6b5f7d8417a7e3b87c8473 I) ***
I 2021-11-05 00:46:11.739273 [Agent] {Agent} Agent has different session: 12690939457071647608
I 2021-11-05 00:46:11.739309 [Agent] {Agent} Agent Version is now: 2.25.1.7531 (retail)
D 2021-11-05 00:46:12.131038 [Agent] {Agent} GameResource created for uid: agent
D 2021-11-05 00:46:12.131084 [Agent] {Agent} GameResource created for uid: battle.net
D 2021-11-05 00:46:12.131112 [Agent] {Agent} GameResource created for uid: prometheus
D 2021-11-05 00:46:12.131125 [Agent] {Agent} GameResource created for uid: s2_enus
W 2021-11-05 00:46:13.379965 [FeatureManager] {Main} Feature 'battle.net_http_request_0_c6caed0e' depends on missing feature 'http_test'
E 2021-11-05 00:46:13.379987 [FeatureManager] {Main} Feature 'battle.net_http_request_0_c6caed0e' has dependency errors and will not respond to dependency changes
I 2021-11-05 00:46:13.380012 [FeatureManager] {Main} Moving feature record from active to inactive: whisper_voice
I 2021-11-05 00:46:13.380017 [FeatureManager] {Main} Moving feature record from active to inactive: trace_route
I 2021-11-05 00:46:13.380029 [FeatureManager] {Main} Feature changed: hearthstone_limited_event_57b4aca6=true
I 2021-11-05 00:46:13.380037 [FeatureManager] {Main} Feature changed: fore_limited_alpha_f6824657=true
I 2021-11-05 00:46:13.380043 [FeatureManager] {Main} Feature changed: fore_prepurchase_fore_fef83a73=true
I 2021-11-05 00:46:13.380049 [FeatureManager] {Main} Feature changed: lazarus_show_on_beta_5bbf784c=true
I 2021-11-05 00:46:13.380054 [FeatureManager] {Main} Feature changed: odin_deprecate_event_21bf1dc9=true
I 2021-11-05 00:46:13.380059 [FeatureManager] {Main} Feature changed: odin_show_on_beta_5bbf784c=true
I 2021-11-05 00:46:13.380065 [FeatureManager] {Main} Feature changed: odin_zeus_base_license_3fcdd4b4=true
I 2021-11-05 00:46:13.380070 [FeatureManager] {Main} Feature changed: osi_limited_install_773b93da=true
I 2021-11-05 00:46:13.380075 [FeatureManager] {Main} Feature changed: osi_limited_product_d9fa6516=true
I 2021-11-05 00:46:13.380080 [FeatureManager] {Main} Feature changed: viper_show_on_beta_5bbf784c=true
I 2021-11-05 00:46:13.380086 [FeatureManager] {Main} Feature changed: warcraft_iii_upgrade_05e4b09b=true
I 2021-11-05 00:46:13.380091 [FeatureManager] {Main} Feature changed: wlby_show_on_beta_5bbf784c=true
I 2021-11-05 00:46:13.380098 [FeatureManager] {Main} Feature changed: zeus_refresh_without_license_b63211e4=true
I 2021-11-05 00:46:13.380106 [FeatureManager] {Main} Feature changed: zeus_show_on_beta_5bbf784c=true
I 2021-11-05 00:46:13.394442 [FeatureManager] {Main} Feature changed: http_test=true tags=http_request_0
I 2021-11-05 00:46:13.394473 [FeatureManager] {Main} Feature changed: shop_wish_list=true
I 2021-11-05 00:46:13.394485 [FeatureManager] {Main} Feature changed: activision_auto_account_creation=true
I 2021-11-05 00:46:13.394491 [FeatureManager] {Main} Feature changed: suggested_group_members=true
I 2021-11-05 00:46:13.394497 [FeatureManager] {Main} Feature changed: all_games_v2=true
I 2021-11-05 00:46:13.394502 [FeatureManager] {Main} Feature changed: all_games_new_badge=true
I 2021-11-05 00:46:13.394509 [FeatureManager] {Main} Feature changed: collapsible_social_panel=true
I 2021-11-05 00:46:13.394514 [FeatureManager] {Main} Feature changed: blizzard_profiles=true
I 2021-11-05 00:46:13.394522 [FeatureManager] {Main} Feature changed: clear_chat_history=true
I 2021-11-05 00:46:13.394527 [FeatureManager] {Main} Feature changed: mentions=true
I 2021-11-05 00:46:13.394532 [FeatureManager] {Main} Feature changed: social_tab=true
I 2021-11-05 00:46:13.394536 [FeatureManager] {Main} Feature changed: auto_update_optimization=true
I 2021-11-05 00:46:13.394541 [FeatureManager] {Main} Feature changed: embedded_web_view=true
I 2021-11-05 00:46:13.394546 [FeatureManager] {Main} Feature changed: group_privacy_settings=true
I 2021-11-05 00:46:13.394551 [FeatureManager] {Main} Feature changed: appear_offline=true
I 2021-11-05 00:46:13.394556 [FeatureManager] {Main} Feature changed: refresh_toast=true
I 2021-11-05 00:46:13.394561 [FeatureManager] {Main} Feature changed: app_feedback_dialog=true
I 2021-11-05 00:46:13.394565 [FeatureManager] {Main} Feature changed: browser_main_window=true
I 2021-11-05 00:46:13.394571 [FeatureManager] {Main} Feature changed: chat_giphy=true
I 2021-11-05 00:46:13.394576 [FeatureManager] {Main} Feature changed: content_ui=true
I 2021-11-05 00:46:13.394580 [FeatureManager] {Main} Feature changed: multichats=true
I 2021-11-05 00:46:13.394586 [FeatureManager] {Main} Feature changed: first_time_experience=true
I 2021-11-05 00:46:13.394590 [FeatureManager] {Main} Feature changed: cts_takeovers=true
I 2021-11-05 00:46:13.394594 [FeatureManager] {Main} Feature changed: friend_request_management=true
I 2021-11-05 00:46:13.394599 [FeatureManager] {Main} Feature changed: link_previews=true
I 2021-11-05 00:46:13.394603 [FeatureManager] {Main} Feature changed: sms_protect_requirements=true
I 2021-11-05 00:46:13.394607 [FeatureManager] {Main} Feature changed: friends_list_popout=true
I 2021-11-05 00:46:13.394613 [FeatureManager] {Main} Feature changed: gift_inventory=true
I 2021-11-05 00:46:13.394617 [FeatureManager] {Main} Feature changed: global_legendary_promos=true
I 2021-11-05 00:46:13.394621 [FeatureManager] {Main} Feature changed: refresh_friend_tooltip=true
I 2021-11-05 00:46:13.394627 [FeatureManager] {Main} Feature changed: non_friend_whispers=true
I 2021-11-05 00:46:13.394631 [FeatureManager] {Main} Feature changed: notification_center=true
I 2021-11-05 00:46:13.394636 [FeatureManager] {Main} Feature changed: playscreen_migrate_cms=true
I 2021-11-05 00:46:13.394641 [FeatureManager] {Main} Feature changed: shared_container_installs=true
I 2021-11-05 00:46:13.394645 [FeatureManager] {Main} Feature changed: sc2_account_selection_dialog=true
I 2021-11-05 00:46:13.394651 [FeatureManager] {Main} Feature changed: suggested_facebook_friends=true
I 2021-11-05 00:46:13.394660 [FeatureManager] {Main} Feature changed: whisper_voice=true
I 2021-11-05 00:46:13.394668 [FeatureManager] {Main} Feature changed: battle.net_http_request_0_c6caed0e=true
D 2021-11-05 00:46:13.394783 [Configuration] {Main} Searching for config file: C:\Program Files (x86)\Battle.net\Battle.net.13147\Environments.yaml
D 2021-11-05 00:46:13.394883 [Configuration] {Main} Searching for config file: C:\Program Files (x86)\Battle.net\Environments.yaml
I 2021-11-05 00:46:13.394950 [EnvironmentManager] {Main} Login parameters changed: address=us.actual.battle.net:1119 region=US
D 2021-11-05 00:46:13.415160 [CatalogVarStorage] {Main} Setting var from catalog Client.Shop.SaleNotificationVersion=6
D 2021-11-05 00:46:13.415214 [CatalogVarStorage] {Main} Setting var from catalog Browser.DisableSiteIsolation=true
D 2021-11-05 00:46:13.415395 [CatalogVarStorage] {Main} Setting var from catalog Client.ActivisionAutoAccountCreation.Games=ODIN,ZEUS,FORE
D 2021-11-05 00:46:13.415419 [CatalogVarStorage] {Main} Setting var from catalog Client.Shop.SaleNotificationEnabled=false
D 2021-11-05 00:46:13.415433 [CatalogVarStorage] {Main} Setting var from catalog Client.OwlScreen.LiveCheckIntervalMS=300000
D 2021-11-05 00:46:13.415466 [CatalogVarStorage] {Main} Setting var from catalog Client.Announcements.MaximumAnnouncements=20
D 2021-11-05 00:46:13.415485 [CatalogVarStorage] {Main} Setting var from catalog Client.NewProfileWindowLayout=true
D 2021-11-05 00:46:13.415501 [CatalogVarStorage] {Main} Setting var from catalog Client.PromotedScreenVersion=3
D 2021-11-05 00:46:13.415518 [CatalogVarStorage] {Main} Setting var from catalog Client.Version.BetaAccessOverride=enabled
I 2021-11-05 00:46:13.415536 [VersionManager] {Main} Beta Access: enabled
D 2021-11-05 00:46:13.415549 [CatalogVarStorage] {Main} Setting var from catalog Client.Version.BetaBranchOverride=beta
D 2021-11-05 00:46:13.415568 [CatalogVarStorage] {Main} Setting var from catalog Services.WhisperChannels.InactivityTimeoutMS=0
I 2021-11-05 00:46:13.422317 [CatalogLoader] {Main} *** LOAD COMPLETE default ***
I 2021-11-05 00:46:13.422417 [CatalogManager] {Main} Loaded initial catalog: hash=cefeaae67d6b5f7d8417a7e3b87c8473
I 2021-11-05 00:46:13.578262 [WebServer] {Backend:0} Listening on port 22885
I 2021-11-05 00:46:14.063069 [Main] {Main} Attempting to fetch WidevineCDM: 1
D 2021-11-05 00:46:14.070985 [UI] {Main} Fixup allowed regions and locales. installedRegion=US allowedRegions= allowedLocales=
I 2021-11-05 00:46:14.071518 [ToastManager] {Main} Toasts are enabled in ClientSettings
D 2021-11-05 00:46:14.077312 [ProductState] {Main} Game product state created: uid=
D 2021-11-05 00:46:14.077352 [ProductState] {Main} InstallState (): currentOperation=Install currentOperationStatus=New
I 2021-11-05 00:46:14.112823 [Main] {Main} Application path is: C:\Program Files (x86)\Battle.net\Battle.net.exe
I 2021-11-05 00:46:14.223756 [ClientServiceAlertMonitor] {Main} Breaking News url has changed. url=https://nydus.battle.net/App/enUS/client/App/alert?targetRegion=US
D 2021-11-05 00:46:14.223927 [RemoteContentCache] {Main} Found cached remote content. url=https://nydus.battle.net/App/enUS/client/App/alert?targetRegion=US
I 2021-11-05 00:46:14.223962 [ClientServiceAlertMonitor] {Main} Maintenance url has changed. url=https://nydus.battle.net/App/enUS/client/App/maintenance?targetRegion=US
D 2021-11-05 00:46:14.224069 [RemoteContentCache] {Main} Found cached remote content. url=https://nydus.battle.net/App/enUS/client/App/maintenance?targetRegion=US
I 2021-11-05 00:46:14.226534 [Frontend] {Main} Public Computer state changed. is_public=false
D 2021-11-05 00:46:14.226576 [Frontend] {Main} Session id changed. session_id=17095905528833853084
D 2021-11-05 00:46:14.226651 [Frontend] {Main} Tracking info changed. client_id=4E3A4618-F0C7-4782-B23B-E90E19E728CE, user_agent=
I 2021-11-05 00:46:14.251673 [HighDpiManager] {Main} High dpi support available changed: 0
I 2021-11-05 00:46:14.251690 [Frontend] {Main} High dpi support: disabled
D 2021-11-05 00:46:14.252232 [Main] {WorkerPool:3} Checking permissions on path: C:\ProgramData\Battle.net\Setup depth=-1
D 2021-11-05 00:46:14.255026 [Main] {WorkerPool:3} Checking permissions on path: C:\ProgramData\Battle.net\Agent depth=1
D 2021-11-05 00:46:14.257610 [Main] {WorkerPool:3} Checking permissions on path: C:\ProgramData\Battle.net\Agent\Agent.6891 depth=1
D 2021-11-05 00:46:14.257903 [Main] {WorkerPool:3} Checking permissions on path: C:\ProgramData\Battle.net\Agent\Agent.7380 depth=1
D 2021-11-05 00:46:14.258352 [Main] {WorkerPool:3} Checking permissions on path: C:\ProgramData\Battle.net\Agent\Agent.7531 depth=1
D 2021-11-05 00:46:14.258588 [Frontend] {Main} Session id changed. session_id=12690939457071647608
I 2021-11-05 00:46:14.258734 [FeatureManager] {Main} Feature changed: install_packages=true
I 2021-11-05 00:46:14.258746 [FeatureManager] {Main} Feature changed: modify_install=true
D 2021-11-05 00:46:14.258866 [Main] {WorkerPool:3} Checking permissions on path: C:\ProgramData\Blizzard Entertainment depth=2
I 2021-11-05 00:46:14.258999 [Agent] {Main} AgentManager is now initialized
I 2021-11-05 00:46:14.259008 [InstallManager] {Main} Install manager is now initialized
D 2021-11-05 00:46:14.259014 [InstallManager] {Main} Selecting best game install data for game battle.net: savedUid=battle.net originalUid=<none> newUid=battle.net
D 2021-11-05 00:46:14.259052 [InstallInfo] {Main} InstallInfo agent association has been changed: uid=battle.net agentUid=battle.net
D 2021-11-05 00:46:14.259094 [InstallManager] {Main} Selecting best game install data for game prometheus: savedUid=prometheus originalUid=<none> newUid=prometheus
D 2021-11-05 00:46:14.259112 [InstallInfo] {Main} InstallInfo agent association has been changed: uid=prometheus agentUid=prometheus
D 2021-11-05 00:46:14.259139 [InstallManager] {Main} Selecting best game install data for game s2: savedUid=s2_enus originalUid=<none> newUid=s2_enus
D 2021-11-05 00:46:14.259152 [InstallInfo] {Main} InstallInfo agent association has been changed: uid=s2 agentUid=s2_enus
D 2021-11-05 00:46:14.259178 [VersionManager] {Main} Branch change from Agent detected. activeBranch= branches={[0]=beta, [1]=cn, [2]=eu, [3]=kr, [4]=sg, [5]=tw, [6]=us}
D 2021-11-05 00:46:14.259196 [VersionManager] {Main} Beta branch is available: true
D 2021-11-05 00:46:14.259258 [ProductState] {Main} Game product state created: uid=prometheus
D 2021-11-05 00:46:14.259311 [ProductState] {Main} InstallState (prometheus): currentOperation=UpToDate currentOperationStatus=Paused installed=1 installPath=D:/Battlenet/Overwatch sharedContainerSubpath=_retail_ playable=1 canCreateShortcut=1 selectedRegion=us activeConfigKey=8c895694ea0d33f5962748eb38ad94b9 regionalVersions=(cn: {playable:true config_key:8c895694ea0d33f5962748eb38ad94b9}, eu: {playable:true config_key:8c895694ea0d33f5962748eb38ad94b9}, kr: {playable:true config_key:8c895694ea0d33f5962748eb38ad94b9}, us: {playable:true config_key:8c895694ea0d33f5962748eb38ad94b9}) localVersion=1.65.1.0.88742 latestVersion=88742 progress=1 currentStage=Complete
D 2021-11-05 00:46:14.259338 [ProductState] {Main} Game product state created: uid=s2
D 2021-11-05 00:46:14.259363 [ProductState] {Main} InstallState (s2): currentOperation=UpToDate currentOperationStatus=Paused installed=1 installPath=D:/Battlenet/StarCraft II playable=1 canCreateShortcut=1 selectedRegion=us activeConfigKey=5b0ac430559437ccd27dfafdfe526c6a regionalVersions=(cn: {playable:true config_key:5b0ac430559437ccd27dfafdfe526c6a}, eu: {playable:true config_key:5b0ac430559437ccd27dfafdfe526c6a}, kr: {playable:true config_key:5b0ac430559437ccd27dfafdfe526c6a}, tw: {playable:true config_key:5b0ac430559437ccd27dfafdfe526c6a}, us: {playable:true config_key:5b0ac430559437ccd27dfafdfe526c6a}) supports_multibox=true localVersion=5.0.8.86383 latestVersion=86383 progress=1 currentStage=Complete
D 2021-11-05 00:46:14.259382 [Agent] {Main} Versioning is now enabled
D 2021-11-05 00:46:14.259396 [Agent] {Main} Triggering game versioning: battle.net
D 2021-11-05 00:46:14.259420 [Agent] {Main} Triggering game versioning: prometheus
D 2021-11-05 00:46:14.259433 [Agent] {Main} Triggering game versioning: s2_enus
D 2021-11-05 00:46:14.270965 [InstallManager] {Main} Command_RegisterGame uid: s2_enus path: D:\Battlenet\StarCraft II productcode:  subfolder:  repairing: false
D 2021-11-05 00:46:14.271012 [InstallManager] {Main} PerformRegisterInstall uid= productCode=* installDir=D:\Battlenet\StarCraft II subfolder= region=US
I 2021-11-05 00:46:14.271088 [CatalogLoader] {Main} *** LOAD STARTED default: Context(LocalCAS: cefeaae67d6b5f7d8417a7e3b87c8473 I) ***
I 2021-11-05 00:46:14.796421 [FeatureManager] {Main} Moving feature record from active to inactive: overwatch_league_tab
I 2021-11-05 00:46:14.796449 [FeatureManager] {Main} Moving feature record from active to inactive: blizzcon_tab
D 2021-11-05 00:46:14.808130 [CatalogVarStorage] {Main} Setting var from catalog Client.Shop.SaleNotificationVersion=6
D 2021-11-05 00:46:14.808157 [CatalogVarStorage] {Main} Setting var from catalog Browser.DisableSiteIsolation=true
D 2021-11-05 00:46:14.808165 [CatalogVarStorage] {Main} Setting var from catalog Client.ActivisionAutoAccountCreation.Games=ODIN,ZEUS,FORE
D 2021-11-05 00:46:14.808171 [CatalogVarStorage] {Main} Setting var from catalog Client.Shop.SaleNotificationEnabled=false
D 2021-11-05 00:46:14.808177 [CatalogVarStorage] {Main} Setting var from catalog Client.OwlScreen.LiveCheckIntervalMS=300000
D 2021-11-05 00:46:14.808191 [CatalogVarStorage] {Main} Setting var from catalog Client.Announcements.MaximumAnnouncements=20
D 2021-11-05 00:46:14.808198 [CatalogVarStorage] {Main} Setting var from catalog Client.NewProfileWindowLayout=true
D 2021-11-05 00:46:14.808204 [CatalogVarStorage] {Main} Setting var from catalog Client.PromotedScreenVersion=3
D 2021-11-05 00:46:14.808211 [CatalogVarStorage] {Main} Setting var from catalog Client.Version.BetaAccessOverride=enabled
D 2021-11-05 00:46:14.808217 [CatalogVarStorage] {Main} Setting var from catalog Client.Version.BetaBranchOverride=beta
D 2021-11-05 00:46:14.808224 [CatalogVarStorage] {Main} Setting var from catalog Services.WhisperChannels.InactivityTimeoutMS=0
D 2021-11-05 00:46:14.808234 [CatalogVarStorage] {Main} Setting var from catalog Services.HTTPClient.ConnectionTimeoutMS=0
I 2021-11-05 00:46:14.810707 [CatalogLoader] {Main} *** LOAD COMPLETE default ***
I 2021-11-05 00:46:14.817901 [Main] {Main} Connecting to server. address=us.actual.battle.net port=1119
I 2021-11-05 00:46:14.843671 [GameSessionList] {Agent} Reporting process: TrackingInfo(uid=battle.net, type=game, opStatus=On, reqId=0, running=1, oldRunning=0)
D 2021-11-05 00:46:15.156007 [ClientServiceAlertMonitor] {Main} Service alert monitor force update requested
D 2021-11-05 00:46:15.156027 [ClientServiceAlertMonitor] {Main} Breaking News update requested
D 2021-11-05 00:46:15.156036 [ClientServiceAlertMonitor] {Main} Maintenance update requested
I 2021-11-05 00:46:15.349267 [InstallManager] {Main} Setting Process Running: true uid=battle.net binaryType=game any=true
D 2021-11-05 00:46:15.349310 [InstallInfo] {Main} Operation status changed: opType=Execute oldStatus=Off newStatus=On agentUid=battle.net
D 2021-11-05 00:46:15.356548 [InstallManager] {Main} Registration complete for agentUid=s2_enus and region=us
I 2021-11-05 00:46:15.388052 [CacheManager] {Main} CacheManager is now initialized
I 2021-11-05 00:46:15.388237 [TactVersionWatcher] {Main} Fetched new tact metadata. productCode=catalogs region=us branch=PUB-29 version=2035 seq=184 buildConfig=c1fad7004112ca804672a2c5e7fb824b
I 2021-11-05 00:46:15.413409 [DIAG_BuildConfig] {Main} no 'encoding' key in build configuration 'c1fad7004112ca804672a2c5e7fb824b', selecting plain-data mode
I 2021-11-05 00:46:15.413446 [CatalogLoader] {Main} *** LOAD STARTED default: Context(RemoteCAS: cefeaae67d6b5f7d8417a7e3b87c8473|tpr/catalogs/data) ***
D 2021-11-05 00:46:15.629471 [CatalogVarStorage] {Main} Setting var from catalog Client.Shop.SaleNotificationVersion=6
D 2021-11-05 00:46:15.629510 [CatalogVarStorage] {Main} Setting var from catalog Browser.DisableSiteIsolation=true
D 2021-11-05 00:46:15.629528 [CatalogVarStorage] {Main} Setting var from catalog Client.ActivisionAutoAccountCreation.Games=ODIN,ZEUS,FORE
D 2021-11-05 00:46:15.629543 [CatalogVarStorage] {Main} Setting var from catalog Client.Shop.SaleNotificationEnabled=false
D 2021-11-05 00:46:15.629561 [CatalogVarStorage] {Main} Setting var from catalog Client.OwlScreen.LiveCheckIntervalMS=300000
D 2021-11-05 00:46:15.629589 [CatalogVarStorage] {Main} Setting var from catalog Client.Announcements.MaximumAnnouncements=20
D 2021-11-05 00:46:15.629610 [CatalogVarStorage] {Main} Setting var from catalog Client.NewProfileWindowLayout=true
D 2021-11-05 00:46:15.629625 [CatalogVarStorage] {Main} Setting var from catalog Client.PromotedScreenVersion=3
D 2021-11-05 00:46:15.629643 [CatalogVarStorage] {Main} Setting var from catalog Client.Version.BetaAccessOverride=enabled
D 2021-11-05 00:46:15.629656 [CatalogVarStorage] {Main} Setting var from catalog Client.Version.BetaBranchOverride=beta
D 2021-11-05 00:46:15.629675 [CatalogVarStorage] {Main} Setting var from catalog Services.WhisperChannels.InactivityTimeoutMS=0
D 2021-11-05 00:46:15.629694 [CatalogVarStorage] {Main} Setting var from catalog Services.HTTPClient.ConnectionTimeoutMS=0
I 2021-11-05 00:46:15.637999 [CatalogLoader] {Main} *** LOAD COMPLETE default ***
D 2021-11-05 00:46:15.667171 [InstallManager] {Main} Game finished versioning prometheus
D 2021-11-05 00:46:16.166900 [LoginController] {Main} Login_QueueUpdate (position=1,clientWaitTime=00:00:00.555081,skipLoginQueueUi=true)
I 2021-11-05 00:46:16.441491 [GSAccountProvider] {Main} Login triggered. entityId=1:0:126e7264
I 2021-11-05 00:46:16.441523 [GSStateTracker] {Main} State changed to: WaitingForAccountState
I 2021-11-05 00:46:16.441544 [AccountManager] {Main} Account manager state has changed to: Loading
I 2021-11-05 00:46:16.443284 [Main] {Main} Opened database at: C:\Users\steve\AppData\Local\Battle.net\Account\309228132\account.db
D 2021-11-05 00:46:16.445421 [GSAccountProvider] {Main} Querying account level info for account: 1:0:126e7264
D 2021-11-05 00:46:16.445459 [GSAccountProvider] {Main} Querying parental control info for account: 1:0:126e7264
D 2021-11-05 00:46:16.445481 [GSAccountProvider] {Main} Querying game accounts for region: US
D 2021-11-05 00:46:16.445503 [GSAccountProvider] {Main} Querying game accounts for region: EU
D 2021-11-05 00:46:16.445508 [GSAccountProvider] {Main} Querying game accounts for region: KR
D 2021-11-05 00:46:16.445513 [GSAccountProvider] {Main} Querying game accounts for region: SG
D 2021-11-05 00:46:16.445517 [GSAccountProvider] {Main} Querying game accounts for region: XX
D 2021-11-05 00:46:16.445522 [GSAccountProvider] {Main} Querying game accounts for region: GLOBAL
D 2021-11-05 00:46:16.445528 [GSAccountProvider] {Main} Querying parental control info for account: 1:0:126e7264
D 2021-11-05 00:46:16.445574 [GSAccountProvider] {Main} Querying program level information for program: OSI
D 2021-11-05 00:46:16.445586 [GSAccountProvider] {Main} Querying program level information for program: Fen
D 2021-11-05 00:46:16.445593 [GSAccountProvider] {Main} Querying program level information for program: D3
D 2021-11-05 00:46:16.445608 [GSAccountProvider] {Main} Querying program level information for program: S2
D 2021-11-05 00:46:16.445616 [GSAccountProvider] {Main} Querying program level information for program: S1
D 2021-11-05 00:46:16.445622 [GSAccountProvider] {Main} Querying program level information for program: FORE
D 2021-11-05 00:46:16.445630 [GSAccountProvider] {Main} Querying program level information for program: W3
D 2021-11-05 00:46:16.445637 [GSAccountProvider] {Main} Querying program level information for program: WoW
D 2021-11-05 00:46:16.445645 [GSAccountProvider] {Main} Querying program level information for program: Pro
D 2021-11-05 00:46:16.445652 [GSAccountProvider] {Main} Querying program level information for program: Hero
D 2021-11-05 00:46:16.445660 [GSAccountProvider] {Main} Querying program level information for program: D3CN
D 2021-11-05 00:46:16.445667 [GSAccountProvider] {Main} Querying program level information for program: AUKS
D 2021-11-05 00:46:16.445685 [GSAccountProvider] {Main} Querying program level information for program: LAZR
D 2021-11-05 00:46:16.445691 [GSAccountProvider] {Main} Querying program level information for program: ODIN
D 2021-11-05 00:46:16.445698 [GSAccountProvider] {Main} Querying program level information for program: RTRO
D 2021-11-05 00:46:16.445713 [GSAccountProvider] {Main} Querying program level information for program: VIPR
D 2021-11-05 00:46:16.445721 [GSAccountProvider] {Main} Querying program level information for program: WLBY
D 2021-11-05 00:46:16.445728 [GSAccountProvider] {Main} Querying program level information for program: WTCG
D 2021-11-05 00:46:16.445734 [GSAccountProvider] {Main} Querying program level information for program: ZEUS
D 2021-11-05 00:46:16.460364 [GSAccountProvider] {Main} Received AccountLevelInfo for account. entityId=1:0:126e7264 accountLevelInfo=|licenses:|id=274|id=384|id=10107|id=10431|id=16332|id=17854|id=20195|id=24636|id=26931|id=36376|id=36377|id=53797|:licenses|default_currency=5591876|country=USA|preferred_region=1|account_paid_any=1
I 2021-11-05 00:46:16.460454 [AccountManager] {Main} Account site region code changed: US
I 2021-11-05 00:46:16.460462 [AccountManager] {Main} Account country changed: USA
D 2021-11-05 00:46:16.460508 [GSAccountProvider] {Main} Parental control info for account (1:0:126e7264) resulted in cache miss.
D 2021-11-05 00:46:16.460556 [GSAccountProvider] {Main} Querying game level information for entity: (Game: US-DST2-168118293)
D 2021-11-05 00:46:16.460614 [GSAccountProvider] {Main} Querying game time info for entity Id: (Game: US-DST2-168118293)
D 2021-11-05 00:46:16.460644 [GSAccountProvider] {Main} Querying program level information for program: DST2
D 2021-11-05 00:46:16.460679 [GSAccountProvider] {Main} Querying game level information for entity: (Game: US-Hero-61078631)
D 2021-11-05 00:46:16.460696 [GSAccountProvider] {Main} Querying game time info for entity Id: (Game: US-Hero-61078631)
D 2021-11-05 00:46:16.460722 [GSAccountProvider] {Main} Querying game level information for entity: (Game: US-Pro-118039079)
D 2021-11-05 00:46:16.460733 [GSAccountProvider] {Main} Querying game time info for entity Id: (Game: US-Pro-118039079)
D 2021-11-05 00:46:16.460748 [GSAccountProvider] {Main} Querying game level information for entity: (Game: US-S1-511902745)
D 2021-11-05 00:46:16.460765 [GSAccountProvider] {Main} Querying game time info for entity Id: (Game: US-S1-511902745)
D 2021-11-05 00:46:16.460788 [GSAccountProvider] {Main} Querying game level information for entity: (Game: US-S2-142430010)
D 2021-11-05 00:46:16.460819 [GSAccountProvider] {Main} Querying game time info for entity Id: (Game: US-S2-142430010)
D 2021-11-05 00:46:16.460861 [GSAccountProvider] {Main} Querying game level information for entity: (Game: US-WTCG-50416411)
D 2021-11-05 00:46:16.460908 [GSAccountProvider] {Main} Querying game time info for entity Id: (Game: US-WTCG-50416411)
D 2021-11-05 00:46:16.460919 [GSAccountProvider] {Main} Received 6 game accounts from region 'US'
D 2021-11-05 00:46:16.460936 [GSAccountProvider] {Main} Game account list for region 'EU' resulted in cache miss.
I 2021-11-05 00:46:16.460945 [GSStateTracker] {Main} State changed to: Loading
D 2021-11-05 00:46:16.460955 [GSAccountProvider] {Main} Game account list for region 'KR' resulted in cache miss.
D 2021-11-05 00:46:16.460964 [GSAccountProvider] {Main} Game account list for region 'SG' resulted in cache miss.
D 2021-11-05 00:46:16.460982 [GSAccountProvider] {Main} Querying game level information for entity: (Game: XX-Hero-29793536)
D 2021-11-05 00:46:16.460997 [GSAccountProvider] {Main} Querying game time info for entity Id: (Game: XX-Hero-29793536)
D 2021-11-05 00:46:16.461010 [GSAccountProvider] {Main} Received 1 game accounts from region 'XX'
D 2021-11-05 00:46:16.461025 [GSAccountProvider] {Main} Game account list for region 'GLOBAL' resulted in cache miss.
D 2021-11-05 00:46:16.461034 [GSAccountProvider] {Main} Parental control info for account (1:0:126e7264) resulted in cache miss.
D 2021-11-05 00:46:16.461059 [GSAccountProvider] {Main} Received program level info. programId=OSI programLevelInfo=|program=5198665
D 2021-11-05 00:46:16.461098 [GSAccountProvider] {Main} Received program level info. programId=Fen programLevelInfo=|program=4613486
D 2021-11-05 00:46:16.461112 [GSAccountProvider] {Main} Received program level info. programId=D3 programLevelInfo=|program=17459
D 2021-11-05 00:46:16.461126 [GSAccountProvider] {Main} Received program level info. programId=S2 programLevelInfo=|program=21298|licenses:|id=17854|:licenses|licenses:|id=24636|:licenses|licenses:|id=53797|:licenses
D 2021-11-05 00:46:16.461176 [GSAccountProvider] {Main} Received program level info. programId=S1 programLevelInfo=|program=21297
D 2021-11-05 00:46:16.461208 [GSAccountProvider] {Main} Received program level info. programId=FORE programLevelInfo=|program=1179603525
D 2021-11-05 00:46:16.461222 [GSAccountProvider] {Main} Received program level info. programId=W3 programLevelInfo=|program=22323
D 2021-11-05 00:46:16.461235 [GSAccountProvider] {Main} Received program level info. programId=WoW programLevelInfo=|program=5730135|licenses:|id=274|:licenses
D 2021-11-05 00:46:16.461250 [GSAccountProvider] {Main} Received program level info. programId=Pro programLevelInfo=|is_lifetime=1|program=5272175|licenses:|id=16332|:licenses
D 2021-11-05 00:46:16.461279 [GSAccountProvider] {Main} Received program level info. programId=Hero programLevelInfo=|is_beta=1|program=1214607983|licenses:|id=10107|:licenses|licenses:|id=10431|:licenses
D 2021-11-05 00:46:16.461295 [GSAccountProvider] {Main} Cache miss for program level info. programId=D3CN
D 2021-11-05 00:46:16.461302 [GSAccountProvider] {Main} Received program level info. programId=AUKS programLevelInfo=|program=1096108883
D 2021-11-05 00:46:16.461315 [GSAccountProvider] {Main} Received program level info. programId=LAZR programLevelInfo=|program=1279351378
D 2021-11-05 00:46:16.461332 [GSAccountProvider] {Main} Received program level info. programId=ODIN programLevelInfo=|program=1329875278
D 2021-11-05 00:46:16.461345 [GSAccountProvider] {Main} Received program level info. programId=RTRO programLevelInfo=|program=1381257807
D 2021-11-05 00:46:16.461355 [GSAccountProvider] {Main} Received program level info. programId=VIPR programLevelInfo=|is_lifetime=1|program=1447645266|licenses:|id=26931|:licenses|licenses:|id=36376|:licenses|licenses:|id=36377|:licenses
D 2021-11-05 00:46:16.461388 [GSAccountProvider] {Main} Received program level info. programId=WLBY programLevelInfo=|program=1464615513
D 2021-11-05 00:46:16.461412 [GSAccountProvider] {Main} Received program level info. programId=WTCG programLevelInfo=|program=1465140039
D 2021-11-05 00:46:16.461439 [GSAccountProvider] {Main} Received program level info. programId=ZEUS programLevelInfo=|program=1514493267
D 2021-11-05 00:46:16.467052 [GSAccountProvider] {Main} Received GameLevelInfo: (Game: US-DST2-168118293) info=|name="DST21"|program=1146311730|realm_permissions=1
D 2021-11-05 00:46:16.467149 [GSAccountProvider] {Main} Received GameTimeInfo: (Game: US-DST2-168118293) info=
D 2021-11-05 00:46:16.467192 [GSAccountProvider] {Main} Cache miss for program level info. programId=DST2
D 2021-11-05 00:46:16.467203 [GSAccountProvider] {Main} Received GameLevelInfo: (Game: US-Hero-61078631) info=|name="Hero1"|program=1214607983|realm_permissions=1
D 2021-11-05 00:46:16.467220 [GSAccountProvider] {Main} Received GameTimeInfo: (Game: US-Hero-61078631) info=
D 2021-11-05 00:46:16.467232 [GSAccountProvider] {Main} Received GameLevelInfo: (Game: US-Pro-118039079) info=|name="Pro1"|program=5272175|realm_permissions=1|last_logout_time_ms=1633547340000
D 2021-11-05 00:46:16.467283 [GSAccountProvider] {Main} Received GameTimeInfo: (Game: US-Pro-118039079) info=
D 2021-11-05 00:46:16.467313 [GSAccountProvider] {Main} Received GameLevelInfo: (Game: US-S1-511902745) info=|name="S11"|program=21297|realm_permissions=1|last_logout_time_ms=1615692040000
D 2021-11-05 00:46:16.467325 [GSAccountProvider] {Main} Received GameTimeInfo: (Game: US-S1-511902745) info=
D 2021-11-05 00:46:16.467331 [GSAccountProvider] {Main} Received GameLevelInfo: (Game: US-S2-142430010) info=|is_trial=0|is_restricted=0|name="S21"|program=21298|realm_permissions=1|last_logout_time_ms=1633399997000
D 2021-11-05 00:46:16.467345 [GSAccountProvider] {Main} Received GameTimeInfo: (Game: US-S2-142430010) info=
D 2021-11-05 00:46:16.467353 [GSAccountProvider] {Main} Received GameLevelInfo: (Game: US-WTCG-50416411) info=|name="WTCG1"|program=1465140039|realm_permissions=1
D 2021-11-05 00:46:16.467363 [GSAccountProvider] {Main} Received GameTimeInfo: (Game: US-WTCG-50416411) info=
D 2021-11-05 00:46:16.467370 [GSAccountProvider] {Main} Received GameLevelInfo: (Game: XX-Hero-29793536) info=|name="Hero1"|program=1214607983|realm_permissions=1
D 2021-11-05 00:46:16.467382 [GSAccountProvider] {Main} Received GameTimeInfo: (Game: XX-Hero-29793536) info=
D 2021-11-05 00:46:16.627925 [GSAccountProvider] {Main} Subscription has been activated. entityId=(Game: XX-Hero-29793536)
D 2021-11-05 00:46:16.627960 [GSAccountProvider] {Main} Subscription has been activated. entityId=(Game: US-WTCG-50416411)
D 2021-11-05 00:46:16.627990 [GSAccountProvider] {Main} Subscription has been activated. entityId=(Game: US-Hero-61078631)
D 2021-11-05 00:46:16.628010 [GSAccountProvider] {Main} Subscription has been activated. entityId=(Game: US-S1-511902745)
D 2021-11-05 00:46:16.628025 [GSAccountProvider] {Main} Subscription has been activated. entityId=(Game: US-Pro-118039079)
D 2021-11-05 00:46:16.628043 [GSAccountProvider] {Main} Subscription has been activated. entityId=(Game: US-S2-142430010)
D 2021-11-05 00:46:16.628065 [GSAccountProvider] {Main} Subscription has been activated. entityId=(Game: US-DST2-168118293)
D 2021-11-05 00:46:16.628087 [GSAccountProvider] {Main} Received GameTimeRemainingInfo: (Game: US-WTCG-50416411) info=
D 2021-11-05 00:46:16.628104 [GSAccountProvider] {Main} Received GameTimeRemainingInfo: (Game: US-Pro-118039079) info=
D 2021-11-05 00:46:16.677879 [GSAccountProvider] {Main} Subscription has been activated. entityId=(BNet: 1:0:126e7264)
D 2021-11-05 00:46:16.677983 [GSAccountProvider] {Main} Querying game accounts for region: EU
D 2021-11-05 00:46:16.678004 [GSAccountProvider] {Main} Querying game accounts for region: KR
D 2021-11-05 00:46:16.678013 [GSAccountProvider] {Main} Querying game accounts for region: SG
D 2021-11-05 00:46:16.678021 [GSAccountProvider] {Main} Querying game accounts for region: GLOBAL
D 2021-11-05 00:46:16.678057 [GSAccountProvider] {Main} Received GameTimeRemainingInfo: (Game: US-S2-142430010) info=
D 2021-11-05 00:46:16.687622 [GSAccountProvider] {Main} Region 'EU' has no game accounts.
D 2021-11-05 00:46:16.687644 [GSAccountProvider] {Main} Region 'KR' has no game accounts.
D 2021-11-05 00:46:16.687649 [GSAccountProvider] {Main} Region 'SG' has no game accounts.
D 2021-11-05 00:46:16.687652 [GSAccountProvider] {Main} Region 'GLOBAL' has no game accounts.
I 2021-11-05 00:46:16.687683 [GSStateTracker] {Main} All region requests have been completed!
I 2021-11-05 00:46:16.687691 [GSStateTracker] {Main} State changed to: WaitingForEntitlements
D 2021-11-05 00:46:16.687710 [GSAccountProvider] {Main} Completed initial load.
D 2021-11-05 00:46:16.687720 [GSAccountProvider] {Main} Querying game status for program id: D3
D 2021-11-05 00:46:16.687736 [GSAccountProvider] {Main} Querying game status for program id: S1
D 2021-11-05 00:46:16.687741 [GSAccountProvider] {Main} Querying game status for program id: S2
D 2021-11-05 00:46:16.687746 [GSAccountProvider] {Main} Querying game status for program id: W3
D 2021-11-05 00:46:16.687750 [GSAccountProvider] {Main} Querying game status for program id: Fen
D 2021-11-05 00:46:16.687755 [GSAccountProvider] {Main} Querying game status for program id: OSI
D 2021-11-05 00:46:16.687763 [GSAccountProvider] {Main} Querying game status for program id: Pro
D 2021-11-05 00:46:16.687768 [GSAccountProvider] {Main} Querying game status for program id: AUKS
D 2021-11-05 00:46:16.687772 [GSAccountProvider] {Main} Querying game status for program id: D3CN
D 2021-11-05 00:46:16.687780 [GSAccountProvider] {Main} Querying game status for program id: DST2
D 2021-11-05 00:46:16.687790 [GSAccountProvider] {Main} Querying game status for program id: FORE
D 2021-11-05 00:46:16.687806 [GSAccountProvider] {Main} Querying game status for program id: Hero
D 2021-11-05 00:46:16.687814 [GSAccountProvider] {Main} Querying game status for program id: LAZR
D 2021-11-05 00:46:16.687822 [GSAccountProvider] {Main} Querying game status for program id: ODIN
D 2021-11-05 00:46:16.687829 [GSAccountProvider] {Main} Querying game status for program id: RTRO
D 2021-11-05 00:46:16.687836 [GSAccountProvider] {Main} Querying game status for program id: VIPR
D 2021-11-05 00:46:16.687845 [GSAccountProvider] {Main} Querying game status for program id: WLBY
D 2021-11-05 00:46:16.687851 [GSAccountProvider] {Main} Querying game status for program id: WTCG
D 2021-11-05 00:46:16.687855 [GSAccountProvider] {Main} Querying game status for program id: ZEUS
D 2021-11-05 00:46:16.697630 [InstallManager] {Main} Game finished versioning battle.net
I 2021-11-05 00:46:16.697690 [GSStateTracker] {Main} State changed to: Ready
I 2021-11-05 00:46:16.697712 [GSAccountProvider] {Main} Loaded accounts: 17
I 2021-11-05 00:46:16.697723 [GSAccountProvider] {Main} [S1-S1:retail]
I 2021-11-05 00:46:16.697729 [GSAccountProvider] {Main} [WTCG-WTCG:retail]
I 2021-11-05 00:46:16.697733 [GSAccountProvider] {Main} [OSI-OSI:beta]
I 2021-11-05 00:46:16.697737 [GSAccountProvider] {Main} [S2-S2:retail]
I 2021-11-05 00:46:16.697741 [GSAccountProvider] {Main} [Pro-Pro:ow_worldcup_viewer]
I 2021-11-05 00:46:16.697749 [GSAccountProvider] {Main} [S2-S2:ptr]
I 2021-11-05 00:46:16.697753 [GSAccountProvider] {Main} [FORE-FORE:beta]
I 2021-11-05 00:46:16.697756 [GSAccountProvider] {Main} [S1-S1:ptr]
I 2021-11-05 00:46:16.697759 [GSAccountProvider] {Main} [Pro-Pro:ptr]
I 2021-11-05 00:46:16.697763 [GSAccountProvider] {Main} [Pro-Pro:retail]
I 2021-11-05 00:46:16.697766 [GSAccountProvider] {Main} [Pro-Pro:ow_tournament_viewer_1]
I 2021-11-05 00:46:16.697769 [GSAccountProvider] {Main} [Pro-Pro:ow_tournament_viewer_2]
I 2021-11-05 00:46:16.697773 [GSAccountProvider] {Main} [VIPR-VIPR:retail]
I 2021-11-05 00:46:16.697776 [GSAccountProvider] {Main} [Hero-Hero:retail]
I 2021-11-05 00:46:16.697780 [GSAccountProvider] {Main} [Hero-Hero:ptr]
I 2021-11-05 00:46:16.697785 [GSAccountProvider] {Main} [ODIN-ODIN_MW:beta]
I 2021-11-05 00:46:16.697788 [GSAccountProvider] {Main} [ZEUS-ZEUS:beta]
I 2021-11-05 00:46:16.697792 [AccountManager] {Main} Account manager state has changed to: Ready
I 2021-11-05 00:46:16.697854 [GameProvider] {Main} Beginning GameProvider initialization.
D 2021-11-05 00:46:16.697904 [GameProvider] {Main} Inserting new unbound entity because no suitable match was found. uniqueId=Hero_retail
D 2021-11-05 00:46:16.698279 [GameProvider] {Main} Inserting new unbound entity because no suitable match was found. uniqueId=AUKS_retail
D 2021-11-05 00:46:16.698521 [GameProvider] {Main} Inserting new unbound entity because no suitable match was found. uniqueId=D3_retail
D 2021-11-05 00:46:16.698660 [GameProvider] {Main} Inserting new unbound entity because no suitable match was found. uniqueId=D3CN_retail
D 2021-11-05 00:46:16.698756 [GameProvider] {Main} Inserting new unbound entity because no suitable match was found. uniqueId=FORE_retail
D 2021-11-05 00:46:16.698865 [GameProvider] {Main} Inserting new unbound entity because no suitable match was found. uniqueId=Fen_retail
D 2021-11-05 00:46:16.698966 [GameProvider] {Main} Inserting new unbound entity because no suitable match was found. uniqueId=OSI_retail
D 2021-11-05 00:46:16.699070 [GameProvider] {Main} Inserting new unbound entity because no suitable match was found. uniqueId=LAZR_retail
D 2021-11-05 00:46:16.699168 [GameProvider] {Main} Inserting new unbound entity because no suitable match was found. uniqueId=ODIN_retail
D 2021-11-05 00:46:16.699328 [GameProvider] {Main} Inserting new unbound entity because no suitable match was found. uniqueId=Pro_retail
D 2021-11-05 00:46:16.699352 [GameProvider] {Main} Inserting new unbound entity because no suitable match was found. uniqueId=RTRO_retail
D 2021-11-05 00:46:16.699596 [GameProvider] {Main} Inserting new unbound entity because no suitable match was found. uniqueId=S1_retail
D 2021-11-05 00:46:16.699733 [GameProvider] {Main} Inserting new unbound entity because no suitable match was found. uniqueId=S2_retail
D 2021-11-05 00:46:16.699754 [GameProvider] {Main} Inserting new unbound entity because no suitable match was found. uniqueId=VIPR_retail
D 2021-11-05 00:46:16.699871 [GameProvider] {Main} Inserting new unbound entity because no suitable match was found. uniqueId=W3_retail
D 2021-11-05 00:46:16.699978 [GameProvider] {Main} Inserting new unbound entity because no suitable match was found. uniqueId=WLBY_retail
D 2021-11-05 00:46:16.700133 [GameProvider] {Main} Inserting new unbound entity because no suitable match was found. uniqueId=WTCG_retail
D 2021-11-05 00:46:16.700279 [GameProvider] {Main} Inserting new unbound entity because no suitable match was found. uniqueId=WoW_retail
D 2021-11-05 00:46:16.700411 [GameProvider] {Main} Tried to insert an unbound entity with no uid. productCode=WoWC_wow_classic
D 2021-11-05 00:46:16.700429 [GameProvider] {Main} Inserting new unbound entity because no suitable match was found. uniqueId=ZEUS_retail
D 2021-11-05 00:46:16.700678 [GameProvider] {Main} Tried to insert an unbound entity that already exists. productCode=Pro_retail bound=0
D 2021-11-05 00:46:16.700701 [GameProvider] {Main} Tried to insert an unbound entity that already exists. productCode=S2_retail bound=0
D 2021-11-05 00:46:16.700753 [GameProvider] {Main} Binding account info to available unbound entity. productCode=S1_retail accountInfo=[S1-S1:retail]
D 2021-11-05 00:46:16.700788 [GameProvider] {Main} Binding account info to available unbound entity. productCode=WTCG_retail accountInfo=[WTCG-WTCG:retail]
I 2021-11-05 00:46:16.700819 [GameProvider] {Main} Inserting new bound entity because no suitable match was found. accountInfo=[OSI-OSI:beta] productId=OSI productType=beta
D 2021-11-05 00:46:16.701020 [GameProvider] {Main} Binding account info to available unbound entity. productCode=S2_retail accountInfo=[S2-S2:retail]
I 2021-11-05 00:46:16.701144 [GameProvider] {Main} Inserting new bound entity because no suitable match was found. accountInfo=[Pro-Pro:ow_worldcup_viewer] productId=Pro productType=ow_worldcup_viewer
I 2021-11-05 00:46:16.701363 [GameProvider] {Main} Inserting new bound entity because no suitable match was found. accountInfo=[S2-S2:ptr] productId=S2 productType=ptr
I 2021-11-05 00:46:16.701504 [GameProvider] {Main} Inserting new bound entity because no suitable match was found. accountInfo=[FORE-FORE:beta] productId=FORE productType=beta
I 2021-11-05 00:46:16.701648 [GameProvider] {Main} Inserting new bound entity because no suitable match was found. accountInfo=[S1-S1:ptr] productId=S1 productType=ptr
I 2021-11-05 00:46:16.701763 [GameProvider] {Main} Inserting new bound entity because no suitable match was found. accountInfo=[Pro-Pro:ptr] productId=Pro productType=ptr
D 2021-11-05 00:46:16.701896 [GameProvider] {Main} Binding account info to available unbound entity. productCode=Pro_retail accountInfo=[Pro-Pro:retail]
I 2021-11-05 00:46:16.701966 [GameProvider] {Main} Inserting new bound entity because no suitable match was found. accountInfo=[Pro-Pro:ow_tournament_viewer_1] productId=Pro productType=ow_tournament_viewer_1
I 2021-11-05 00:46:16.702170 [GameProvider] {Main} Inserting new bound entity because no suitable match was found. accountInfo=[Pro-Pro:ow_tournament_viewer_2] productId=Pro productType=ow_tournament_viewer_2
D 2021-11-05 00:46:16.702322 [GameProvider] {Main} Binding account info to available unbound entity. productCode=VIPR_retail accountInfo=[VIPR-VIPR:retail]
D 2021-11-05 00:46:16.702334 [GameProvider] {Main} Binding account info to available unbound entity. productCode=Hero_retail accountInfo=[Hero-Hero:retail]
I 2021-11-05 00:46:16.702345 [GameProvider] {Main} Inserting new bound entity because no suitable match was found. accountInfo=[Hero-Hero:ptr] productId=Hero productType=ptr
I 2021-11-05 00:46:16.702509 [GameProvider] {Main} Inserting new bound entity because no suitable match was found. accountInfo=[ODIN-ODIN_MW:beta] productId=ODIN_MW productType=beta
I 2021-11-05 00:46:16.702637 [GameProvider] {Main} Inserting new bound entity because no suitable match was found. accountInfo=[ZEUS-ZEUS:beta] productId=ZEUS productType=beta
I 2021-11-05 00:46:16.702744 [GameProvider] {Main} Game provider is now initialized
I 2021-11-05 00:46:16.702904 [InstallFlow] {Main} FlowController is now initialized
I 2021-11-05 00:46:16.702977 [GameController] {Main} Beginning GameController initialization
D 2021-11-05 00:46:16.703113 [GameController] {Main} Game Family Added: id=FORE visible=0
D 2021-11-05 00:46:16.703229 [ProductState] {Main} Game product state created: uid=fore
D 2021-11-05 00:46:16.703264 [ProductState] {Main} InstallState (fore): currentOperation=Install currentOperationStatus=New
I 2021-11-05 00:46:16.703348 [GameController] {Main} GameAccount added to family: family=FORE account=GameAccount(FORE:retail region=US unbound)
D 2021-11-05 00:46:16.703374 [GameController] {Main} Adding product state reference. uid=fore refCount=0
D 2021-11-05 00:46:16.703444 [GameController] {Main} Visibility Changed. family=FORE visible=1
D 2021-11-05 00:46:16.704086 [GameController] {Main} Game Family Added: id=Hero visible=0
D 2021-11-05 00:46:16.704138 [ProductState] {Main} Game product state created: uid=heroes
D 2021-11-05 00:46:16.704151 [ProductState] {Main} InstallState (heroes): currentOperation=Install currentOperationStatus=New
I 2021-11-05 00:46:16.704210 [GameController] {Main} GameAccount added to family: family=Hero account=GameAccount(Hero:retail region=US)
D 2021-11-05 00:46:16.704229 [GameController] {Main} Adding product state reference. uid=heroes refCount=0
D 2021-11-05 00:46:16.704281 [GameController] {Main} Visibility Changed. family=Hero visible=1
D 2021-11-05 00:46:16.704733 [GameController] {Main} Game Family Added: id=D3 visible=0
D 2021-11-05 00:46:16.704784 [ProductState] {Main} Game product state created: uid=diablo3
D 2021-11-05 00:46:16.704802 [ProductState] {Main} InstallState (diablo3): currentOperation=Install currentOperationStatus=New
I 2021-11-05 00:46:16.704855 [GameController] {Main} GameAccount added to family: family=D3 account=GameAccount(D3:retail region=US unbound)
D 2021-11-05 00:46:16.704875 [GameController] {Main} Adding product state reference. uid=diablo3 refCount=0
D 2021-11-05 00:46:16.704918 [GameController] {Main} Visibility Changed. family=D3 visible=1
D 2021-11-05 00:46:16.705343 [GameController] {Main} Game Family Added: id=Pro visible=0
D 2021-11-05 00:46:16.705406 [ProductState] {Main} Game product state created: uid=prometheus_viewer
D 2021-11-05 00:46:16.705423 [ProductState] {Main} InstallState (prometheus_viewer): currentOperation=Install currentOperationStatus=New
I 2021-11-05 00:46:16.705485 [GameController] {Main} GameAccount added to family: family=Pro account=GameAccount(Pro:ow_worldcup_viewer region=US hidden)
D 2021-11-05 00:46:16.705510 [GameController] {Main} Adding product state reference. uid=prometheus_viewer refCount=0
D 2021-11-05 00:46:16.706005 [GameController] {Main} Game Family Added: id=AUKS visible=0
D 2021-11-05 00:46:16.706063 [ProductState] {Main} Game product state created: uid=auks
D 2021-11-05 00:46:16.706077 [ProductState] {Main} InstallState (auks): currentOperation=Install currentOperationStatus=New
I 2021-11-05 00:46:16.706115 [GameController] {Main} GameAccount added to family: family=AUKS account=GameAccount(AUKS:retail region=US unbound hidden)
D 2021-11-05 00:46:16.706165 [GameController] {Main} Adding product state reference. uid=auks refCount=0
D 2021-11-05 00:46:16.706651 [GameController] {Main} Game Family Added: id=S1 visible=0
D 2021-11-05 00:46:16.706718 [ProductState] {Main} Game product state created: uid=s1_ptr
D 2021-11-05 00:46:16.706730 [ProductState] {Main} InstallState (s1_ptr): currentOperation=Install currentOperationStatus=New
I 2021-11-05 00:46:16.706806 [GameController] {Main} GameAccount added to family: family=S1 account=GameAccount(S1:ptr region=XX)
D 2021-11-05 00:46:16.706879 [GameController] {Main} Adding product state reference. uid=s1_ptr refCount=0
D 2021-11-05 00:46:16.706922 [GameController] {Main} Visibility Changed. family=S1 visible=1
I 2021-11-05 00:46:16.707563 [GameController] {Main} GameAccount added to family: family=Pro account=GameAccount(Pro:retail region=US)
D 2021-11-05 00:46:16.707602 [GameController] {Main} Adding product state reference. uid=prometheus refCount=0
D 2021-11-05 00:46:16.707637 [GameController] {Main} Visibility Changed. family=Pro visible=1
D 2021-11-05 00:46:16.708105 [GameController] {Main} Game Family Added: id=D3CN visible=0
D 2021-11-05 00:46:16.708177 [ProductState] {Main} Game product state created: uid=d3cn
D 2021-11-05 00:46:16.708205 [ProductState] {Main} InstallState (d3cn): currentOperation=Install currentOperationStatus=New
I 2021-11-05 00:46:16.708263 [GameController] {Main} GameAccount added to family: family=D3CN account=GameAccount(D3CN:retail region=<none> unbound hidden)
D 2021-11-05 00:46:16.708278 [GameController] {Main} Adding product state reference. uid=d3cn refCount=0
D 2021-11-05 00:46:16.708999 [GameController] {Main} Game Family Added: id=Fen visible=0
D 2021-11-05 00:46:16.709116 [ProductState] {Main} Game product state created: uid=fenris
D 2021-11-05 00:46:16.709138 [ProductState] {Main} InstallState (fenris): currentOperation=Install currentOperationStatus=New
I 2021-11-05 00:46:16.709218 [GameController] {Main} GameAccount added to family: family=Fen account=GameAccount(Fen:retail region=US unbound hidden)
D 2021-11-05 00:46:16.709248 [GameController] {Main} Adding product state reference. uid=fenris refCount=0
D 2021-11-05 00:46:16.710110 [GameController] {Main} Game Family Added: id=ODIN visible=0
D 2021-11-05 00:46:16.710218 [ProductState] {Main} Game product state created: uid=odin
D 2021-11-05 00:46:16.710239 [ProductState] {Main} InstallState (odin): currentOperation=Install currentOperationStatus=New
I 2021-11-05 00:46:16.710314 [GameController] {Main} GameAccount added to family: family=ODIN account=GameAccount(ODIN:retail region=US unbound)
D 2021-11-05 00:46:16.710343 [GameController] {Main} Adding product state reference. uid=odin refCount=0
D 2021-11-05 00:46:16.710406 [GameController] {Main} Visibility Changed. family=ODIN visible=1
D 2021-11-05 00:46:16.711287 [ProductState] {Main} Game product state created: uid=prometheus_tournament_viewer
D 2021-11-05 00:46:16.711340 [ProductState] {Main} InstallState (prometheus_tournament_viewer): currentOperation=Install currentOperationStatus=New
I 2021-11-05 00:46:16.711431 [GameController] {Main} GameAccount added to family: family=Pro account=GameAccount(Pro:ow_tournament_viewer_1 region=US)
D 2021-11-05 00:46:16.711510 [GameController] {Main} Adding product state reference. uid=prometheus_tournament_viewer refCount=0
D 2021-11-05 00:46:16.712450 [GameController] {Main} Game Family Added: id=OSI visible=0
D 2021-11-05 00:46:16.712566 [ProductState] {Main} Game product state created: uid=osi
D 2021-11-05 00:46:16.712601 [ProductState] {Main} InstallState (osi): currentOperation=Install currentOperationStatus=New
I 2021-11-05 00:46:16.712701 [GameController] {Main} GameAccount added to family: family=OSI account=GameAccount(OSI:retail region=US unbound)
D 2021-11-05 00:46:16.712758 [GameController] {Main} Adding product state reference. uid=osi refCount=0
D 2021-11-05 00:46:16.712817 [GameController] {Main} Visibility Changed. family=OSI visible=1
D 2021-11-05 00:46:16.713532 [GameController] {Main} Game Family Added: id=LAZR visible=0
D 2021-11-05 00:46:16.713650 [ProductState] {Main} Game product state created: uid=lazarus
D 2021-11-05 00:46:16.713673 [ProductState] {Main} InstallState (lazarus): currentOperation=Install currentOperationStatus=New
I 2021-11-05 00:46:16.713763 [GameController] {Main} GameAccount added to family: family=LAZR account=GameAccount(LAZR:retail region=US unbound)
D 2021-11-05 00:46:16.713789 [GameController] {Main} Adding product state reference. uid=lazarus refCount=0
D 2021-11-05 00:46:16.713859 [GameController] {Main} Visibility Changed. family=LAZR visible=1
D 2021-11-05 00:46:16.714575 [GameController] {Main} Game Family Added: id=RTRO visible=0
D 2021-11-05 00:46:16.714710 [ProductState] {Main} Game product state created: uid=rtro
D 2021-11-05 00:46:16.714764 [ProductState] {Main} InstallState (rtro): currentOperation=Install currentOperationStatus=New
I 2021-11-05 00:46:16.714842 [GameController] {Main} GameAccount added to family: family=RTRO account=GameAccount(RTRO:retail region=US unbound)
D 2021-11-05 00:46:16.714896 [GameController] {Main} Adding product state reference. uid=rtro refCount=0
D 2021-11-05 00:46:16.714967 [GameController] {Main} Visibility Changed. family=RTRO visible=1
D 2021-11-05 00:46:16.715682 [ProductState] {Main} Game product state created: uid=s1
D 2021-11-05 00:46:16.715720 [ProductState] {Main} InstallState (s1): currentOperation=Install currentOperationStatus=New
I 2021-11-05 00:46:16.715789 [GameController] {Main} GameAccount added to family: family=S1 account=GameAccount(S1:retail region=US)
D 2021-11-05 00:46:16.715813 [GameController] {Main} Adding product state reference. uid=s1 refCount=0
D 2021-11-05 00:46:16.717109 [ProductState] {Main} Game product state created: uid=osi_beta
D 2021-11-05 00:46:16.717186 [ProductState] {Main} InstallState (osi_beta): currentOperation=Install currentOperationStatus=New
I 2021-11-05 00:46:16.717328 [GameController] {Main} GameAccount added to family: family=OSI account=GameAccount(OSI:beta region=US hidden)
D 2021-11-05 00:46:16.717379 [GameController] {Main} Adding product state reference. uid=osi_beta refCount=0
D 2021-11-05 00:46:16.718333 [GameController] {Main} Game Family Added: id=S2 visible=0
I 2021-11-05 00:46:16.718430 [GameController] {Main} GameAccount added to family: family=S2 account=GameAccount(S2:retail region=US)
D 2021-11-05 00:46:16.718463 [GameController] {Main} Adding product state reference. uid=s2 refCount=0
D 2021-11-05 00:46:16.718534 [GameController] {Main} Visibility Changed. family=S2 visible=1
D 2021-11-05 00:46:16.719309 [GameController] {Main} Game Family Added: id=VIPR visible=0
D 2021-11-05 00:46:16.719457 [ProductState] {Main} Game product state created: uid=viper
D 2021-11-05 00:46:16.719482 [ProductState] {Main} InstallState (viper): currentOperation=Install currentOperationStatus=New
I 2021-11-05 00:46:16.719576 [GameController] {Main} GameAccount added to family: family=VIPR account=GameAccount(VIPR:retail region=US)
D 2021-11-05 00:46:16.719633 [GameController] {Main} Adding product state reference. uid=viper refCount=0
D 2021-11-05 00:46:16.719696 [GameController] {Main} Visibility Changed. family=VIPR visible=1
D 2021-11-05 00:46:16.720415 [GameController] {Main} Game Family Added: id=W3 visible=0
D 2021-11-05 00:46:16.720533 [ProductState] {Main} Game product state created: uid=w3
D 2021-11-05 00:46:16.720551 [ProductState] {Main} InstallState (w3): currentOperation=Install currentOperationStatus=New
I 2021-11-05 00:46:16.720632 [GameController] {Main} GameAccount added to family: family=W3 account=GameAccount(W3:retail region=US unbound)
D 2021-11-05 00:46:16.720658 [GameController] {Main} Adding product state reference. uid=w3 refCount=0
D 2021-11-05 00:46:16.720719 [GameController] {Main} Visibility Changed. family=W3 visible=1
D 2021-11-05 00:46:16.721615 [GameController] {Main} Game Family Added: id=WLBY visible=0
D 2021-11-05 00:46:16.721724 [ProductState] {Main} Game product state created: uid=wlby
D 2021-11-05 00:46:16.721764 [ProductState] {Main} InstallState (wlby): currentOperation=Install currentOperationStatus=New
I 2021-11-05 00:46:16.721890 [GameController] {Main} GameAccount added to family: family=WLBY account=GameAccount(WLBY:retail region=US unbound)
D 2021-11-05 00:46:16.721913 [GameController] {Main} Adding product state reference. uid=wlby refCount=0
D 2021-11-05 00:46:16.721960 [GameController] {Main} Visibility Changed. family=WLBY visible=1
D 2021-11-05 00:46:16.722617 [GameController] {Main} Game Family Added: id=WTCG visible=0
D 2021-11-05 00:46:16.722684 [ProductState] {Main} Game product state created: uid=hs_beta
D 2021-11-05 00:46:16.722704 [ProductState] {Main} InstallState (hs_beta): currentOperation=Install currentOperationStatus=New
I 2021-11-05 00:46:16.722788 [GameController] {Main} GameAccount added to family: family=WTCG account=GameAccount(WTCG:retail region=US)
D 2021-11-05 00:46:16.722815 [GameController] {Main} Adding product state reference. uid=hs_beta refCount=0
D 2021-11-05 00:46:16.722867 [GameController] {Main} Visibility Changed. family=WTCG visible=1
D 2021-11-05 00:46:16.723661 [GameController] {Main} Game Family Added: id=WoW visible=0
D 2021-11-05 00:46:16.723801 [ProductState] {Main} Game product state created: uid=wow
D 2021-11-05 00:46:16.723827 [ProductState] {Main} InstallState (wow): currentOperation=Install currentOperationStatus=New
I 2021-11-05 00:46:16.723941 [GameController] {Main} GameAccount added to family: family=WoW account=GameAccount(WoW:retail region=US unbound)
D 2021-11-05 00:46:16.724002 [GameController] {Main} Adding product state reference. uid=wow refCount=0
D 2021-11-05 00:46:16.724047 [GameController] {Main} Visibility Changed. family=WoW visible=1
D 2021-11-05 00:46:16.724614 [GameController] {Main} Game Family Added: id=ZEUS visible=0
D 2021-11-05 00:46:16.724656 [ProductState] {Main} Game product state created: uid=zeus
D 2021-11-05 00:46:16.724667 [ProductState] {Main} InstallState (zeus): currentOperation=Install currentOperationStatus=New
I 2021-11-05 00:46:16.724737 [GameController] {Main} GameAccount added to family: family=ZEUS account=GameAccount(ZEUS:retail region=US unbound)
D 2021-11-05 00:46:16.724770 [GameController] {Main} Adding product state reference. uid=zeus refCount=0
D 2021-11-05 00:46:16.724824 [GameController] {Main} Visibility Changed. family=ZEUS visible=1
D 2021-11-05 00:46:16.725284 [ProductState] {Main} Game product state created: uid=s2_ptr
D 2021-11-05 00:46:16.725346 [ProductState] {Main} InstallState (s2_ptr): currentOperation=Install currentOperationStatus=New
I 2021-11-05 00:46:16.725403 [GameController] {Main} GameAccount added to family: family=S2 account=GameAccount(S2:ptr region=XX)
D 2021-11-05 00:46:16.725421 [GameController] {Main} Adding product state reference. uid=s2_ptr refCount=0
D 2021-11-05 00:46:16.725936 [ProductState] {Main} Game product state created: uid=fore_beta
D 2021-11-05 00:46:16.725970 [ProductState] {Main} InstallState (fore_beta): currentOperation=Install currentOperationStatus=New
I 2021-11-05 00:46:16.726044 [GameController] {Main} GameAccount added to family: family=FORE account=GameAccount(FORE:beta region=US hidden)
D 2021-11-05 00:46:16.726089 [GameController] {Main} Adding product state reference. uid=fore_beta refCount=0
D 2021-11-05 00:46:16.726669 [ProductState] {Main} Game product state created: uid=prometheus_test
D 2021-11-05 00:46:16.726703 [ProductState] {Main} InstallState (prometheus_test): currentOperation=Install currentOperationStatus=New
I 2021-11-05 00:46:16.726747 [GameController] {Main} GameAccount added to family: family=Pro account=GameAccount(Pro:ptr region=XX)
D 2021-11-05 00:46:16.726802 [GameController] {Main} Adding product state reference. uid=prometheus_test refCount=0
D 2021-11-05 00:46:16.727623 [ProductState] {Main} Game product state created: uid=prometheus_tournament_viewer_2
D 2021-11-05 00:46:16.727666 [ProductState] {Main} InstallState (prometheus_tournament_viewer_2): currentOperation=Install currentOperationStatus=New
I 2021-11-05 00:46:16.727758 [GameController] {Main} GameAccount added to family: family=Pro account=GameAccount(Pro:ow_tournament_viewer_2 region=US)
D 2021-11-05 00:46:16.727803 [GameController] {Main} Adding product state reference. uid=prometheus_tournament_viewer_2 refCount=0
D 2021-11-05 00:46:16.728733 [ProductState] {Main} Game product state created: uid=heroes_ptr
D 2021-11-05 00:46:16.728768 [ProductState] {Main} InstallState (heroes_ptr): currentOperation=Install currentOperationStatus=New
I 2021-11-05 00:46:16.728830 [GameController] {Main} GameAccount added to family: family=Hero account=GameAccount(Hero:ptr region=XX)
D 2021-11-05 00:46:16.728864 [GameController] {Main} Adding product state reference. uid=heroes_ptr refCount=0
D 2021-11-05 00:46:16.729460 [ProductState] {Main} Game product state created: uid=odin_beta
D 2021-11-05 00:46:16.729532 [ProductState] {Main} InstallState (odin_beta): currentOperation=Install currentOperationStatus=New
I 2021-11-05 00:46:16.729607 [GameController] {Main} GameAccount added to family: family=ODIN account=GameAccount(ODIN:beta region=US hidden)
D 2021-11-05 00:46:16.729647 [GameController] {Main} Adding product state reference. uid=odin_beta refCount=0
D 2021-11-05 00:46:16.730172 [ProductState] {Main} Game product state created: uid=zeus_beta
D 2021-11-05 00:46:16.730199 [ProductState] {Main} InstallState (zeus_beta): currentOperation=Install currentOperationStatus=New
I 2021-11-05 00:46:16.730273 [GameController] {Main} GameAccount added to family: family=ZEUS account=GameAccount(ZEUS:beta region=US hidden)
D 2021-11-05 00:46:16.730302 [GameController] {Main} Adding product state reference. uid=zeus_beta refCount=0
I 2021-11-05 00:46:16.741905 [GameController] {Main} Setting default selections for game controller
D 2021-11-05 00:46:16.741951 [GameController] {Main} Picked default selection by type for product group: ODIN account=GameAccount(ODIN:retail region=US unbound)
D 2021-11-05 00:46:16.743302 [GameController] {Main} New selection for product group ODIN: account=GameAccount(ODIN:retail region=US unbound) selectedItem=Call of Duty: Warzone
D 2021-11-05 00:46:16.743517 [RemoteContentCache] {Main} Found cached remote content. url=https://nydus.battle.net/App/enUS/client/odin/alert?targetRegion=US
D 2021-11-05 00:46:16.743548 [GameController] {Main} Picked default selection by type for product group: WLBY account=GameAccount(WLBY:retail region=US unbound)
D 2021-11-05 00:46:16.744593 [GameController] {Main} New selection for product group WLBY: account=GameAccount(WLBY:retail region=US unbound) selectedItem=Crash Bandicoot 4: It's About Time
D 2021-11-05 00:46:16.744748 [GameController] {Main} Picked default selection by type for product group: Hero account=GameAccount(Hero:retail region=US)
D 2021-11-05 00:46:16.745876 [GameController] {Main} New selection for product group Hero: account=GameAccount(Hero:retail region=US) selectedItem=Heroes of the Storm
D 2021-11-05 00:46:16.746009 [RemoteContentCache] {Main} Found cached remote content. url=https://nydus.battle.net/App/enUS/client/Hero/alert?targetRegion=US
D 2021-11-05 00:46:16.746036 [GameController] {Main} Picked default selection by type for product group: AUKS account=GameAccount(null)
D 2021-11-05 00:46:16.746047 [GameController] {Main} Picked default selection by type for product group: Fen account=GameAccount(null)
D 2021-11-05 00:46:16.746063 [GameController] {Main} Picked default selection by type for product group: Pro account=GameAccount(Pro:retail region=US)
D 2021-11-05 00:46:16.747524 [GameController] {Main} New selection for product group Pro: account=GameAccount(Pro:retail region=US) selectedItem=Overwatch
D 2021-11-05 00:46:16.747781 [RemoteContentCache] {Main} Found cached remote content. url=https://nydus.battle.net/App/enUS/client/overwatch/alert?targetRegion=US
D 2021-11-05 00:46:16.747817 [GameController] {Main} Picked default selection by type for product group: W3 account=GameAccount(W3:retail region=US unbound)
D 2021-11-05 00:46:16.748829 [GameController] {Main} New selection for product group W3: account=GameAccount(W3:retail region=US unbound) selectedItem=Warcraft III
D 2021-11-05 00:46:16.748950 [RemoteContentCache] {Main} Found cached remote content. url=https://nydus.battle.net/App/enUS/client/war3r/alert?targetRegion=US
D 2021-11-05 00:46:16.748971 [GameController] {Main} Picked default selection by type for product group: D3CN account=GameAccount(null)
D 2021-11-05 00:46:16.748982 [GameController] {Main} Picked default selection by type for product group: FORE account=GameAccount(FORE:retail region=US unbound)
D 2021-11-05 00:46:16.750311 [GameController] {Main} Selected region change: GameAccount(FORE:retail region=US unbound)
D 2021-11-05 00:46:16.750330 [GameController] {Main} Region changed for selected game account: GameAccount(FORE:retail region=US unbound)
D 2021-11-05 00:46:16.750347 [GameController] {Main} New selection for product group FORE: account=GameAccount(FORE:retail region=US unbound) selectedItem=Call of Duty: Vanguard
D 2021-11-05 00:46:16.750363 [GameController] {Main} Picked default selection by type for product group: ZEUS account=GameAccount(ZEUS:retail region=US unbound)
D 2021-11-05 00:46:16.751383 [GameController] {Main} Selected region change: GameAccount(ZEUS:retail region=US unbound)
D 2021-11-05 00:46:16.751410 [GameController] {Main} Region changed for selected game account: GameAccount(ZEUS:retail region=US unbound)
D 2021-11-05 00:46:16.751553 [GameController] {Main} New selection for product group ZEUS: account=GameAccount(ZEUS:retail region=US unbound) selectedItem=Call of Duty: Black Ops Cold War
D 2021-11-05 00:46:16.751584 [GameController] {Main} Picked default selection by type for product group: S2 account=GameAccount(S2:retail region=US)
D 2021-11-05 00:46:16.752785 [GameController] {Main} New selection for product group S2: account=GameAccount(S2:retail region=US) selectedItem=StarCraft II
D 2021-11-05 00:46:16.752908 [RemoteContentCache] {Main} Found cached remote content. url=https://nydus.battle.net/App/enUS/client/S2/alert?targetRegion=US
D 2021-11-05 00:46:16.752938 [GameController] {Main} Picked default selection by type for product group: RTRO account=GameAccount(RTRO:retail region=US unbound)
D 2021-11-05 00:46:16.754198 [GameController] {Main} Selected region change: GameAccount(RTRO:retail region=US unbound)
D 2021-11-05 00:46:16.754215 [GameController] {Main} Region changed for selected game account: GameAccount(RTRO:retail region=US unbound)
D 2021-11-05 00:46:16.754530 [GameController] {Main} New selection for product group RTRO: account=GameAccount(RTRO:retail region=US unbound) selectedItem=Blizzard Arcade Collection
D 2021-11-05 00:46:16.754599 [GameController] {Main} Picked default selection by type for product group: D3 account=GameAccount(D3:retail region=US unbound)
D 2021-11-05 00:46:16.756096 [GameController] {Main} New selection for product group D3: account=GameAccount(D3:retail region=US unbound) selectedItem=Diablo III
D 2021-11-05 00:46:16.756316 [RemoteContentCache] {Main} Found cached remote content. url=https://nydus.battle.net/App/enUS/client/D3/alert?targetRegion=US
D 2021-11-05 00:46:16.756380 [GameController] {Main} Picked default selection by type for product group: VIPR account=GameAccount(VIPR:retail region=US)
D 2021-11-05 00:46:16.757657 [GameController] {Main} New selection for product group VIPR: account=GameAccount(VIPR:retail region=US) selectedItem=Call of Duty: Black Ops 4
D 2021-11-05 00:46:16.757988 [RemoteContentCache] {Main} Found cached remote content. url=https://nydus.battle.net/App/enUS/client/VIPR/alert?targetRegion=US
D 2021-11-05 00:46:16.758074 [GameController] {Main} Picked default selection by type for product group: WTCG account=GameAccount(WTCG:retail region=US)
D 2021-11-05 00:46:16.759371 [GameController] {Main} New selection for product group WTCG: account=GameAccount(WTCG:retail region=US) selectedItem=Hearthstone
D 2021-11-05 00:46:16.759581 [RemoteContentCache] {Main} Found cached remote content. url=https://nydus.battle.net/App/enUS/client/WTCG/alert?targetRegion=US
D 2021-11-05 00:46:16.759635 [GameController] {Main} Picked default selection by type for product group: WoW account=GameAccount(WoW:retail region=US unbound)
D 2021-11-05 00:46:16.761237 [GameController] {Main} New selection for product group WoW: account=GameAccount(WoW:retail region=US unbound) selectedItem=World of Warcraft
D 2021-11-05 00:46:16.761430 [RemoteContentCache] {Main} Found cached remote content. url=https://nydus.battle.net/App/enUS/client/WoW/alert?targetRegion=US
D 2021-11-05 00:46:16.761461 [GameController] {Main} Picked default selection by type for product group: LAZR account=GameAccount(LAZR:retail region=US unbound)
D 2021-11-05 00:46:16.762664 [GameController] {Main} New selection for product group LAZR: account=GameAccount(LAZR:retail region=US unbound) selectedItem=Call of Duty: MW2 Campaign Remastered
D 2021-11-05 00:46:16.762869 [RemoteContentCache] {Main} Found cached remote content. url=https://nydus.battle.net/App/enUS/client/lazr/alert?targetRegion=US
D 2021-11-05 00:46:16.762926 [GameController] {Main} Picked default selection by type for product group: S1 account=GameAccount(S1:retail region=US)
D 2021-11-05 00:46:16.764140 [GameController] {Main} New selection for product group S1: account=GameAccount(S1:retail region=US) selectedItem=StarCraft
D 2021-11-05 00:46:16.764351 [RemoteContentCache] {Main} Found cached remote content. url=https://nydus.battle.net/App/enUS/client/S1/alert?targetRegion=US
D 2021-11-05 00:46:16.764414 [GameController] {Main} Picked default selection by type for product group: OSI account=GameAccount(OSI:retail region=US unbound)
D 2021-11-05 00:46:16.765894 [GameController] {Main} Selected region change: GameAccount(OSI:retail region=US unbound)
D 2021-11-05 00:46:16.765933 [GameController] {Main} Region changed for selected game account: GameAccount(OSI:retail region=US unbound)
D 2021-11-05 00:46:16.766231 [GameController] {Main} New selection for product group OSI: account=GameAccount(OSI:retail region=US unbound) selectedItem=Diablo II: Resurrected
D 2021-11-05 00:46:16.766423 [GameController] {Main} Selecting game family by id: S2
D 2021-11-05 00:46:16.766442 [GameController] {Main} Active family set to: S2
D 2021-11-05 00:46:16.773754 [GameController] {Main} Active product set to: S2_retail
I 2021-11-05 00:46:16.777391 [GameController] {Main} GameController initialization complete
D 2021-11-05 00:46:16.778622 [GSAccountProvider] {Main} Completed final load.
D 2021-11-05 00:46:16.827305 [GSAccountProvider] {Main} Received GameTimeRemainingInfo: (Game: US-Hero-61078631) info=
D 2021-11-05 00:46:16.827352 [GSAccountProvider] {Main} Received GameTimeRemainingInfo: (Game: US-S1-511902745) info=
D 2021-11-05 00:46:16.827359 [GSAccountProvider] {Main} Received GameTimeRemainingInfo: (Game: US-DST2-168118293) info=
I 2021-11-05 00:46:16.963359 [Main] {Main} WidevineCDM binary has been downloaded: 4.10.2391.0
D 2021-11-05 00:46:17.307211 [InstallManager] {Main} Game finished versioning s2_enus
D 2021-11-05 00:46:17.307385 [InstallManager] {Main} Game finished versioning s2_enus
I 2021-11-05 00:46:17.944008 [GameSessionList] {Agent} Reporting process: TrackingInfo(uid=battle.net, type=game, opStatus=On, reqId=0, running=3, oldRunning=1)
I 2021-11-05 00:46:17.947024 [InstallManager] {Main} Setting Process Running: true uid=battle.net binaryType=game any=true
D 2021-11-05 00:46:18.776617 [BAPIGateway] {Main} API request: https://us.api.blizzard.com/content-api/v1/layoutTemplates/blt478cfc6c41578ddb/layout?cxpProductId=blt90855744d00cd378
I 2021-11-05 00:46:18.853178 [GameController] {Main} Selecting game by uid. uid=s2 prioritizeUpdate=1
I 2021-11-05 00:46:18.860539 [GameController] {Main} Prioritize Update: uid=s2
I 2021-11-05 00:46:18.860584 [ScreenController] {Main} Changing screen to: Games
I 2021-11-05 00:46:18.863783 [StartupGameSearch] {Main} Skipping automated search for unregistered games
W 2021-11-05 00:46:18.863802 [InstallManager] {Main} Skipping search for unregistered games.
I 2021-11-05 00:46:18.863808 [InstallManager] {Main} Searching for unregistered games finished.
I 2021-11-05 00:46:18.863838 [StartupGameSearch] {Main} Completed automated search for unregistered games
I 2021-11-05 00:46:18.863955 [InstallFlow] {Main} No longer waiting for game registration search to complete.
D 2021-11-05 00:46:18.866126 [InventoryController] {Main} Updating inventory
D 2021-11-05 00:46:18.866156 [InventoryController] {Main} GetInventoryInfo request
D 2021-11-05 00:46:18.866184 [BAPIGateway] {Main} API request: https://us.api.blizzard.com/AccountInventoryService/v1/GetNewInventoryItemCount
I 2021-11-05 00:46:18.874983 [Clubs] {Main} Subscribing to club membership.
I 2021-11-05 00:46:18.875136 [ChannelV2] {Main} Subscribing to channelv2 membership service. |agentId=|id=101128130|program=4288624|region=1
I 2021-11-05 00:46:18.875209 [BNLogin] {Main} Logged into Battle.net successfully. |bnet=1:0:126e7264|game=2:100417070:60717c2
I 2021-11-05 00:46:19.136714 [ChannelV2] {Main} ChannelV2 membership subscription created.
I 2021-11-05 00:46:19.242614 [Clubs] {Main} Club membership subscription created: |accountId=|id=309228132
D 2021-11-05 00:46:19.417417 [BAPIGateway] {Main} API response: OK content={"error":null,"newCount":0,"totalCount":0}
D 2021-11-05 00:46:19.417469 [InventoryController] {Main} Inventory changed, new: 0 total: 0
D 2021-11-05 00:46:19.577474 [BAPIGateway] {Main} API response: OK content={"layoutId":"blt9fc836ef855c7669","sections":[],"context":{"locale":"en-us","cxpProductId":"blt90855744d00cd378","layoutTemplateId":"blt478cfc6c41578ddb","region":"North America","includeFeed":false}}
E 2021-11-05 00:46:20.517148 [BNSocialNetwork] {Main} Error response for BGS Facebook friend list. error=ERROR_SOCIAL_NETWORK_NO_ACCOUNT_DATA (9005)
I 2021-11-05 00:46:22.134179 [BrowserClientHandler] {} Creating new auth request for url. frameId=17179869188 requestId=2181139255 url=https://us.battle.net/login/en/?ref=https://oauth.battle.net/oauth/authorize?optLogin%3Dtrue%26optSso%3Dtrue%26response_type%3Dcode%26redirect_uri%3Dhttps%253A%252F%252Fcontent-ui.battle.net%252Fauth%252Fbnet%252Fcallback%26scope%3Dcts%253Aread%26client_id%3D7551465a10ef43838bb8aa1c8bbe1a4d&app=oauth&opt&optSso
D 2021-11-05 00:46:22.136140 [BrowserClientHandler] {} Deferring url request for auth. frameId=17179869188 requestId=2181139255 url=https://us.battle.net/login/en/?ref=https://oauth.battle.net/oauth/authorize?optLogin%3Dtrue%26optSso%3Dtrue%26response_type%3Dcode%26redirect_uri%3Dhttps%253A%252F%252Fcontent-ui.battle.net%252Fauth%252Fbnet%252Fcallback%26scope%3Dcts%253Aread%26client_id%3D7551465a10ef43838bb8aa1c8bbe1a4d&app=oauth&opt&optSso
D 2021-11-05 00:46:22.337527 [BrowserClientHandler] {Main} Auth complete, resuming deferred request. frameId=17179869188 requestId=2181139255 url=https://us.battle.net/login/en/?ref=https://oauth.battle.net/oauth/authorize?optLogin%3Dtrue%26optSso%3Dtrue%26response_type%3Dcode%26redirect_uri%3Dhttps%253A%252F%252Fcontent-ui.battle.net%252Fauth%252Fbnet%252Fcallback%26scope%3Dcts%253Aread%26client_id%3D7551465a10ef43838bb8aa1c8bbe1a4d&app=oauth&opt&optSso
I 2021-11-05 00:46:23.955371 [GameSessionList] {Agent} Reporting process: TrackingInfo(uid=battle.net, type=game, opStatus=On, reqId=0, running=4, oldRunning=3)
I 2021-11-05 00:46:23.960017 [InstallManager] {Main} Setting Process Running: true uid=battle.net binaryType=game any=true
D 2021-11-05 00:48:48.310500 [GameController] {Main} Selecting game family by id: S2
I 2021-11-05 00:48:48.318864 [GameController] {Main} LaunchBinary: uid=s2 selectedRegion=US binaryType=game
D 2021-11-05 00:48:48.325499 [InstallInfo] {Main} Operation status changed: opType=Execute oldStatus=Off newStatus=Pending agentUid=s2_enus
D 2021-11-05 00:48:48.325576 [ProductState] {Main} InstallState (s2): GameLaunching=1
I 2021-11-05 00:48:48.520009 [InstallManager] {Main} Game launch options: programId=S2 GAME_ACCOUNT= REGION=US LOCALE=enUS LOCALE_AUDIO=enUS LAUNCH_64BIT=1
I 2021-11-05 00:48:48.521061 [InstallManager] {Main} Game launch options: programId=S2 ACCOUNT=(hidden) ACCOUNT_TS=1636073328
I 2021-11-05 00:48:49.138142 [InstallManager] {Main} Launched D:/Battlenet/StarCraft II/Support64/SC2Switcher_x64.exe with args: -sso=1 -launch -uid s2_enus, pid: 38040
I 2021-11-05 00:49:00.348223 [GameSessionList] {Agent} Reporting process: TrackingInfo(uid=s2_enus, type=game, opStatus=On, reqId=0, running=1, oldRunning=0)
I 2021-11-05 00:49:00.357834 [InstallManager] {Main} Setting Process Running: true uid=s2_enus binaryType=game any=true
D 2021-11-05 00:49:00.357905 [InstallInfo] {Main} Operation status changed: opType=Execute oldStatus=Pending newStatus=On agentUid=s2_enus
D 2021-11-05 00:49:00.357951 [InstallManager] {Main} Game is running: s2
I 2021-11-05 00:49:00.359316 [GameController] {Main} Game is now running with game launch behavior set to exit.
D 2021-11-05 00:49:00.359485 [ProductState] {Main} InstallState (s2): gameRunning=1 isGameProcessRunning=1 GameLaunching=0
D 2021-11-05 00:49:00.905378 [GameController] {Main} Shutting down GameController
I 2021-11-05 00:49:00.905604 [GameController] {Main} Deleting GameFamily: , # of game accounts:0
I 2021-11-05 00:49:00.905677 [GameController] {Main} Deleting GameFamily: AUKS, # of game accounts:1
I 2021-11-05 00:49:00.905733 [GameController] {Main} Deleting GameFamily: Fen, # of game accounts:1
I 2021-11-05 00:49:00.905781 [GameController] {Main} Deleting GameFamily: D3CN, # of game accounts:1
D 2021-11-05 00:49:00.905863 [ProductState] {Main} Game product state destroyed: uid=
D 2021-11-05 00:49:00.905917 [ProductState] {Main} Game product state destroyed: uid=auks
D 2021-11-05 00:49:00.905941 [ProductState] {Main} Game product state destroyed: uid=d3cn
D 2021-11-05 00:49:00.905958 [ProductState] {Main} Game product state destroyed: uid=fenris
I 2021-11-05 00:49:00.906098 [GameController] {Main} Deleting GameFamily: OSI, # of game accounts:2
D 2021-11-05 00:49:00.906135 [ProductState] {Main} Game product state destroyed: uid=osi_beta
D 2021-11-05 00:49:00.906181 [ProductState] {Main} Game product state destroyed: uid=osi
I 2021-11-05 00:49:00.906228 [GameController] {Main} Deleting GameFamily: S2, # of game accounts:2
D 2021-11-05 00:49:00.906281 [ProductState] {Main} Game product state destroyed: uid=s2_ptr
D 2021-11-05 00:49:00.906326 [ProductState] {Main} Game product state destroyed: uid=s2
I 2021-11-05 00:49:00.906376 [GameController] {Main} Deleting GameFamily: RTRO, # of game accounts:1
D 2021-11-05 00:49:00.906412 [ProductState] {Main} Game product state destroyed: uid=rtro
I 2021-11-05 00:49:00.906448 [GameController] {Main} Deleting GameFamily: WoW, # of game accounts:1
D 2021-11-05 00:49:00.906490 [ProductState] {Main} Game product state destroyed: uid=wow
I 2021-11-05 00:49:00.906528 [GameController] {Main} Deleting GameFamily: D3, # of game accounts:1
D 2021-11-05 00:49:00.906573 [ProductState] {Main} Game product state destroyed: uid=diablo3
I 2021-11-05 00:49:00.906610 [GameController] {Main} Deleting GameFamily: WTCG, # of game accounts:1
D 2021-11-05 00:49:00.906659 [ProductState] {Main} Game product state destroyed: uid=hs_beta
I 2021-11-05 00:49:00.906697 [GameController] {Main} Deleting GameFamily: Hero, # of game accounts:2
D 2021-11-05 00:49:00.906741 [ProductState] {Main} Game product state destroyed: uid=heroes_ptr
D 2021-11-05 00:49:00.906775 [ProductState] {Main} Game product state destroyed: uid=heroes
I 2021-11-05 00:49:00.906815 [GameController] {Main} Deleting GameFamily: Pro, # of game accounts:5
D 2021-11-05 00:49:00.906843 [ProductState] {Main} Game product state destroyed: uid=prometheus_viewer
D 2021-11-05 00:49:00.906886 [ProductState] {Main} Game product state destroyed: uid=prometheus_test
D 2021-11-05 00:49:00.906917 [ProductState] {Main} Game product state destroyed: uid=prometheus_tournament_viewer_2
D 2021-11-05 00:49:00.906952 [ProductState] {Main} Game product state destroyed: uid=prometheus_tournament_viewer
D 2021-11-05 00:49:00.906985 [ProductState] {Main} Game product state destroyed: uid=prometheus
I 2021-11-05 00:49:00.907069 [GameController] {Main} Deleting GameFamily: S1, # of game accounts:2
D 2021-11-05 00:49:00.907142 [ProductState] {Main} Game product state destroyed: uid=s1_ptr
D 2021-11-05 00:49:00.907179 [ProductState] {Main} Game product state destroyed: uid=s1
I 2021-11-05 00:49:00.907224 [GameController] {Main} Deleting GameFamily: W3, # of game accounts:1
D 2021-11-05 00:49:00.907307 [ProductState] {Main} Game product state destroyed: uid=w3
I 2021-11-05 00:49:00.907415 [GameController] {Main} Deleting GameFamily: FORE, # of game accounts:2
D 2021-11-05 00:49:00.907464 [ProductState] {Main} Game product state destroyed: uid=fore_beta
D 2021-11-05 00:49:00.907497 [ProductState] {Main} Game product state destroyed: uid=fore
I 2021-11-05 00:49:00.907542 [GameController] {Main} Deleting GameFamily: WLBY, # of game accounts:1
D 2021-11-05 00:49:00.907584 [ProductState] {Main} Game product state destroyed: uid=wlby
I 2021-11-05 00:49:00.907620 [GameController] {Main} Deleting GameFamily: VIPR, # of game accounts:1
D 2021-11-05 00:49:00.907659 [ProductState] {Main} Game product state destroyed: uid=viper
I 2021-11-05 00:49:00.907699 [GameController] {Main} Deleting GameFamily: ODIN, # of game accounts:2
D 2021-11-05 00:49:00.907732 [ProductState] {Main} Game product state destroyed: uid=odin_beta
D 2021-11-05 00:49:00.907767 [ProductState] {Main} Game product state destroyed: uid=odin
I 2021-11-05 00:49:00.907808 [GameController] {Main} Deleting GameFamily: LAZR, # of game accounts:1
D 2021-11-05 00:49:00.907842 [ProductState] {Main} Game product state destroyed: uid=lazarus
I 2021-11-05 00:49:00.907889 [GameController] {Main} Deleting GameFamily: ZEUS, # of game accounts:2
D 2021-11-05 00:49:00.907952 [ProductState] {Main} Game product state destroyed: uid=zeus_beta
D 2021-11-05 00:49:00.908057 [ProductState] {Main} Game product state destroyed: uid=zeus
I 2021-11-05 00:49:00.909643 [ToastManager] {Main} Clearing toast queue
I 2021-11-05 00:49:01.996087 [BrowserAppImpl] {Main} Waited 20 msec to close all browsers.
D 2021-11-05 00:49:02.583624 [Main] {Main} Shutting down Backend
D 2021-11-05 00:49:02.583669 [Main] {Main} Closing IPC Service
D 2021-11-05 00:49:02.583677 [CommandQueue] {Main} IPCService is shutting down
D 2021-11-05 00:49:02.583948 [Main] {Main} Shutting down account manager
I 2021-11-05 00:49:02.583980 [GSStateTracker] {Main} State changed to: Incomplete
I 2021-11-05 00:49:02.583989 [AccountManager] {Main} Account manager state has changed to: Incomplete
I 2021-11-05 00:49:02.584021 [GameProvider] {Main} Game provider is no longer initialized and is now reset
D 2021-11-05 00:49:02.584333 [Main] {Main} Shutting down CacheManager
D 2021-11-05 00:49:02.584362 [Main] {Main} Shutting down analytics processor
D 2021-11-05 00:49:02.584645 [Main] {Main} Shutting down worker pool
D 2021-11-05 00:49:02.585111 [Main] {Main} Shutting down backend processor
D 2021-11-05 00:49:02.586625 [Main] {Main} Shutting down data cache
D 2021-11-05 00:49:02.587210 [Main] {Main} Shutting down catalog manager
D 2021-11-05 00:49:02.587498 [Main] {Main} Shutting down environment manager
D 2021-11-05 00:49:02.587531 [Main] {Main} Shutting down battle.net api gateway
D 2021-11-05 00:49:02.587539 [Main] {Main} Shutting down suggested friends service
D 2021-11-05 00:49:02.587550 [Main] {Main} Shutting down voice service
D 2021-11-05 00:49:02.587556 [Main] {Main} Shutting down remote content manager
D 2021-11-05 00:49:02.587562 [Main] {Main} Shutting down analytics session
D 2021-11-05 00:49:02.587567 [Main] {Main} Shutting down agent manager
D 2021-11-05 00:49:02.587576 [Agent] {Main} PolicyHandler Thread STOPPING
D 2021-11-05 00:49:02.587586 [Agent] {Agent} PolicyHandlerThreadProc: The rest is silence.
D 2021-11-05 00:49:02.587810 [Agent] {Main} PolicyHandler Thread STOPPED
D 2021-11-05 00:49:02.589062 [Agent] {Main} Communicated shutdown to Agent
D 2021-11-05 00:49:02.589243 [Main] {Main} Shutting down game provider
D 2021-11-05 00:49:02.589281 [Main] {Main} Shutting down battle.net interface
D 2021-11-05 00:49:03.073301 [Main] {Main} Shutting down callback queue
D 2021-11-05 00:49:03.073350 [WebServer] {Main} Shutting down WebServerImpl
D 2021-11-05 00:49:03.073690 [WebServer] {Main} WebServerImpl is stopped
D 2021-11-05 00:49:03.202426 [DIAG_BNL_Voice] {Main} {d224} debug: Notification client reference removed: 0
