I 2021-11-03 04:25:54.005056 [Main] {Main} Logging started for Battle.net build 2.6.0.13147
I 2021-11-03 04:25:54.005445 [Configuration] {Main} SharedConfigRoot: C:\ProgramData\Battle.net
I 2021-11-03 04:25:54.005714 [Configuration] {Main} RoamingConfigRoot: C:\Users\steve\AppData\Roaming\Battle.net
I 2021-11-03 04:25:54.005725 [Configuration] {Main} LocalConfigRoot: C:\Users\steve\AppData\Local\Battle.net
D 2021-11-03 04:25:54.005906 [Configuration] {Main} Searching for config file: C:\Program Files (x86)\Battle.net\Battle.net.13147\Battle.net.config
D 2021-11-03 04:25:54.005958 [Configuration] {Main} Searching for config file: C:\Program Files (x86)\Battle.net\Battle.net.config
D 2021-11-03 04:25:54.012584 [Configuration] {Main} User Configuration File: C:\Users\steve\AppData\Roaming\Battle.net\Battle.net.config
I 2021-11-03 04:25:54.016878 [Main] {Main} Command line arguments: {[0]=--game=s2_enus, [1]=--gamepath=D:\Battlenet\StarCraft II}
I 2021-11-03 04:25:54.020508 [Main] {Main} Opening IPC shared memory. queueName=User:steve:Battle.net IPC ShMem mode=server
I 2021-11-03 04:25:54.064151 [CommandQueue] {Main} Dispatching Command: register s2_enus D:\Battlenet\StarCraft II   false
I 2021-11-03 04:25:54.108985 [Frontend] {Main} Supplying list of renderers: d3d11,warp,desktop
I 2021-11-03 04:25:54.518571 [LocalizationData] {Main} 21 language(s) loaded from languages.xml, default=enUS
D 2021-11-03 04:25:54.673906 [Main] {Main} Adding application font: resources/fonts/BlizzardReg.ttf
D 2021-11-03 04:25:54.677970 [Main] {Main} Adding application font: resources/fonts/BlizzardLig.ttf
D 2021-11-03 04:25:54.680566 [Main] {Main} Adding application font: resources/fonts/BlizzardBol.ttf
D 2021-11-03 04:25:54.682456 [Main] {Main} Adding application font: resources/fonts/NotoSans-Bold.ttf
D 2021-11-03 04:25:54.695378 [Main] {Main} Adding application font: resources/fonts/NotoSans-BoldItalic.ttf
D 2021-11-03 04:25:54.699748 [Main] {Main} Adding application font: resources/fonts/NotoSans-Italic.ttf
D 2021-11-03 04:25:54.704055 [Main] {Main} Adding application font: resources/fonts/NotoSans-Regular.ttf
D 2021-11-03 04:25:54.709180 [Main] {Main} Adding application font: resources/fonts/ObjectSans-Bold.ttf
D 2021-11-03 04:25:54.711094 [Main] {Main} Adding application font: resources/fonts/ObjectSans-Medium.ttf
D 2021-11-03 04:25:55.536556 [Main] {Main} Setting font to: Blizzard
I 2021-11-03 04:25:55.537434 [CacheManager] {Main} Local storage cache at: C:\Users\steve\AppData\Local\Battle.net\Cache
I 2021-11-03 04:25:55.543189 [Main] {Main} Opened database at: C:\Users\steve\AppData\Local\Battle.net\CachedData.db
D 2021-11-03 04:25:55.545538 [Agent] {Main} PolicyHandler Thread STARTED
D 2021-11-03 04:25:55.545550 [Agent] {Agent} PolicyHandlerThreadProc: I shall in all my best obey you.
I 2021-11-03 04:25:55.601406 [DIAG_BNL_Voice] {Main} Audio device monitor using already-initialized COM
I 2021-11-03 04:25:55.602739 [VoiceSessionBroker] {Main} Global voice is on
I 2021-11-03 04:25:55.603040 [Main] {Main} Execution environment changed. environment=EE_STANDARD
I 2021-11-03 04:25:55.603999 [CatalogManager] {Main} Loaded catalog hash from the database cache. hash=f6aabd2e30ea9624e7960c99efd35b03
I 2021-11-03 04:25:55.604599 [CatalogManager] {Main} Built-in catalog hash (catalog/digesthash.txt): 90e3b05fb9eccb5ddf1b92175febd47a
I 2021-11-03 04:25:55.604744 [CatalogManager] {Main} Built-in catalog hash (catalog/signaturehash.txt): 5823846f81b1a8900de7c99437851ca0
I 2021-11-03 04:25:55.604771 [CatalogLoader] {Main} *** LOAD STARTED default: Context(LocalCAS: f6aabd2e30ea9624e7960c99efd35b03 I) ***
I 2021-11-03 04:25:55.637246 [Agent] {Agent} Agent has different session: 12749391293988140715
I 2021-11-03 04:25:55.637267 [Agent] {Agent} Agent Version is now: 2.25.1.7531 (retail)
D 2021-11-03 04:25:55.957766 [Agent] {Agent} GameResource created for uid: agent
D 2021-11-03 04:25:55.957830 [Agent] {Agent} GameResource created for uid: battle.net
D 2021-11-03 04:25:55.957856 [Agent] {Agent} GameResource created for uid: prometheus
D 2021-11-03 04:25:55.957876 [Agent] {Agent} GameResource created for uid: s2_enus
W 2021-11-03 04:25:56.979606 [FeatureManager] {Main} Feature 'battle.net_http_request_0_c6caed0e' depends on missing feature 'http_test'
E 2021-11-03 04:25:56.979634 [FeatureManager] {Main} Feature 'battle.net_http_request_0_c6caed0e' has dependency errors and will not respond to dependency changes
I 2021-11-03 04:25:56.979668 [FeatureManager] {Main} Moving feature record from active to inactive: whisper_voice
I 2021-11-03 04:25:56.979678 [FeatureManager] {Main} Moving feature record from active to inactive: trace_route
I 2021-11-03 04:25:56.979691 [FeatureManager] {Main} Feature changed: hearthstone_limited_event_57b4aca6=true
I 2021-11-03 04:25:56.979707 [FeatureManager] {Main} Feature changed: fore_limited_alpha_f6824657=true
I 2021-11-03 04:25:56.979719 [FeatureManager] {Main} Feature changed: fore_prepurchase_fore_fef83a73=true
I 2021-11-03 04:25:56.979728 [FeatureManager] {Main} Feature changed: lazarus_show_on_beta_5bbf784c=true
I 2021-11-03 04:25:56.979738 [FeatureManager] {Main} Feature changed: odin_deprecate_event_21bf1dc9=true
I 2021-11-03 04:25:56.979747 [FeatureManager] {Main} Feature changed: odin_show_on_beta_5bbf784c=true
I 2021-11-03 04:25:56.979756 [FeatureManager] {Main} Feature changed: odin_zeus_base_license_3fcdd4b4=true
I 2021-11-03 04:25:56.979766 [FeatureManager] {Main} Feature changed: osi_limited_install_773b93da=true
I 2021-11-03 04:25:56.979775 [FeatureManager] {Main} Feature changed: osi_limited_product_d9fa6516=true
I 2021-11-03 04:25:56.979785 [FeatureManager] {Main} Feature changed: viper_show_on_beta_5bbf784c=true
I 2021-11-03 04:25:56.979796 [FeatureManager] {Main} Feature changed: warcraft_iii_upgrade_05e4b09b=true
I 2021-11-03 04:25:56.979805 [FeatureManager] {Main} Feature changed: wlby_show_on_beta_5bbf784c=true
I 2021-11-03 04:25:56.979816 [FeatureManager] {Main} Feature changed: zeus_refresh_without_license_b63211e4=true
I 2021-11-03 04:25:56.979831 [FeatureManager] {Main} Feature changed: zeus_show_on_beta_5bbf784c=true
I 2021-11-03 04:25:56.988469 [FeatureManager] {Main} Feature changed: http_test=true tags=http_request_0
I 2021-11-03 04:25:56.988491 [FeatureManager] {Main} Feature changed: shop_wish_list=true
I 2021-11-03 04:25:56.988501 [FeatureManager] {Main} Feature changed: activision_auto_account_creation=true
I 2021-11-03 04:25:56.988506 [FeatureManager] {Main} Feature changed: suggested_group_members=true
I 2021-11-03 04:25:56.988511 [FeatureManager] {Main} Feature changed: all_games_v2=true
I 2021-11-03 04:25:56.988516 [FeatureManager] {Main} Feature changed: all_games_new_badge=true
I 2021-11-03 04:25:56.988522 [FeatureManager] {Main} Feature changed: collapsible_social_panel=true
I 2021-11-03 04:25:56.988527 [FeatureManager] {Main} Feature changed: blizzard_profiles=true
I 2021-11-03 04:25:56.988534 [FeatureManager] {Main} Feature changed: clear_chat_history=true
I 2021-11-03 04:25:56.988540 [FeatureManager] {Main} Feature changed: mentions=true
I 2021-11-03 04:25:56.988546 [FeatureManager] {Main} Feature changed: social_tab=true
I 2021-11-03 04:25:56.988550 [FeatureManager] {Main} Feature changed: auto_update_optimization=true
I 2021-11-03 04:25:56.988555 [FeatureManager] {Main} Feature changed: embedded_web_view=true
I 2021-11-03 04:25:56.988560 [FeatureManager] {Main} Feature changed: group_privacy_settings=true
I 2021-11-03 04:25:56.988565 [FeatureManager] {Main} Feature changed: appear_offline=true
I 2021-11-03 04:25:56.988570 [FeatureManager] {Main} Feature changed: refresh_toast=true
I 2021-11-03 04:25:56.988574 [FeatureManager] {Main} Feature changed: app_feedback_dialog=true
I 2021-11-03 04:25:56.988579 [FeatureManager] {Main} Feature changed: browser_main_window=true
I 2021-11-03 04:25:56.988585 [FeatureManager] {Main} Feature changed: chat_giphy=true
I 2021-11-03 04:25:56.988590 [FeatureManager] {Main} Feature changed: content_ui=true
I 2021-11-03 04:25:56.988594 [FeatureManager] {Main} Feature changed: multichats=true
I 2021-11-03 04:25:56.988599 [FeatureManager] {Main} Feature changed: first_time_experience=true
I 2021-11-03 04:25:56.988603 [FeatureManager] {Main} Feature changed: cts_takeovers=true
I 2021-11-03 04:25:56.988607 [FeatureManager] {Main} Feature changed: friend_request_management=true
I 2021-11-03 04:25:56.988612 [FeatureManager] {Main} Feature changed: link_previews=true
I 2021-11-03 04:25:56.988617 [FeatureManager] {Main} Feature changed: sms_protect_requirements=true
I 2021-11-03 04:25:56.988621 [FeatureManager] {Main} Feature changed: friends_list_popout=true
I 2021-11-03 04:25:56.988625 [FeatureManager] {Main} Feature changed: gift_inventory=true
I 2021-11-03 04:25:56.988629 [FeatureManager] {Main} Feature changed: global_legendary_promos=true
I 2021-11-03 04:25:56.988633 [FeatureManager] {Main} Feature changed: refresh_friend_tooltip=true
I 2021-11-03 04:25:56.988640 [FeatureManager] {Main} Feature changed: non_friend_whispers=true
I 2021-11-03 04:25:56.988645 [FeatureManager] {Main} Feature changed: notification_center=true
I 2021-11-03 04:25:56.988649 [FeatureManager] {Main} Feature changed: playscreen_migrate_cms=true
I 2021-11-03 04:25:56.988654 [FeatureManager] {Main} Feature changed: shared_container_installs=true
I 2021-11-03 04:25:56.988658 [FeatureManager] {Main} Feature changed: sc2_account_selection_dialog=true
I 2021-11-03 04:25:56.988663 [FeatureManager] {Main} Feature changed: suggested_facebook_friends=true
I 2021-11-03 04:25:56.988670 [FeatureManager] {Main} Feature changed: whisper_voice=true
I 2021-11-03 04:25:56.988676 [FeatureManager] {Main} Feature changed: battle.net_http_request_0_c6caed0e=true
D 2021-11-03 04:25:56.988764 [Configuration] {Main} Searching for config file: C:\Program Files (x86)\Battle.net\Battle.net.13147\Environments.yaml
D 2021-11-03 04:25:56.988858 [Configuration] {Main} Searching for config file: C:\Program Files (x86)\Battle.net\Environments.yaml
I 2021-11-03 04:25:56.988910 [EnvironmentManager] {Main} Login parameters changed: address=us.actual.battle.net:1119 region=US
D 2021-11-03 04:25:56.999877 [CatalogVarStorage] {Main} Setting var from catalog Client.Shop.SaleNotificationVersion=6
D 2021-11-03 04:25:56.999908 [CatalogVarStorage] {Main} Setting var from catalog Browser.DisableSiteIsolation=true
D 2021-11-03 04:25:56.999916 [CatalogVarStorage] {Main} Setting var from catalog Client.ActivisionAutoAccountCreation.Games=ODIN,ZEUS,FORE
D 2021-11-03 04:25:56.999924 [CatalogVarStorage] {Main} Setting var from catalog Client.Shop.SaleNotificationEnabled=false
D 2021-11-03 04:25:56.999929 [CatalogVarStorage] {Main} Setting var from catalog Client.OwlScreen.LiveCheckIntervalMS=300000
D 2021-11-03 04:25:56.999943 [CatalogVarStorage] {Main} Setting var from catalog Client.Announcements.MaximumAnnouncements=20
D 2021-11-03 04:25:56.999951 [CatalogVarStorage] {Main} Setting var from catalog Client.NewProfileWindowLayout=true
D 2021-11-03 04:25:56.999957 [CatalogVarStorage] {Main} Setting var from catalog Client.PromotedScreenVersion=3
D 2021-11-03 04:25:56.999965 [CatalogVarStorage] {Main} Setting var from catalog Client.Version.BetaAccessOverride=enabled
I 2021-11-03 04:25:56.999972 [VersionManager] {Main} Beta Access: enabled
D 2021-11-03 04:25:56.999977 [CatalogVarStorage] {Main} Setting var from catalog Client.Version.BetaBranchOverride=beta
D 2021-11-03 04:25:56.999985 [CatalogVarStorage] {Main} Setting var from catalog Services.WhisperChannels.InactivityTimeoutMS=0
I 2021-11-03 04:25:57.002606 [CatalogLoader] {Main} *** LOAD COMPLETE default ***
I 2021-11-03 04:25:57.002629 [CatalogManager] {Main} Loaded initial catalog: hash=f6aabd2e30ea9624e7960c99efd35b03
I 2021-11-03 04:25:57.082426 [WebServer] {Backend:0} Listening on port 22885
I 2021-11-03 04:25:57.516649 [Main] {Main} Attempting to fetch WidevineCDM: 1
D 2021-11-03 04:25:57.526352 [UI] {Main} Fixup allowed regions and locales. installedRegion=US allowedRegions= allowedLocales=
I 2021-11-03 04:25:57.526688 [ToastManager] {Main} Toasts are enabled in ClientSettings
D 2021-11-03 04:25:57.532922 [ProductState] {Main} Game product state created: uid=
D 2021-11-03 04:25:57.532961 [ProductState] {Main} InstallState (): currentOperation=Install currentOperationStatus=New
I 2021-11-03 04:25:57.567385 [Main] {Main} Application path is: C:\Program Files (x86)\Battle.net\Battle.net.exe
I 2021-11-03 04:25:57.670604 [ClientServiceAlertMonitor] {Main} Breaking News url has changed. url=https://nydus.battle.net/App/enUS/client/App/alert?targetRegion=US
D 2021-11-03 04:25:57.670838 [RemoteContentCache] {Main} Found cached remote content. url=https://nydus.battle.net/App/enUS/client/App/alert?targetRegion=US
I 2021-11-03 04:25:57.670890 [ClientServiceAlertMonitor] {Main} Maintenance url has changed. url=https://nydus.battle.net/App/enUS/client/App/maintenance?targetRegion=US
D 2021-11-03 04:25:57.671026 [RemoteContentCache] {Main} Found cached remote content. url=https://nydus.battle.net/App/enUS/client/App/maintenance?targetRegion=US
I 2021-11-03 04:25:57.673935 [Frontend] {Main} Public Computer state changed. is_public=false
D 2021-11-03 04:25:57.674060 [Frontend] {Main} Session id changed. session_id=7767698672840521831
D 2021-11-03 04:25:57.674158 [Frontend] {Main} Tracking info changed. client_id=4E3A4618-F0C7-4782-B23B-E90E19E728CE, user_agent=
I 2021-11-03 04:25:57.701905 [HighDpiManager] {Main} High dpi support available changed: 0
I 2021-11-03 04:25:57.701923 [Frontend] {Main} High dpi support: disabled
D 2021-11-03 04:25:57.702437 [Main] {WorkerPool:0} Checking permissions on path: C:\ProgramData\Battle.net\Setup depth=-1
D 2021-11-03 04:25:57.704628 [Main] {WorkerPool:0} Checking permissions on path: C:\ProgramData\Battle.net\Agent depth=1
D 2021-11-03 04:25:57.706920 [Main] {WorkerPool:0} Checking permissions on path: C:\ProgramData\Battle.net\Agent\Agent.6891 depth=1
D 2021-11-03 04:25:57.707166 [Main] {WorkerPool:0} Checking permissions on path: C:\ProgramData\Battle.net\Agent\Agent.7380 depth=1
D 2021-11-03 04:25:57.707572 [Main] {WorkerPool:0} Checking permissions on path: C:\ProgramData\Battle.net\Agent\Agent.7531 depth=1
D 2021-11-03 04:25:57.707998 [Main] {WorkerPool:0} Checking permissions on path: C:\ProgramData\Blizzard Entertainment depth=2
D 2021-11-03 04:25:57.708157 [Frontend] {Main} Session id changed. session_id=12749391293988140715
I 2021-11-03 04:25:57.708322 [FeatureManager] {Main} Feature changed: install_packages=true
I 2021-11-03 04:25:57.708352 [FeatureManager] {Main} Feature changed: modify_install=true
I 2021-11-03 04:25:57.708638 [Agent] {Main} AgentManager is now initialized
I 2021-11-03 04:25:57.708650 [InstallManager] {Main} Install manager is now initialized
D 2021-11-03 04:25:57.708661 [InstallManager] {Main} Selecting best game install data for game battle.net: savedUid=battle.net originalUid=<none> newUid=battle.net
D 2021-11-03 04:25:57.708691 [InstallInfo] {Main} InstallInfo agent association has been changed: uid=battle.net agentUid=battle.net
D 2021-11-03 04:25:57.708712 [InstallManager] {Main} Selecting best game install data for game prometheus: savedUid=prometheus originalUid=<none> newUid=prometheus
D 2021-11-03 04:25:57.708722 [InstallInfo] {Main} InstallInfo agent association has been changed: uid=prometheus agentUid=prometheus
D 2021-11-03 04:25:57.708733 [InstallManager] {Main} Selecting best game install data for game s2: savedUid=s2_enus originalUid=<none> newUid=s2_enus
D 2021-11-03 04:25:57.708739 [InstallInfo] {Main} InstallInfo agent association has been changed: uid=s2 agentUid=s2_enus
D 2021-11-03 04:25:57.708782 [VersionManager] {Main} Branch change from Agent detected. activeBranch= branches={[0]=beta, [1]=cn, [2]=eu, [3]=kr, [4]=sg, [5]=tw, [6]=us}
D 2021-11-03 04:25:57.708818 [VersionManager] {Main} Beta branch is available: true
D 2021-11-03 04:25:57.708874 [ProductState] {Main} Game product state created: uid=prometheus
D 2021-11-03 04:25:57.708947 [ProductState] {Main} InstallState (prometheus): currentOperation=UpToDate currentOperationStatus=Paused installed=1 installPath=D:/Battlenet/Overwatch sharedContainerSubpath=_retail_ playable=1 canCreateShortcut=1 selectedRegion=us activeConfigKey=8c895694ea0d33f5962748eb38ad94b9 regionalVersions=(cn: {playable:true config_key:8c895694ea0d33f5962748eb38ad94b9}, eu: {playable:true config_key:8c895694ea0d33f5962748eb38ad94b9}, kr: {playable:true config_key:8c895694ea0d33f5962748eb38ad94b9}, us: {playable:true config_key:8c895694ea0d33f5962748eb38ad94b9}) localVersion=1.65.1.0.88742 latestVersion=88742 progress=1 currentStage=Complete
D 2021-11-03 04:25:57.709020 [ProductState] {Main} Game product state created: uid=s2
D 2021-11-03 04:25:57.709054 [ProductState] {Main} InstallState (s2): currentOperation=UpToDate currentOperationStatus=Paused installed=1 installPath=D:/Battlenet/StarCraft II playable=1 canCreateShortcut=1 selectedRegion=us activeConfigKey=5b0ac430559437ccd27dfafdfe526c6a regionalVersions=(cn: {playable:true config_key:5b0ac430559437ccd27dfafdfe526c6a}, eu: {playable:true config_key:5b0ac430559437ccd27dfafdfe526c6a}, kr: {playable:true config_key:5b0ac430559437ccd27dfafdfe526c6a}, tw: {playable:true config_key:5b0ac430559437ccd27dfafdfe526c6a}, us: {playable:true config_key:5b0ac430559437ccd27dfafdfe526c6a}) supports_multibox=true localVersion=5.0.8.86383 latestVersion=86383 progress=1 currentStage=Complete
D 2021-11-03 04:25:57.709110 [Agent] {Main} Versioning is now enabled
D 2021-11-03 04:25:57.709125 [Agent] {Main} Triggering game versioning: battle.net
D 2021-11-03 04:25:57.709147 [Agent] {Main} Triggering game versioning: prometheus
D 2021-11-03 04:25:57.709159 [Agent] {Main} Triggering game versioning: s2_enus
D 2021-11-03 04:25:57.719656 [InstallManager] {Main} Command_RegisterGame uid: s2_enus path: D:\Battlenet\StarCraft II productcode:  subfolder:  repairing: false
D 2021-11-03 04:25:57.719702 [InstallManager] {Main} PerformRegisterInstall uid= productCode=* installDir=D:\Battlenet\StarCraft II subfolder= region=US
I 2021-11-03 04:25:57.719781 [CatalogLoader] {Main} *** LOAD STARTED default: Context(LocalCAS: f6aabd2e30ea9624e7960c99efd35b03 I) ***
I 2021-11-03 04:25:58.182388 [FeatureManager] {Main} Moving feature record from active to inactive: overwatch_league_tab
I 2021-11-03 04:25:58.182410 [FeatureManager] {Main} Moving feature record from active to inactive: blizzcon_tab
D 2021-11-03 04:25:58.191816 [CatalogVarStorage] {Main} Setting var from catalog Client.Shop.SaleNotificationVersion=6
D 2021-11-03 04:25:58.191845 [CatalogVarStorage] {Main} Setting var from catalog Browser.DisableSiteIsolation=true
D 2021-11-03 04:25:58.191852 [CatalogVarStorage] {Main} Setting var from catalog Client.ActivisionAutoAccountCreation.Games=ODIN,ZEUS,FORE
D 2021-11-03 04:25:58.191859 [CatalogVarStorage] {Main} Setting var from catalog Client.Shop.SaleNotificationEnabled=false
D 2021-11-03 04:25:58.191865 [CatalogVarStorage] {Main} Setting var from catalog Client.OwlScreen.LiveCheckIntervalMS=300000
D 2021-11-03 04:25:58.191880 [CatalogVarStorage] {Main} Setting var from catalog Client.Announcements.MaximumAnnouncements=20
D 2021-11-03 04:25:58.191887 [CatalogVarStorage] {Main} Setting var from catalog Client.NewProfileWindowLayout=true
D 2021-11-03 04:25:58.191894 [CatalogVarStorage] {Main} Setting var from catalog Client.PromotedScreenVersion=3
D 2021-11-03 04:25:58.191901 [CatalogVarStorage] {Main} Setting var from catalog Client.Version.BetaAccessOverride=enabled
D 2021-11-03 04:25:58.191908 [CatalogVarStorage] {Main} Setting var from catalog Client.Version.BetaBranchOverride=beta
D 2021-11-03 04:25:58.191915 [CatalogVarStorage] {Main} Setting var from catalog Services.WhisperChannels.InactivityTimeoutMS=0
D 2021-11-03 04:25:58.191922 [CatalogVarStorage] {Main} Setting var from catalog Services.HTTPClient.ConnectionTimeoutMS=0
I 2021-11-03 04:25:58.194386 [CatalogLoader] {Main} *** LOAD COMPLETE default ***
I 2021-11-03 04:25:58.201612 [Main] {Main} Connecting to server. address=us.actual.battle.net port=1119
D 2021-11-03 04:25:58.404355 [ClientServiceAlertMonitor] {Main} Service alert monitor force update requested
D 2021-11-03 04:25:58.404376 [ClientServiceAlertMonitor] {Main} Breaking News update requested
D 2021-11-03 04:25:58.404381 [ClientServiceAlertMonitor] {Main} Maintenance update requested
D 2021-11-03 04:25:58.591878 [InstallManager] {Main} Game finished versioning prometheus
I 2021-11-03 04:25:58.593003 [Main] {Main} Cached WidevineCDM is up-to-date: 4.10.2209.1
D 2021-11-03 04:25:58.593067 [InstallManager] {Main} Registration complete for agentUid=s2_enus and region=us
I 2021-11-03 04:25:58.593190 [CacheManager] {Main} CacheManager is now initialized
I 2021-11-03 04:25:58.593225 [TactVersionWatcher] {Main} Fetched new tact metadata. productCode=catalogs region=us branch=PUB-29 version=2035 seq=184 buildConfig=c1fad7004112ca804672a2c5e7fb824b
I 2021-11-03 04:25:58.721629 [DIAG_BuildConfig] {Main} no 'encoding' key in build configuration 'c1fad7004112ca804672a2c5e7fb824b', selecting plain-data mode
I 2021-11-03 04:25:58.721696 [CatalogLoader] {Main} *** LOAD STARTED default: Context(RemoteCAS: cefeaae67d6b5f7d8417a7e3b87c8473|tpr/catalogs/data) ***
I 2021-11-03 04:25:58.726324 [GameSessionList] {Agent} Reporting process: TrackingInfo(uid=battle.net, type=game, opStatus=On, reqId=0, running=1, oldRunning=0)
I 2021-11-03 04:25:58.731434 [InstallManager] {Main} Setting Process Running: true uid=battle.net binaryType=game any=true
D 2021-11-03 04:25:58.731491 [InstallInfo] {Main} Operation status changed: opType=Execute oldStatus=Off newStatus=On agentUid=battle.net
D 2021-11-03 04:25:58.831027 [InstallManager] {Main} Game finished versioning s2_enus
D 2021-11-03 04:25:58.831076 [InstallManager] {Main} Game finished versioning s2_enus
D 2021-11-03 04:25:58.978162 [ProductManager] {Main} Product modified: FORE ProductChangeFlags(install_disabled_message,region_permission_flags)
D 2021-11-03 04:25:58.978263 [ProductManager] {Main} Products updated
D 2021-11-03 04:25:58.978865 [CatalogVarStorage] {Main} Setting var from catalog Client.Shop.SaleNotificationVersion=6
D 2021-11-03 04:25:58.978880 [CatalogVarStorage] {Main} Setting var from catalog Browser.DisableSiteIsolation=true
D 2021-11-03 04:25:58.978892 [CatalogVarStorage] {Main} Setting var from catalog Client.ActivisionAutoAccountCreation.Games=ODIN,ZEUS,FORE
D 2021-11-03 04:25:58.978898 [CatalogVarStorage] {Main} Setting var from catalog Client.Shop.SaleNotificationEnabled=false
D 2021-11-03 04:25:58.978904 [CatalogVarStorage] {Main} Setting var from catalog Client.OwlScreen.LiveCheckIntervalMS=300000
D 2021-11-03 04:25:58.978917 [CatalogVarStorage] {Main} Setting var from catalog Client.Announcements.MaximumAnnouncements=20
D 2021-11-03 04:25:58.978924 [CatalogVarStorage] {Main} Setting var from catalog Client.NewProfileWindowLayout=true
D 2021-11-03 04:25:58.978931 [CatalogVarStorage] {Main} Setting var from catalog Client.PromotedScreenVersion=3
D 2021-11-03 04:25:58.978939 [CatalogVarStorage] {Main} Setting var from catalog Client.Version.BetaAccessOverride=enabled
D 2021-11-03 04:25:58.978947 [CatalogVarStorage] {Main} Setting var from catalog Client.Version.BetaBranchOverride=beta
D 2021-11-03 04:25:58.978958 [CatalogVarStorage] {Main} Setting var from catalog Services.WhisperChannels.InactivityTimeoutMS=0
D 2021-11-03 04:25:58.978967 [CatalogVarStorage] {Main} Setting var from catalog Services.HTTPClient.ConnectionTimeoutMS=0
I 2021-11-03 04:25:58.987077 [CatalogLoader] {Main} *** LOAD COMPLETE default ***
D 2021-11-03 04:25:59.442171 [LoginController] {Main} Login_QueueUpdate (position=1,clientWaitTime=00:00:00.537459,skipLoginQueueUi=true)
D 2021-11-03 04:25:59.461863 [InstallManager] {Main} Game finished versioning battle.net
I 2021-11-03 04:25:59.654359 [GSAccountProvider] {Main} Login triggered. entityId=1:0:126e7264
I 2021-11-03 04:25:59.654396 [GSStateTracker] {Main} State changed to: WaitingForAccountState
I 2021-11-03 04:25:59.654439 [AccountManager] {Main} Account manager state has changed to: Loading
I 2021-11-03 04:25:59.656280 [Main] {Main} Opened database at: C:\Users\steve\AppData\Local\Battle.net\Account\309228132\account.db
D 2021-11-03 04:25:59.658627 [GSAccountProvider] {Main} Querying account level info for account: 1:0:126e7264
D 2021-11-03 04:25:59.658680 [GSAccountProvider] {Main} Querying parental control info for account: 1:0:126e7264
D 2021-11-03 04:25:59.658708 [GSAccountProvider] {Main} Querying game accounts for region: US
D 2021-11-03 04:25:59.658734 [GSAccountProvider] {Main} Querying game accounts for region: EU
D 2021-11-03 04:25:59.658742 [GSAccountProvider] {Main} Querying game accounts for region: KR
D 2021-11-03 04:25:59.658748 [GSAccountProvider] {Main} Querying game accounts for region: SG
D 2021-11-03 04:25:59.658754 [GSAccountProvider] {Main} Querying game accounts for region: XX
D 2021-11-03 04:25:59.658762 [GSAccountProvider] {Main} Querying game accounts for region: GLOBAL
D 2021-11-03 04:25:59.658769 [GSAccountProvider] {Main} Querying parental control info for account: 1:0:126e7264
D 2021-11-03 04:25:59.658850 [GSAccountProvider] {Main} Querying program level information for program: OSI
D 2021-11-03 04:25:59.658866 [GSAccountProvider] {Main} Querying program level information for program: Fen
D 2021-11-03 04:25:59.658875 [GSAccountProvider] {Main} Querying program level information for program: D3
D 2021-11-03 04:25:59.658883 [GSAccountProvider] {Main} Querying program level information for program: S2
D 2021-11-03 04:25:59.658893 [GSAccountProvider] {Main} Querying program level information for program: S1
D 2021-11-03 04:25:59.658901 [GSAccountProvider] {Main} Querying program level information for program: FORE
D 2021-11-03 04:25:59.658910 [GSAccountProvider] {Main} Querying program level information for program: W3
D 2021-11-03 04:25:59.658921 [GSAccountProvider] {Main} Querying program level information for program: WoW
D 2021-11-03 04:25:59.658931 [GSAccountProvider] {Main} Querying program level information for program: Pro
D 2021-11-03 04:25:59.658940 [GSAccountProvider] {Main} Querying program level information for program: Hero
D 2021-11-03 04:25:59.658948 [GSAccountProvider] {Main} Querying program level information for program: D3CN
D 2021-11-03 04:25:59.658968 [GSAccountProvider] {Main} Querying program level information for program: AUKS
D 2021-11-03 04:25:59.658978 [GSAccountProvider] {Main} Querying program level information for program: LAZR
D 2021-11-03 04:25:59.658989 [GSAccountProvider] {Main} Querying program level information for program: ODIN
D 2021-11-03 04:25:59.658997 [GSAccountProvider] {Main} Querying program level information for program: RTRO
D 2021-11-03 04:25:59.659006 [GSAccountProvider] {Main} Querying program level information for program: VIPR
D 2021-11-03 04:25:59.659021 [GSAccountProvider] {Main} Querying program level information for program: WLBY
D 2021-11-03 04:25:59.659030 [GSAccountProvider] {Main} Querying program level information for program: WTCG
D 2021-11-03 04:25:59.659037 [GSAccountProvider] {Main} Querying program level information for program: ZEUS
D 2021-11-03 04:25:59.674811 [GSAccountProvider] {Main} Received AccountLevelInfo for account. entityId=1:0:126e7264 accountLevelInfo=|licenses:|id=274|id=384|id=10107|id=10431|id=16332|id=17854|id=20195|id=24636|id=26931|id=36376|id=36377|id=53797|:licenses|default_currency=5591876|country=USA|preferred_region=1|account_paid_any=1
I 2021-11-03 04:25:59.674916 [AccountManager] {Main} Account site region code changed: US
I 2021-11-03 04:25:59.674926 [AccountManager] {Main} Account country changed: USA
D 2021-11-03 04:25:59.674975 [GSAccountProvider] {Main} Parental control info for account (1:0:126e7264) resulted in cache miss.
D 2021-11-03 04:25:59.675041 [GSAccountProvider] {Main} Querying game level information for entity: (Game: US-DST2-168118293)
D 2021-11-03 04:25:59.675074 [GSAccountProvider] {Main} Querying game time info for entity Id: (Game: US-DST2-168118293)
D 2021-11-03 04:25:59.675124 [GSAccountProvider] {Main} Querying program level information for program: DST2
D 2021-11-03 04:25:59.675167 [GSAccountProvider] {Main} Querying game level information for entity: (Game: US-Hero-61078631)
D 2021-11-03 04:25:59.675197 [GSAccountProvider] {Main} Querying game time info for entity Id: (Game: US-Hero-61078631)
D 2021-11-03 04:25:59.675232 [GSAccountProvider] {Main} Querying game level information for entity: (Game: US-Pro-118039079)
D 2021-11-03 04:25:59.675255 [GSAccountProvider] {Main} Querying game time info for entity Id: (Game: US-Pro-118039079)
D 2021-11-03 04:25:59.675278 [GSAccountProvider] {Main} Querying game level information for entity: (Game: US-S1-511902745)
D 2021-11-03 04:25:59.675287 [GSAccountProvider] {Main} Querying game time info for entity Id: (Game: US-S1-511902745)
D 2021-11-03 04:25:59.675301 [GSAccountProvider] {Main} Querying game level information for entity: (Game: US-S2-142430010)
D 2021-11-03 04:25:59.675309 [GSAccountProvider] {Main} Querying game time info for entity Id: (Game: US-S2-142430010)
D 2021-11-03 04:25:59.675321 [GSAccountProvider] {Main} Querying game level information for entity: (Game: US-WTCG-50416411)
D 2021-11-03 04:25:59.675329 [GSAccountProvider] {Main} Querying game time info for entity Id: (Game: US-WTCG-50416411)
D 2021-11-03 04:25:59.675337 [GSAccountProvider] {Main} Received 6 game accounts from region 'US'
D 2021-11-03 04:25:59.675345 [GSAccountProvider] {Main} Game account list for region 'EU' resulted in cache miss.
I 2021-11-03 04:25:59.675354 [GSStateTracker] {Main} State changed to: Loading
D 2021-11-03 04:25:59.675360 [GSAccountProvider] {Main} Game account list for region 'KR' resulted in cache miss.
D 2021-11-03 04:25:59.675366 [GSAccountProvider] {Main} Game account list for region 'SG' resulted in cache miss.
D 2021-11-03 04:25:59.675378 [GSAccountProvider] {Main} Querying game level information for entity: (Game: XX-Hero-29793536)
D 2021-11-03 04:25:59.675386 [GSAccountProvider] {Main} Querying game time info for entity Id: (Game: XX-Hero-29793536)
D 2021-11-03 04:25:59.675394 [GSAccountProvider] {Main} Received 1 game accounts from region 'XX'
D 2021-11-03 04:25:59.675402 [GSAccountProvider] {Main} Game account list for region 'GLOBAL' resulted in cache miss.
D 2021-11-03 04:25:59.675407 [GSAccountProvider] {Main} Parental control info for account (1:0:126e7264) resulted in cache miss.
D 2021-11-03 04:25:59.675429 [GSAccountProvider] {Main} Received program level info. programId=OSI programLevelInfo=|program=5198665
D 2021-11-03 04:25:59.675457 [GSAccountProvider] {Main} Received program level info. programId=Fen programLevelInfo=|program=4613486
D 2021-11-03 04:25:59.675467 [GSAccountProvider] {Main} Received program level info. programId=D3 programLevelInfo=|program=17459
D 2021-11-03 04:25:59.675475 [GSAccountProvider] {Main} Received program level info. programId=S2 programLevelInfo=|program=21298|licenses:|id=17854|:licenses|licenses:|id=24636|:licenses|licenses:|id=53797|:licenses
D 2021-11-03 04:25:59.675505 [GSAccountProvider] {Main} Received program level info. programId=S1 programLevelInfo=|program=21297
D 2021-11-03 04:25:59.675536 [GSAccountProvider] {Main} Received program level info. programId=FORE programLevelInfo=|program=1179603525
D 2021-11-03 04:25:59.675551 [GSAccountProvider] {Main} Received program level info. programId=W3 programLevelInfo=|program=22323
D 2021-11-03 04:25:59.675569 [GSAccountProvider] {Main} Received program level info. programId=WoW programLevelInfo=|program=5730135|licenses:|id=274|:licenses
D 2021-11-03 04:25:59.675595 [GSAccountProvider] {Main} Received program level info. programId=Pro programLevelInfo=|is_lifetime=1|program=5272175|licenses:|id=16332|:licenses
D 2021-11-03 04:25:59.675623 [GSAccountProvider] {Main} Received program level info. programId=Hero programLevelInfo=|is_beta=1|program=1214607983|licenses:|id=10107|:licenses|licenses:|id=10431|:licenses
D 2021-11-03 04:25:59.675641 [GSAccountProvider] {Main} Cache miss for program level info. programId=D3CN
D 2021-11-03 04:25:59.675647 [GSAccountProvider] {Main} Received program level info. programId=AUKS programLevelInfo=|program=1096108883
D 2021-11-03 04:25:59.675655 [GSAccountProvider] {Main} Received program level info. programId=LAZR programLevelInfo=|program=1279351378
D 2021-11-03 04:25:59.675663 [GSAccountProvider] {Main} Received program level info. programId=ODIN programLevelInfo=|program=1329875278
D 2021-11-03 04:25:59.675670 [GSAccountProvider] {Main} Received program level info. programId=RTRO programLevelInfo=|program=1381257807
D 2021-11-03 04:25:59.675677 [GSAccountProvider] {Main} Received program level info. programId=VIPR programLevelInfo=|is_lifetime=1|program=1447645266|licenses:|id=26931|:licenses|licenses:|id=36376|:licenses|licenses:|id=36377|:licenses
D 2021-11-03 04:25:59.675692 [GSAccountProvider] {Main} Received program level info. programId=WLBY programLevelInfo=|program=1464615513
D 2021-11-03 04:25:59.675700 [GSAccountProvider] {Main} Received program level info. programId=WTCG programLevelInfo=|program=1465140039
D 2021-11-03 04:25:59.675710 [GSAccountProvider] {Main} Received program level info. programId=ZEUS programLevelInfo=|program=1514493267
D 2021-11-03 04:25:59.681190 [GSAccountProvider] {Main} Received GameLevelInfo: (Game: US-DST2-168118293) info=|name="DST21"|program=1146311730|realm_permissions=1
D 2021-11-03 04:25:59.681284 [GSAccountProvider] {Main} Received GameTimeInfo: (Game: US-DST2-168118293) info=
D 2021-11-03 04:25:59.681314 [GSAccountProvider] {Main} Cache miss for program level info. programId=DST2
D 2021-11-03 04:25:59.681324 [GSAccountProvider] {Main} Received GameLevelInfo: (Game: US-Hero-61078631) info=|name="Hero1"|program=1214607983|realm_permissions=1
D 2021-11-03 04:25:59.681339 [GSAccountProvider] {Main} Received GameTimeInfo: (Game: US-Hero-61078631) info=
D 2021-11-03 04:25:59.681348 [GSAccountProvider] {Main} Received GameLevelInfo: (Game: US-Pro-118039079) info=|name="Pro1"|program=5272175|realm_permissions=1|last_logout_time_ms=1633547340000
D 2021-11-03 04:25:59.681375 [GSAccountProvider] {Main} Received GameTimeInfo: (Game: US-Pro-118039079) info=
D 2021-11-03 04:25:59.681384 [GSAccountProvider] {Main} Received GameLevelInfo: (Game: US-S1-511902745) info=|name="S11"|program=21297|realm_permissions=1|last_logout_time_ms=1615692040000
D 2021-11-03 04:25:59.681399 [GSAccountProvider] {Main} Received GameTimeInfo: (Game: US-S1-511902745) info=
D 2021-11-03 04:25:59.681407 [GSAccountProvider] {Main} Received GameLevelInfo: (Game: US-S2-142430010) info=|is_trial=0|is_restricted=0|name="S21"|program=21298|realm_permissions=1|last_logout_time_ms=1633399997000
D 2021-11-03 04:25:59.681426 [GSAccountProvider] {Main} Received GameTimeInfo: (Game: US-S2-142430010) info=
D 2021-11-03 04:25:59.681437 [GSAccountProvider] {Main} Received GameLevelInfo: (Game: US-WTCG-50416411) info=|name="WTCG1"|program=1465140039|realm_permissions=1
D 2021-11-03 04:25:59.681449 [GSAccountProvider] {Main} Received GameTimeInfo: (Game: US-WTCG-50416411) info=
D 2021-11-03 04:25:59.681457 [GSAccountProvider] {Main} Received GameLevelInfo: (Game: XX-Hero-29793536) info=|name="Hero1"|program=1214607983|realm_permissions=1
D 2021-11-03 04:25:59.681470 [GSAccountProvider] {Main} Received GameTimeInfo: (Game: XX-Hero-29793536) info=
D 2021-11-03 04:25:59.840765 [GSAccountProvider] {Main} Subscription has been activated. entityId=(BNet: 1:0:126e7264)
D 2021-11-03 04:25:59.840789 [GSAccountProvider] {Main} Querying game accounts for region: EU
D 2021-11-03 04:25:59.840797 [GSAccountProvider] {Main} Querying game accounts for region: KR
D 2021-11-03 04:25:59.840820 [GSAccountProvider] {Main} Querying game accounts for region: SG
D 2021-11-03 04:25:59.840824 [GSAccountProvider] {Main} Querying game accounts for region: GLOBAL
D 2021-11-03 04:25:59.840837 [GSAccountProvider] {Main} Subscription has been activated. entityId=(Game: XX-Hero-29793536)
D 2021-11-03 04:25:59.840847 [GSAccountProvider] {Main} Subscription has been activated. entityId=(Game: US-S2-142430010)
D 2021-11-03 04:25:59.840854 [GSAccountProvider] {Main} Subscription has been activated. entityId=(Game: US-WTCG-50416411)
D 2021-11-03 04:25:59.840859 [GSAccountProvider] {Main} Subscription has been activated. entityId=(Game: US-Hero-61078631)
D 2021-11-03 04:25:59.840889 [GSAccountProvider] {Main} Subscription has been activated. entityId=(Game: US-Pro-118039079)
D 2021-11-03 04:25:59.840897 [GSAccountProvider] {Main} Received GameTimeRemainingInfo: (Game: US-S2-142430010) info=
D 2021-11-03 04:25:59.840904 [GSAccountProvider] {Main} Received GameTimeRemainingInfo: (Game: US-WTCG-50416411) info=
D 2021-11-03 04:25:59.840909 [GSAccountProvider] {Main} Subscription has been activated. entityId=(Game: US-DST2-168118293)
D 2021-11-03 04:25:59.840914 [GSAccountProvider] {Main} Subscription has been activated. entityId=(Game: US-S1-511902745)
D 2021-11-03 04:25:59.851643 [GSAccountProvider] {Main} Region 'EU' has no game accounts.
D 2021-11-03 04:25:59.851670 [GSAccountProvider] {Main} Region 'KR' has no game accounts.
D 2021-11-03 04:25:59.851674 [GSAccountProvider] {Main} Region 'SG' has no game accounts.
D 2021-11-03 04:25:59.851678 [GSAccountProvider] {Main} Region 'GLOBAL' has no game accounts.
I 2021-11-03 04:25:59.851702 [GSStateTracker] {Main} All region requests have been completed!
I 2021-11-03 04:25:59.851707 [GSStateTracker] {Main} State changed to: WaitingForEntitlements
D 2021-11-03 04:25:59.851742 [GSAccountProvider] {Main} Completed initial load.
D 2021-11-03 04:25:59.851747 [GSAccountProvider] {Main} Querying game status for program id: D3
D 2021-11-03 04:25:59.851756 [GSAccountProvider] {Main} Querying game status for program id: S1
D 2021-11-03 04:25:59.851761 [GSAccountProvider] {Main} Querying game status for program id: S2
D 2021-11-03 04:25:59.851782 [GSAccountProvider] {Main} Querying game status for program id: W3
D 2021-11-03 04:25:59.851786 [GSAccountProvider] {Main} Querying game status for program id: Fen
D 2021-11-03 04:25:59.851790 [GSAccountProvider] {Main} Querying game status for program id: OSI
D 2021-11-03 04:25:59.851795 [GSAccountProvider] {Main} Querying game status for program id: Pro
D 2021-11-03 04:25:59.851799 [GSAccountProvider] {Main} Querying game status for program id: AUKS
D 2021-11-03 04:25:59.851805 [GSAccountProvider] {Main} Querying game status for program id: D3CN
D 2021-11-03 04:25:59.851809 [GSAccountProvider] {Main} Querying game status for program id: DST2
D 2021-11-03 04:25:59.851813 [GSAccountProvider] {Main} Querying game status for program id: FORE
D 2021-11-03 04:25:59.851817 [GSAccountProvider] {Main} Querying game status for program id: Hero
D 2021-11-03 04:25:59.851821 [GSAccountProvider] {Main} Querying game status for program id: LAZR
D 2021-11-03 04:25:59.851825 [GSAccountProvider] {Main} Querying game status for program id: ODIN
D 2021-11-03 04:25:59.851829 [GSAccountProvider] {Main} Querying game status for program id: RTRO
D 2021-11-03 04:25:59.851835 [GSAccountProvider] {Main} Querying game status for program id: VIPR
D 2021-11-03 04:25:59.851839 [GSAccountProvider] {Main} Querying game status for program id: WLBY
D 2021-11-03 04:25:59.851843 [GSAccountProvider] {Main} Querying game status for program id: WTCG
D 2021-11-03 04:25:59.851847 [GSAccountProvider] {Main} Querying game status for program id: ZEUS
I 2021-11-03 04:25:59.861646 [GSStateTracker] {Main} State changed to: Ready
I 2021-11-03 04:25:59.861688 [GSAccountProvider] {Main} Loaded accounts: 17
I 2021-11-03 04:25:59.861716 [GSAccountProvider] {Main} [S2-S2:retail]
I 2021-11-03 04:25:59.861722 [GSAccountProvider] {Main} [OSI-OSI:beta]
I 2021-11-03 04:25:59.861725 [GSAccountProvider] {Main} [S2-S2:ptr]
I 2021-11-03 04:25:59.861728 [GSAccountProvider] {Main} [Pro-Pro:ptr]
I 2021-11-03 04:25:59.861732 [GSAccountProvider] {Main} [S1-S1:retail]
I 2021-11-03 04:25:59.861737 [GSAccountProvider] {Main} [FORE-FORE:beta]
I 2021-11-03 04:25:59.861757 [GSAccountProvider] {Main} [S1-S1:ptr]
I 2021-11-03 04:25:59.861760 [GSAccountProvider] {Main} [Pro-Pro:ow_worldcup_viewer]
I 2021-11-03 04:25:59.861764 [GSAccountProvider] {Main} [Pro-Pro:retail]
I 2021-11-03 04:25:59.861767 [GSAccountProvider] {Main} [Hero-Hero:retail]
I 2021-11-03 04:25:59.861771 [GSAccountProvider] {Main} [Pro-Pro:ow_tournament_viewer_1]
I 2021-11-03 04:25:59.861775 [GSAccountProvider] {Main} [WTCG-WTCG:retail]
I 2021-11-03 04:25:59.861778 [GSAccountProvider] {Main} [Pro-Pro:ow_tournament_viewer_2]
I 2021-11-03 04:25:59.861781 [GSAccountProvider] {Main} [Hero-Hero:ptr]
I 2021-11-03 04:25:59.861784 [GSAccountProvider] {Main} [ODIN-ODIN_MW:beta]
I 2021-11-03 04:25:59.861789 [GSAccountProvider] {Main} [VIPR-VIPR:retail]
I 2021-11-03 04:25:59.861792 [GSAccountProvider] {Main} [ZEUS-ZEUS:beta]
I 2021-11-03 04:25:59.861796 [AccountManager] {Main} Account manager state has changed to: Ready
I 2021-11-03 04:25:59.861859 [GameProvider] {Main} Beginning GameProvider initialization.
D 2021-11-03 04:25:59.861888 [GameProvider] {Main} Inserting new unbound entity because no suitable match was found. uniqueId=Hero_retail
D 2021-11-03 04:25:59.862008 [GameProvider] {Main} Inserting new unbound entity because no suitable match was found. uniqueId=AUKS_retail
D 2021-11-03 04:25:59.862115 [GameProvider] {Main} Inserting new unbound entity because no suitable match was found. uniqueId=D3_retail
D 2021-11-03 04:25:59.862242 [GameProvider] {Main} Inserting new unbound entity because no suitable match was found. uniqueId=D3CN_retail
D 2021-11-03 04:25:59.862359 [GameProvider] {Main} Inserting new unbound entity because no suitable match was found. uniqueId=FORE_retail
D 2021-11-03 04:25:59.862499 [GameProvider] {Main} Inserting new unbound entity because no suitable match was found. uniqueId=Fen_retail
D 2021-11-03 04:25:59.862621 [GameProvider] {Main} Inserting new unbound entity because no suitable match was found. uniqueId=OSI_retail
D 2021-11-03 04:25:59.862720 [GameProvider] {Main} Inserting new unbound entity because no suitable match was found. uniqueId=LAZR_retail
D 2021-11-03 04:25:59.862822 [GameProvider] {Main} Inserting new unbound entity because no suitable match was found. uniqueId=ODIN_retail
D 2021-11-03 04:25:59.862925 [GameProvider] {Main} Inserting new unbound entity because no suitable match was found. uniqueId=Pro_retail
D 2021-11-03 04:25:59.862953 [GameProvider] {Main} Inserting new unbound entity because no suitable match was found. uniqueId=RTRO_retail
D 2021-11-03 04:25:59.863040 [GameProvider] {Main} Inserting new unbound entity because no suitable match was found. uniqueId=S1_retail
D 2021-11-03 04:25:59.863142 [GameProvider] {Main} Inserting new unbound entity because no suitable match was found. uniqueId=S2_retail
D 2021-11-03 04:25:59.863157 [GameProvider] {Main} Inserting new unbound entity because no suitable match was found. uniqueId=VIPR_retail
D 2021-11-03 04:25:59.863267 [GameProvider] {Main} Inserting new unbound entity because no suitable match was found. uniqueId=W3_retail
D 2021-11-03 04:25:59.863399 [GameProvider] {Main} Inserting new unbound entity because no suitable match was found. uniqueId=WLBY_retail
D 2021-11-03 04:25:59.863534 [GameProvider] {Main} Inserting new unbound entity because no suitable match was found. uniqueId=WTCG_retail
D 2021-11-03 04:25:59.863654 [GameProvider] {Main} Inserting new unbound entity because no suitable match was found. uniqueId=WoW_retail
D 2021-11-03 04:25:59.863772 [GameProvider] {Main} Tried to insert an unbound entity with no uid. productCode=WoWC_wow_classic
D 2021-11-03 04:25:59.863789 [GameProvider] {Main} Inserting new unbound entity because no suitable match was found. uniqueId=ZEUS_retail
D 2021-11-03 04:25:59.864038 [GameProvider] {Main} Tried to insert an unbound entity that already exists. productCode=Pro_retail bound=0
D 2021-11-03 04:25:59.864064 [GameProvider] {Main} Tried to insert an unbound entity that already exists. productCode=S2_retail bound=0
D 2021-11-03 04:25:59.864110 [GameProvider] {Main} Binding account info to available unbound entity. productCode=S2_retail accountInfo=[S2-S2:retail]
I 2021-11-03 04:25:59.864126 [GameProvider] {Main} Inserting new bound entity because no suitable match was found. accountInfo=[OSI-OSI:beta] productId=OSI productType=beta
I 2021-11-03 04:25:59.864234 [GameProvider] {Main} Inserting new bound entity because no suitable match was found. accountInfo=[S2-S2:ptr] productId=S2 productType=ptr
I 2021-11-03 04:25:59.864386 [GameProvider] {Main} Inserting new bound entity because no suitable match was found. accountInfo=[Pro-Pro:ptr] productId=Pro productType=ptr
D 2021-11-03 04:25:59.864550 [GameProvider] {Main} Binding account info to available unbound entity. productCode=S1_retail accountInfo=[S1-S1:retail]
I 2021-11-03 04:25:59.864613 [GameProvider] {Main} Inserting new bound entity because no suitable match was found. accountInfo=[FORE-FORE:beta] productId=FORE productType=beta
I 2021-11-03 04:25:59.864752 [GameProvider] {Main} Inserting new bound entity because no suitable match was found. accountInfo=[S1-S1:ptr] productId=S1 productType=ptr
I 2021-11-03 04:25:59.864892 [GameProvider] {Main} Inserting new bound entity because no suitable match was found. accountInfo=[Pro-Pro:ow_worldcup_viewer] productId=Pro productType=ow_worldcup_viewer
D 2021-11-03 04:25:59.865024 [GameProvider] {Main} Binding account info to available unbound entity. productCode=Pro_retail accountInfo=[Pro-Pro:retail]
D 2021-11-03 04:25:59.865056 [GameProvider] {Main} Binding account info to available unbound entity. productCode=Hero_retail accountInfo=[Hero-Hero:retail]
I 2021-11-03 04:25:59.865103 [GameProvider] {Main} Inserting new bound entity because no suitable match was found. accountInfo=[Pro-Pro:ow_tournament_viewer_1] productId=Pro productType=ow_tournament_viewer_1
D 2021-11-03 04:25:59.865255 [GameProvider] {Main} Binding account info to available unbound entity. productCode=WTCG_retail accountInfo=[WTCG-WTCG:retail]
I 2021-11-03 04:25:59.865346 [GameProvider] {Main} Inserting new bound entity because no suitable match was found. accountInfo=[Pro-Pro:ow_tournament_viewer_2] productId=Pro productType=ow_tournament_viewer_2
I 2021-11-03 04:25:59.865488 [GameProvider] {Main} Inserting new bound entity because no suitable match was found. accountInfo=[Hero-Hero:ptr] productId=Hero productType=ptr
I 2021-11-03 04:25:59.865591 [GameProvider] {Main} Inserting new bound entity because no suitable match was found. accountInfo=[ODIN-ODIN_MW:beta] productId=ODIN_MW productType=beta
D 2021-11-03 04:25:59.865702 [GameProvider] {Main} Binding account info to available unbound entity. productCode=VIPR_retail accountInfo=[VIPR-VIPR:retail]
I 2021-11-03 04:25:59.865729 [GameProvider] {Main} Inserting new bound entity because no suitable match was found. accountInfo=[ZEUS-ZEUS:beta] productId=ZEUS productType=beta
I 2021-11-03 04:25:59.865793 [GameProvider] {Main} Game provider is now initialized
I 2021-11-03 04:25:59.865967 [InstallFlow] {Main} FlowController is now initialized
I 2021-11-03 04:25:59.866014 [GameController] {Main} Beginning GameController initialization
D 2021-11-03 04:25:59.866089 [GameController] {Main} Game Family Added: id=FORE visible=0
D 2021-11-03 04:25:59.866175 [ProductState] {Main} Game product state created: uid=fore
D 2021-11-03 04:25:59.866201 [ProductState] {Main} InstallState (fore): currentOperation=Install currentOperationStatus=New
I 2021-11-03 04:25:59.866279 [GameController] {Main} GameAccount added to family: family=FORE account=GameAccount(FORE:retail region=US unbound)
D 2021-11-03 04:25:59.866310 [GameController] {Main} Adding product state reference. uid=fore refCount=0
D 2021-11-03 04:25:59.866398 [GameController] {Main} Visibility Changed. family=FORE visible=1
D 2021-11-03 04:25:59.866936 [GameController] {Main} Game Family Added: id=S1 visible=0
D 2021-11-03 04:25:59.867040 [ProductState] {Main} Game product state created: uid=s1
D 2021-11-03 04:25:59.867057 [ProductState] {Main} InstallState (s1): currentOperation=Install currentOperationStatus=New
I 2021-11-03 04:25:59.867112 [GameController] {Main} GameAccount added to family: family=S1 account=GameAccount(S1:retail region=US)
D 2021-11-03 04:25:59.867135 [GameController] {Main} Adding product state reference. uid=s1 refCount=0
D 2021-11-03 04:25:59.867177 [GameController] {Main} Visibility Changed. family=S1 visible=1
D 2021-11-03 04:25:59.867926 [GameController] {Main} Game Family Added: id=AUKS visible=0
D 2021-11-03 04:25:59.868116 [ProductState] {Main} Game product state created: uid=auks
D 2021-11-03 04:25:59.868148 [ProductState] {Main} InstallState (auks): currentOperation=Install currentOperationStatus=New
I 2021-11-03 04:25:59.868232 [GameController] {Main} GameAccount added to family: family=AUKS account=GameAccount(AUKS:retail region=US unbound hidden)
D 2021-11-03 04:25:59.868267 [GameController] {Main} Adding product state reference. uid=auks refCount=0
D 2021-11-03 04:25:59.868784 [GameController] {Main} Game Family Added: id=RTRO visible=0
D 2021-11-03 04:25:59.868854 [ProductState] {Main} Game product state created: uid=rtro
D 2021-11-03 04:25:59.868882 [ProductState] {Main} InstallState (rtro): currentOperation=Install currentOperationStatus=New
I 2021-11-03 04:25:59.868943 [GameController] {Main} GameAccount added to family: family=RTRO account=GameAccount(RTRO:retail region=US unbound)
D 2021-11-03 04:25:59.868977 [GameController] {Main} Adding product state reference. uid=rtro refCount=0
D 2021-11-03 04:25:59.869033 [GameController] {Main} Visibility Changed. family=RTRO visible=1
D 2021-11-03 04:25:59.869481 [GameController] {Main} Game Family Added: id=Hero visible=0
D 2021-11-03 04:25:59.869531 [ProductState] {Main} Game product state created: uid=heroes
D 2021-11-03 04:25:59.869548 [ProductState] {Main} InstallState (heroes): currentOperation=Install currentOperationStatus=New
I 2021-11-03 04:25:59.869606 [GameController] {Main} GameAccount added to family: family=Hero account=GameAccount(Hero:retail region=US)
D 2021-11-03 04:25:59.869643 [GameController] {Main} Adding product state reference. uid=heroes refCount=0
D 2021-11-03 04:25:59.869681 [GameController] {Main} Visibility Changed. family=Hero visible=1
D 2021-11-03 04:25:59.870139 [GameController] {Main} Game Family Added: id=D3 visible=0
D 2021-11-03 04:25:59.870198 [ProductState] {Main} Game product state created: uid=diablo3
D 2021-11-03 04:25:59.870211 [ProductState] {Main} InstallState (diablo3): currentOperation=Install currentOperationStatus=New
I 2021-11-03 04:25:59.870268 [GameController] {Main} GameAccount added to family: family=D3 account=GameAccount(D3:retail region=US unbound)
D 2021-11-03 04:25:59.870308 [GameController] {Main} Adding product state reference. uid=diablo3 refCount=0
D 2021-11-03 04:25:59.870343 [GameController] {Main} Visibility Changed. family=D3 visible=1
D 2021-11-03 04:25:59.870843 [GameController] {Main} Game Family Added: id=ODIN visible=0
D 2021-11-03 04:25:59.870903 [ProductState] {Main} Game product state created: uid=odin
D 2021-11-03 04:25:59.870915 [ProductState] {Main} InstallState (odin): currentOperation=Install currentOperationStatus=New
I 2021-11-03 04:25:59.870971 [GameController] {Main} GameAccount added to family: family=ODIN account=GameAccount(ODIN:retail region=US unbound)
D 2021-11-03 04:25:59.871008 [GameController] {Main} Adding product state reference. uid=odin refCount=0
D 2021-11-03 04:25:59.871043 [GameController] {Main} Visibility Changed. family=ODIN visible=1
D 2021-11-03 04:25:59.871513 [GameController] {Main} Game Family Added: id=Fen visible=0
D 2021-11-03 04:25:59.871569 [ProductState] {Main} Game product state created: uid=fenris
D 2021-11-03 04:25:59.871581 [ProductState] {Main} InstallState (fenris): currentOperation=Install currentOperationStatus=New
I 2021-11-03 04:25:59.871636 [GameController] {Main} GameAccount added to family: family=Fen account=GameAccount(Fen:retail region=US unbound hidden)
D 2021-11-03 04:25:59.871672 [GameController] {Main} Adding product state reference. uid=fenris refCount=0
D 2021-11-03 04:25:59.872123 [GameController] {Main} Game Family Added: id=S2 visible=0
I 2021-11-03 04:25:59.872169 [GameController] {Main} GameAccount added to family: family=S2 account=GameAccount(S2:retail region=US)
D 2021-11-03 04:25:59.872183 [GameController] {Main} Adding product state reference. uid=s2 refCount=0
D 2021-11-03 04:25:59.872210 [GameController] {Main} Visibility Changed. family=S2 visible=1
D 2021-11-03 04:25:59.872732 [GameController] {Main} Game Family Added: id=D3CN visible=0
D 2021-11-03 04:25:59.872781 [ProductState] {Main} Game product state created: uid=d3cn
D 2021-11-03 04:25:59.872798 [ProductState] {Main} InstallState (d3cn): currentOperation=Install currentOperationStatus=New
I 2021-11-03 04:25:59.872832 [GameController] {Main} GameAccount added to family: family=D3CN account=GameAccount(D3CN:retail region=<none> unbound hidden)
D 2021-11-03 04:25:59.872859 [GameController] {Main} Adding product state reference. uid=d3cn refCount=0
D 2021-11-03 04:25:59.873297 [GameController] {Main} Game Family Added: id=OSI visible=0
D 2021-11-03 04:25:59.873369 [ProductState] {Main} Game product state created: uid=osi
D 2021-11-03 04:25:59.873407 [ProductState] {Main} InstallState (osi): currentOperation=Install currentOperationStatus=New
I 2021-11-03 04:25:59.873457 [GameController] {Main} GameAccount added to family: family=OSI account=GameAccount(OSI:retail region=US unbound)
D 2021-11-03 04:25:59.873502 [GameController] {Main} Adding product state reference. uid=osi refCount=0
D 2021-11-03 04:25:59.873534 [GameController] {Main} Visibility Changed. family=OSI visible=1
D 2021-11-03 04:25:59.873994 [GameController] {Main} Game Family Added: id=LAZR visible=0
D 2021-11-03 04:25:59.874031 [ProductState] {Main} Game product state created: uid=lazarus
D 2021-11-03 04:25:59.874041 [ProductState] {Main} InstallState (lazarus): currentOperation=Install currentOperationStatus=New
I 2021-11-03 04:25:59.874079 [GameController] {Main} GameAccount added to family: family=LAZR account=GameAccount(LAZR:retail region=US unbound)
D 2021-11-03 04:25:59.874095 [GameController] {Main} Adding product state reference. uid=lazarus refCount=0
D 2021-11-03 04:25:59.874127 [GameController] {Main} Visibility Changed. family=LAZR visible=1
D 2021-11-03 04:25:59.874613 [GameController] {Main} Game Family Added: id=Pro visible=0
I 2021-11-03 04:25:59.874766 [GameController] {Main} GameAccount added to family: family=Pro account=GameAccount(Pro:retail region=US)
D 2021-11-03 04:25:59.874785 [GameController] {Main} Adding product state reference. uid=prometheus refCount=0
D 2021-11-03 04:25:59.874816 [GameController] {Main} Visibility Changed. family=Pro visible=1
D 2021-11-03 04:25:59.875219 [GameController] {Main} Game Family Added: id=VIPR visible=0
D 2021-11-03 04:25:59.875258 [ProductState] {Main} Game product state created: uid=viper
D 2021-11-03 04:25:59.875268 [ProductState] {Main} InstallState (viper): currentOperation=Install currentOperationStatus=New
I 2021-11-03 04:25:59.875305 [GameController] {Main} GameAccount added to family: family=VIPR account=GameAccount(VIPR:retail region=US)
D 2021-11-03 04:25:59.875321 [GameController] {Main} Adding product state reference. uid=viper refCount=0
D 2021-11-03 04:25:59.875353 [GameController] {Main} Visibility Changed. family=VIPR visible=1
D 2021-11-03 04:25:59.875884 [GameController] {Main} Game Family Added: id=W3 visible=0
D 2021-11-03 04:25:59.875936 [ProductState] {Main} Game product state created: uid=w3
D 2021-11-03 04:25:59.875964 [ProductState] {Main} InstallState (w3): currentOperation=Install currentOperationStatus=New
I 2021-11-03 04:25:59.876041 [GameController] {Main} GameAccount added to family: family=W3 account=GameAccount(W3:retail region=US unbound)
D 2021-11-03 04:25:59.876091 [GameController] {Main} Adding product state reference. uid=w3 refCount=0
D 2021-11-03 04:25:59.876131 [GameController] {Main} Visibility Changed. family=W3 visible=1
D 2021-11-03 04:25:59.876602 [GameController] {Main} Game Family Added: id=WLBY visible=0
D 2021-11-03 04:25:59.876659 [ProductState] {Main} Game product state created: uid=wlby
D 2021-11-03 04:25:59.876672 [ProductState] {Main} InstallState (wlby): currentOperation=Install currentOperationStatus=New
I 2021-11-03 04:25:59.876709 [GameController] {Main} GameAccount added to family: family=WLBY account=GameAccount(WLBY:retail region=US unbound)
D 2021-11-03 04:25:59.876725 [GameController] {Main} Adding product state reference. uid=wlby refCount=0
D 2021-11-03 04:25:59.876762 [GameController] {Main} Visibility Changed. family=WLBY visible=1
D 2021-11-03 04:25:59.877177 [ProductState] {Main} Game product state created: uid=fore_beta
D 2021-11-03 04:25:59.877189 [ProductState] {Main} InstallState (fore_beta): currentOperation=Install currentOperationStatus=New
I 2021-11-03 04:25:59.877244 [GameController] {Main} GameAccount added to family: family=FORE account=GameAccount(FORE:beta region=US hidden)
D 2021-11-03 04:25:59.877260 [GameController] {Main} Adding product state reference. uid=fore_beta refCount=0
D 2021-11-03 04:25:59.877696 [GameController] {Main} Game Family Added: id=WTCG visible=0
D 2021-11-03 04:25:59.877743 [ProductState] {Main} Game product state created: uid=hs_beta
D 2021-11-03 04:25:59.877755 [ProductState] {Main} InstallState (hs_beta): currentOperation=Install currentOperationStatus=New
I 2021-11-03 04:25:59.877807 [GameController] {Main} GameAccount added to family: family=WTCG account=GameAccount(WTCG:retail region=US)
D 2021-11-03 04:25:59.877826 [GameController] {Main} Adding product state reference. uid=hs_beta refCount=0
D 2021-11-03 04:25:59.877860 [GameController] {Main} Visibility Changed. family=WTCG visible=1
D 2021-11-03 04:25:59.878294 [GameController] {Main} Game Family Added: id=WoW visible=0
D 2021-11-03 04:25:59.878334 [ProductState] {Main} Game product state created: uid=wow
D 2021-11-03 04:25:59.878347 [ProductState] {Main} InstallState (wow): currentOperation=Install currentOperationStatus=New
I 2021-11-03 04:25:59.878391 [GameController] {Main} GameAccount added to family: family=WoW account=GameAccount(WoW:retail region=US unbound)
D 2021-11-03 04:25:59.878408 [GameController] {Main} Adding product state reference. uid=wow refCount=0
D 2021-11-03 04:25:59.878467 [GameController] {Main} Visibility Changed. family=WoW visible=1
D 2021-11-03 04:25:59.878887 [GameController] {Main} Game Family Added: id=ZEUS visible=0
D 2021-11-03 04:25:59.878937 [ProductState] {Main} Game product state created: uid=zeus
D 2021-11-03 04:25:59.878959 [ProductState] {Main} InstallState (zeus): currentOperation=Install currentOperationStatus=New
I 2021-11-03 04:25:59.878995 [GameController] {Main} GameAccount added to family: family=ZEUS account=GameAccount(ZEUS:retail region=US unbound)
D 2021-11-03 04:25:59.879010 [GameController] {Main} Adding product state reference. uid=zeus refCount=0
D 2021-11-03 04:25:59.879044 [GameController] {Main} Visibility Changed. family=ZEUS visible=1
D 2021-11-03 04:25:59.879461 [ProductState] {Main} Game product state created: uid=osi_beta
D 2021-11-03 04:25:59.879474 [ProductState] {Main} InstallState (osi_beta): currentOperation=Install currentOperationStatus=New
I 2021-11-03 04:25:59.879522 [GameController] {Main} GameAccount added to family: family=OSI account=GameAccount(OSI:beta region=US hidden)
D 2021-11-03 04:25:59.879536 [GameController] {Main} Adding product state reference. uid=osi_beta refCount=0
D 2021-11-03 04:25:59.880048 [ProductState] {Main} Game product state created: uid=s2_ptr
D 2021-11-03 04:25:59.880064 [ProductState] {Main} InstallState (s2_ptr): currentOperation=Install currentOperationStatus=New
I 2021-11-03 04:25:59.880103 [GameController] {Main} GameAccount added to family: family=S2 account=GameAccount(S2:ptr region=XX)
D 2021-11-03 04:25:59.880122 [GameController] {Main} Adding product state reference. uid=s2_ptr refCount=0
D 2021-11-03 04:25:59.880683 [ProductState] {Main} Game product state created: uid=prometheus_test
D 2021-11-03 04:25:59.880701 [ProductState] {Main} InstallState (prometheus_test): currentOperation=Install currentOperationStatus=New
I 2021-11-03 04:25:59.880770 [GameController] {Main} GameAccount added to family: family=Pro account=GameAccount(Pro:ptr region=XX)
D 2021-11-03 04:25:59.880791 [GameController] {Main} Adding product state reference. uid=prometheus_test refCount=0
D 2021-11-03 04:25:59.881250 [ProductState] {Main} Game product state created: uid=s1_ptr
D 2021-11-03 04:25:59.881262 [ProductState] {Main} InstallState (s1_ptr): currentOperation=Install currentOperationStatus=New
I 2021-11-03 04:25:59.881296 [GameController] {Main} GameAccount added to family: family=S1 account=GameAccount(S1:ptr region=XX)
D 2021-11-03 04:25:59.881313 [GameController] {Main} Adding product state reference. uid=s1_ptr refCount=0
D 2021-11-03 04:25:59.881778 [ProductState] {Main} Game product state created: uid=prometheus_viewer
D 2021-11-03 04:25:59.881793 [ProductState] {Main} InstallState (prometheus_viewer): currentOperation=Install currentOperationStatus=New
I 2021-11-03 04:25:59.881861 [GameController] {Main} GameAccount added to family: family=Pro account=GameAccount(Pro:ow_worldcup_viewer region=US hidden)
D 2021-11-03 04:25:59.881879 [GameController] {Main} Adding product state reference. uid=prometheus_viewer refCount=0
D 2021-11-03 04:25:59.882348 [ProductState] {Main} Game product state created: uid=prometheus_tournament_viewer
D 2021-11-03 04:25:59.882366 [ProductState] {Main} InstallState (prometheus_tournament_viewer): currentOperation=Install currentOperationStatus=New
I 2021-11-03 04:25:59.882422 [GameController] {Main} GameAccount added to family: family=Pro account=GameAccount(Pro:ow_tournament_viewer_1 region=US)
D 2021-11-03 04:25:59.882484 [GameController] {Main} Adding product state reference. uid=prometheus_tournament_viewer refCount=0
D 2021-11-03 04:25:59.883299 [ProductState] {Main} Game product state created: uid=prometheus_tournament_viewer_2
D 2021-11-03 04:25:59.883319 [ProductState] {Main} InstallState (prometheus_tournament_viewer_2): currentOperation=Install currentOperationStatus=New
I 2021-11-03 04:25:59.883367 [GameController] {Main} GameAccount added to family: family=Pro account=GameAccount(Pro:ow_tournament_viewer_2 region=US)
D 2021-11-03 04:25:59.883395 [GameController] {Main} Adding product state reference. uid=prometheus_tournament_viewer_2 refCount=0
D 2021-11-03 04:25:59.883899 [ProductState] {Main} Game product state created: uid=heroes_ptr
D 2021-11-03 04:25:59.883912 [ProductState] {Main} InstallState (heroes_ptr): currentOperation=Install currentOperationStatus=New
I 2021-11-03 04:25:59.883947 [GameController] {Main} GameAccount added to family: family=Hero account=GameAccount(Hero:ptr region=XX)
D 2021-11-03 04:25:59.883968 [GameController] {Main} Adding product state reference. uid=heroes_ptr refCount=0
D 2021-11-03 04:25:59.884451 [ProductState] {Main} Game product state created: uid=odin_beta
D 2021-11-03 04:25:59.884482 [ProductState] {Main} InstallState (odin_beta): currentOperation=Install currentOperationStatus=New
I 2021-11-03 04:25:59.884555 [GameController] {Main} GameAccount added to family: family=ODIN account=GameAccount(ODIN:beta region=US hidden)
D 2021-11-03 04:25:59.884586 [GameController] {Main} Adding product state reference. uid=odin_beta refCount=0
D 2021-11-03 04:25:59.885037 [ProductState] {Main} Game product state created: uid=zeus_beta
D 2021-11-03 04:25:59.885049 [ProductState] {Main} InstallState (zeus_beta): currentOperation=Install currentOperationStatus=New
I 2021-11-03 04:25:59.885096 [GameController] {Main} GameAccount added to family: family=ZEUS account=GameAccount(ZEUS:beta region=US hidden)
D 2021-11-03 04:25:59.885111 [GameController] {Main} Adding product state reference. uid=zeus_beta refCount=0
I 2021-11-03 04:25:59.895884 [GameController] {Main} Setting default selections for game controller
D 2021-11-03 04:25:59.895938 [GameController] {Main} Picked default selection by type for product group: LAZR account=GameAccount(LAZR:retail region=US unbound)
D 2021-11-03 04:25:59.898176 [GameController] {Main} New selection for product group LAZR: account=GameAccount(LAZR:retail region=US unbound) selectedItem=Call of Duty: MW2 Campaign Remastered
D 2021-11-03 04:25:59.898480 [RemoteContentCache] {Main} Found cached remote content. url=https://nydus.battle.net/App/enUS/client/lazr/alert?targetRegion=US
D 2021-11-03 04:25:59.898529 [GameController] {Main} Picked default selection by type for product group: D3CN account=GameAccount(null)
D 2021-11-03 04:25:59.898542 [GameController] {Main} Picked default selection by type for product group: VIPR account=GameAccount(VIPR:retail region=US)
D 2021-11-03 04:25:59.899804 [GameController] {Main} New selection for product group VIPR: account=GameAccount(VIPR:retail region=US) selectedItem=Call of Duty: Black Ops 4
D 2021-11-03 04:25:59.899973 [RemoteContentCache] {Main} Found cached remote content. url=https://nydus.battle.net/App/enUS/client/VIPR/alert?targetRegion=US
D 2021-11-03 04:25:59.900021 [GameController] {Main} Picked default selection by type for product group: WoW account=GameAccount(WoW:retail region=US unbound)
D 2021-11-03 04:25:59.900990 [GameController] {Main} New selection for product group WoW: account=GameAccount(WoW:retail region=US unbound) selectedItem=World of Warcraft
D 2021-11-03 04:25:59.901150 [RemoteContentCache] {Main} Found cached remote content. url=https://nydus.battle.net/App/enUS/client/WoW/alert?targetRegion=US
D 2021-11-03 04:25:59.901198 [GameController] {Main} Picked default selection by type for product group: W3 account=GameAccount(W3:retail region=US unbound)
D 2021-11-03 04:25:59.902230 [GameController] {Main} New selection for product group W3: account=GameAccount(W3:retail region=US unbound) selectedItem=Warcraft III
D 2021-11-03 04:25:59.902417 [RemoteContentCache] {Main} Found cached remote content. url=https://nydus.battle.net/App/enUS/client/war3r/alert?targetRegion=US
D 2021-11-03 04:25:59.902478 [GameController] {Main} Picked default selection by type for product group: FORE account=GameAccount(FORE:retail region=US unbound)
D 2021-11-03 04:25:59.903434 [GameController] {Main} Selected region change: GameAccount(FORE:retail region=US unbound)
D 2021-11-03 04:25:59.903448 [GameController] {Main} Region changed for selected game account: GameAccount(FORE:retail region=US unbound)
D 2021-11-03 04:25:59.903463 [GameController] {Main} New selection for product group FORE: account=GameAccount(FORE:retail region=US unbound) selectedItem=Call of Duty: Vanguard
D 2021-11-03 04:25:59.903479 [GameController] {Main} Picked default selection by type for product group: WTCG account=GameAccount(WTCG:retail region=US)
D 2021-11-03 04:25:59.904475 [GameController] {Main} New selection for product group WTCG: account=GameAccount(WTCG:retail region=US) selectedItem=Hearthstone
D 2021-11-03 04:25:59.904654 [RemoteContentCache] {Main} Found cached remote content. url=https://nydus.battle.net/App/enUS/client/WTCG/alert?targetRegion=US
D 2021-11-03 04:25:59.904701 [GameController] {Main} Picked default selection by type for product group: Hero account=GameAccount(Hero:retail region=US)
D 2021-11-03 04:25:59.905835 [GameController] {Main} New selection for product group Hero: account=GameAccount(Hero:retail region=US) selectedItem=Heroes of the Storm
D 2021-11-03 04:25:59.905992 [RemoteContentCache] {Main} Found cached remote content. url=https://nydus.battle.net/App/enUS/client/Hero/alert?targetRegion=US
D 2021-11-03 04:25:59.906037 [GameController] {Main} Picked default selection by type for product group: S2 account=GameAccount(S2:retail region=US)
D 2021-11-03 04:25:59.907119 [GameController] {Main} New selection for product group S2: account=GameAccount(S2:retail region=US) selectedItem=StarCraft II
D 2021-11-03 04:25:59.907272 [RemoteContentCache] {Main} Found cached remote content. url=https://nydus.battle.net/App/enUS/client/S2/alert?targetRegion=US
D 2021-11-03 04:25:59.907321 [GameController] {Main} Picked default selection by type for product group: D3 account=GameAccount(D3:retail region=US unbound)
D 2021-11-03 04:25:59.908296 [GameController] {Main} New selection for product group D3: account=GameAccount(D3:retail region=US unbound) selectedItem=Diablo III
D 2021-11-03 04:25:59.908568 [RemoteContentCache] {Main} Found cached remote content. url=https://nydus.battle.net/App/enUS/client/D3/alert?targetRegion=US
D 2021-11-03 04:25:59.908632 [GameController] {Main} Picked default selection by type for product group: RTRO account=GameAccount(RTRO:retail region=US unbound)
D 2021-11-03 04:25:59.909846 [GameController] {Main} Selected region change: GameAccount(RTRO:retail region=US unbound)
D 2021-11-03 04:25:59.909862 [GameController] {Main} Region changed for selected game account: GameAccount(RTRO:retail region=US unbound)
D 2021-11-03 04:25:59.910031 [GameController] {Main} New selection for product group RTRO: account=GameAccount(RTRO:retail region=US unbound) selectedItem=Blizzard Arcade Collection
D 2021-11-03 04:25:59.910086 [GameController] {Main} Picked default selection by type for product group: Pro account=GameAccount(Pro:retail region=US)
D 2021-11-03 04:25:59.911510 [GameController] {Main} New selection for product group Pro: account=GameAccount(Pro:retail region=US) selectedItem=Overwatch
D 2021-11-03 04:25:59.911667 [RemoteContentCache] {Main} Found cached remote content. url=https://nydus.battle.net/App/enUS/client/overwatch/alert?targetRegion=US
D 2021-11-03 04:25:59.911691 [GameController] {Main} Picked default selection by type for product group: WLBY account=GameAccount(WLBY:retail region=US unbound)
D 2021-11-03 04:25:59.912680 [GameController] {Main} New selection for product group WLBY: account=GameAccount(WLBY:retail region=US unbound) selectedItem=Crash Bandicoot 4: It's About Time
D 2021-11-03 04:25:59.912853 [GameController] {Main} Picked default selection by type for product group: ODIN account=GameAccount(ODIN:retail region=US unbound)
D 2021-11-03 04:25:59.914622 [GameController] {Main} New selection for product group ODIN: account=GameAccount(ODIN:retail region=US unbound) selectedItem=Call of Duty: Warzone
D 2021-11-03 04:25:59.915102 [RemoteContentCache] {Main} Found cached remote content. url=https://nydus.battle.net/App/enUS/client/odin/alert?targetRegion=US
D 2021-11-03 04:25:59.915178 [GameController] {Main} Picked default selection by type for product group: OSI account=GameAccount(OSI:retail region=US unbound)
D 2021-11-03 04:25:59.916621 [GameController] {Main} Selected region change: GameAccount(OSI:retail region=US unbound)
D 2021-11-03 04:25:59.916641 [GameController] {Main} Region changed for selected game account: GameAccount(OSI:retail region=US unbound)
D 2021-11-03 04:25:59.916900 [GameController] {Main} New selection for product group OSI: account=GameAccount(OSI:retail region=US unbound) selectedItem=Diablo II: Resurrected
D 2021-11-03 04:25:59.916953 [GameController] {Main} Picked default selection by type for product group: ZEUS account=GameAccount(ZEUS:retail region=US unbound)
D 2021-11-03 04:25:59.917966 [GameController] {Main} Selected region change: GameAccount(ZEUS:retail region=US unbound)
D 2021-11-03 04:25:59.917980 [GameController] {Main} Region changed for selected game account: GameAccount(ZEUS:retail region=US unbound)
D 2021-11-03 04:25:59.918147 [GameController] {Main} New selection for product group ZEUS: account=GameAccount(ZEUS:retail region=US unbound) selectedItem=Call of Duty: Black Ops Cold War
D 2021-11-03 04:25:59.918196 [GameController] {Main} Picked default selection by type for product group: S1 account=GameAccount(S1:retail region=US)
D 2021-11-03 04:25:59.919468 [GameController] {Main} New selection for product group S1: account=GameAccount(S1:retail region=US) selectedItem=StarCraft
D 2021-11-03 04:25:59.919641 [RemoteContentCache] {Main} Found cached remote content. url=https://nydus.battle.net/App/enUS/client/S1/alert?targetRegion=US
D 2021-11-03 04:25:59.919709 [GameController] {Main} Picked default selection by type for product group: AUKS account=GameAccount(null)
D 2021-11-03 04:25:59.919760 [GameController] {Main} Picked default selection by type for product group: Fen account=GameAccount(null)
D 2021-11-03 04:25:59.919865 [GameController] {Main} Selecting game family by id: Pro
D 2021-11-03 04:25:59.919877 [GameController] {Main} Active family set to: Pro
D 2021-11-03 04:25:59.925899 [GameController] {Main} Active product set to: Pro_retail
I 2021-11-03 04:25:59.930002 [GameController] {Main} GameController initialization complete
D 2021-11-03 04:25:59.931293 [GSAccountProvider] {Main} Completed final load.
D 2021-11-03 04:26:00.001269 [GSAccountProvider] {Main} Received GameTimeRemainingInfo: (Game: US-DST2-168118293) info=
D 2021-11-03 04:26:00.001312 [GSAccountProvider] {Main} Received GameTimeRemainingInfo: (Game: US-Pro-118039079) info=
D 2021-11-03 04:26:00.001318 [GSAccountProvider] {Main} Received GameTimeRemainingInfo: (Game: US-Hero-61078631) info=
D 2021-11-03 04:26:00.001324 [GSAccountProvider] {Main} Received GameTimeRemainingInfo: (Game: US-S1-511902745) info=
D 2021-11-03 04:26:00.456438 [BAPIGateway] {Main} API request: https://us.api.blizzard.com/content-api/v1/layoutTemplates/blt478cfc6c41578ddb/layout?cxpProductId=blt90855744d00cd378
I 2021-11-03 04:26:00.489032 [GameController] {Main} Selecting game by uid. uid=s2 prioritizeUpdate=1
D 2021-11-03 04:26:00.489096 [GameController] {Main} Active family set to: S2
D 2021-11-03 04:26:00.491640 [GameController] {Main} Active product set to: S2_retail
I 2021-11-03 04:26:00.494701 [GameController] {Main} Prioritize Update: uid=s2
I 2021-11-03 04:26:00.494734 [ScreenController] {Main} Changing screen to: Games
I 2021-11-03 04:26:00.498563 [StartupGameSearch] {Main} Skipping automated search for unregistered games
W 2021-11-03 04:26:00.498599 [InstallManager] {Main} Skipping search for unregistered games.
I 2021-11-03 04:26:00.498609 [InstallManager] {Main} Searching for unregistered games finished.
I 2021-11-03 04:26:00.498651 [StartupGameSearch] {Main} Completed automated search for unregistered games
I 2021-11-03 04:26:00.498802 [InstallFlow] {Main} No longer waiting for game registration search to complete.
D 2021-11-03 04:26:00.503019 [InventoryController] {Main} Updating inventory
D 2021-11-03 04:26:00.503128 [InventoryController] {Main} GetInventoryInfo request
D 2021-11-03 04:26:00.503206 [BAPIGateway] {Main} API request: https://us.api.blizzard.com/AccountInventoryService/v1/GetNewInventoryItemCount
I 2021-11-03 04:26:00.506601 [Clubs] {Main} Subscribing to club membership.
I 2021-11-03 04:26:00.506716 [ChannelV2] {Main} Subscribing to channelv2 membership service. |agentId=|id=101128130|program=4288624|region=1
I 2021-11-03 04:26:00.506786 [BNLogin] {Main} Logged into Battle.net successfully. |bnet=1:0:126e7264|game=2:100417070:60717c2
I 2021-11-03 04:26:00.850973 [ChannelV2] {Main} ChannelV2 membership subscription created.
D 2021-11-03 04:26:00.870973 [BAPIGateway] {Main} API response: OK content={"error":null,"newCount":0,"totalCount":0}
D 2021-11-03 04:26:00.871012 [InventoryController] {Main} Inventory changed, new: 0 total: 0
I 2021-11-03 04:26:00.920750 [Clubs] {Main} Club membership subscription created: |accountId=|id=309228132
D 2021-11-03 04:26:01.001560 [BAPIGateway] {Main} API response: OK content={"layoutId":"blt9fc836ef855c7669","sections":[],"context":{"locale":"en-us","cxpProductId":"blt90855744d00cd378","layoutTemplateId":"blt478cfc6c41578ddb","region":"North America","includeFeed":false}}
I 2021-11-03 04:26:01.835223 [GameSessionList] {Agent} Reporting process: TrackingInfo(uid=battle.net, type=game, opStatus=On, reqId=0, running=4, oldRunning=1)
I 2021-11-03 04:26:01.841520 [InstallManager] {Main} Setting Process Running: true uid=battle.net binaryType=game any=true
E 2021-11-03 04:26:01.891308 [BNSocialNetwork] {Main} Error response for BGS Facebook friend list. error=ERROR_SOCIAL_NETWORK_NO_ACCOUNT_DATA (9005)
I 2021-11-03 04:26:03.244792 [BrowserClientHandler] {} Creating new auth request for url. frameId=17179869188 requestId=2181139255 url=https://us.battle.net/login/en/?ref=https://oauth.battle.net/oauth/authorize?optLogin%3Dtrue%26optSso%3Dtrue%26response_type%3Dcode%26redirect_uri%3Dhttps%253A%252F%252Fcontent-ui.battle.net%252Fauth%252Fbnet%252Fcallback%26scope%3Dcts%253Aread%26client_id%3D7551465a10ef43838bb8aa1c8bbe1a4d&app=oauth&opt&optSso
D 2021-11-03 04:26:03.245736 [BrowserClientHandler] {} Deferring url request for auth. frameId=17179869188 requestId=2181139255 url=https://us.battle.net/login/en/?ref=https://oauth.battle.net/oauth/authorize?optLogin%3Dtrue%26optSso%3Dtrue%26response_type%3Dcode%26redirect_uri%3Dhttps%253A%252F%252Fcontent-ui.battle.net%252Fauth%252Fbnet%252Fcallback%26scope%3Dcts%253Aread%26client_id%3D7551465a10ef43838bb8aa1c8bbe1a4d&app=oauth&opt&optSso
D 2021-11-03 04:26:03.411865 [BrowserClientHandler] {Main} Auth complete, resuming deferred request. frameId=17179869188 requestId=2181139255 url=https://us.battle.net/login/en/?ref=https://oauth.battle.net/oauth/authorize?optLogin%3Dtrue%26optSso%3Dtrue%26response_type%3Dcode%26redirect_uri%3Dhttps%253A%252F%252Fcontent-ui.battle.net%252Fauth%252Fbnet%252Fcallback%26scope%3Dcts%253Aread%26client_id%3D7551465a10ef43838bb8aa1c8bbe1a4d&app=oauth&opt&optSso
D 2021-11-03 04:26:44.884503 [GameController] {Main} Selecting game family by id: S2
I 2021-11-03 04:26:44.890934 [GameController] {Main} LaunchBinary: uid=s2 selectedRegion=US binaryType=game
D 2021-11-03 04:26:44.896843 [InstallInfo] {Main} Operation status changed: opType=Execute oldStatus=Off newStatus=Pending agentUid=s2_enus
D 2021-11-03 04:26:44.896919 [ProductState] {Main} InstallState (s2): GameLaunching=1
I 2021-11-03 04:26:45.109273 [InstallManager] {Main} Game launch options: programId=S2 GAME_ACCOUNT= REGION=US LOCALE=enUS LOCALE_AUDIO=enUS LAUNCH_64BIT=1
I 2021-11-03 04:26:45.109674 [InstallManager] {Main} Game launch options: programId=S2 ACCOUNT=(hidden) ACCOUNT_TS=1635913605
I 2021-11-03 04:26:45.390646 [InstallManager] {Main} Launched D:/Battlenet/StarCraft II/Support64/SC2Switcher_x64.exe with args: -sso=1 -launch -uid s2_enus, pid: 33508
I 2021-11-03 04:26:50.053534 [GameSessionList] {Agent} Reporting process: TrackingInfo(uid=s2_enus, type=game, opStatus=On, reqId=0, running=1, oldRunning=0)
I 2021-11-03 04:26:50.061652 [InstallManager] {Main} Setting Process Running: true uid=s2_enus binaryType=game any=true
D 2021-11-03 04:26:50.061703 [InstallInfo] {Main} Operation status changed: opType=Execute oldStatus=Pending newStatus=On agentUid=s2_enus
D 2021-11-03 04:26:50.061726 [InstallManager] {Main} Game is running: s2
I 2021-11-03 04:26:50.062545 [GameController] {Main} Game is now running with game launch behavior set to exit.
D 2021-11-03 04:26:50.062670 [ProductState] {Main} InstallState (s2): gameRunning=1 isGameProcessRunning=1 GameLaunching=0
D 2021-11-03 04:26:50.609706 [GameController] {Main} Shutting down GameController
I 2021-11-03 04:26:50.609824 [GameController] {Main} Deleting GameFamily: , # of game accounts:0
I 2021-11-03 04:26:50.609869 [GameController] {Main} Deleting GameFamily: D3CN, # of game accounts:1
I 2021-11-03 04:26:50.609914 [GameController] {Main} Deleting GameFamily: AUKS, # of game accounts:1
I 2021-11-03 04:26:50.609968 [GameController] {Main} Deleting GameFamily: Fen, # of game accounts:1
D 2021-11-03 04:26:50.610066 [ProductState] {Main} Game product state destroyed: uid=
D 2021-11-03 04:26:50.610115 [ProductState] {Main} Game product state destroyed: uid=auks
D 2021-11-03 04:26:50.610153 [ProductState] {Main} Game product state destroyed: uid=fenris
D 2021-11-03 04:26:50.610182 [ProductState] {Main} Game product state destroyed: uid=d3cn
I 2021-11-03 04:26:50.610314 [GameController] {Main} Deleting GameFamily: OSI, # of game accounts:2
D 2021-11-03 04:26:50.610354 [ProductState] {Main} Game product state destroyed: uid=osi_beta
D 2021-11-03 04:26:50.610402 [ProductState] {Main} Game product state destroyed: uid=osi
I 2021-11-03 04:26:50.610449 [GameController] {Main} Deleting GameFamily: S2, # of game accounts:2
D 2021-11-03 04:26:50.610494 [ProductState] {Main} Game product state destroyed: uid=s2_ptr
D 2021-11-03 04:26:50.610532 [ProductState] {Main} Game product state destroyed: uid=s2
I 2021-11-03 04:26:50.610577 [GameController] {Main} Deleting GameFamily: RTRO, # of game accounts:1
D 2021-11-03 04:26:50.610615 [ProductState] {Main} Game product state destroyed: uid=rtro
I 2021-11-03 04:26:50.610658 [GameController] {Main} Deleting GameFamily: WoW, # of game accounts:1
D 2021-11-03 04:26:50.610710 [ProductState] {Main} Game product state destroyed: uid=wow
I 2021-11-03 04:26:50.610755 [GameController] {Main} Deleting GameFamily: D3, # of game accounts:1
D 2021-11-03 04:26:50.610802 [ProductState] {Main} Game product state destroyed: uid=diablo3
I 2021-11-03 04:26:50.610849 [GameController] {Main} Deleting GameFamily: WTCG, # of game accounts:1
D 2021-11-03 04:26:50.610900 [ProductState] {Main} Game product state destroyed: uid=hs_beta
I 2021-11-03 04:26:50.610948 [GameController] {Main} Deleting GameFamily: Hero, # of game accounts:2
D 2021-11-03 04:26:50.611003 [ProductState] {Main} Game product state destroyed: uid=heroes_ptr
D 2021-11-03 04:26:50.611042 [ProductState] {Main} Game product state destroyed: uid=heroes
I 2021-11-03 04:26:50.611083 [GameController] {Main} Deleting GameFamily: Pro, # of game accounts:5
D 2021-11-03 04:26:50.611152 [ProductState] {Main} Game product state destroyed: uid=prometheus_viewer
D 2021-11-03 04:26:50.611197 [ProductState] {Main} Game product state destroyed: uid=prometheus_test
D 2021-11-03 04:26:50.611267 [ProductState] {Main} Game product state destroyed: uid=prometheus_tournament_viewer_2
D 2021-11-03 04:26:50.611298 [ProductState] {Main} Game product state destroyed: uid=prometheus_tournament_viewer
D 2021-11-03 04:26:50.611374 [ProductState] {Main} Game product state destroyed: uid=prometheus
I 2021-11-03 04:26:50.611445 [GameController] {Main} Deleting GameFamily: S1, # of game accounts:2
D 2021-11-03 04:26:50.611504 [ProductState] {Main} Game product state destroyed: uid=s1_ptr
D 2021-11-03 04:26:50.611539 [ProductState] {Main} Game product state destroyed: uid=s1
I 2021-11-03 04:26:50.611613 [GameController] {Main} Deleting GameFamily: W3, # of game accounts:1
D 2021-11-03 04:26:50.611642 [ProductState] {Main} Game product state destroyed: uid=w3
I 2021-11-03 04:26:50.611703 [GameController] {Main} Deleting GameFamily: FORE, # of game accounts:2
D 2021-11-03 04:26:50.611720 [ProductState] {Main} Game product state destroyed: uid=fore_beta
D 2021-11-03 04:26:50.611736 [ProductState] {Main} Game product state destroyed: uid=fore
I 2021-11-03 04:26:50.611768 [GameController] {Main} Deleting GameFamily: WLBY, # of game accounts:1
D 2021-11-03 04:26:50.611837 [ProductState] {Main} Game product state destroyed: uid=wlby
I 2021-11-03 04:26:50.611867 [GameController] {Main} Deleting GameFamily: VIPR, # of game accounts:1
D 2021-11-03 04:26:50.611937 [ProductState] {Main} Game product state destroyed: uid=viper
I 2021-11-03 04:26:50.611986 [GameController] {Main} Deleting GameFamily: ODIN, # of game accounts:2
D 2021-11-03 04:26:50.612033 [ProductState] {Main} Game product state destroyed: uid=odin_beta
D 2021-11-03 04:26:50.612064 [ProductState] {Main} Game product state destroyed: uid=odin
I 2021-11-03 04:26:50.612143 [GameController] {Main} Deleting GameFamily: LAZR, # of game accounts:1
D 2021-11-03 04:26:50.612222 [ProductState] {Main} Game product state destroyed: uid=lazarus
I 2021-11-03 04:26:50.612289 [GameController] {Main} Deleting GameFamily: ZEUS, # of game accounts:2
D 2021-11-03 04:26:50.612337 [ProductState] {Main} Game product state destroyed: uid=zeus_beta
D 2021-11-03 04:26:50.612377 [ProductState] {Main} Game product state destroyed: uid=zeus
I 2021-11-03 04:26:50.613377 [ToastManager] {Main} Clearing toast queue
I 2021-11-03 04:26:51.735330 [BrowserAppImpl] {Main} Waited 20 msec to close all browsers.
D 2021-11-03 04:26:52.323526 [Main] {Main} Shutting down Backend
D 2021-11-03 04:26:52.323548 [Main] {Main} Closing IPC Service
D 2021-11-03 04:26:52.323553 [CommandQueue] {Main} IPCService is shutting down
D 2021-11-03 04:26:52.323770 [Main] {Main} Shutting down account manager
I 2021-11-03 04:26:52.323794 [GSStateTracker] {Main} State changed to: Incomplete
I 2021-11-03 04:26:52.323800 [AccountManager] {Main} Account manager state has changed to: Incomplete
I 2021-11-03 04:26:52.323827 [GameProvider] {Main} Game provider is no longer initialized and is now reset
D 2021-11-03 04:26:52.323991 [Main] {Main} Shutting down CacheManager
D 2021-11-03 04:26:52.323998 [Main] {Main} Shutting down analytics processor
D 2021-11-03 04:26:52.324206 [Main] {Main} Shutting down worker pool
D 2021-11-03 04:26:52.324668 [Main] {Main} Shutting down backend processor
D 2021-11-03 04:26:52.325954 [Main] {Main} Shutting down data cache
D 2021-11-03 04:26:52.326393 [Main] {Main} Shutting down catalog manager
D 2021-11-03 04:26:52.327003 [Main] {Main} Shutting down environment manager
D 2021-11-03 04:26:52.327035 [Main] {Main} Shutting down battle.net api gateway
D 2021-11-03 04:26:52.327041 [Main] {Main} Shutting down suggested friends service
D 2021-11-03 04:26:52.327048 [Main] {Main} Shutting down voice service
D 2021-11-03 04:26:52.327052 [Main] {Main} Shutting down remote content manager
D 2021-11-03 04:26:52.327056 [Main] {Main} Shutting down analytics session
D 2021-11-03 04:26:52.327059 [Main] {Main} Shutting down agent manager
D 2021-11-03 04:26:52.327066 [Agent] {Main} PolicyHandler Thread STOPPING
D 2021-11-03 04:26:52.327076 [Agent] {Agent} PolicyHandlerThreadProc: The rest is silence.
D 2021-11-03 04:26:52.327332 [Agent] {Main} PolicyHandler Thread STOPPED
D 2021-11-03 04:26:52.328341 [Agent] {Main} Communicated shutdown to Agent
D 2021-11-03 04:26:52.328448 [Main] {Main} Shutting down game provider
D 2021-11-03 04:26:52.328466 [Main] {Main} Shutting down battle.net interface
D 2021-11-03 04:26:52.577759 [Main] {Main} Shutting down callback queue
D 2021-11-03 04:26:52.577820 [WebServer] {Main} Shutting down WebServerImpl
D 2021-11-03 04:26:52.578227 [WebServer] {Main} WebServerImpl is stopped
D 2021-11-03 04:26:52.691528 [DIAG_BNL_Voice] {Main} {121fc} debug: Notification client reference removed: 0
