I 2021-11-05 05:08:17.328628 [Main] {Main} Logging started for Battle.net build 2.6.0.13147
I 2021-11-05 05:08:17.329154 [Configuration] {Main} SharedConfigRoot: C:\ProgramData\Battle.net
I 2021-11-05 05:08:17.329648 [Configuration] {Main} RoamingConfigRoot: C:\Users\steve\AppData\Roaming\Battle.net
I 2021-11-05 05:08:17.329673 [Configuration] {Main} LocalConfigRoot: C:\Users\steve\AppData\Local\Battle.net
D 2021-11-05 05:08:17.329968 [Configuration] {Main} Searching for config file: C:\Program Files (x86)\Battle.net\Battle.net.13147\Battle.net.config
D 2021-11-05 05:08:17.330071 [Configuration] {Main} Searching for config file: C:\Program Files (x86)\Battle.net\Battle.net.config
D 2021-11-05 05:08:17.330985 [Configuration] {Main} User Configuration File: C:\Users\steve\AppData\Roaming\Battle.net\Battle.net.config
I 2021-11-05 05:08:17.334798 [Main] {Main} Command line arguments: {[0]=--game=s2_enus, [1]=--gamepath=D:\Battlenet\StarCraft II}
I 2021-11-05 05:08:17.338289 [Main] {Main} Opening IPC shared memory. queueName=User:steve:Battle.net IPC ShMem mode=server
I 2021-11-05 05:08:17.373367 [CommandQueue] {Main} Dispatching Command: register s2_enus D:\Battlenet\StarCraft II   false
I 2021-11-05 05:08:17.411334 [Frontend] {Main} Supplying list of renderers: d3d11,warp,desktop
I 2021-11-05 05:08:17.793793 [LocalizationData] {Main} 21 language(s) loaded from languages.xml, default=enUS
D 2021-11-05 05:08:17.960285 [Main] {Main} Adding application font: resources/fonts/BlizzardReg.ttf
D 2021-11-05 05:08:17.965231 [Main] {Main} Adding application font: resources/fonts/BlizzardLig.ttf
D 2021-11-05 05:08:17.967991 [Main] {Main} Adding application font: resources/fonts/BlizzardBol.ttf
D 2021-11-05 05:08:17.970075 [Main] {Main} Adding application font: resources/fonts/NotoSans-Bold.ttf
D 2021-11-05 05:08:17.977289 [Main] {Main} Adding application font: resources/fonts/NotoSans-BoldItalic.ttf
D 2021-11-05 05:08:17.982183 [Main] {Main} Adding application font: resources/fonts/NotoSans-Italic.ttf
D 2021-11-05 05:08:17.988389 [Main] {Main} Adding application font: resources/fonts/NotoSans-Regular.ttf
D 2021-11-05 05:08:17.994269 [Main] {Main} Adding application font: resources/fonts/ObjectSans-Bold.ttf
D 2021-11-05 05:08:17.996207 [Main] {Main} Adding application font: resources/fonts/ObjectSans-Medium.ttf
D 2021-11-05 05:08:18.853648 [Main] {Main} Setting font to: Blizzard
I 2021-11-05 05:08:18.854534 [CacheManager] {Main} Local storage cache at: C:\Users\steve\AppData\Local\Battle.net\Cache
I 2021-11-05 05:08:18.859551 [Main] {Main} Opened database at: C:\Users\steve\AppData\Local\Battle.net\CachedData.db
D 2021-11-05 05:08:18.861407 [Agent] {Agent} PolicyHandlerThreadProc: I shall in all my best obey you.
D 2021-11-05 05:08:18.861475 [Agent] {Main} PolicyHandler Thread STARTED
I 2021-11-05 05:08:18.941215 [DIAG_BNL_Voice] {Main} Audio device monitor using already-initialized COM
I 2021-11-05 05:08:18.942941 [VoiceSessionBroker] {Main} Global voice is on
I 2021-11-05 05:08:18.943275 [Main] {Main} Execution environment changed. environment=EE_STANDARD
I 2021-11-05 05:08:18.943863 [CatalogManager] {Main} Loaded catalog hash from the database cache. hash=cefeaae67d6b5f7d8417a7e3b87c8473
I 2021-11-05 05:08:18.944540 [CatalogManager] {Main} Built-in catalog hash (catalog/digesthash.txt): 90e3b05fb9eccb5ddf1b92175febd47a
I 2021-11-05 05:08:18.944739 [CatalogManager] {Main} Built-in catalog hash (catalog/signaturehash.txt): 5823846f81b1a8900de7c99437851ca0
I 2021-11-05 05:08:18.944789 [CatalogLoader] {Main} *** LOAD STARTED default: Context(LocalCAS: cefeaae67d6b5f7d8417a7e3b87c8473 I) ***
I 2021-11-05 05:08:18.982654 [Agent] {Agent} Agent has different session: 13632977106767292640
I 2021-11-05 05:08:18.982685 [Agent] {Agent} Agent Version is now: 2.25.1.7531 (retail)
D 2021-11-05 05:08:19.375834 [Agent] {Agent} GameResource created for uid: agent
D 2021-11-05 05:08:19.375904 [Agent] {Agent} GameResource created for uid: battle.net
D 2021-11-05 05:08:19.375954 [Agent] {Agent} GameResource created for uid: prometheus
D 2021-11-05 05:08:19.375985 [Agent] {Agent} GameResource created for uid: s2_enus
W 2021-11-05 05:08:19.720682 [FeatureManager] {Main} Feature 'battle.net_http_request_0_c6caed0e' depends on missing feature 'http_test'
E 2021-11-05 05:08:19.720708 [FeatureManager] {Main} Feature 'battle.net_http_request_0_c6caed0e' has dependency errors and will not respond to dependency changes
I 2021-11-05 05:08:19.720738 [FeatureManager] {Main} Moving feature record from active to inactive: whisper_voice
I 2021-11-05 05:08:19.720747 [FeatureManager] {Main} Moving feature record from active to inactive: trace_route
I 2021-11-05 05:08:19.720763 [FeatureManager] {Main} Feature changed: hearthstone_limited_event_57b4aca6=true
I 2021-11-05 05:08:19.720779 [FeatureManager] {Main} Feature changed: fore_limited_alpha_f6824657=true
I 2021-11-05 05:08:19.720796 [FeatureManager] {Main} Feature changed: fore_prepurchase_fore_fef83a73=true
I 2021-11-05 05:08:19.720811 [FeatureManager] {Main} Feature changed: lazarus_show_on_beta_5bbf784c=true
I 2021-11-05 05:08:19.720821 [FeatureManager] {Main} Feature changed: odin_deprecate_event_21bf1dc9=true
I 2021-11-05 05:08:19.720832 [FeatureManager] {Main} Feature changed: odin_show_on_beta_5bbf784c=true
I 2021-11-05 05:08:19.720841 [FeatureManager] {Main} Feature changed: odin_zeus_base_license_3fcdd4b4=true
I 2021-11-05 05:08:19.720856 [FeatureManager] {Main} Feature changed: osi_limited_install_773b93da=true
I 2021-11-05 05:08:19.720869 [FeatureManager] {Main} Feature changed: osi_limited_product_d9fa6516=true
I 2021-11-05 05:08:19.720880 [FeatureManager] {Main} Feature changed: viper_show_on_beta_5bbf784c=true
I 2021-11-05 05:08:19.720895 [FeatureManager] {Main} Feature changed: warcraft_iii_upgrade_05e4b09b=true
I 2021-11-05 05:08:19.720910 [FeatureManager] {Main} Feature changed: wlby_show_on_beta_5bbf784c=true
I 2021-11-05 05:08:19.720926 [FeatureManager] {Main} Feature changed: zeus_refresh_without_license_b63211e4=true
I 2021-11-05 05:08:19.720937 [FeatureManager] {Main} Feature changed: zeus_show_on_beta_5bbf784c=true
I 2021-11-05 05:08:19.735413 [FeatureManager] {Main} Feature changed: http_test=true tags=http_request_0
I 2021-11-05 05:08:19.735437 [FeatureManager] {Main} Feature changed: shop_wish_list=true
I 2021-11-05 05:08:19.735447 [FeatureManager] {Main} Feature changed: activision_auto_account_creation=true
I 2021-11-05 05:08:19.735452 [FeatureManager] {Main} Feature changed: suggested_group_members=true
I 2021-11-05 05:08:19.735458 [FeatureManager] {Main} Feature changed: all_games_v2=true
I 2021-11-05 05:08:19.735463 [FeatureManager] {Main} Feature changed: all_games_new_badge=true
I 2021-11-05 05:08:19.735468 [FeatureManager] {Main} Feature changed: collapsible_social_panel=true
I 2021-11-05 05:08:19.735473 [FeatureManager] {Main} Feature changed: blizzard_profiles=true
I 2021-11-05 05:08:19.735481 [FeatureManager] {Main} Feature changed: clear_chat_history=true
I 2021-11-05 05:08:19.735485 [FeatureManager] {Main} Feature changed: mentions=true
I 2021-11-05 05:08:19.735490 [FeatureManager] {Main} Feature changed: social_tab=true
I 2021-11-05 05:08:19.735496 [FeatureManager] {Main} Feature changed: auto_update_optimization=true
I 2021-11-05 05:08:19.735501 [FeatureManager] {Main} Feature changed: embedded_web_view=true
I 2021-11-05 05:08:19.735506 [FeatureManager] {Main} Feature changed: group_privacy_settings=true
I 2021-11-05 05:08:19.735512 [FeatureManager] {Main} Feature changed: appear_offline=true
I 2021-11-05 05:08:19.735516 [FeatureManager] {Main} Feature changed: refresh_toast=true
I 2021-11-05 05:08:19.735521 [FeatureManager] {Main} Feature changed: app_feedback_dialog=true
I 2021-11-05 05:08:19.735525 [FeatureManager] {Main} Feature changed: browser_main_window=true
I 2021-11-05 05:08:19.735531 [FeatureManager] {Main} Feature changed: chat_giphy=true
I 2021-11-05 05:08:19.735536 [FeatureManager] {Main} Feature changed: content_ui=true
I 2021-11-05 05:08:19.735540 [FeatureManager] {Main} Feature changed: multichats=true
I 2021-11-05 05:08:19.735545 [FeatureManager] {Main} Feature changed: first_time_experience=true
I 2021-11-05 05:08:19.735550 [FeatureManager] {Main} Feature changed: cts_takeovers=true
I 2021-11-05 05:08:19.735554 [FeatureManager] {Main} Feature changed: friend_request_management=true
I 2021-11-05 05:08:19.735558 [FeatureManager] {Main} Feature changed: link_previews=true
I 2021-11-05 05:08:19.735563 [FeatureManager] {Main} Feature changed: sms_protect_requirements=true
I 2021-11-05 05:08:19.735567 [FeatureManager] {Main} Feature changed: friends_list_popout=true
I 2021-11-05 05:08:19.735571 [FeatureManager] {Main} Feature changed: gift_inventory=true
I 2021-11-05 05:08:19.735577 [FeatureManager] {Main} Feature changed: global_legendary_promos=true
I 2021-11-05 05:08:19.735581 [FeatureManager] {Main} Feature changed: refresh_friend_tooltip=true
I 2021-11-05 05:08:19.735588 [FeatureManager] {Main} Feature changed: non_friend_whispers=true
I 2021-11-05 05:08:19.735592 [FeatureManager] {Main} Feature changed: notification_center=true
I 2021-11-05 05:08:19.735596 [FeatureManager] {Main} Feature changed: playscreen_migrate_cms=true
I 2021-11-05 05:08:19.735601 [FeatureManager] {Main} Feature changed: shared_container_installs=true
I 2021-11-05 05:08:19.735605 [FeatureManager] {Main} Feature changed: sc2_account_selection_dialog=true
I 2021-11-05 05:08:19.735610 [FeatureManager] {Main} Feature changed: suggested_facebook_friends=true
I 2021-11-05 05:08:19.735619 [FeatureManager] {Main} Feature changed: whisper_voice=true
I 2021-11-05 05:08:19.735626 [FeatureManager] {Main} Feature changed: battle.net_http_request_0_c6caed0e=true
D 2021-11-05 05:08:19.735742 [Configuration] {Main} Searching for config file: C:\Program Files (x86)\Battle.net\Battle.net.13147\Environments.yaml
D 2021-11-05 05:08:19.735820 [Configuration] {Main} Searching for config file: C:\Program Files (x86)\Battle.net\Environments.yaml
I 2021-11-05 05:08:19.735868 [EnvironmentManager] {Main} Login parameters changed: address=us.actual.battle.net:1119 region=US
D 2021-11-05 05:08:19.747935 [CatalogVarStorage] {Main} Setting var from catalog Client.Shop.SaleNotificationVersion=6
D 2021-11-05 05:08:19.747964 [CatalogVarStorage] {Main} Setting var from catalog Browser.DisableSiteIsolation=true
D 2021-11-05 05:08:19.747972 [CatalogVarStorage] {Main} Setting var from catalog Client.ActivisionAutoAccountCreation.Games=ODIN,ZEUS,FORE
D 2021-11-05 05:08:19.747979 [CatalogVarStorage] {Main} Setting var from catalog Client.Shop.SaleNotificationEnabled=false
D 2021-11-05 05:08:19.747985 [CatalogVarStorage] {Main} Setting var from catalog Client.OwlScreen.LiveCheckIntervalMS=300000
D 2021-11-05 05:08:19.747999 [CatalogVarStorage] {Main} Setting var from catalog Client.Announcements.MaximumAnnouncements=20
D 2021-11-05 05:08:19.748006 [CatalogVarStorage] {Main} Setting var from catalog Client.NewProfileWindowLayout=true
D 2021-11-05 05:08:19.748012 [CatalogVarStorage] {Main} Setting var from catalog Client.PromotedScreenVersion=3
D 2021-11-05 05:08:19.748021 [CatalogVarStorage] {Main} Setting var from catalog Client.Version.BetaAccessOverride=enabled
I 2021-11-05 05:08:19.748027 [VersionManager] {Main} Beta Access: enabled
D 2021-11-05 05:08:19.748034 [CatalogVarStorage] {Main} Setting var from catalog Client.Version.BetaBranchOverride=beta
D 2021-11-05 05:08:19.748041 [CatalogVarStorage] {Main} Setting var from catalog Services.WhisperChannels.InactivityTimeoutMS=0
I 2021-11-05 05:08:19.751195 [CatalogLoader] {Main} *** LOAD COMPLETE default ***
I 2021-11-05 05:08:19.751223 [CatalogManager] {Main} Loaded initial catalog: hash=cefeaae67d6b5f7d8417a7e3b87c8473
I 2021-11-05 05:08:19.838334 [WebServer] {Backend:0} Listening on port 22885
I 2021-11-05 05:08:20.142416 [Main] {Main} Attempting to fetch WidevineCDM: 1
D 2021-11-05 05:08:20.149053 [UI] {Main} Fixup allowed regions and locales. installedRegion=US allowedRegions= allowedLocales=
I 2021-11-05 05:08:20.149425 [ToastManager] {Main} Toasts are enabled in ClientSettings
D 2021-11-05 05:08:20.155695 [ProductState] {Main} Game product state created: uid=
D 2021-11-05 05:08:20.155738 [ProductState] {Main} InstallState (): currentOperation=Install currentOperationStatus=New
I 2021-11-05 05:08:20.187753 [Main] {Main} Application path is: C:\Program Files (x86)\Battle.net\Battle.net.exe
I 2021-11-05 05:08:20.288361 [ClientServiceAlertMonitor] {Main} Breaking News url has changed. url=https://nydus.battle.net/App/enUS/client/App/alert?targetRegion=US
D 2021-11-05 05:08:20.288595 [RemoteContentCache] {Main} Found cached remote content. url=https://nydus.battle.net/App/enUS/client/App/alert?targetRegion=US
I 2021-11-05 05:08:20.288641 [ClientServiceAlertMonitor] {Main} Maintenance url has changed. url=https://nydus.battle.net/App/enUS/client/App/maintenance?targetRegion=US
D 2021-11-05 05:08:20.288774 [RemoteContentCache] {Main} Found cached remote content. url=https://nydus.battle.net/App/enUS/client/App/maintenance?targetRegion=US
I 2021-11-05 05:08:20.291832 [Frontend] {Main} Public Computer state changed. is_public=false
D 2021-11-05 05:08:20.291886 [Frontend] {Main} Session id changed. session_id=16799629019684855353
D 2021-11-05 05:08:20.291979 [Frontend] {Main} Tracking info changed. client_id=4E3A4618-F0C7-4782-B23B-E90E19E728CE, user_agent=
I 2021-11-05 05:08:20.318408 [HighDpiManager] {Main} High dpi support available changed: 0
I 2021-11-05 05:08:20.318438 [Frontend] {Main} High dpi support: disabled
D 2021-11-05 05:08:20.318968 [Main] {WorkerPool:0} Checking permissions on path: C:\ProgramData\Battle.net\Setup depth=-1
D 2021-11-05 05:08:20.322163 [Main] {WorkerPool:0} Checking permissions on path: C:\ProgramData\Battle.net\Agent depth=1
D 2021-11-05 05:08:20.324397 [Main] {WorkerPool:0} Checking permissions on path: C:\ProgramData\Battle.net\Agent\Agent.6891 depth=1
D 2021-11-05 05:08:20.324743 [Main] {WorkerPool:0} Checking permissions on path: C:\ProgramData\Battle.net\Agent\Agent.7380 depth=1
D 2021-11-05 05:08:20.325200 [Main] {WorkerPool:0} Checking permissions on path: C:\ProgramData\Battle.net\Agent\Agent.7531 depth=1
D 2021-11-05 05:08:20.325669 [Main] {WorkerPool:0} Checking permissions on path: C:\ProgramData\Blizzard Entertainment depth=2
D 2021-11-05 05:08:20.366541 [Frontend] {Main} Session id changed. session_id=13632977106767292640
I 2021-11-05 05:08:20.366711 [FeatureManager] {Main} Feature changed: install_packages=true
I 2021-11-05 05:08:20.366723 [FeatureManager] {Main} Feature changed: modify_install=true
I 2021-11-05 05:08:20.367031 [Agent] {Main} AgentManager is now initialized
I 2021-11-05 05:08:20.367040 [InstallManager] {Main} Install manager is now initialized
D 2021-11-05 05:08:20.367045 [InstallManager] {Main} Selecting best game install data for game battle.net: savedUid=battle.net originalUid=<none> newUid=battle.net
D 2021-11-05 05:08:20.367059 [InstallInfo] {Main} InstallInfo agent association has been changed: uid=battle.net agentUid=battle.net
D 2021-11-05 05:08:20.367105 [InstallManager] {Main} Selecting best game install data for game prometheus: savedUid=prometheus originalUid=<none> newUid=prometheus
D 2021-11-05 05:08:20.367120 [InstallInfo] {Main} InstallInfo agent association has been changed: uid=prometheus agentUid=prometheus
D 2021-11-05 05:08:20.367146 [InstallManager] {Main} Selecting best game install data for game s2: savedUid=s2_enus originalUid=<none> newUid=s2_enus
D 2021-11-05 05:08:20.367151 [InstallInfo] {Main} InstallInfo agent association has been changed: uid=s2 agentUid=s2_enus
D 2021-11-05 05:08:20.367172 [VersionManager] {Main} Branch change from Agent detected. activeBranch= branches={[0]=beta, [1]=cn, [2]=eu, [3]=kr, [4]=sg, [5]=tw, [6]=us}
D 2021-11-05 05:08:20.367183 [VersionManager] {Main} Beta branch is available: true
D 2021-11-05 05:08:20.367218 [ProductState] {Main} Game product state created: uid=prometheus
D 2021-11-05 05:08:20.367274 [ProductState] {Main} InstallState (prometheus): currentOperation=UpToDate currentOperationStatus=Paused installed=1 installPath=D:/Battlenet/Overwatch sharedContainerSubpath=_retail_ playable=1 canCreateShortcut=1 selectedRegion=us activeConfigKey=8c895694ea0d33f5962748eb38ad94b9 regionalVersions=(cn: {playable:true config_key:8c895694ea0d33f5962748eb38ad94b9}, eu: {playable:true config_key:8c895694ea0d33f5962748eb38ad94b9}, kr: {playable:true config_key:8c895694ea0d33f5962748eb38ad94b9}, us: {playable:true config_key:8c895694ea0d33f5962748eb38ad94b9}) localVersion=1.65.1.0.88742 latestVersion=88742 progress=1 currentStage=Complete
D 2021-11-05 05:08:20.367326 [ProductState] {Main} Game product state created: uid=s2
D 2021-11-05 05:08:20.367353 [ProductState] {Main} InstallState (s2): currentOperation=UpToDate currentOperationStatus=Paused installed=1 installPath=D:/Battlenet/StarCraft II playable=1 canCreateShortcut=1 selectedRegion=us activeConfigKey=5b0ac430559437ccd27dfafdfe526c6a regionalVersions=(cn: {playable:true config_key:5b0ac430559437ccd27dfafdfe526c6a}, eu: {playable:true config_key:5b0ac430559437ccd27dfafdfe526c6a}, kr: {playable:true config_key:5b0ac430559437ccd27dfafdfe526c6a}, tw: {playable:true config_key:5b0ac430559437ccd27dfafdfe526c6a}, us: {playable:true config_key:5b0ac430559437ccd27dfafdfe526c6a}) supports_multibox=true localVersion=5.0.8.86383 latestVersion=86383 progress=1 currentStage=Complete
D 2021-11-05 05:08:20.367385 [Agent] {Main} Versioning is now enabled
D 2021-11-05 05:08:20.367412 [Agent] {Main} Triggering game versioning: battle.net
D 2021-11-05 05:08:20.367437 [Agent] {Main} Triggering game versioning: prometheus
D 2021-11-05 05:08:20.367448 [Agent] {Main} Triggering game versioning: s2_enus
D 2021-11-05 05:08:20.377337 [InstallManager] {Main} Command_RegisterGame uid: s2_enus path: D:\Battlenet\StarCraft II productcode:  subfolder:  repairing: false
D 2021-11-05 05:08:20.377383 [InstallManager] {Main} PerformRegisterInstall uid= productCode=* installDir=D:\Battlenet\StarCraft II subfolder= region=US
I 2021-11-05 05:08:20.377493 [CatalogLoader] {Main} *** LOAD STARTED default: Context(LocalCAS: cefeaae67d6b5f7d8417a7e3b87c8473 I) ***
I 2021-11-05 05:08:20.873667 [FeatureManager] {Main} Moving feature record from active to inactive: overwatch_league_tab
I 2021-11-05 05:08:20.873697 [FeatureManager] {Main} Moving feature record from active to inactive: blizzcon_tab
D 2021-11-05 05:08:20.893270 [CatalogVarStorage] {Main} Setting var from catalog Client.Shop.SaleNotificationVersion=6
D 2021-11-05 05:08:20.893308 [CatalogVarStorage] {Main} Setting var from catalog Browser.DisableSiteIsolation=true
D 2021-11-05 05:08:20.893329 [CatalogVarStorage] {Main} Setting var from catalog Client.ActivisionAutoAccountCreation.Games=ODIN,ZEUS,FORE
D 2021-11-05 05:08:20.893347 [CatalogVarStorage] {Main} Setting var from catalog Client.Shop.SaleNotificationEnabled=false
D 2021-11-05 05:08:20.893362 [CatalogVarStorage] {Main} Setting var from catalog Client.OwlScreen.LiveCheckIntervalMS=300000
D 2021-11-05 05:08:20.893389 [CatalogVarStorage] {Main} Setting var from catalog Client.Announcements.MaximumAnnouncements=20
D 2021-11-05 05:08:20.893408 [CatalogVarStorage] {Main} Setting var from catalog Client.NewProfileWindowLayout=true
D 2021-11-05 05:08:20.893423 [CatalogVarStorage] {Main} Setting var from catalog Client.PromotedScreenVersion=3
D 2021-11-05 05:08:20.893438 [CatalogVarStorage] {Main} Setting var from catalog Client.Version.BetaAccessOverride=enabled
D 2021-11-05 05:08:20.893452 [CatalogVarStorage] {Main} Setting var from catalog Client.Version.BetaBranchOverride=beta
D 2021-11-05 05:08:20.893470 [CatalogVarStorage] {Main} Setting var from catalog Services.WhisperChannels.InactivityTimeoutMS=0
D 2021-11-05 05:08:20.893493 [CatalogVarStorage] {Main} Setting var from catalog Services.HTTPClient.ConnectionTimeoutMS=0
I 2021-11-05 05:08:20.898473 [CatalogLoader] {Main} *** LOAD COMPLETE default ***
I 2021-11-05 05:08:20.905841 [Main] {Main} Cached WidevineCDM is up-to-date: 4.10.2391.0
I 2021-11-05 05:08:20.906764 [Main] {Main} Connecting to server. address=us.actual.battle.net port=1119
D 2021-11-05 05:08:21.126411 [ClientServiceAlertMonitor] {Main} Service alert monitor force update requested
D 2021-11-05 05:08:21.126450 [ClientServiceAlertMonitor] {Main} Breaking News update requested
D 2021-11-05 05:08:21.126455 [ClientServiceAlertMonitor] {Main} Maintenance update requested
D 2021-11-05 05:08:21.210029 [InstallManager] {Main} Game finished versioning prometheus
D 2021-11-05 05:08:21.210798 [InstallManager] {Main} Registration complete for agentUid=s2_enus and region=us
I 2021-11-05 05:08:21.228289 [CacheManager] {Main} CacheManager is now initialized
I 2021-11-05 05:08:21.228336 [TactVersionWatcher] {Main} Fetched new tact metadata. productCode=catalogs region=us branch=PUB-29 version=2036 seq=185 buildConfig=20ce3da0a98d993ca7e26e919f94087d
I 2021-11-05 05:08:21.385897 [DIAG_BuildConfig] {Main} no 'encoding' key in build configuration '20ce3da0a98d993ca7e26e919f94087d', selecting plain-data mode
I 2021-11-05 05:08:21.385922 [CatalogLoader] {Main} *** LOAD STARTED default: Context(RemoteCAS: 8bfb1d24424496b88da556e18aaef910|tpr/catalogs/data) ***
D 2021-11-05 05:08:21.415733 [InstallManager] {Main} Game finished versioning s2_enus
D 2021-11-05 05:08:21.415758 [InstallManager] {Main} Game finished versioning s2_enus
I 2021-11-05 05:08:21.635121 [CatalogLoader] {Main} Removing stale fragment: odin_zeus_base_license
I 2021-11-05 05:08:21.635153 [CatalogLoader] {Main} Removing stale fragment: fore_prepurchase_fore
I 2021-11-05 05:08:21.635240 [FeatureManager] {Main} Feature changed: fore_prepurchase_fore_fef83a73=false
I 2021-11-05 05:08:21.635256 [FeatureManager] {Main} Removing inactive feature record: fore_prepurchase_fore_fef83a73
I 2021-11-05 05:08:21.635291 [FeatureManager] {Main} Feature changed: odin_zeus_base_license_3fcdd4b4=false
I 2021-11-05 05:08:21.635301 [FeatureManager] {Main} Removing inactive feature record: odin_zeus_base_license_3fcdd4b4
I 2021-11-05 05:08:21.635356 [FeatureManager] {Main} Feature changed: fore_buy_now_fore_fef83a73=true
I 2021-11-05 05:08:21.635370 [FeatureManager] {Main} Feature changed: odin_upgrade_from_odin_fef83a73=true
D 2021-11-05 05:08:21.650217 [ProductManager] {Main} Product modified: FORE ProductChangeFlags(prerelease_message,prerelease_license_id,play_disabled_message,quick_links,starter_items,milestone)
D 2021-11-05 05:08:21.650320 [ProductManager] {Main} Product modified: ODIN ProductChangeFlags(quick_links)
D 2021-11-05 05:08:21.650337 [ProductManager] {Main} Product modified: ODIN_MW ProductChangeFlags(quick_links)
D 2021-11-05 05:08:21.650374 [ProductManager] {Main} Products updated
D 2021-11-05 05:08:21.651074 [CatalogVarStorage] {Main} Setting var from catalog Client.Shop.SaleNotificationVersion=6
D 2021-11-05 05:08:21.651092 [CatalogVarStorage] {Main} Setting var from catalog Browser.DisableSiteIsolation=true
D 2021-11-05 05:08:21.651104 [CatalogVarStorage] {Main} Setting var from catalog Client.ActivisionAutoAccountCreation.Games=ODIN,ZEUS,FORE
D 2021-11-05 05:08:21.651112 [CatalogVarStorage] {Main} Setting var from catalog Client.Shop.SaleNotificationEnabled=false
D 2021-11-05 05:08:21.651117 [CatalogVarStorage] {Main} Setting var from catalog Client.OwlScreen.LiveCheckIntervalMS=300000
D 2021-11-05 05:08:21.651133 [CatalogVarStorage] {Main} Setting var from catalog Client.Announcements.MaximumAnnouncements=20
D 2021-11-05 05:08:21.651141 [CatalogVarStorage] {Main} Setting var from catalog Client.NewProfileWindowLayout=true
D 2021-11-05 05:08:21.651154 [CatalogVarStorage] {Main} Setting var from catalog Client.PromotedScreenVersion=3
D 2021-11-05 05:08:21.651162 [CatalogVarStorage] {Main} Setting var from catalog Client.Version.BetaAccessOverride=enabled
D 2021-11-05 05:08:21.651170 [CatalogVarStorage] {Main} Setting var from catalog Client.Version.BetaBranchOverride=beta
D 2021-11-05 05:08:21.651177 [CatalogVarStorage] {Main} Setting var from catalog Services.WhisperChannels.InactivityTimeoutMS=0
D 2021-11-05 05:08:21.651185 [CatalogVarStorage] {Main} Setting var from catalog Services.HTTPClient.ConnectionTimeoutMS=0
I 2021-11-05 05:08:21.666695 [CatalogLoader] {Main} *** LOAD COMPLETE default ***
I 2021-11-05 05:08:21.667900 [CatalogLoader] {Main} *** LOAD STARTED default: Context(RemoteCAS: 8bfb1d24424496b88da556e18aaef910|tpr/catalogs/data) ***
D 2021-11-05 05:08:21.702713 [ProductManager] {Main} Product modified: FORE ProductChangeFlags(quick_links)
D 2021-11-05 05:08:21.702743 [ProductManager] {Main} Product modified: ODIN ProductChangeFlags(quick_links)
D 2021-11-05 05:08:21.702754 [ProductManager] {Main} Product modified: ODIN_MW ProductChangeFlags(quick_links)
D 2021-11-05 05:08:21.702761 [ProductManager] {Main} Products updated
D 2021-11-05 05:08:21.702805 [CatalogVarStorage] {Main} Setting var from catalog Client.Shop.SaleNotificationVersion=6
D 2021-11-05 05:08:21.702818 [CatalogVarStorage] {Main} Setting var from catalog Browser.DisableSiteIsolation=true
D 2021-11-05 05:08:21.702828 [CatalogVarStorage] {Main} Setting var from catalog Client.ActivisionAutoAccountCreation.Games=ODIN,ZEUS,FORE
D 2021-11-05 05:08:21.702835 [CatalogVarStorage] {Main} Setting var from catalog Client.Shop.SaleNotificationEnabled=false
D 2021-11-05 05:08:21.702841 [CatalogVarStorage] {Main} Setting var from catalog Client.OwlScreen.LiveCheckIntervalMS=300000
D 2021-11-05 05:08:21.702859 [CatalogVarStorage] {Main} Setting var from catalog Client.Announcements.MaximumAnnouncements=20
D 2021-11-05 05:08:21.702869 [CatalogVarStorage] {Main} Setting var from catalog Client.NewProfileWindowLayout=true
D 2021-11-05 05:08:21.702881 [CatalogVarStorage] {Main} Setting var from catalog Client.PromotedScreenVersion=3
D 2021-11-05 05:08:21.702899 [CatalogVarStorage] {Main} Setting var from catalog Client.Version.BetaAccessOverride=enabled
D 2021-11-05 05:08:21.702907 [CatalogVarStorage] {Main} Setting var from catalog Client.Version.BetaBranchOverride=beta
D 2021-11-05 05:08:21.702920 [CatalogVarStorage] {Main} Setting var from catalog Services.WhisperChannels.InactivityTimeoutMS=0
D 2021-11-05 05:08:21.702929 [CatalogVarStorage] {Main} Setting var from catalog Services.HTTPClient.ConnectionTimeoutMS=0
I 2021-11-05 05:08:21.709346 [CatalogLoader] {Main} *** LOAD COMPLETE default ***
I 2021-11-05 05:08:22.105548 [GameSessionList] {Agent} Reporting process: TrackingInfo(uid=battle.net, type=game, opStatus=On, reqId=0, running=2, oldRunning=0)
I 2021-11-05 05:08:22.115392 [InstallManager] {Main} Setting Process Running: true uid=battle.net binaryType=game any=true
D 2021-11-05 05:08:22.115433 [InstallInfo] {Main} Operation status changed: opType=Execute oldStatus=Off newStatus=On agentUid=battle.net
D 2021-11-05 05:08:22.145425 [LoginController] {Main} Login_QueueUpdate (position=1,clientWaitTime=00:00:00.549292,skipLoginQueueUi=true)
D 2021-11-05 05:08:22.215397 [InstallManager] {Main} Game finished versioning battle.net
I 2021-11-05 05:08:22.348042 [GSStateTracker] {Main} State changed to: Incomplete
I 2021-11-05 05:08:22.348059 [GSStateTracker] {Main} State Change: Incomplete
I 2021-11-05 05:08:22.348074 [GSAccountProvider] {Main} Login triggered. entityId=1:0:126e7264
I 2021-11-05 05:08:22.348089 [GSStateTracker] {Main} State changed to: WaitingForAccountState
I 2021-11-05 05:08:22.348108 [AccountManager] {Main} Account manager state has changed to: Loading
I 2021-11-05 05:08:22.349475 [Main] {Main} Opened database at: C:\Users\steve\AppData\Local\Battle.net\Account\309228132\account.db
D 2021-11-05 05:08:22.351571 [GSAccountProvider] {Main} Querying account level info for account: 1:0:126e7264
D 2021-11-05 05:08:22.351611 [GSAccountProvider] {Main} Querying parental control info for account: 1:0:126e7264
D 2021-11-05 05:08:22.351631 [GSAccountProvider] {Main} Querying game accounts for region: US
D 2021-11-05 05:08:22.351649 [GSAccountProvider] {Main} Querying game accounts for region: EU
D 2021-11-05 05:08:22.351654 [GSAccountProvider] {Main} Querying game accounts for region: KR
D 2021-11-05 05:08:22.351658 [GSAccountProvider] {Main} Querying game accounts for region: SG
D 2021-11-05 05:08:22.351663 [GSAccountProvider] {Main} Querying game accounts for region: XX
D 2021-11-05 05:08:22.351667 [GSAccountProvider] {Main} Querying game accounts for region: GLOBAL
D 2021-11-05 05:08:22.351672 [GSAccountProvider] {Main} Querying parental control info for account: 1:0:126e7264
D 2021-11-05 05:08:22.351727 [GSAccountProvider] {Main} Querying program level information for program: OSI
D 2021-11-05 05:08:22.351769 [GSAccountProvider] {Main} Querying program level information for program: Fen
D 2021-11-05 05:08:22.351776 [GSAccountProvider] {Main} Querying program level information for program: D3
D 2021-11-05 05:08:22.351782 [GSAccountProvider] {Main} Querying program level information for program: S2
D 2021-11-05 05:08:22.351790 [GSAccountProvider] {Main} Querying program level information for program: S1
D 2021-11-05 05:08:22.351797 [GSAccountProvider] {Main} Querying program level information for program: FORE
D 2021-11-05 05:08:22.351817 [GSAccountProvider] {Main} Querying program level information for program: W3
D 2021-11-05 05:08:22.351824 [GSAccountProvider] {Main} Querying program level information for program: WoW
D 2021-11-05 05:08:22.351832 [GSAccountProvider] {Main} Querying program level information for program: Pro
D 2021-11-05 05:08:22.351838 [GSAccountProvider] {Main} Querying program level information for program: Hero
D 2021-11-05 05:08:22.351845 [GSAccountProvider] {Main} Querying program level information for program: D3CN
D 2021-11-05 05:08:22.351852 [GSAccountProvider] {Main} Querying program level information for program: AUKS
D 2021-11-05 05:08:22.351859 [GSAccountProvider] {Main} Querying program level information for program: LAZR
D 2021-11-05 05:08:22.351866 [GSAccountProvider] {Main} Querying program level information for program: ODIN
D 2021-11-05 05:08:22.351872 [GSAccountProvider] {Main} Querying program level information for program: RTRO
D 2021-11-05 05:08:22.351883 [GSAccountProvider] {Main} Querying program level information for program: VIPR
D 2021-11-05 05:08:22.351890 [GSAccountProvider] {Main} Querying program level information for program: WLBY
D 2021-11-05 05:08:22.351895 [GSAccountProvider] {Main} Querying program level information for program: WTCG
D 2021-11-05 05:08:22.351901 [GSAccountProvider] {Main} Querying program level information for program: ZEUS
D 2021-11-05 05:08:22.364931 [GSAccountProvider] {Main} Received AccountLevelInfo for account. entityId=1:0:126e7264 accountLevelInfo=|licenses:|id=274|id=384|id=10107|id=10431|id=16332|id=17854|id=20195|id=24636|id=26931|id=36376|id=36377|id=53797|:licenses|default_currency=5591876|country=USA|preferred_region=1|account_paid_any=1
I 2021-11-05 05:08:22.365050 [AccountManager] {Main} Account site region code changed: US
I 2021-11-05 05:08:22.365057 [AccountManager] {Main} Account country changed: USA
D 2021-11-05 05:08:22.365089 [GSAccountProvider] {Main} Parental control info for account (1:0:126e7264) resulted in cache miss.
D 2021-11-05 05:08:22.365153 [GSAccountProvider] {Main} Querying game level information for entity: (Game: US-DST2-168118293)
D 2021-11-05 05:08:22.365165 [GSAccountProvider] {Main} Querying game time info for entity Id: (Game: US-DST2-168118293)
D 2021-11-05 05:08:22.365180 [GSAccountProvider] {Main} Querying program level information for program: DST2
D 2021-11-05 05:08:22.365199 [GSAccountProvider] {Main} Querying game level information for entity: (Game: US-Hero-61078631)
D 2021-11-05 05:08:22.365206 [GSAccountProvider] {Main} Querying game time info for entity Id: (Game: US-Hero-61078631)
D 2021-11-05 05:08:22.365216 [GSAccountProvider] {Main} Querying game level information for entity: (Game: US-Pro-118039079)
D 2021-11-05 05:08:22.365222 [GSAccountProvider] {Main} Querying game time info for entity Id: (Game: US-Pro-118039079)
D 2021-11-05 05:08:22.365236 [GSAccountProvider] {Main} Querying game level information for entity: (Game: US-S1-511902745)
D 2021-11-05 05:08:22.365243 [GSAccountProvider] {Main} Querying game time info for entity Id: (Game: US-S1-511902745)
D 2021-11-05 05:08:22.365257 [GSAccountProvider] {Main} Querying game level information for entity: (Game: US-S2-142430010)
D 2021-11-05 05:08:22.365264 [GSAccountProvider] {Main} Querying game time info for entity Id: (Game: US-S2-142430010)
D 2021-11-05 05:08:22.365275 [GSAccountProvider] {Main} Querying game level information for entity: (Game: US-WTCG-50416411)
D 2021-11-05 05:08:22.365281 [GSAccountProvider] {Main} Querying game time info for entity Id: (Game: US-WTCG-50416411)
D 2021-11-05 05:08:22.365288 [GSAccountProvider] {Main} Received 6 game accounts from region 'US'
D 2021-11-05 05:08:22.365295 [GSAccountProvider] {Main} Game account list for region 'EU' resulted in cache miss.
I 2021-11-05 05:08:22.365299 [GSStateTracker] {Main} State changed to: Loading
D 2021-11-05 05:08:22.365303 [GSAccountProvider] {Main} Game account list for region 'KR' resulted in cache miss.
D 2021-11-05 05:08:22.365307 [GSAccountProvider] {Main} Game account list for region 'SG' resulted in cache miss.
D 2021-11-05 05:08:22.365316 [GSAccountProvider] {Main} Querying game level information for entity: (Game: XX-Hero-29793536)
D 2021-11-05 05:08:22.365322 [GSAccountProvider] {Main} Querying game time info for entity Id: (Game: XX-Hero-29793536)
D 2021-11-05 05:08:22.365328 [GSAccountProvider] {Main} Received 1 game accounts from region 'XX'
D 2021-11-05 05:08:22.365338 [GSAccountProvider] {Main} Game account list for region 'GLOBAL' resulted in cache miss.
D 2021-11-05 05:08:22.365343 [GSAccountProvider] {Main} Parental control info for account (1:0:126e7264) resulted in cache miss.
D 2021-11-05 05:08:22.365357 [GSAccountProvider] {Main} Received program level info. programId=OSI programLevelInfo=|program=5198665
D 2021-11-05 05:08:22.365376 [GSAccountProvider] {Main} Received program level info. programId=Fen programLevelInfo=|program=4613486
D 2021-11-05 05:08:22.365387 [GSAccountProvider] {Main} Received program level info. programId=D3 programLevelInfo=|program=17459
D 2021-11-05 05:08:22.365392 [GSAccountProvider] {Main} Received program level info. programId=S2 programLevelInfo=|program=21298|licenses:|id=17854|:licenses|licenses:|id=24636|:licenses|licenses:|id=53797|:licenses
D 2021-11-05 05:08:22.365410 [GSAccountProvider] {Main} Received program level info. programId=S1 programLevelInfo=|program=21297
D 2021-11-05 05:08:22.365416 [GSAccountProvider] {Main} Received program level info. programId=FORE programLevelInfo=|program=1179603525
D 2021-11-05 05:08:22.365422 [GSAccountProvider] {Main} Received program level info. programId=W3 programLevelInfo=|program=22323
D 2021-11-05 05:08:22.365427 [GSAccountProvider] {Main} Received program level info. programId=WoW programLevelInfo=|program=5730135|licenses:|id=274|:licenses
D 2021-11-05 05:08:22.365434 [GSAccountProvider] {Main} Received program level info. programId=Pro programLevelInfo=|is_lifetime=1|program=5272175|licenses:|id=16332|:licenses
D 2021-11-05 05:08:22.365449 [GSAccountProvider] {Main} Received program level info. programId=Hero programLevelInfo=|is_beta=1|program=1214607983|licenses:|id=10107|:licenses|licenses:|id=10431|:licenses
D 2021-11-05 05:08:22.365461 [GSAccountProvider] {Main} Cache miss for program level info. programId=D3CN
D 2021-11-05 05:08:22.365466 [GSAccountProvider] {Main} Received program level info. programId=AUKS programLevelInfo=|program=1096108883
D 2021-11-05 05:08:22.365471 [GSAccountProvider] {Main} Received program level info. programId=LAZR programLevelInfo=|program=1279351378
D 2021-11-05 05:08:22.365477 [GSAccountProvider] {Main} Received program level info. programId=ODIN programLevelInfo=|program=1329875278
D 2021-11-05 05:08:22.365482 [GSAccountProvider] {Main} Received program level info. programId=RTRO programLevelInfo=|program=1381257807
D 2021-11-05 05:08:22.365489 [GSAccountProvider] {Main} Received program level info. programId=VIPR programLevelInfo=|is_lifetime=1|program=1447645266|licenses:|id=26931|:licenses|licenses:|id=36376|:licenses|licenses:|id=36377|:licenses
D 2021-11-05 05:08:22.365501 [GSAccountProvider] {Main} Received program level info. programId=WLBY programLevelInfo=|program=1464615513
D 2021-11-05 05:08:22.365506 [GSAccountProvider] {Main} Received program level info. programId=WTCG programLevelInfo=|program=1465140039
D 2021-11-05 05:08:22.365511 [GSAccountProvider] {Main} Received program level info. programId=ZEUS programLevelInfo=|program=1514493267
D 2021-11-05 05:08:22.365902 [GSAccountProvider] {Main} Received GameLevelInfo: (Game: US-DST2-168118293) info=|name="DST21"|program=1146311730|realm_permissions=1
D 2021-11-05 05:08:22.365938 [GSAccountProvider] {Main} Received GameTimeInfo: (Game: US-DST2-168118293) info=
D 2021-11-05 05:08:22.365959 [GSAccountProvider] {Main} Cache miss for program level info. programId=DST2
D 2021-11-05 05:08:22.365964 [GSAccountProvider] {Main} Received GameLevelInfo: (Game: US-Hero-61078631) info=|name="Hero1"|program=1214607983|realm_permissions=1
D 2021-11-05 05:08:22.365979 [GSAccountProvider] {Main} Received GameTimeInfo: (Game: US-Hero-61078631) info=
D 2021-11-05 05:08:22.365985 [GSAccountProvider] {Main} Received GameLevelInfo: (Game: US-Pro-118039079) info=|name="Pro1"|program=5272175|realm_permissions=1|last_logout_time_ms=1633547340000
D 2021-11-05 05:08:22.366007 [GSAccountProvider] {Main} Received GameTimeInfo: (Game: US-Pro-118039079) info=
D 2021-11-05 05:08:22.366015 [GSAccountProvider] {Main} Received GameLevelInfo: (Game: US-S1-511902745) info=|name="S11"|program=21297|realm_permissions=1|last_logout_time_ms=1615692040000
D 2021-11-05 05:08:22.366032 [GSAccountProvider] {Main} Received GameTimeInfo: (Game: US-S1-511902745) info=
D 2021-11-05 05:08:22.366040 [GSAccountProvider] {Main} Received GameLevelInfo: (Game: US-S2-142430010) info=|is_trial=0|is_restricted=0|name="S21"|program=21298|realm_permissions=1|last_logout_time_ms=1633399997000
D 2021-11-05 05:08:22.366056 [GSAccountProvider] {Main} Received GameTimeInfo: (Game: US-S2-142430010) info=
D 2021-11-05 05:08:22.366067 [GSAccountProvider] {Main} Received GameLevelInfo: (Game: US-WTCG-50416411) info=|name="WTCG1"|program=1465140039|realm_permissions=1
D 2021-11-05 05:08:22.366079 [GSAccountProvider] {Main} Received GameTimeInfo: (Game: US-WTCG-50416411) info=
D 2021-11-05 05:08:22.366085 [GSAccountProvider] {Main} Received GameLevelInfo: (Game: XX-Hero-29793536) info=|name="Hero1"|program=1214607983|realm_permissions=1
D 2021-11-05 05:08:22.366094 [GSAccountProvider] {Main} Received GameTimeInfo: (Game: XX-Hero-29793536) info=
D 2021-11-05 05:08:22.556469 [GSAccountProvider] {Main} Subscription has been activated. entityId=(BNet: 1:0:126e7264)
D 2021-11-05 05:08:22.556497 [GSAccountProvider] {Main} Querying game accounts for region: EU
D 2021-11-05 05:08:22.556506 [GSAccountProvider] {Main} Querying game accounts for region: KR
D 2021-11-05 05:08:22.556511 [GSAccountProvider] {Main} Querying game accounts for region: SG
D 2021-11-05 05:08:22.556515 [GSAccountProvider] {Main} Querying game accounts for region: GLOBAL
D 2021-11-05 05:08:22.556527 [GSAccountProvider] {Main} Subscription has been activated. entityId=(Game: US-DST2-168118293)
D 2021-11-05 05:08:22.556535 [GSAccountProvider] {Main} Subscription has been activated. entityId=(Game: US-S2-142430010)
D 2021-11-05 05:08:22.556541 [GSAccountProvider] {Main} Subscription has been activated. entityId=(Game: XX-Hero-29793536)
D 2021-11-05 05:08:22.556582 [GSAccountProvider] {Main} Subscription has been activated. entityId=(Game: US-S1-511902745)
D 2021-11-05 05:08:22.556588 [GSAccountProvider] {Main} Subscription has been activated. entityId=(Game: US-Hero-61078631)
D 2021-11-05 05:08:22.556593 [GSAccountProvider] {Main} Subscription has been activated. entityId=(Game: US-Pro-118039079)
D 2021-11-05 05:08:22.566303 [GSAccountProvider] {Main} Region 'EU' has no game accounts.
D 2021-11-05 05:08:22.566323 [GSAccountProvider] {Main} Region 'KR' has no game accounts.
D 2021-11-05 05:08:22.566327 [GSAccountProvider] {Main} Region 'SG' has no game accounts.
D 2021-11-05 05:08:22.566333 [GSAccountProvider] {Main} Region 'GLOBAL' has no game accounts.
I 2021-11-05 05:08:22.566337 [GSStateTracker] {Main} All region requests have been completed!
I 2021-11-05 05:08:22.566343 [GSStateTracker] {Main} State changed to: WaitingForEntitlements
D 2021-11-05 05:08:22.566357 [GSAccountProvider] {Main} Completed initial load.
D 2021-11-05 05:08:22.566362 [GSAccountProvider] {Main} Querying game status for program id: D3
D 2021-11-05 05:08:22.566371 [GSAccountProvider] {Main} Querying game status for program id: S1
D 2021-11-05 05:08:22.566376 [GSAccountProvider] {Main} Querying game status for program id: S2
D 2021-11-05 05:08:22.566380 [GSAccountProvider] {Main} Querying game status for program id: W3
D 2021-11-05 05:08:22.566384 [GSAccountProvider] {Main} Querying game status for program id: Fen
D 2021-11-05 05:08:22.566388 [GSAccountProvider] {Main} Querying game status for program id: OSI
D 2021-11-05 05:08:22.566392 [GSAccountProvider] {Main} Querying game status for program id: Pro
D 2021-11-05 05:08:22.566397 [GSAccountProvider] {Main} Querying game status for program id: AUKS
D 2021-11-05 05:08:22.566411 [GSAccountProvider] {Main} Querying game status for program id: D3CN
D 2021-11-05 05:08:22.566419 [GSAccountProvider] {Main} Querying game status for program id: DST2
D 2021-11-05 05:08:22.566424 [GSAccountProvider] {Main} Querying game status for program id: FORE
D 2021-11-05 05:08:22.566427 [GSAccountProvider] {Main} Querying game status for program id: Hero
D 2021-11-05 05:08:22.566432 [GSAccountProvider] {Main} Querying game status for program id: LAZR
D 2021-11-05 05:08:22.566436 [GSAccountProvider] {Main} Querying game status for program id: ODIN
D 2021-11-05 05:08:22.566440 [GSAccountProvider] {Main} Querying game status for program id: RTRO
D 2021-11-05 05:08:22.566444 [GSAccountProvider] {Main} Querying game status for program id: VIPR
D 2021-11-05 05:08:22.566449 [GSAccountProvider] {Main} Querying game status for program id: WLBY
D 2021-11-05 05:08:22.566452 [GSAccountProvider] {Main} Querying game status for program id: WTCG
D 2021-11-05 05:08:22.566456 [GSAccountProvider] {Main} Querying game status for program id: ZEUS
I 2021-11-05 05:08:22.576229 [GSStateTracker] {Main} State changed to: Ready
I 2021-11-05 05:08:22.576256 [GSAccountProvider] {Main} Loaded accounts: 17
I 2021-11-05 05:08:22.576264 [GSAccountProvider] {Main} [OSI-OSI:beta]
I 2021-11-05 05:08:22.576269 [GSAccountProvider] {Main} [Pro-Pro:ow_worldcup_viewer]
I 2021-11-05 05:08:22.576273 [GSAccountProvider] {Main} [S2-S2:retail]
I 2021-11-05 05:08:22.576277 [GSAccountProvider] {Main} [VIPR-VIPR:retail]
I 2021-11-05 05:08:22.576280 [GSAccountProvider] {Main} [S2-S2:ptr]
I 2021-11-05 05:08:22.576283 [GSAccountProvider] {Main} [S1-S1:retail]
I 2021-11-05 05:08:22.576288 [GSAccountProvider] {Main} [S1-S1:ptr]
I 2021-11-05 05:08:22.576291 [GSAccountProvider] {Main} [Pro-Pro:ptr]
I 2021-11-05 05:08:22.576294 [GSAccountProvider] {Main} [FORE-FORE:beta]
I 2021-11-05 05:08:22.576298 [GSAccountProvider] {Main} [Pro-Pro:retail]
I 2021-11-05 05:08:22.576301 [GSAccountProvider] {Main} [Pro-Pro:ow_tournament_viewer_1]
I 2021-11-05 05:08:22.576305 [GSAccountProvider] {Main} [Pro-Pro:ow_tournament_viewer_2]
I 2021-11-05 05:08:22.576308 [GSAccountProvider] {Main} [Hero-Hero:retail]
I 2021-11-05 05:08:22.576312 [GSAccountProvider] {Main} [Hero-Hero:ptr]
I 2021-11-05 05:08:22.576315 [GSAccountProvider] {Main} [ODIN-ODIN_MW:beta]
I 2021-11-05 05:08:22.576318 [GSAccountProvider] {Main} [WTCG-WTCG:retail]
I 2021-11-05 05:08:22.576323 [GSAccountProvider] {Main} [ZEUS-ZEUS:beta]
I 2021-11-05 05:08:22.576327 [AccountManager] {Main} Account manager state has changed to: Ready
I 2021-11-05 05:08:22.576372 [GameProvider] {Main} Beginning GameProvider initialization.
D 2021-11-05 05:08:22.576404 [GameProvider] {Main} Inserting new unbound entity because no suitable match was found. uniqueId=Hero_retail
D 2021-11-05 05:08:22.576516 [GameProvider] {Main} Inserting new unbound entity because no suitable match was found. uniqueId=AUKS_retail
D 2021-11-05 05:08:22.576605 [GameProvider] {Main} Inserting new unbound entity because no suitable match was found. uniqueId=D3_retail
D 2021-11-05 05:08:22.576678 [GameProvider] {Main} Inserting new unbound entity because no suitable match was found. uniqueId=D3CN_retail
D 2021-11-05 05:08:22.576754 [GameProvider] {Main} Inserting new unbound entity because no suitable match was found. uniqueId=FORE_retail
D 2021-11-05 05:08:22.576838 [GameProvider] {Main} Inserting new unbound entity because no suitable match was found. uniqueId=Fen_retail
D 2021-11-05 05:08:22.576916 [GameProvider] {Main} Inserting new unbound entity because no suitable match was found. uniqueId=OSI_retail
D 2021-11-05 05:08:22.576982 [GameProvider] {Main} Inserting new unbound entity because no suitable match was found. uniqueId=LAZR_retail
D 2021-11-05 05:08:22.577050 [GameProvider] {Main} Inserting new unbound entity because no suitable match was found. uniqueId=ODIN_retail
D 2021-11-05 05:08:22.577119 [GameProvider] {Main} Inserting new unbound entity because no suitable match was found. uniqueId=Pro_retail
D 2021-11-05 05:08:22.577128 [GameProvider] {Main} Inserting new unbound entity because no suitable match was found. uniqueId=RTRO_retail
D 2021-11-05 05:08:22.577204 [GameProvider] {Main} Inserting new unbound entity because no suitable match was found. uniqueId=S1_retail
D 2021-11-05 05:08:22.577279 [GameProvider] {Main} Inserting new unbound entity because no suitable match was found. uniqueId=S2_retail
D 2021-11-05 05:08:22.577293 [GameProvider] {Main} Inserting new unbound entity because no suitable match was found. uniqueId=VIPR_retail
D 2021-11-05 05:08:22.577366 [GameProvider] {Main} Inserting new unbound entity because no suitable match was found. uniqueId=W3_retail
D 2021-11-05 05:08:22.577438 [GameProvider] {Main} Inserting new unbound entity because no suitable match was found. uniqueId=WLBY_retail
D 2021-11-05 05:08:22.577503 [GameProvider] {Main} Inserting new unbound entity because no suitable match was found. uniqueId=WTCG_retail
D 2021-11-05 05:08:22.577572 [GameProvider] {Main} Inserting new unbound entity because no suitable match was found. uniqueId=WoW_retail
D 2021-11-05 05:08:22.577639 [GameProvider] {Main} Tried to insert an unbound entity with no uid. productCode=WoWC_wow_classic
D 2021-11-05 05:08:22.577648 [GameProvider] {Main} Inserting new unbound entity because no suitable match was found. uniqueId=ZEUS_retail
D 2021-11-05 05:08:22.577773 [GameProvider] {Main} Tried to insert an unbound entity that already exists. productCode=Pro_retail bound=0
D 2021-11-05 05:08:22.577783 [GameProvider] {Main} Tried to insert an unbound entity that already exists. productCode=S2_retail bound=0
I 2021-11-05 05:08:22.577810 [GameProvider] {Main} Inserting new bound entity because no suitable match was found. accountInfo=[OSI-OSI:beta] productId=OSI productType=beta
I 2021-11-05 05:08:22.577929 [GameProvider] {Main} Inserting new bound entity because no suitable match was found. accountInfo=[Pro-Pro:ow_worldcup_viewer] productId=Pro productType=ow_worldcup_viewer
D 2021-11-05 05:08:22.578028 [GameProvider] {Main} Binding account info to available unbound entity. productCode=S2_retail accountInfo=[S2-S2:retail]
D 2021-11-05 05:08:22.578044 [GameProvider] {Main} Binding account info to available unbound entity. productCode=VIPR_retail accountInfo=[VIPR-VIPR:retail]
I 2021-11-05 05:08:22.578056 [GameProvider] {Main} Inserting new bound entity because no suitable match was found. accountInfo=[S2-S2:ptr] productId=S2 productType=ptr
D 2021-11-05 05:08:22.578143 [GameProvider] {Main} Binding account info to available unbound entity. productCode=S1_retail accountInfo=[S1-S1:retail]
I 2021-11-05 05:08:22.578173 [GameProvider] {Main} Inserting new bound entity because no suitable match was found. accountInfo=[S1-S1:ptr] productId=S1 productType=ptr
I 2021-11-05 05:08:22.578341 [GameProvider] {Main} Inserting new bound entity because no suitable match was found. accountInfo=[Pro-Pro:ptr] productId=Pro productType=ptr
I 2021-11-05 05:08:22.578481 [GameProvider] {Main} Inserting new bound entity because no suitable match was found. accountInfo=[FORE-FORE:beta] productId=FORE productType=beta
D 2021-11-05 05:08:22.578720 [GameProvider] {Main} Binding account info to available unbound entity. productCode=Pro_retail accountInfo=[Pro-Pro:retail]
I 2021-11-05 05:08:22.578838 [GameProvider] {Main} Inserting new bound entity because no suitable match was found. accountInfo=[Pro-Pro:ow_tournament_viewer_1] productId=Pro productType=ow_tournament_viewer_1
I 2021-11-05 05:08:22.579068 [GameProvider] {Main} Inserting new bound entity because no suitable match was found. accountInfo=[Pro-Pro:ow_tournament_viewer_2] productId=Pro productType=ow_tournament_viewer_2
D 2021-11-05 05:08:22.579230 [GameProvider] {Main} Binding account info to available unbound entity. productCode=Hero_retail accountInfo=[Hero-Hero:retail]
I 2021-11-05 05:08:22.579248 [GameProvider] {Main} Inserting new bound entity because no suitable match was found. accountInfo=[Hero-Hero:ptr] productId=Hero productType=ptr
I 2021-11-05 05:08:22.579364 [GameProvider] {Main} Inserting new bound entity because no suitable match was found. accountInfo=[ODIN-ODIN_MW:beta] productId=ODIN_MW productType=beta
D 2021-11-05 05:08:22.579436 [GameProvider] {Main} Binding account info to available unbound entity. productCode=WTCG_retail accountInfo=[WTCG-WTCG:retail]
I 2021-11-05 05:08:22.579464 [GameProvider] {Main} Inserting new bound entity because no suitable match was found. accountInfo=[ZEUS-ZEUS:beta] productId=ZEUS productType=beta
I 2021-11-05 05:08:22.579564 [GameProvider] {Main} Game provider is now initialized
I 2021-11-05 05:08:22.579690 [InstallFlow] {Main} FlowController is now initialized
I 2021-11-05 05:08:22.579759 [GameController] {Main} Beginning GameController initialization
D 2021-11-05 05:08:22.579877 [GameController] {Main} Game Family Added: id=D3CN visible=0
D 2021-11-05 05:08:22.579986 [ProductState] {Main} Game product state created: uid=d3cn
D 2021-11-05 05:08:22.580001 [ProductState] {Main} InstallState (d3cn): currentOperation=Install currentOperationStatus=New
I 2021-11-05 05:08:22.580083 [GameController] {Main} GameAccount added to family: family=D3CN account=GameAccount(D3CN:retail region=<none> unbound hidden)
D 2021-11-05 05:08:22.580122 [GameController] {Main} Adding product state reference. uid=d3cn refCount=0
D 2021-11-05 05:08:22.580633 [GameController] {Main} Game Family Added: id=Hero visible=0
D 2021-11-05 05:08:22.580678 [ProductState] {Main} Game product state created: uid=heroes
D 2021-11-05 05:08:22.580689 [ProductState] {Main} InstallState (heroes): currentOperation=Install currentOperationStatus=New
I 2021-11-05 05:08:22.580732 [GameController] {Main} GameAccount added to family: family=Hero account=GameAccount(Hero:retail region=US)
D 2021-11-05 05:08:22.580750 [GameController] {Main} Adding product state reference. uid=heroes refCount=0
D 2021-11-05 05:08:22.580861 [GameController] {Main} Visibility Changed. family=Hero visible=1
D 2021-11-05 05:08:22.581327 [GameController] {Main} Game Family Added: id=S1 visible=0
D 2021-11-05 05:08:22.581373 [ProductState] {Main} Game product state created: uid=s1_ptr
D 2021-11-05 05:08:22.581386 [ProductState] {Main} InstallState (s1_ptr): currentOperation=Install currentOperationStatus=New
I 2021-11-05 05:08:22.581422 [GameController] {Main} GameAccount added to family: family=S1 account=GameAccount(S1:ptr region=XX)
D 2021-11-05 05:08:22.581442 [GameController] {Main} Adding product state reference. uid=s1_ptr refCount=0
D 2021-11-05 05:08:22.581475 [GameController] {Main} Visibility Changed. family=S1 visible=1
D 2021-11-05 05:08:22.581885 [GameController] {Main} Game Family Added: id=D3 visible=0
D 2021-11-05 05:08:22.581928 [ProductState] {Main} Game product state created: uid=diablo3
D 2021-11-05 05:08:22.581940 [ProductState] {Main} InstallState (diablo3): currentOperation=Install currentOperationStatus=New
I 2021-11-05 05:08:22.581985 [GameController] {Main} GameAccount added to family: family=D3 account=GameAccount(D3:retail region=US unbound)
D 2021-11-05 05:08:22.582007 [GameController] {Main} Adding product state reference. uid=diablo3 refCount=0
D 2021-11-05 05:08:22.582041 [GameController] {Main} Visibility Changed. family=D3 visible=1
D 2021-11-05 05:08:22.582466 [GameController] {Main} Game Family Added: id=LAZR visible=0
D 2021-11-05 05:08:22.582509 [ProductState] {Main} Game product state created: uid=lazarus
D 2021-11-05 05:08:22.582521 [ProductState] {Main} InstallState (lazarus): currentOperation=Install currentOperationStatus=New
I 2021-11-05 05:08:22.582558 [GameController] {Main} GameAccount added to family: family=LAZR account=GameAccount(LAZR:retail region=US unbound)
D 2021-11-05 05:08:22.582575 [GameController] {Main} Adding product state reference. uid=lazarus refCount=0
D 2021-11-05 05:08:22.582608 [GameController] {Main} Visibility Changed. family=LAZR visible=1
D 2021-11-05 05:08:22.583354 [ProductState] {Main} Game product state created: uid=s1
D 2021-11-05 05:08:22.583395 [ProductState] {Main} InstallState (s1): currentOperation=Install currentOperationStatus=New
I 2021-11-05 05:08:22.583474 [GameController] {Main} GameAccount added to family: family=S1 account=GameAccount(S1:retail region=US)
D 2021-11-05 05:08:22.583503 [GameController] {Main} Adding product state reference. uid=s1 refCount=0
D 2021-11-05 05:08:22.584226 [GameController] {Main} Game Family Added: id=AUKS visible=0
D 2021-11-05 05:08:22.584314 [ProductState] {Main} Game product state created: uid=auks
D 2021-11-05 05:08:22.584329 [ProductState] {Main} InstallState (auks): currentOperation=Install currentOperationStatus=New
I 2021-11-05 05:08:22.584407 [GameController] {Main} GameAccount added to family: family=AUKS account=GameAccount(AUKS:retail region=US unbound hidden)
D 2021-11-05 05:08:22.584447 [GameController] {Main} Adding product state reference. uid=auks refCount=0
D 2021-11-05 05:08:22.585123 [GameController] {Main} Game Family Added: id=Pro visible=0
D 2021-11-05 05:08:22.585198 [ProductState] {Main} Game product state created: uid=prometheus_test
D 2021-11-05 05:08:22.585211 [ProductState] {Main} InstallState (prometheus_test): currentOperation=Install currentOperationStatus=New
I 2021-11-05 05:08:22.585325 [GameController] {Main} GameAccount added to family: family=Pro account=GameAccount(Pro:ptr region=XX)
D 2021-11-05 05:08:22.585346 [GameController] {Main} Adding product state reference. uid=prometheus_test refCount=0
D 2021-11-05 05:08:22.585391 [GameController] {Main} Visibility Changed. family=Pro visible=1
D 2021-11-05 05:08:22.585975 [GameController] {Main} Game Family Added: id=OSI visible=0
D 2021-11-05 05:08:22.586061 [ProductState] {Main} Game product state created: uid=osi
D 2021-11-05 05:08:22.586084 [ProductState] {Main} InstallState (osi): currentOperation=Install currentOperationStatus=New
I 2021-11-05 05:08:22.586153 [GameController] {Main} GameAccount added to family: family=OSI account=GameAccount(OSI:retail region=US unbound)
D 2021-11-05 05:08:22.586189 [GameController] {Main} Adding product state reference. uid=osi refCount=0
D 2021-11-05 05:08:22.586258 [GameController] {Main} Visibility Changed. family=OSI visible=1
D 2021-11-05 05:08:22.586928 [GameController] {Main} Game Family Added: id=FORE visible=0
D 2021-11-05 05:08:22.587067 [ProductState] {Main} Game product state created: uid=fore
D 2021-11-05 05:08:22.587090 [ProductState] {Main} InstallState (fore): currentOperation=Install currentOperationStatus=New
I 2021-11-05 05:08:22.587232 [GameController] {Main} GameAccount added to family: family=FORE account=GameAccount(FORE:retail region=US unbound)
D 2021-11-05 05:08:22.587306 [GameController] {Main} Adding product state reference. uid=fore refCount=0
D 2021-11-05 05:08:22.587412 [GameController] {Main} Visibility Changed. family=FORE visible=1
D 2021-11-05 05:08:22.588316 [GameController] {Main} Game Family Added: id=Fen visible=0
D 2021-11-05 05:08:22.588496 [ProductState] {Main} Game product state created: uid=fenris
D 2021-11-05 05:08:22.588525 [ProductState] {Main} InstallState (fenris): currentOperation=Install currentOperationStatus=New
I 2021-11-05 05:08:22.588610 [GameController] {Main} GameAccount added to family: family=Fen account=GameAccount(Fen:retail region=US unbound hidden)
D 2021-11-05 05:08:22.588647 [GameController] {Main} Adding product state reference. uid=fenris refCount=0
D 2021-11-05 05:08:22.589459 [GameController] {Main} Game Family Added: id=VIPR visible=0
D 2021-11-05 05:08:22.589561 [ProductState] {Main} Game product state created: uid=viper
D 2021-11-05 05:08:22.589591 [ProductState] {Main} InstallState (viper): currentOperation=Install currentOperationStatus=New
I 2021-11-05 05:08:22.589663 [GameController] {Main} GameAccount added to family: family=VIPR account=GameAccount(VIPR:retail region=US)
D 2021-11-05 05:08:22.589714 [GameController] {Main} Adding product state reference. uid=viper refCount=0
D 2021-11-05 05:08:22.589764 [GameController] {Main} Visibility Changed. family=VIPR visible=1
D 2021-11-05 05:08:22.590506 [GameController] {Main} Game Family Added: id=ODIN visible=0
D 2021-11-05 05:08:22.590596 [ProductState] {Main} Game product state created: uid=odin
D 2021-11-05 05:08:22.590609 [ProductState] {Main} InstallState (odin): currentOperation=Install currentOperationStatus=New
I 2021-11-05 05:08:22.590649 [GameController] {Main} GameAccount added to family: family=ODIN account=GameAccount(ODIN:retail region=US unbound)
D 2021-11-05 05:08:22.590670 [GameController] {Main} Adding product state reference. uid=odin refCount=0
D 2021-11-05 05:08:22.590709 [GameController] {Main} Visibility Changed. family=ODIN visible=1
I 2021-11-05 05:08:22.591314 [GameController] {Main} GameAccount added to family: family=Pro account=GameAccount(Pro:retail region=US)
D 2021-11-05 05:08:22.591352 [GameController] {Main} Adding product state reference. uid=prometheus refCount=0
D 2021-11-05 05:08:22.591788 [GameController] {Main} Game Family Added: id=RTRO visible=0
D 2021-11-05 05:08:22.591831 [ProductState] {Main} Game product state created: uid=rtro
D 2021-11-05 05:08:22.591862 [ProductState] {Main} InstallState (rtro): currentOperation=Install currentOperationStatus=New
I 2021-11-05 05:08:22.591936 [GameController] {Main} GameAccount added to family: family=RTRO account=GameAccount(RTRO:retail region=US unbound)
D 2021-11-05 05:08:22.591958 [GameController] {Main} Adding product state reference. uid=rtro refCount=0
D 2021-11-05 05:08:22.592025 [GameController] {Main} Visibility Changed. family=RTRO visible=1
D 2021-11-05 05:08:22.592448 [GameController] {Main} Game Family Added: id=S2 visible=0
I 2021-11-05 05:08:22.592475 [GameController] {Main} GameAccount added to family: family=S2 account=GameAccount(S2:retail region=US)
D 2021-11-05 05:08:22.592490 [GameController] {Main} Adding product state reference. uid=s2 refCount=0
D 2021-11-05 05:08:22.592516 [GameController] {Main} Visibility Changed. family=S2 visible=1
D 2021-11-05 05:08:22.592918 [GameController] {Main} Game Family Added: id=W3 visible=0
D 2021-11-05 05:08:22.592955 [ProductState] {Main} Game product state created: uid=w3
D 2021-11-05 05:08:22.592966 [ProductState] {Main} InstallState (w3): currentOperation=Install currentOperationStatus=New
I 2021-11-05 05:08:22.593007 [GameController] {Main} GameAccount added to family: family=W3 account=GameAccount(W3:retail region=US unbound)
D 2021-11-05 05:08:22.593025 [GameController] {Main} Adding product state reference. uid=w3 refCount=0
D 2021-11-05 05:08:22.593058 [GameController] {Main} Visibility Changed. family=W3 visible=1
D 2021-11-05 05:08:22.593472 [GameController] {Main} Game Family Added: id=WLBY visible=0
D 2021-11-05 05:08:22.593510 [ProductState] {Main} Game product state created: uid=wlby
D 2021-11-05 05:08:22.593522 [ProductState] {Main} InstallState (wlby): currentOperation=Install currentOperationStatus=New
I 2021-11-05 05:08:22.593559 [GameController] {Main} GameAccount added to family: family=WLBY account=GameAccount(WLBY:retail region=US unbound)
D 2021-11-05 05:08:22.593575 [GameController] {Main} Adding product state reference. uid=wlby refCount=0
D 2021-11-05 05:08:22.593606 [GameController] {Main} Visibility Changed. family=WLBY visible=1
D 2021-11-05 05:08:22.594017 [GameController] {Main} Game Family Added: id=WTCG visible=0
D 2021-11-05 05:08:22.594055 [ProductState] {Main} Game product state created: uid=hs_beta
D 2021-11-05 05:08:22.594067 [ProductState] {Main} InstallState (hs_beta): currentOperation=Install currentOperationStatus=New
I 2021-11-05 05:08:22.594135 [GameController] {Main} GameAccount added to family: family=WTCG account=GameAccount(WTCG:retail region=US)
D 2021-11-05 05:08:22.594153 [GameController] {Main} Adding product state reference. uid=hs_beta refCount=0
D 2021-11-05 05:08:22.594215 [GameController] {Main} Visibility Changed. family=WTCG visible=1
D 2021-11-05 05:08:22.595027 [GameController] {Main} Game Family Added: id=WoW visible=0
D 2021-11-05 05:08:22.595089 [ProductState] {Main} Game product state created: uid=wow
D 2021-11-05 05:08:22.595116 [ProductState] {Main} InstallState (wow): currentOperation=Install currentOperationStatus=New
I 2021-11-05 05:08:22.595185 [GameController] {Main} GameAccount added to family: family=WoW account=GameAccount(WoW:retail region=US unbound)
D 2021-11-05 05:08:22.595210 [GameController] {Main} Adding product state reference. uid=wow refCount=0
D 2021-11-05 05:08:22.595286 [GameController] {Main} Visibility Changed. family=WoW visible=1
D 2021-11-05 05:08:22.595758 [GameController] {Main} Game Family Added: id=ZEUS visible=0
D 2021-11-05 05:08:22.595814 [ProductState] {Main} Game product state created: uid=zeus
D 2021-11-05 05:08:22.595827 [ProductState] {Main} InstallState (zeus): currentOperation=Install currentOperationStatus=New
I 2021-11-05 05:08:22.595867 [GameController] {Main} GameAccount added to family: family=ZEUS account=GameAccount(ZEUS:retail region=US unbound)
D 2021-11-05 05:08:22.595898 [GameController] {Main} Adding product state reference. uid=zeus refCount=0
D 2021-11-05 05:08:22.595949 [GameController] {Main} Visibility Changed. family=ZEUS visible=1
D 2021-11-05 05:08:22.596363 [ProductState] {Main} Game product state created: uid=osi_beta
D 2021-11-05 05:08:22.596375 [ProductState] {Main} InstallState (osi_beta): currentOperation=Install currentOperationStatus=New
I 2021-11-05 05:08:22.596430 [GameController] {Main} GameAccount added to family: family=OSI account=GameAccount(OSI:beta region=US hidden)
D 2021-11-05 05:08:22.596446 [GameController] {Main} Adding product state reference. uid=osi_beta refCount=0
D 2021-11-05 05:08:22.596891 [ProductState] {Main} Game product state created: uid=fore_beta
D 2021-11-05 05:08:22.596903 [ProductState] {Main} InstallState (fore_beta): currentOperation=Install currentOperationStatus=New
I 2021-11-05 05:08:22.596949 [GameController] {Main} GameAccount added to family: family=FORE account=GameAccount(FORE:beta region=US hidden)
D 2021-11-05 05:08:22.596965 [GameController] {Main} Adding product state reference. uid=fore_beta refCount=0
D 2021-11-05 05:08:22.597453 [ProductState] {Main} Game product state created: uid=prometheus_viewer
D 2021-11-05 05:08:22.597471 [ProductState] {Main} InstallState (prometheus_viewer): currentOperation=Install currentOperationStatus=New
I 2021-11-05 05:08:22.597537 [GameController] {Main} GameAccount added to family: family=Pro account=GameAccount(Pro:ow_worldcup_viewer region=US hidden)
D 2021-11-05 05:08:22.597556 [GameController] {Main} Adding product state reference. uid=prometheus_viewer refCount=0
D 2021-11-05 05:08:22.598079 [ProductState] {Main} Game product state created: uid=s2_ptr
D 2021-11-05 05:08:22.598093 [ProductState] {Main} InstallState (s2_ptr): currentOperation=Install currentOperationStatus=New
I 2021-11-05 05:08:22.598131 [GameController] {Main} GameAccount added to family: family=S2 account=GameAccount(S2:ptr region=XX)
D 2021-11-05 05:08:22.598151 [GameController] {Main} Adding product state reference. uid=s2_ptr refCount=0
D 2021-11-05 05:08:22.598612 [ProductState] {Main} Game product state created: uid=prometheus_tournament_viewer
D 2021-11-05 05:08:22.598626 [ProductState] {Main} InstallState (prometheus_tournament_viewer): currentOperation=Install currentOperationStatus=New
I 2021-11-05 05:08:22.598720 [GameController] {Main} GameAccount added to family: family=Pro account=GameAccount(Pro:ow_tournament_viewer_1 region=US)
D 2021-11-05 05:08:22.598760 [GameController] {Main} Adding product state reference. uid=prometheus_tournament_viewer refCount=0
D 2021-11-05 05:08:22.600234 [ProductState] {Main} Game product state created: uid=prometheus_tournament_viewer_2
D 2021-11-05 05:08:22.600285 [ProductState] {Main} InstallState (prometheus_tournament_viewer_2): currentOperation=Install currentOperationStatus=New
I 2021-11-05 05:08:22.600447 [GameController] {Main} GameAccount added to family: family=Pro account=GameAccount(Pro:ow_tournament_viewer_2 region=US)
D 2021-11-05 05:08:22.600500 [GameController] {Main} Adding product state reference. uid=prometheus_tournament_viewer_2 refCount=0
D 2021-11-05 05:08:22.601749 [ProductState] {Main} Game product state created: uid=heroes_ptr
D 2021-11-05 05:08:22.601781 [ProductState] {Main} InstallState (heroes_ptr): currentOperation=Install currentOperationStatus=New
I 2021-11-05 05:08:22.601951 [GameController] {Main} GameAccount added to family: family=Hero account=GameAccount(Hero:ptr region=XX)
D 2021-11-05 05:08:22.601993 [GameController] {Main} Adding product state reference. uid=heroes_ptr refCount=0
D 2021-11-05 05:08:22.602514 [ProductState] {Main} Game product state created: uid=odin_beta
D 2021-11-05 05:08:22.602533 [ProductState] {Main} InstallState (odin_beta): currentOperation=Install currentOperationStatus=New
I 2021-11-05 05:08:22.602650 [GameController] {Main} GameAccount added to family: family=ODIN account=GameAccount(ODIN:beta region=US hidden)
D 2021-11-05 05:08:22.602685 [GameController] {Main} Adding product state reference. uid=odin_beta refCount=0
D 2021-11-05 05:08:22.603562 [ProductState] {Main} Game product state created: uid=zeus_beta
D 2021-11-05 05:08:22.603603 [ProductState] {Main} InstallState (zeus_beta): currentOperation=Install currentOperationStatus=New
I 2021-11-05 05:08:22.603742 [GameController] {Main} GameAccount added to family: family=ZEUS account=GameAccount(ZEUS:beta region=US hidden)
D 2021-11-05 05:08:22.603764 [GameController] {Main} Adding product state reference. uid=zeus_beta refCount=0
I 2021-11-05 05:08:22.616526 [GameController] {Main} Setting default selections for game controller
D 2021-11-05 05:08:22.616569 [GameController] {Main} Picked default selection by type for product group: WLBY account=GameAccount(WLBY:retail region=US unbound)
D 2021-11-05 05:08:22.617978 [GameController] {Main} New selection for product group WLBY: account=GameAccount(WLBY:retail region=US unbound) selectedItem=Crash Bandicoot 4: It's About Time
D 2021-11-05 05:08:22.618204 [GameController] {Main} Picked default selection by type for product group: Pro account=GameAccount(Pro:retail region=US)
D 2021-11-05 05:08:22.620293 [GameController] {Main} New selection for product group Pro: account=GameAccount(Pro:retail region=US) selectedItem=Overwatch
D 2021-11-05 05:08:22.620588 [RemoteContentCache] {Main} Found cached remote content. url=https://nydus.battle.net/App/enUS/client/overwatch/alert?targetRegion=US
D 2021-11-05 05:08:22.620649 [GameController] {Main} Picked default selection by type for product group: WoW account=GameAccount(WoW:retail region=US unbound)
D 2021-11-05 05:08:22.621977 [GameController] {Main} New selection for product group WoW: account=GameAccount(WoW:retail region=US unbound) selectedItem=World of Warcraft
D 2021-11-05 05:08:22.622128 [RemoteContentCache] {Main} Found cached remote content. url=https://nydus.battle.net/App/enUS/client/WoW/alert?targetRegion=US
D 2021-11-05 05:08:22.622160 [GameController] {Main} Picked default selection by type for product group: S2 account=GameAccount(S2:retail region=US)
D 2021-11-05 05:08:22.623534 [GameController] {Main} New selection for product group S2: account=GameAccount(S2:retail region=US) selectedItem=StarCraft II
D 2021-11-05 05:08:22.623687 [RemoteContentCache] {Main} Found cached remote content. url=https://nydus.battle.net/App/enUS/client/S2/alert?targetRegion=US
D 2021-11-05 05:08:22.623740 [GameController] {Main} Picked default selection by type for product group: Fen account=GameAccount(null)
D 2021-11-05 05:08:22.623753 [GameController] {Main} Picked default selection by type for product group: ZEUS account=GameAccount(ZEUS:retail region=US unbound)
D 2021-11-05 05:08:22.624735 [GameController] {Main} Selected region change: GameAccount(ZEUS:retail region=US unbound)
D 2021-11-05 05:08:22.624750 [GameController] {Main} Region changed for selected game account: GameAccount(ZEUS:retail region=US unbound)
D 2021-11-05 05:08:22.624970 [GameController] {Main} New selection for product group ZEUS: account=GameAccount(ZEUS:retail region=US unbound) selectedItem=Call of Duty: Black Ops Cold War
D 2021-11-05 05:08:22.625000 [GameController] {Main} Picked default selection by type for product group: W3 account=GameAccount(W3:retail region=US unbound)
D 2021-11-05 05:08:22.625974 [GameController] {Main} New selection for product group W3: account=GameAccount(W3:retail region=US unbound) selectedItem=Warcraft III
D 2021-11-05 05:08:22.626160 [RemoteContentCache] {Main} Found cached remote content. url=https://nydus.battle.net/App/enUS/client/war3r/alert?targetRegion=US
D 2021-11-05 05:08:22.626205 [GameController] {Main} Picked default selection by type for product group: RTRO account=GameAccount(RTRO:retail region=US unbound)
D 2021-11-05 05:08:22.627217 [GameController] {Main} Selected region change: GameAccount(RTRO:retail region=US unbound)
D 2021-11-05 05:08:22.627233 [GameController] {Main} Region changed for selected game account: GameAccount(RTRO:retail region=US unbound)
D 2021-11-05 05:08:22.627362 [GameController] {Main} New selection for product group RTRO: account=GameAccount(RTRO:retail region=US unbound) selectedItem=Blizzard Arcade Collection
D 2021-11-05 05:08:22.627391 [GameController] {Main} Picked default selection by type for product group: FORE account=GameAccount(FORE:retail region=US unbound)
D 2021-11-05 05:08:22.628361 [GameController] {Main} Selected region change: GameAccount(FORE:retail region=US unbound)
D 2021-11-05 05:08:22.628375 [GameController] {Main} Region changed for selected game account: GameAccount(FORE:retail region=US unbound)
D 2021-11-05 05:08:22.628387 [GameController] {Main} New selection for product group FORE: account=GameAccount(FORE:retail region=US unbound) selectedItem=Call of Duty: Vanguard
D 2021-11-05 05:08:22.628405 [GameController] {Main} Picked default selection by type for product group: S1 account=GameAccount(S1:retail region=US)
D 2021-11-05 05:08:22.630012 [GameController] {Main} New selection for product group S1: account=GameAccount(S1:retail region=US) selectedItem=StarCraft
D 2021-11-05 05:08:22.630265 [RemoteContentCache] {Main} Found cached remote content. url=https://nydus.battle.net/App/enUS/client/S1/alert?targetRegion=US
D 2021-11-05 05:08:22.630304 [GameController] {Main} Picked default selection by type for product group: ODIN account=GameAccount(ODIN:retail region=US unbound)
D 2021-11-05 05:08:22.631379 [GameController] {Main} New selection for product group ODIN: account=GameAccount(ODIN:retail region=US unbound) selectedItem=Call of Duty: Warzone
D 2021-11-05 05:08:22.631512 [RemoteContentCache] {Main} Found cached remote content. url=https://nydus.battle.net/App/enUS/client/odin/alert?targetRegion=US
D 2021-11-05 05:08:22.631540 [GameController] {Main} Picked default selection by type for product group: WTCG account=GameAccount(WTCG:retail region=US)
D 2021-11-05 05:08:22.632550 [GameController] {Main} New selection for product group WTCG: account=GameAccount(WTCG:retail region=US) selectedItem=Hearthstone
D 2021-11-05 05:08:22.632675 [RemoteContentCache] {Main} Found cached remote content. url=https://nydus.battle.net/App/enUS/client/WTCG/alert?targetRegion=US
D 2021-11-05 05:08:22.632707 [GameController] {Main} Picked default selection by type for product group: D3 account=GameAccount(D3:retail region=US unbound)
D 2021-11-05 05:08:22.633733 [GameController] {Main} New selection for product group D3: account=GameAccount(D3:retail region=US unbound) selectedItem=Diablo III
D 2021-11-05 05:08:22.633903 [RemoteContentCache] {Main} Found cached remote content. url=https://nydus.battle.net/App/enUS/client/D3/alert?targetRegion=US
D 2021-11-05 05:08:22.633945 [GameController] {Main} Picked default selection by type for product group: Hero account=GameAccount(Hero:retail region=US)
D 2021-11-05 05:08:22.635055 [GameController] {Main} New selection for product group Hero: account=GameAccount(Hero:retail region=US) selectedItem=Heroes of the Storm
D 2021-11-05 05:08:22.635178 [RemoteContentCache] {Main} Found cached remote content. url=https://nydus.battle.net/App/enUS/client/Hero/alert?targetRegion=US
D 2021-11-05 05:08:22.635202 [GameController] {Main} Picked default selection by type for product group: D3CN account=GameAccount(null)
D 2021-11-05 05:08:22.635214 [GameController] {Main} Picked default selection by type for product group: AUKS account=GameAccount(null)
D 2021-11-05 05:08:22.635222 [GameController] {Main} Picked default selection by type for product group: VIPR account=GameAccount(VIPR:retail region=US)
D 2021-11-05 05:08:22.636557 [GameController] {Main} New selection for product group VIPR: account=GameAccount(VIPR:retail region=US) selectedItem=Call of Duty: Black Ops 4
D 2021-11-05 05:08:22.636936 [RemoteContentCache] {Main} Found cached remote content. url=https://nydus.battle.net/App/enUS/client/VIPR/alert?targetRegion=US
D 2021-11-05 05:08:22.636975 [GameController] {Main} Picked default selection by type for product group: OSI account=GameAccount(OSI:retail region=US unbound)
D 2021-11-05 05:08:22.638050 [GameController] {Main} Selected region change: GameAccount(OSI:retail region=US unbound)
D 2021-11-05 05:08:22.638067 [GameController] {Main} Region changed for selected game account: GameAccount(OSI:retail region=US unbound)
D 2021-11-05 05:08:22.638209 [GameController] {Main} New selection for product group OSI: account=GameAccount(OSI:retail region=US unbound) selectedItem=Diablo II: Resurrected
D 2021-11-05 05:08:22.638239 [GameController] {Main} Picked default selection by type for product group: LAZR account=GameAccount(LAZR:retail region=US unbound)
D 2021-11-05 05:08:22.639384 [GameController] {Main} New selection for product group LAZR: account=GameAccount(LAZR:retail region=US unbound) selectedItem=Call of Duty: MW2 Campaign Remastered
D 2021-11-05 05:08:22.639578 [RemoteContentCache] {Main} Found cached remote content. url=https://nydus.battle.net/App/enUS/client/lazr/alert?targetRegion=US
D 2021-11-05 05:08:22.639686 [GameController] {Main} Selecting game family by id: S2
D 2021-11-05 05:08:22.639735 [GameController] {Main} Active family set to: S2
D 2021-11-05 05:08:22.646308 [GameController] {Main} Active product set to: S2_retail
I 2021-11-05 05:08:22.650112 [GameController] {Main} GameController initialization complete
D 2021-11-05 05:08:22.651906 [GSAccountProvider] {Main} Completed final load.
D 2021-11-05 05:08:22.677451 [GSAccountProvider] {Main} Received GameTimeRemainingInfo: (Game: US-S2-142430010) info=
D 2021-11-05 05:08:22.677481 [GSAccountProvider] {Main} Received GameTimeRemainingInfo: (Game: US-Pro-118039079) info=
D 2021-11-05 05:08:22.677495 [GSAccountProvider] {Main} Subscription has been activated. entityId=(Game: US-WTCG-50416411)
D 2021-11-05 05:08:22.677504 [GSAccountProvider] {Main} Received GameTimeRemainingInfo: (Game: US-DST2-168118293) info=
D 2021-11-05 05:08:22.705846 [GSAccountProvider] {Main} Received GameTimeRemainingInfo: (Game: US-Hero-61078631) info=
D 2021-11-05 05:08:22.705912 [GSAccountProvider] {Main} Received GameTimeRemainingInfo: (Game: US-S1-511902745) info=
D 2021-11-05 05:08:22.705921 [GSAccountProvider] {Main} Received GameTimeRemainingInfo: (Game: US-WTCG-50416411) info=
D 2021-11-05 05:08:23.157994 [BAPIGateway] {Main} API request: https://us.api.blizzard.com/content-api/v1/layoutTemplates/blt478cfc6c41578ddb/layout?cxpProductId=blt90855744d00cd378
I 2021-11-05 05:08:23.201721 [GameController] {Main} Selecting game by uid. uid=s2 prioritizeUpdate=1
I 2021-11-05 05:08:23.208424 [GameController] {Main} Prioritize Update: uid=s2
I 2021-11-05 05:08:23.208470 [ScreenController] {Main} Changing screen to: Games
I 2021-11-05 05:08:23.212873 [StartupGameSearch] {Main} Skipping automated search for unregistered games
W 2021-11-05 05:08:23.212925 [InstallManager] {Main} Skipping search for unregistered games.
I 2021-11-05 05:08:23.212930 [InstallManager] {Main} Searching for unregistered games finished.
I 2021-11-05 05:08:23.212961 [StartupGameSearch] {Main} Completed automated search for unregistered games
I 2021-11-05 05:08:23.213087 [InstallFlow] {Main} No longer waiting for game registration search to complete.
D 2021-11-05 05:08:23.215432 [InventoryController] {Main} Updating inventory
D 2021-11-05 05:08:23.215452 [InventoryController] {Main} GetInventoryInfo request
D 2021-11-05 05:08:23.215480 [BAPIGateway] {Main} API request: https://us.api.blizzard.com/AccountInventoryService/v1/GetNewInventoryItemCount
I 2021-11-05 05:08:23.219865 [Clubs] {Main} Subscribing to club membership.
I 2021-11-05 05:08:23.220005 [ChannelV2] {Main} Subscribing to channelv2 membership service. |agentId=|id=101128130|program=4288624|region=1
I 2021-11-05 05:08:23.220077 [BNLogin] {Main} Logged into Battle.net successfully. |bnet=1:0:126e7264|game=2:100417070:60717c2
I 2021-11-05 05:08:23.525485 [ChannelV2] {Main} ChannelV2 membership subscription created.
I 2021-11-05 05:08:23.541906 [Clubs] {Main} Club membership subscription created: |accountId=|id=309228132
D 2021-11-05 05:08:23.565343 [BAPIGateway] {Main} API response: OK content={"layoutId":"blt9fc836ef855c7669","sections":[{"name":"Takeovers","contentItems":[{"contentId":"blt613922f9c2ece157","contentType":"shopLinks","context":{"locale":"en-us"},"properties":{"title":"[TAKEOVER][COD VG] Vanguard Available Now/ Buy Now","internalTitle":"[TAKEOVER][COD VG] Vanguard Available Now/ Buy Now","cxpProduct":{"cxpProductId":"bltd645af9d59b15222","titleId":1179603525,"title":"Call of Duty: Vanguard","productCode":"FORE","segment":"cod-vanguard","logo":{"imageUrl":"https://blz-contentstack-images.akamaized.net/v3/assets/blt286175c11a6b3f4c/blt8a44213fb32f5467/61804e69c92827202c004a04/VanguardGold.svg","imageFileType":"image/svg+xml","imageAltText":"Call of Duty: Vanguard","url":"https://blz-contentstack-images.akamaized.net/v3/assets/blt286175c11a6b3f4c/blt8a44213fb32f5467/61804e69c92827202c004a04/VanguardGold.svg","fileType":"image/svg+xml","altText":"Call of Duty: Vanguard"},"context":{"locale":"en-us"}},"cxpProductId":"bltd645af9d59b15222","summary":"","callToAction":"Buy Now","category":"Shop Now","staticAsset":{"imageUrl":"https://blz-contentstack-images.akamaized.net/v3/assets/blt286175c11a6b3f4c/blta8749d78624b4322/6181ec0a32580b3e3d45050d/d20211006-007_VG_Launch_Keyart_CTA_1P-Bnet-Launcher-CUI-Phoenix_01a_FINAL_(1).jpg","imageFileType":"image/jpeg","imageAltText":"Available Now","url":"https://blz-contentstack-images.akamaized.net/v3/assets/blt286175c11a6b3f4c/blta8749d78624b4322/6181ec0a32580b3e3d45050d/d20211006-007_VG_Launch_Keyart_CTA_1P-Bnet-Launcher-CUI-Phoenix_01a_FINAL_(1).jpg","fileType":"image/jpeg","altText":"Available Now"},"animatedAsset":{"imageUrl":"https://blz-contentstack-assets.akamaized.net/v3/assets/blt286175c11a6b3f4c/blt6f24544df3e798a8/6181eb7d32580b3e3d450509/m20211013-004_VG_Launch_1P_GFX_AvailNow_BuyNow.webm","imageFileType":"video/webm","imageAltText":"Available Now","url":"https://blz-contentstack-assets.akamaized.net/v3/assets/blt286175c11a6b3f4c/blt6f24544df3e798a8/6181eb7d32580b3e3d450509/m20211013-004_VG_Launch_1P_GFX_AvailNow_BuyNow.webm","fileType":"video/webm","altText":"Available Now"},"lastUpdated":"2021-11-05T04:14:20.745Z","url":"https://shop.battle.net/product/call-of-duty-vanguard","campaignId":"marketing-global-VG-buy-now-takeover","crossPromotion":true}}]}],"context":{"locale":"en-us","cxpProductId":"blt90855744d00cd378","layoutTemplateId":"blt478cfc6c41578ddb","region":"North America","includeFeed":false}}
D 2021-11-05 05:08:23.575325 [BAPIGateway] {Main} API response: OK content={"error":null,"newCount":0,"totalCount":0}
D 2021-11-05 05:08:23.575357 [InventoryController] {Main} Inventory changed, new: 0 total: 0
E 2021-11-05 05:08:24.646072 [BNSocialNetwork] {Main} Error response for BGS Facebook friend list. error=ERROR_SOCIAL_NETWORK_NO_ACCOUNT_DATA (9005)
I 2021-11-05 05:08:25.199574 [GameSessionList] {Agent} Reporting process: TrackingInfo(uid=battle.net, type=game, opStatus=On, reqId=0, running=4, oldRunning=2)
I 2021-11-05 05:08:25.205435 [InstallManager] {Main} Setting Process Running: true uid=battle.net binaryType=game any=true
I 2021-11-05 05:08:26.124791 [BrowserClientHandler] {} Creating new auth request for url. frameId=17179869188 requestId=2181139255 url=https://us.battle.net/login/en/?ref=https://oauth.battle.net/oauth/authorize?optLogin%3Dtrue%26optSso%3Dtrue%26response_type%3Dcode%26redirect_uri%3Dhttps%253A%252F%252Fcontent-ui.battle.net%252Fauth%252Fbnet%252Fcallback%26scope%3Dcts%253Aread%26client_id%3D7551465a10ef43838bb8aa1c8bbe1a4d&app=oauth&opt&optSso
D 2021-11-05 05:08:26.126819 [BrowserClientHandler] {} Deferring url request for auth. frameId=17179869188 requestId=2181139255 url=https://us.battle.net/login/en/?ref=https://oauth.battle.net/oauth/authorize?optLogin%3Dtrue%26optSso%3Dtrue%26response_type%3Dcode%26redirect_uri%3Dhttps%253A%252F%252Fcontent-ui.battle.net%252Fauth%252Fbnet%252Fcallback%26scope%3Dcts%253Aread%26client_id%3D7551465a10ef43838bb8aa1c8bbe1a4d&app=oauth&opt&optSso
D 2021-11-05 05:08:26.326465 [BrowserClientHandler] {Main} Auth complete, resuming deferred request. frameId=17179869188 requestId=2181139255 url=https://us.battle.net/login/en/?ref=https://oauth.battle.net/oauth/authorize?optLogin%3Dtrue%26optSso%3Dtrue%26response_type%3Dcode%26redirect_uri%3Dhttps%253A%252F%252Fcontent-ui.battle.net%252Fauth%252Fbnet%252Fcallback%26scope%3Dcts%253Aread%26client_id%3D7551465a10ef43838bb8aa1c8bbe1a4d&app=oauth&opt&optSso
I 2021-11-05 05:08:31.204710 [GameSessionList] {Agent} Reporting process: TrackingInfo(uid=battle.net, type=game, opStatus=On, reqId=0, running=5, oldRunning=4)
I 2021-11-05 05:08:31.205860 [InstallManager] {Main} Setting Process Running: true uid=battle.net binaryType=game any=true
I 2021-11-05 05:09:19.446317 [InstallManager] {Main} Starting [Auto] NEXTPATCH operation for "prometheus".
D 2021-11-05 05:09:19.446397 [InstallInfo] {Main} Operation status changed: opType=NextPatch oldStatus=Off newStatus=On agentUid=prometheus
D 2021-11-05 05:09:19.446478 [ProductState] {Main} InstallState (prometheus): currentOperation=NextPatch currentOperationStatus=Waiting progress=0
I 2021-11-05 05:09:19.470608 [Frontend] {Main} Switching Progress display mode. uid=prometheus mode=ShowNextPatchSpinner
D 2021-11-05 05:09:21.546238 [ProductState] {Main} InstallState (prometheus): currentOperationStatus=Initializing downloadRemainingExists=1
D 2021-11-05 05:09:27.556151 [ProductState] {Main} InstallState (prometheus): currentOperationStatus=Waiting
D 2021-11-05 05:09:27.556465 [InstallInfo] {Main} Operation status changed: opType=NextPatch oldStatus=On newStatus=Off agentUid=prometheus
D 2021-11-05 05:09:27.556506 [ProductState] {Main} InstallState (prometheus): currentOperation=UpToDate currentOperationStatus=Paused progress=1
I 2021-11-05 05:09:27.565531 [Frontend] {Main} Switching Progress display mode. uid=prometheus mode=Invisible
I 2021-11-05 05:10:22.543245 [GameSessionList] {Agent} Reporting process: TrackingInfo(uid=battle.net, type=game, opStatus=On, reqId=0, running=6, oldRunning=5)
I 2021-11-05 05:10:22.546075 [InstallManager] {Main} Setting Process Running: true uid=battle.net binaryType=game any=true
I 2021-11-05 05:10:25.554863 [GameSessionList] {Agent} Reporting process: TrackingInfo(uid=battle.net, type=game, opStatus=On, reqId=0, running=5, oldRunning=6)
I 2021-11-05 05:10:25.555826 [InstallManager] {Main} Setting Process Running: true uid=battle.net binaryType=game any=true
D 2021-11-05 05:14:24.629387 [GameController] {Main} Selecting game family by id: Pro
D 2021-11-05 05:14:24.629448 [GameController] {Main} Active family set to: Pro
D 2021-11-05 05:14:24.637030 [GameController] {Main} Active product set to: Pro_retail
I 2021-11-05 05:14:25.894776 [Main] {Main} Frontend is requesting to close window.
D 2021-11-05 05:14:25.928392 [GameController] {Main} Shutting down GameController
I 2021-11-05 05:14:25.928588 [GameController] {Main} Deleting GameFamily: , # of game accounts:0
I 2021-11-05 05:14:25.928669 [GameController] {Main} Deleting GameFamily: Fen, # of game accounts:1
I 2021-11-05 05:14:25.928728 [GameController] {Main} Deleting GameFamily: D3CN, # of game accounts:1
I 2021-11-05 05:14:25.928767 [GameController] {Main} Deleting GameFamily: AUKS, # of game accounts:1
D 2021-11-05 05:14:25.928844 [ProductState] {Main} Game product state destroyed: uid=
D 2021-11-05 05:14:25.928860 [ProductState] {Main} Game product state destroyed: uid=d3cn
D 2021-11-05 05:14:25.928916 [ProductState] {Main} Game product state destroyed: uid=auks
D 2021-11-05 05:14:25.928960 [ProductState] {Main} Game product state destroyed: uid=fenris
I 2021-11-05 05:14:25.929142 [GameController] {Main} Deleting GameFamily: OSI, # of game accounts:2
D 2021-11-05 05:14:25.929186 [ProductState] {Main} Game product state destroyed: uid=osi_beta
D 2021-11-05 05:14:25.929238 [ProductState] {Main} Game product state destroyed: uid=osi
I 2021-11-05 05:14:25.929296 [GameController] {Main} Deleting GameFamily: S2, # of game accounts:2
D 2021-11-05 05:14:25.929356 [ProductState] {Main} Game product state destroyed: uid=s2_ptr
D 2021-11-05 05:14:25.929420 [ProductState] {Main} Game product state destroyed: uid=s2
I 2021-11-05 05:14:25.929513 [GameController] {Main} Deleting GameFamily: RTRO, # of game accounts:1
D 2021-11-05 05:14:25.929560 [ProductState] {Main} Game product state destroyed: uid=rtro
I 2021-11-05 05:14:25.929608 [GameController] {Main} Deleting GameFamily: WoW, # of game accounts:1
D 2021-11-05 05:14:25.929657 [ProductState] {Main} Game product state destroyed: uid=wow
I 2021-11-05 05:14:25.929705 [GameController] {Main} Deleting GameFamily: D3, # of game accounts:1
D 2021-11-05 05:14:25.929757 [ProductState] {Main} Game product state destroyed: uid=diablo3
I 2021-11-05 05:14:25.929808 [GameController] {Main} Deleting GameFamily: WTCG, # of game accounts:1
D 2021-11-05 05:14:25.929873 [ProductState] {Main} Game product state destroyed: uid=hs_beta
I 2021-11-05 05:14:25.929918 [GameController] {Main} Deleting GameFamily: Hero, # of game accounts:2
D 2021-11-05 05:14:25.929960 [ProductState] {Main} Game product state destroyed: uid=heroes_ptr
D 2021-11-05 05:14:25.929992 [ProductState] {Main} Game product state destroyed: uid=heroes
I 2021-11-05 05:14:25.930031 [GameController] {Main} Deleting GameFamily: Pro, # of game accounts:5
D 2021-11-05 05:14:25.930059 [ProductState] {Main} Game product state destroyed: uid=prometheus_viewer
D 2021-11-05 05:14:25.930091 [ProductState] {Main} Game product state destroyed: uid=prometheus_test
D 2021-11-05 05:14:25.930121 [ProductState] {Main} Game product state destroyed: uid=prometheus_tournament_viewer
D 2021-11-05 05:14:25.930149 [ProductState] {Main} Game product state destroyed: uid=prometheus_tournament_viewer_2
D 2021-11-05 05:14:25.930183 [ProductState] {Main} Game product state destroyed: uid=prometheus
I 2021-11-05 05:14:25.930263 [GameController] {Main} Deleting GameFamily: S1, # of game accounts:2
D 2021-11-05 05:14:25.930315 [ProductState] {Main} Game product state destroyed: uid=s1_ptr
D 2021-11-05 05:14:25.930369 [ProductState] {Main} Game product state destroyed: uid=s1
I 2021-11-05 05:14:25.930435 [GameController] {Main} Deleting GameFamily: W3, # of game accounts:1
D 2021-11-05 05:14:25.930496 [ProductState] {Main} Game product state destroyed: uid=w3
I 2021-11-05 05:14:25.930575 [GameController] {Main} Deleting GameFamily: FORE, # of game accounts:2
D 2021-11-05 05:14:25.930626 [ProductState] {Main} Game product state destroyed: uid=fore_beta
D 2021-11-05 05:14:25.930749 [ProductState] {Main} Game product state destroyed: uid=fore
I 2021-11-05 05:14:25.930807 [GameController] {Main} Deleting GameFamily: WLBY, # of game accounts:1
D 2021-11-05 05:14:25.931022 [ProductState] {Main} Game product state destroyed: uid=wlby
I 2021-11-05 05:14:25.931223 [GameController] {Main} Deleting GameFamily: VIPR, # of game accounts:1
D 2021-11-05 05:14:25.931405 [ProductState] {Main} Game product state destroyed: uid=viper
I 2021-11-05 05:14:25.931589 [GameController] {Main} Deleting GameFamily: ODIN, # of game accounts:2
D 2021-11-05 05:14:25.931721 [ProductState] {Main} Game product state destroyed: uid=odin_beta
D 2021-11-05 05:14:25.931957 [ProductState] {Main} Game product state destroyed: uid=odin
I 2021-11-05 05:14:25.932117 [GameController] {Main} Deleting GameFamily: LAZR, # of game accounts:1
D 2021-11-05 05:14:25.932282 [ProductState] {Main} Game product state destroyed: uid=lazarus
I 2021-11-05 05:14:25.932422 [GameController] {Main} Deleting GameFamily: ZEUS, # of game accounts:2
D 2021-11-05 05:14:25.932472 [ProductState] {Main} Game product state destroyed: uid=zeus_beta
D 2021-11-05 05:14:25.932555 [ProductState] {Main} Game product state destroyed: uid=zeus
I 2021-11-05 05:14:25.933751 [ToastManager] {Main} Clearing toast queue
I 2021-11-05 05:14:27.018456 [BrowserAppImpl] {Main} Waited 20 msec to close all browsers.
D 2021-11-05 05:14:27.618148 [Main] {Main} Shutting down Backend
D 2021-11-05 05:14:27.618198 [Main] {Main} Closing IPC Service
D 2021-11-05 05:14:27.618212 [CommandQueue] {Main} IPCService is shutting down
D 2021-11-05 05:14:27.618674 [Main] {Main} Shutting down account manager
I 2021-11-05 05:14:27.618736 [GSStateTracker] {Main} State changed to: Incomplete
I 2021-11-05 05:14:27.618751 [AccountManager] {Main} Account manager state has changed to: Incomplete
I 2021-11-05 05:14:27.618826 [GameProvider] {Main} Game provider is no longer initialized and is now reset
D 2021-11-05 05:14:27.619501 [Main] {Main} Shutting down CacheManager
D 2021-11-05 05:14:27.619519 [Main] {Main} Shutting down analytics processor
D 2021-11-05 05:14:27.620705 [Main] {Main} Shutting down worker pool
D 2021-11-05 05:14:27.621942 [Main] {Main} Shutting down backend processor
D 2021-11-05 05:14:27.624160 [Main] {Main} Shutting down data cache
D 2021-11-05 05:14:27.624742 [Main] {Main} Shutting down catalog manager
D 2021-11-05 05:14:27.625390 [Main] {Main} Shutting down environment manager
D 2021-11-05 05:14:27.625428 [Main] {Main} Shutting down battle.net api gateway
D 2021-11-05 05:14:27.625434 [Main] {Main} Shutting down suggested friends service
D 2021-11-05 05:14:27.625442 [Main] {Main} Shutting down voice service
D 2021-11-05 05:14:27.625446 [Main] {Main} Shutting down remote content manager
D 2021-11-05 05:14:27.625451 [Main] {Main} Shutting down analytics session
D 2021-11-05 05:14:27.625456 [Main] {Main} Shutting down agent manager
D 2021-11-05 05:14:27.625466 [Agent] {Main} PolicyHandler Thread STOPPING
D 2021-11-05 05:14:27.625477 [Agent] {Agent} PolicyHandlerThreadProc: The rest is silence.
D 2021-11-05 05:14:27.625754 [Agent] {Main} PolicyHandler Thread STOPPED
D 2021-11-05 05:14:27.627252 [Agent] {Main} Communicated shutdown to Agent
D 2021-11-05 05:14:27.627368 [Main] {Main} Shutting down game provider
D 2021-11-05 05:14:27.627387 [Main] {Main} Shutting down battle.net interface
D 2021-11-05 05:14:27.877120 [Main] {Main} Shutting down callback queue
D 2021-11-05 05:14:27.877178 [WebServer] {Main} Shutting down WebServerImpl
D 2021-11-05 05:14:27.877518 [WebServer] {Main} WebServerImpl is stopped
D 2021-11-05 05:14:27.999135 [DIAG_BNL_Voice] {Main} {443c} debug: Notification client reference removed: 0
